runspec v6674 started at Thu Jan  1 08:00:54 1970 on "localhost"
runspec is: /home/bamvor/CPU2006/bin/runspec
runspec: runspec -c linaro_aarch64.cfg --nobuild --size=ref -n 1 --noreportable --tune=base perlbench bzip2 mcf gobmk sjeng libquantum h264ref xalancbmk
toolset: linux-aarch64

Locating benchmarks...found 31 benchmarks in 6 benchsets.
Reading config file '/home/bamvor/CPU2006/config/linaro_aarch64.cfg'

57.39: Verbosity = 5
57.39: Action    = validate
57.39: Tune      = base
57.39: Ext       = aarch64
57.39: Size      = ref
57.39: Machine   = default
57.39: benchmarks= 400.perlbench,401.bzip2,429.mcf,445.gobmk,458.sjeng,462.libquantum,464.h264ref,483.xalancbmk
57.39: outputs   = asc,csv,config
57.39: username  = root
57.39: Benchmarks selected: 400.perlbench, 401.bzip2, 429.mcf, 445.gobmk, 458.sjeng, 462.libquantum, 464.h264ref, 483.xalancbmk
57.50: Compiling Binaries

57.50: ------------------------------------------------------------------------
58.16:   Up to date 400.perlbench base aarch64 default

58.16: ------------------------------------------------------------------------
58.74:   Up to date 401.bzip2 base aarch64 default

58.74: ------------------------------------------------------------------------
59.32:   Up to date 429.mcf base aarch64 default

59.32: ------------------------------------------------------------------------
60.01:   Up to date 445.gobmk base aarch64 default

60.01: ------------------------------------------------------------------------
60.59:   Up to date 458.sjeng base aarch64 default

60.59: ------------------------------------------------------------------------
61.18:   Up to date 462.libquantum base aarch64 default

61.19: ------------------------------------------------------------------------
61.80:   Up to date 464.h264ref base aarch64 default

61.81: ------------------------------------------------------------------------
62.81:   Up to date 483.xalancbmk base aarch64 default


62.81: Setting Up Run Directories
62.81(0.07s):   Setting up 400.perlbench ref base aarch64 default: 
62.88: Notice: Unusable path detected in run directory list file.
62.88:   /home/bamvor/CPU2006/benchspec/CPU2006/400.perlbench/run/list
62.88: references one or more paths which will be ignored, because they are
62.88: not subdirectories of this run directory.  This condition may be a
62.88: result of having moved your SPEC benchmark tree.  If that's what happened,
62.88: and if you don't need the old run directories, you can just remove
62.88: them, along with the list file.  (Usually it's safe to delete old
62.88: run directories, as they are automatically re-created when needed.)


74.12: existing (run_base_ref_aarch64.0006)
74.12(0.02s):   Setting up 401.bzip2 ref base aarch64 default: 
74.14: Notice: Unusable path detected in run directory list file.
74.14:   /home/bamvor/CPU2006/benchspec/CPU2006/401.bzip2/run/list
74.14: references one or more paths which will be ignored, because they are
74.14: not subdirectories of this run directory.  This condition may be a
74.14: result of having moved your SPEC benchmark tree.  If that's what happened,
74.14: and if you don't need the old run directories, you can just remove
74.14: them, along with the list file.  (Usually it's safe to delete old
74.14: run directories, as they are automatically re-created when needed.)


1484987617.46: existing (run_base_ref_aarch64.0006)
1484987617.47:   Setting up 429.mcf ref base aarch64 default: 
1484987617.47: Notice: Unusable path detected in run directory list file.
1484987617.47:   /home/bamvor/CPU2006/benchspec/CPU2006/429.mcf/run/list
1484987617.47: references one or more paths which will be ignored, because they are
1484987617.47: not subdirectories of this run directory.  This condition may be a
1484987617.47: result of having moved your SPEC benchmark tree.  If that's what happened,
1484987617.47: and if you don't need the old run directories, you can just remove
1484987617.47: them, along with the list file.  (Usually it's safe to delete old
1484987617.47: run directories, as they are automatically re-created when needed.)


1484987617.76: existing (run_base_ref_aarch64.0005)
1484987617.76(0.81s):   Setting up 445.gobmk ref base aarch64 default: 
1484987618.57: Notice: Unusable path detected in run directory list file.
1484987618.57:   /home/bamvor/CPU2006/benchspec/CPU2006/445.gobmk/run/list
1484987618.57: references one or more paths which will be ignored, because they are
1484987618.57: not subdirectories of this run directory.  This condition may be a
1484987618.57: result of having moved your SPEC benchmark tree.  If that's what happened,
1484987618.57: and if you don't need the old run directories, you can just remove
1484987618.57: them, along with the list file.  (Usually it's safe to delete old
1484987618.57: run directories, as they are automatically re-created when needed.)


1484987625.51: existing (run_base_ref_aarch64.0005)
1484987625.52(1.65s):   Setting up 458.sjeng ref base aarch64 default: 
1484987627.17: Notice: Unusable path detected in run directory list file.
1484987627.17:   /home/bamvor/CPU2006/benchspec/CPU2006/458.sjeng/run/list
1484987627.17: references one or more paths which will be ignored, because they are
1484987627.17: not subdirectories of this run directory.  This condition may be a
1484987627.17: result of having moved your SPEC benchmark tree.  If that's what happened,
1484987627.17: and if you don't need the old run directories, you can just remove
1484987627.17: them, along with the list file.  (Usually it's safe to delete old
1484987627.17: run directories, as they are automatically re-created when needed.)


1484987627.32: existing (run_base_ref_aarch64.0005)
1484987627.33(0.67s):   Setting up 462.libquantum ref base aarch64 default: 
1484987628.00: Notice: Unusable path detected in run directory list file.
1484987628.00:   /home/bamvor/CPU2006/benchspec/CPU2006/462.libquantum/run/list
1484987628.00: references one or more paths which will be ignored, because they are
1484987628.00: not subdirectories of this run directory.  This condition may be a
1484987628.00: result of having moved your SPEC benchmark tree.  If that's what happened,
1484987628.00: and if you don't need the old run directories, you can just remove
1484987628.00: them, along with the list file.  (Usually it's safe to delete old
1484987628.00: run directories, as they are automatically re-created when needed.)


1484987628.18: existing (run_base_ref_aarch64.0005)
1484987628.18(0.72s):   Setting up 464.h264ref ref base aarch64 default: 
1484987628.90: Notice: Unusable path detected in run directory list file.
1484987628.90:   /home/bamvor/CPU2006/benchspec/CPU2006/464.h264ref/run/list
1484987628.90: references one or more paths which will be ignored, because they are
1484987628.90: not subdirectories of this run directory.  This condition may be a
1484987628.90: result of having moved your SPEC benchmark tree.  If that's what happened,
1484987628.90: and if you don't need the old run directories, you can just remove
1484987628.90: them, along with the list file.  (Usually it's safe to delete old
1484987628.90: run directories, as they are automatically re-created when needed.)


1484987631.80: existing (run_base_ref_aarch64.0005)
1484987631.81(0.71s):   Setting up 483.xalancbmk ref base aarch64 default: 
1484987632.52: Notice: Unusable path detected in run directory list file.
1484987632.52:   /home/bamvor/CPU2006/benchspec/CPU2006/483.xalancbmk/run/list
1484987632.52: references one or more paths which will be ignored, because they are
1484987632.52: not subdirectories of this run directory.  This condition may be a
1484987632.52: result of having moved your SPEC benchmark tree.  If that's what happened,
1484987632.52: and if you don't need the old run directories, you can just remove
1484987632.52: them, along with the list file.  (Usually it's safe to delete old
1484987632.52: run directories, as they are automatically re-created when needed.)


1484987639.95: existing (run_base_ref_aarch64.0005)

1484987639.95: -----------------------------------
1484987639.95: Running Benchmarks

1484987639.96: -----------------------------------
1484987641.45:   Running 400.perlbench ref base aarch64 default
1484987641.91: Commands to run:
1484987641.91:     -C /home/bamvor/CPU2006/benchspec/CPU2006/400.perlbench/run/run_base_ref_aarch64.0006
1484987641.91:     -o checkspam.2500.5.25.11.150.1.1.1.1.out -e checkspam.2500.5.25.11.150.1.1.1.1.err ../run_base_ref_aarch64.0006/perlbench_base.aarch64 -I./lib checkspam.pl 2500 5 25 11 150 1 1 1 1 (timed)
1484987641.91:     -o diffmail.4.800.10.17.19.300.out -e diffmail.4.800.10.17.19.300.err ../run_base_ref_aarch64.0006/perlbench_base.aarch64 -I./lib diffmail.pl 4 800 10 17 19 300 (timed)
1484987641.91:     -o splitmail.1600.12.26.16.4500.out -e splitmail.1600.12.26.16.4500.err ../run_base_ref_aarch64.0006/perlbench_base.aarch64 -I./lib splitmail.pl 1600 12 26 16 4500 (timed)
1484987641.93: Specinvoke: /home/bamvor/CPU2006/bin/specinvoke -d /home/bamvor/CPU2006/benchspec/CPU2006/400.perlbench/run/run_base_ref_aarch64.0006 -e speccmds.err -o speccmds.stdout -f speccmds.cmd -C -q
1484987641.94: Issuing command '/home/bamvor/CPU2006/bin/specinvoke -d /home/bamvor/CPU2006/benchspec/CPU2006/400.perlbench/run/run_base_ref_aarch64.0006 -e speccmds.err -o speccmds.stdout -f speccmds.cmd -C -q'
1484987641.94: /home/bamvor/CPU2006/bin/specinvoke -d /home/bamvor/CPU2006/benchspec/CPU2006/400.perlbench/run/run_base_ref_aarch64.0006 -e speccmds.err -o speccmds.stdout -f speccmds.cmd -C -q
1484987641.94: Start command: Sat Jan 21 16:34:01 2017 (1484987641)
1484989903.87: Stop command: Sat Jan 21 17:11:43 2017 (1484989903)
1484989903.87: Elapsed time for command: 00:37:42 (2262)
1484989903.96: Workload elapsed time (0:1) = 1196.491649 seconds
1484989903.96: Workload elapsed time (0:2) = 415.171149 seconds
1484989903.96: Workload elapsed time (0:3) = 642.257904 seconds
1484989903.97: Copy 0 of 400.perlbench (base ref) run 1 finished at Sat Jan 21 17:11:35 2017.  Total elapsed time: 2253.920702
1484989903.97: comparing files in '/home/bamvor/CPU2006/benchspec/CPU2006/400.perlbench/run/run_base_ref_aarch64.0006'
1484989903.98: comparing 'checkspam.2500.5.25.11.150.1.1.1.1.out' with abstol=, binary=, calctol=0, cw=, floatcompare=, ignorecase=, obiwan=, reltol=, skipabstol=, skipobiwan=, skipreltol=, skiptol=
1484989903.98: comparing 'diffmail.4.800.10.17.19.300.out' with abstol=, binary=, calctol=0, cw=, floatcompare=, ignorecase=, obiwan=, reltol=, skipabstol=, skipobiwan=, skipreltol=, skiptol=
1484989903.98: comparing 'splitmail.1600.12.26.16.4500.out' with abstol=, binary=, calctol=0, cw=, floatcompare=, ignorecase=, obiwan=, reltol=, skipabstol=, skipobiwan=, skipreltol=, skiptol=
1484989903.99: Specinvoke: /home/bamvor/CPU2006/bin/specinvoke -E -d /home/bamvor/CPU2006/benchspec/CPU2006/400.perlbench/run/run_base_ref_aarch64.0006 -c 1 -e compare.err -o compare.stdout -f compare.cmd
1484989903.99: Issuing command '/home/bamvor/CPU2006/bin/specinvoke -E -d /home/bamvor/CPU2006/benchspec/CPU2006/400.perlbench/run/run_base_ref_aarch64.0006 -c 1 -e compare.err -o compare.stdout -f compare.cmd'
1484989903.99: /home/bamvor/CPU2006/bin/specinvoke -E -d /home/bamvor/CPU2006/benchspec/CPU2006/400.perlbench/run/run_base_ref_aarch64.0006 -c 1 -e compare.err -o compare.stdout -f compare.cmd
1484989903.99: Start command: Sat Jan 21 17:11:43 2017 (1484989903)
1484989910.18: Stop command: Sat Jan 21 17:11:50 2017 (1484989910)
1484989910.18: Elapsed time for command: 00:00:07 (7)
1484989910.19: Benchmark Times:
1484989910.19:   Start:    Sat Jan 21 16:34:01 2017 (1484987641)
1484989910.19:   Stop:     Sat Jan 21 17:11:43 2017 (1484989903)
1484989910.19:   Elapsed:  00:37:42 (2262)
1484989910.19:   Reported: 2253 921006000 2253.921006
1484989910.19:  Success 400.perlbench base ref ratio=4.33, runtime=2253.921006, power=0.00w, temp=0.00 deg, humidity=0.00%

1484989910.19: -----------------------------------
1484989910.30:   Running 401.bzip2 ref base aarch64 default
1484989910.35: Commands to run:
1484989910.35:     -C /home/bamvor/CPU2006/benchspec/CPU2006/401.bzip2/run/run_base_ref_aarch64.0006
1484989910.35:     -o input.source.out -e input.source.err ../run_base_ref_aarch64.0006/bzip2_base.aarch64 input.source 280 (timed)
1484989910.35:     -o chicken.jpg.out -e chicken.jpg.err ../run_base_ref_aarch64.0006/bzip2_base.aarch64 chicken.jpg 30 (timed)
1484989910.35:     -o liberty.jpg.out -e liberty.jpg.err ../run_base_ref_aarch64.0006/bzip2_base.aarch64 liberty.jpg 30 (timed)
1484989910.35:     -o input.program.out -e input.program.err ../run_base_ref_aarch64.0006/bzip2_base.aarch64 input.program 280 (timed)
1484989910.35:     -o text.html.out -e text.html.err ../run_base_ref_aarch64.0006/bzip2_base.aarch64 text.html 280 (timed)
1484989910.35:     -o input.combined.out -e input.combined.err ../run_base_ref_aarch64.0006/bzip2_base.aarch64 input.combined 200 (timed)
1484989910.38: Specinvoke: /home/bamvor/CPU2006/bin/specinvoke -d /home/bamvor/CPU2006/benchspec/CPU2006/401.bzip2/run/run_base_ref_aarch64.0006 -e speccmds.err -o speccmds.stdout -f speccmds.cmd -C -q
1484989910.38: Issuing command '/home/bamvor/CPU2006/bin/specinvoke -d /home/bamvor/CPU2006/benchspec/CPU2006/401.bzip2/run/run_base_ref_aarch64.0006 -e speccmds.err -o speccmds.stdout -f speccmds.cmd -C -q'
1484989910.38: /home/bamvor/CPU2006/bin/specinvoke -d /home/bamvor/CPU2006/benchspec/CPU2006/401.bzip2/run/run_base_ref_aarch64.0006 -e speccmds.err -o speccmds.stdout -f speccmds.cmd -C -q
1484989910.38: Start command: Sat Jan 21 17:11:50 2017 (1484989910)
1484993572.49: Stop command: Sat Jan 21 18:12:52 2017 (1484993572)
1484993572.49: Elapsed time for command: 01:01:02 (3662)
1484993572.57: Workload elapsed time (0:1) = 631.839606 seconds
1484993572.57: Workload elapsed time (0:2) = 267.0039 seconds
1484993572.57: Workload elapsed time (0:3) = 654.046617 seconds
1484993572.58: Workload elapsed time (0:4) = 606.116624 seconds
1484993572.58: Workload elapsed time (0:5) = 981.746034 seconds
1484993572.58: Workload elapsed time (0:6) = 513.322805 seconds
1484993572.58: Copy 0 of 401.bzip2 (base ref) run 1 finished at Sat Jan 21 18:12:44 2017.  Total elapsed time: 3654.075586
1484993572.58: comparing files in '/home/bamvor/CPU2006/benchspec/CPU2006/401.bzip2/run/run_base_ref_aarch64.0006'
1484993572.59: comparing 'chicken.jpg.out' with abstol=, binary=, calctol=0, cw=, floatcompare=, ignorecase=, obiwan=, reltol=, skipabstol=, skipobiwan=, skipreltol=, skiptol=
1484993572.59: comparing 'input.combined.out' with abstol=, binary=, calctol=0, cw=, floatcompare=, ignorecase=, obiwan=, reltol=, skipabstol=, skipobiwan=, skipreltol=, skiptol=
1484993572.60: comparing 'input.program.out' with abstol=, binary=, calctol=0, cw=, floatcompare=, ignorecase=, obiwan=, reltol=, skipabstol=, skipobiwan=, skipreltol=, skiptol=
1484993572.60: comparing 'input.source.out' with abstol=, binary=, calctol=0, cw=, floatcompare=, ignorecase=, obiwan=, reltol=, skipabstol=, skipobiwan=, skipreltol=, skiptol=
1484993572.60: comparing 'liberty.jpg.out' with abstol=, binary=, calctol=0, cw=, floatcompare=, ignorecase=, obiwan=, reltol=, skipabstol=, skipobiwan=, skipreltol=, skiptol=
1484993572.60: comparing 'text.html.out' with abstol=, binary=, calctol=0, cw=, floatcompare=, ignorecase=, obiwan=, reltol=, skipabstol=, skipobiwan=, skipreltol=, skiptol=
1484993572.61: Specinvoke: /home/bamvor/CPU2006/bin/specinvoke -E -d /home/bamvor/CPU2006/benchspec/CPU2006/401.bzip2/run/run_base_ref_aarch64.0006 -c 1 -e compare.err -o compare.stdout -f compare.cmd
1484993572.61: Issuing command '/home/bamvor/CPU2006/bin/specinvoke -E -d /home/bamvor/CPU2006/benchspec/CPU2006/401.bzip2/run/run_base_ref_aarch64.0006 -c 1 -e compare.err -o compare.stdout -f compare.cmd'
1484993572.61: /home/bamvor/CPU2006/bin/specinvoke -E -d /home/bamvor/CPU2006/benchspec/CPU2006/401.bzip2/run/run_base_ref_aarch64.0006 -c 1 -e compare.err -o compare.stdout -f compare.cmd
1484993572.61: Start command: Sat Jan 21 18:12:52 2017 (1484993572)
1484993584.84: Stop command: Sat Jan 21 18:13:04 2017 (1484993584)
1484993584.85: Elapsed time for command: 00:00:12 (12)
1484993584.85: Benchmark Times:
1484993584.85:   Start:    Sat Jan 21 17:11:50 2017 (1484989910)
1484993584.85:   Stop:     Sat Jan 21 18:12:52 2017 (1484993572)
1484993584.85:   Elapsed:  01:01:02 (3662)
1484993584.85:   Reported: 3654 75987000 3654.075987
1484993584.85:  Success 401.bzip2 base ref ratio=2.64, runtime=3654.075987, power=0.00w, temp=0.00 deg, humidity=0.00%

1484993584.85: -----------------------------------
1484993584.96:   Running 429.mcf ref base aarch64 default
1484993584.99: Commands to run:
1484993584.99:     -C /home/bamvor/CPU2006/benchspec/CPU2006/429.mcf/run/run_base_ref_aarch64.0005
1484993585.00:     -o inp.out -e inp.err ../run_base_ref_aarch64.0005/mcf_base.aarch64 inp.in (timed)
1484993585.02: Specinvoke: /home/bamvor/CPU2006/bin/specinvoke -d /home/bamvor/CPU2006/benchspec/CPU2006/429.mcf/run/run_base_ref_aarch64.0005 -e speccmds.err -o speccmds.stdout -f speccmds.cmd -C -q
1484993585.02: Issuing command '/home/bamvor/CPU2006/bin/specinvoke -d /home/bamvor/CPU2006/benchspec/CPU2006/429.mcf/run/run_base_ref_aarch64.0005 -e speccmds.err -o speccmds.stdout -f speccmds.cmd -C -q'
1484993585.02: /home/bamvor/CPU2006/bin/specinvoke -d /home/bamvor/CPU2006/benchspec/CPU2006/429.mcf/run/run_base_ref_aarch64.0005 -e speccmds.err -o speccmds.stdout -f speccmds.cmd -C -q
1484993585.02: Start command: Sat Jan 21 18:13:05 2017 (1484993585)
1484998128.52: Stop command: Sat Jan 21 19:28:48 2017 (1484998128)
1484998128.53: Elapsed time for command: 01:15:43 (4543)
1484998128.61: Workload elapsed time (0:1) = 4535.442938 seconds
1484998128.62: Copy 0 of 429.mcf (base ref) run 1 finished at Sat Jan 21 19:28:40 2017.  Total elapsed time: 4535.442938
1484998128.62: comparing files in '/home/bamvor/CPU2006/benchspec/CPU2006/429.mcf/run/run_base_ref_aarch64.0005'
1484998128.64: comparing 'inp.out' with abstol=, binary=, calctol=0, cw=, floatcompare=, ignorecase=, obiwan=, reltol=, skipabstol=, skipobiwan=, skipreltol=, skiptol=
1484998128.64: comparing 'mcf.out' with abstol=, binary=, calctol=0, cw=, floatcompare=, ignorecase=, obiwan=, reltol=, skipabstol=, skipobiwan=, skipreltol=, skiptol=
1484998128.65: Specinvoke: /home/bamvor/CPU2006/bin/specinvoke -E -d /home/bamvor/CPU2006/benchspec/CPU2006/429.mcf/run/run_base_ref_aarch64.0005 -c 1 -e compare.err -o compare.stdout -f compare.cmd
1484998128.65: Issuing command '/home/bamvor/CPU2006/bin/specinvoke -E -d /home/bamvor/CPU2006/benchspec/CPU2006/429.mcf/run/run_base_ref_aarch64.0005 -c 1 -e compare.err -o compare.stdout -f compare.cmd'
1484998128.65: /home/bamvor/CPU2006/bin/specinvoke -E -d /home/bamvor/CPU2006/benchspec/CPU2006/429.mcf/run/run_base_ref_aarch64.0005 -c 1 -e compare.err -o compare.stdout -f compare.cmd
1484998128.65: Start command: Sat Jan 21 19:28:48 2017 (1484998128)
1484998132.31: Stop command: Sat Jan 21 19:28:52 2017 (1484998132)
1484998132.31: Elapsed time for command: 00:00:04 (4)
1484998132.32: Benchmark Times:
1484998132.32:   Start:    Sat Jan 21 18:13:05 2017 (1484993585)
1484998132.32:   Stop:     Sat Jan 21 19:28:48 2017 (1484998128)
1484998132.32:   Elapsed:  01:15:43 (4543)
1484998132.32:   Reported: 4535 443172000 4535.443172
1484998132.32:  Success 429.mcf base ref ratio=2.01, runtime=4535.443172, power=0.00w, temp=0.00 deg, humidity=0.00%

1484998132.32: -----------------------------------
1484998133.75:   Running 445.gobmk ref base aarch64 default
1484998134.26: Commands to run:
1484998134.26:     -C /home/bamvor/CPU2006/benchspec/CPU2006/445.gobmk/run/run_base_ref_aarch64.0005
1484998134.26:     -i 13x13.tst -o 13x13.out -e 13x13.err ../run_base_ref_aarch64.0005/gobmk_base.aarch64 --quiet --mode gtp (timed)
1484998134.26:     -i nngs.tst -o nngs.out -e nngs.err ../run_base_ref_aarch64.0005/gobmk_base.aarch64 --quiet --mode gtp (timed)
1484998134.26:     -i score2.tst -o score2.out -e score2.err ../run_base_ref_aarch64.0005/gobmk_base.aarch64 --quiet --mode gtp (timed)
1484998134.26:     -i trevorc.tst -o trevorc.out -e trevorc.err ../run_base_ref_aarch64.0005/gobmk_base.aarch64 --quiet --mode gtp (timed)
1484998134.26:     -i trevord.tst -o trevord.out -e trevord.err ../run_base_ref_aarch64.0005/gobmk_base.aarch64 --quiet --mode gtp (timed)
1484998134.28: Specinvoke: /home/bamvor/CPU2006/bin/specinvoke -d /home/bamvor/CPU2006/benchspec/CPU2006/445.gobmk/run/run_base_ref_aarch64.0005 -e speccmds.err -o speccmds.stdout -f speccmds.cmd -C -q
1484998134.28: Issuing command '/home/bamvor/CPU2006/bin/specinvoke -d /home/bamvor/CPU2006/benchspec/CPU2006/445.gobmk/run/run_base_ref_aarch64.0005 -e speccmds.err -o speccmds.stdout -f speccmds.cmd -C -q'
1484998134.28: /home/bamvor/CPU2006/bin/specinvoke -d /home/bamvor/CPU2006/benchspec/CPU2006/445.gobmk/run/run_base_ref_aarch64.0005 -e speccmds.err -o speccmds.stdout -f speccmds.cmd -C -q
1484998134.29: Start command: Sat Jan 21 19:28:54 2017 (1484998134)
1485000351.00: Stop command: Sat Jan 21 20:05:51 2017 (1485000351)
1485000351.00: Elapsed time for command: 00:36:57 (2217)
1485000351.09: Workload elapsed time (0:1) = 310.57994 seconds
1485000351.09: Workload elapsed time (0:2) = 794.739777 seconds
1485000351.09: Workload elapsed time (0:3) = 380.324293 seconds
1485000351.09: Workload elapsed time (0:4) = 303.269579 seconds
1485000351.09: Workload elapsed time (0:5) = 419.769235 seconds
1485000351.09: Copy 0 of 445.gobmk (base ref) run 1 finished at Sat Jan 21 20:05:42 2017.  Total elapsed time: 2208.682824
1485000351.10: comparing files in '/home/bamvor/CPU2006/benchspec/CPU2006/445.gobmk/run/run_base_ref_aarch64.0005'
1485000351.11: comparing '13x13.out' with abstol=, binary=, calctol=0, cw=, floatcompare=, ignorecase=, obiwan=, reltol=, skipabstol=, skipobiwan=, skipreltol=, skiptol=
1485000351.11: comparing 'nngs.out' with abstol=, binary=, calctol=0, cw=, floatcompare=, ignorecase=, obiwan=, reltol=, skipabstol=, skipobiwan=, skipreltol=, skiptol=
1485000351.11: comparing 'score2.out' with abstol=, binary=, calctol=0, cw=, floatcompare=, ignorecase=, obiwan=, reltol=, skipabstol=, skipobiwan=, skipreltol=, skiptol=
1485000351.11: comparing 'trevorc.out' with abstol=, binary=, calctol=0, cw=, floatcompare=, ignorecase=, obiwan=, reltol=, skipabstol=, skipobiwan=, skipreltol=, skiptol=
1485000351.11: comparing 'trevord.out' with abstol=, binary=, calctol=0, cw=, floatcompare=, ignorecase=, obiwan=, reltol=, skipabstol=, skipobiwan=, skipreltol=, skiptol=
1485000351.12: Specinvoke: /home/bamvor/CPU2006/bin/specinvoke -E -d /home/bamvor/CPU2006/benchspec/CPU2006/445.gobmk/run/run_base_ref_aarch64.0005 -c 1 -e compare.err -o compare.stdout -f compare.cmd
1485000351.12: Issuing command '/home/bamvor/CPU2006/bin/specinvoke -E -d /home/bamvor/CPU2006/benchspec/CPU2006/445.gobmk/run/run_base_ref_aarch64.0005 -c 1 -e compare.err -o compare.stdout -f compare.cmd'
1485000351.12: /home/bamvor/CPU2006/bin/specinvoke -E -d /home/bamvor/CPU2006/benchspec/CPU2006/445.gobmk/run/run_base_ref_aarch64.0005 -c 1 -e compare.err -o compare.stdout -f compare.cmd
1485000351.12: Start command: Sat Jan 21 20:05:51 2017 (1485000351)
1485000358.66: Stop command: Sat Jan 21 20:05:58 2017 (1485000358)
1485000358.66: Elapsed time for command: 00:00:07 (7)
1485000358.67: Benchmark Times:
1485000358.67:   Start:    Sat Jan 21 19:28:54 2017 (1484998134)
1485000358.67:   Stop:     Sat Jan 21 20:05:51 2017 (1485000351)
1485000358.67:   Elapsed:  00:36:57 (2217)
1485000358.67:   Reported: 2208 683178000 2208.683178
1485000358.67:  Success 445.gobmk base ref ratio=4.75, runtime=2208.683178, power=0.00w, temp=0.00 deg, humidity=0.00%

1485000358.67: -----------------------------------
1485000358.88:   Running 458.sjeng ref base aarch64 default
1485000358.92: Commands to run:
1485000358.92:     -C /home/bamvor/CPU2006/benchspec/CPU2006/458.sjeng/run/run_base_ref_aarch64.0005
1485000358.92:     -o ref.out -e ref.err ../run_base_ref_aarch64.0005/sjeng_base.aarch64 ref.txt (timed)
1485000358.94: Specinvoke: /home/bamvor/CPU2006/bin/specinvoke -d /home/bamvor/CPU2006/benchspec/CPU2006/458.sjeng/run/run_base_ref_aarch64.0005 -e speccmds.err -o speccmds.stdout -f speccmds.cmd -C -q
1485000358.94: Issuing command '/home/bamvor/CPU2006/bin/specinvoke -d /home/bamvor/CPU2006/benchspec/CPU2006/458.sjeng/run/run_base_ref_aarch64.0005 -e speccmds.err -o speccmds.stdout -f speccmds.cmd -C -q'
1485000358.94: /home/bamvor/CPU2006/bin/specinvoke -d /home/bamvor/CPU2006/benchspec/CPU2006/458.sjeng/run/run_base_ref_aarch64.0005 -e speccmds.err -o speccmds.stdout -f speccmds.cmd -C -q
1485000358.94: Start command: Sat Jan 21 20:05:58 2017 (1485000358)
1485002931.16: Stop command: Sat Jan 21 20:48:51 2017 (1485002931)
1485002931.16: Elapsed time for command: 00:42:53 (2573)
1485002931.24: Workload elapsed time (0:1) = 2564.180273 seconds
1485002931.25: Copy 0 of 458.sjeng (base ref) run 1 finished at Sat Jan 21 20:48:43 2017.  Total elapsed time: 2564.180273
1485002931.25: comparing files in '/home/bamvor/CPU2006/benchspec/CPU2006/458.sjeng/run/run_base_ref_aarch64.0005'
1485002931.26: comparing 'ref.out' with abstol=, binary=, calctol=0, cw=, floatcompare=, ignorecase=, obiwan=, reltol=, skipabstol=, skipobiwan=, skipreltol=, skiptol=
1485002931.26: Specinvoke: /home/bamvor/CPU2006/bin/specinvoke -E -d /home/bamvor/CPU2006/benchspec/CPU2006/458.sjeng/run/run_base_ref_aarch64.0005 -c 1 -e compare.err -o compare.stdout -f compare.cmd
1485002931.26: Issuing command '/home/bamvor/CPU2006/bin/specinvoke -E -d /home/bamvor/CPU2006/benchspec/CPU2006/458.sjeng/run/run_base_ref_aarch64.0005 -c 1 -e compare.err -o compare.stdout -f compare.cmd'
1485002931.26: /home/bamvor/CPU2006/bin/specinvoke -E -d /home/bamvor/CPU2006/benchspec/CPU2006/458.sjeng/run/run_base_ref_aarch64.0005 -c 1 -e compare.err -o compare.stdout -f compare.cmd
1485002931.26: Start command: Sat Jan 21 20:48:51 2017 (1485002931)
1485002933.00: Stop command: Sat Jan 21 20:48:52 2017 (1485002932)
1485002933.00: Elapsed time for command: 00:00:01 (1)
1485002933.00: Benchmark Times:
1485002933.00:   Start:    Sat Jan 21 20:05:58 2017 (1485000358)
1485002933.00:   Stop:     Sat Jan 21 20:48:51 2017 (1485002931)
1485002933.00:   Elapsed:  00:42:53 (2573)
1485002933.00:   Reported: 2564 180482000 2564.180482
1485002933.00:  Success 458.sjeng base ref ratio=4.72, runtime=2564.180482, power=0.00w, temp=0.00 deg, humidity=0.00%

1485002933.00: -----------------------------------
1485002933.22:   Running 462.libquantum ref base aarch64 default
1485002933.25: Commands to run:
1485002933.25:     -C /home/bamvor/CPU2006/benchspec/CPU2006/462.libquantum/run/run_base_ref_aarch64.0005
1485002933.25:     -o ref.out -e ref.err ../run_base_ref_aarch64.0005/libquantum_base.aarch64 1397 8 (timed)
1485002933.27: Specinvoke: /home/bamvor/CPU2006/bin/specinvoke -d /home/bamvor/CPU2006/benchspec/CPU2006/462.libquantum/run/run_base_ref_aarch64.0005 -e speccmds.err -o speccmds.stdout -f speccmds.cmd -C -q
1485002933.27: Issuing command '/home/bamvor/CPU2006/bin/specinvoke -d /home/bamvor/CPU2006/benchspec/CPU2006/462.libquantum/run/run_base_ref_aarch64.0005 -e speccmds.err -o speccmds.stdout -f speccmds.cmd -C -q'
1485002933.28: /home/bamvor/CPU2006/bin/specinvoke -d /home/bamvor/CPU2006/benchspec/CPU2006/462.libquantum/run/run_base_ref_aarch64.0005 -e speccmds.err -o speccmds.stdout -f speccmds.cmd -C -q
1485002933.28: Start command: Sat Jan 21 20:48:53 2017 (1485002933)
1485004817.96: Stop command: Sat Jan 21 21:20:17 2017 (1485004817)
1485004817.96: Elapsed time for command: 00:31:24 (1884)
1485004818.06: Workload elapsed time (0:1) = 1876.652947 seconds
1485004818.06: Copy 0 of 462.libquantum (base ref) run 1 finished at Sat Jan 21 21:20:09 2017.  Total elapsed time: 1876.652947
1485004818.06: comparing files in '/home/bamvor/CPU2006/benchspec/CPU2006/462.libquantum/run/run_base_ref_aarch64.0005'
1485004818.07: comparing 'ref.out' with abstol=, binary=, calctol=0, cw=, floatcompare=, ignorecase=, obiwan=1, reltol=, skipabstol=, skipobiwan=, skipreltol=, skiptol=
1485004818.07: Specinvoke: /home/bamvor/CPU2006/bin/specinvoke -E -d /home/bamvor/CPU2006/benchspec/CPU2006/462.libquantum/run/run_base_ref_aarch64.0005 -c 1 -e compare.err -o compare.stdout -f compare.cmd
1485004818.08: Issuing command '/home/bamvor/CPU2006/bin/specinvoke -E -d /home/bamvor/CPU2006/benchspec/CPU2006/462.libquantum/run/run_base_ref_aarch64.0005 -c 1 -e compare.err -o compare.stdout -f compare.cmd'
1485004818.08: /home/bamvor/CPU2006/bin/specinvoke -E -d /home/bamvor/CPU2006/benchspec/CPU2006/462.libquantum/run/run_base_ref_aarch64.0005 -c 1 -e compare.err -o compare.stdout -f compare.cmd
1485004818.08: Start command: Sat Jan 21 21:20:18 2017 (1485004818)
1485004819.81: Stop command: Sat Jan 21 21:20:19 2017 (1485004819)
1485004819.81: Elapsed time for command: 00:00:01 (1)
1485004819.82: Benchmark Times:
1485004819.82:   Start:    Sat Jan 21 20:48:53 2017 (1485002933)
1485004819.82:   Stop:     Sat Jan 21 21:20:17 2017 (1485004817)
1485004819.82:   Elapsed:  00:31:24 (1884)
1485004819.82:   Reported: 1876 653134000 1876.653134
1485004819.82:  Success 462.libquantum base ref ratio=11.04, runtime=1876.653134, power=0.00w, temp=0.00 deg, humidity=0.00%

1485004819.82: -----------------------------------
1485004820.08:   Running 464.h264ref ref base aarch64 default
1485004820.13: Commands to run:
1485004820.13:     -C /home/bamvor/CPU2006/benchspec/CPU2006/464.h264ref/run/run_base_ref_aarch64.0005
1485004820.13:     -o foreman_ref_baseline_encodelog.out -e foreman_ref_baseline_encodelog.err ../run_base_ref_aarch64.0005/h264ref_base.aarch64 -d foreman_ref_encoder_baseline.cfg (timed)
1485004820.13:     -o foreman_ref_main_encodelog.out -e foreman_ref_main_encodelog.err ../run_base_ref_aarch64.0005/h264ref_base.aarch64 -d foreman_ref_encoder_main.cfg (timed)
1485004820.14:     -o sss_main_encodelog.out -e sss_main_encodelog.err ../run_base_ref_aarch64.0005/h264ref_base.aarch64 -d sss_encoder_main.cfg (timed)
1485004820.16: Specinvoke: /home/bamvor/CPU2006/bin/specinvoke -d /home/bamvor/CPU2006/benchspec/CPU2006/464.h264ref/run/run_base_ref_aarch64.0005 -e speccmds.err -o speccmds.stdout -f speccmds.cmd -C -q
1485004820.16: Issuing command '/home/bamvor/CPU2006/bin/specinvoke -d /home/bamvor/CPU2006/benchspec/CPU2006/464.h264ref/run/run_base_ref_aarch64.0005 -e speccmds.err -o speccmds.stdout -f speccmds.cmd -C -q'
1485004820.16: /home/bamvor/CPU2006/bin/specinvoke -d /home/bamvor/CPU2006/benchspec/CPU2006/464.h264ref/run/run_base_ref_aarch64.0005 -e speccmds.err -o speccmds.stdout -f speccmds.cmd -C -q
1485004820.16: Start command: Sat Jan 21 21:20:20 2017 (1485004820)
1485007868.34: Stop command: Sat Jan 21 22:11:08 2017 (1485007868)
1485007868.34: Elapsed time for command: 00:50:48 (3048)
1485007868.43: Workload elapsed time (0:1) = 349.349082 seconds
1485007868.44: Workload elapsed time (0:2) = 264.118069 seconds
1485007868.44: Workload elapsed time (0:3) = 2426.681287 seconds
1485007868.44: Copy 0 of 464.h264ref (base ref) run 1 finished at Sat Jan 21 22:11:00 2017.  Total elapsed time: 3040.148438
1485007868.44: comparing files in '/home/bamvor/CPU2006/benchspec/CPU2006/464.h264ref/run/run_base_ref_aarch64.0005'
1485007868.45: comparing 'foreman_ref_baseline_encodelog.out' with abstol=, binary=, calctol=0, cw=1, floatcompare=1, ignorecase=, obiwan=, reltol=, skipabstol=, skipobiwan=, skipreltol=, skiptol=
1485007868.45: comparing 'foreman_ref_baseline_leakybucketparam.cfg' with abstol=, binary=1, calctol=0, cw=1, floatcompare=1, ignorecase=, obiwan=, reltol=, skipabstol=, skipobiwan=, skipreltol=, skiptol=
1485007868.46: comparing 'foreman_ref_main_encodelog.out' with abstol=, binary=, calctol=0, cw=1, floatcompare=1, ignorecase=, obiwan=, reltol=, skipabstol=, skipobiwan=, skipreltol=, skiptol=
1485007868.46: comparing 'foreman_ref_main_leakybucketparam.cfg' with abstol=, binary=1, calctol=0, cw=1, floatcompare=1, ignorecase=, obiwan=, reltol=, skipabstol=, skipobiwan=, skipreltol=, skiptol=
1485007868.46: comparing 'sss_main_encodelog.out' with abstol=, binary=, calctol=0, cw=1, floatcompare=1, ignorecase=, obiwan=, reltol=, skipabstol=, skipobiwan=, skipreltol=, skiptol=
1485007868.46: comparing 'sss_main_leakybucketparam.cfg' with abstol=, binary=1, calctol=0, cw=1, floatcompare=1, ignorecase=, obiwan=, reltol=, skipabstol=, skipobiwan=, skipreltol=, skiptol=
1485007868.47: Specinvoke: /home/bamvor/CPU2006/bin/specinvoke -E -d /home/bamvor/CPU2006/benchspec/CPU2006/464.h264ref/run/run_base_ref_aarch64.0005 -c 1 -e compare.err -o compare.stdout -f compare.cmd
1485007868.47: Issuing command '/home/bamvor/CPU2006/bin/specinvoke -E -d /home/bamvor/CPU2006/benchspec/CPU2006/464.h264ref/run/run_base_ref_aarch64.0005 -c 1 -e compare.err -o compare.stdout -f compare.cmd'
1485007868.47: /home/bamvor/CPU2006/bin/specinvoke -E -d /home/bamvor/CPU2006/benchspec/CPU2006/464.h264ref/run/run_base_ref_aarch64.0005 -c 1 -e compare.err -o compare.stdout -f compare.cmd
1485007868.47: Start command: Sat Jan 21 22:11:08 2017 (1485007868)
1485007880.72: Stop command: Sat Jan 21 22:11:20 2017 (1485007880)
1485007880.72: Elapsed time for command: 00:00:12 (12)
1485007880.73: Benchmark Times:
1485007880.73:   Start:    Sat Jan 21 21:20:20 2017 (1485004820)
1485007880.73:   Stop:     Sat Jan 21 22:11:08 2017 (1485007868)
1485007880.73:   Elapsed:  00:50:48 (3048)
1485007880.73:   Reported: 3040 148716000 3040.148716
1485007880.73:  Success 464.h264ref base ref ratio=7.28, runtime=3040.148716, power=0.00w, temp=0.00 deg, humidity=0.00%

1485007880.73: -----------------------------------
1485007881.54:   Running 483.xalancbmk ref base aarch64 default
1485007881.58: Commands to run:
1485007881.58:     -C /home/bamvor/CPU2006/benchspec/CPU2006/483.xalancbmk/run/run_base_ref_aarch64.0005
1485007881.58:     -o ref.out -e ref.err ../run_base_ref_aarch64.0005/Xalan_base.aarch64 -v t5.xml xalanc.xsl (timed)
1485007881.61: Specinvoke: /home/bamvor/CPU2006/bin/specinvoke -d /home/bamvor/CPU2006/benchspec/CPU2006/483.xalancbmk/run/run_base_ref_aarch64.0005 -e speccmds.err -o speccmds.stdout -f speccmds.cmd -C -q
1485007881.62: Issuing command '/home/bamvor/CPU2006/bin/specinvoke -d /home/bamvor/CPU2006/benchspec/CPU2006/483.xalancbmk/run/run_base_ref_aarch64.0005 -e speccmds.err -o speccmds.stdout -f speccmds.cmd -C -q'
1485007881.62: /home/bamvor/CPU2006/bin/specinvoke -d /home/bamvor/CPU2006/benchspec/CPU2006/483.xalancbmk/run/run_base_ref_aarch64.0005 -e speccmds.err -o speccmds.stdout -f speccmds.cmd -C -q
1485007881.62: Start command: Sat Jan 21 22:11:21 2017 (1485007881)
1485009801.81: Stop command: Sat Jan 21 22:43:21 2017 (1485009801)
1485009801.81: Elapsed time for command: 00:32:00 (1920)
1485009801.89: Workload elapsed time (0:1) = 1912.155819 seconds
1485009801.89: Copy 0 of 483.xalancbmk (base ref) run 1 finished at Sat Jan 21 22:43:13 2017.  Total elapsed time: 1912.155819
1485009801.90: comparing files in '/home/bamvor/CPU2006/benchspec/CPU2006/483.xalancbmk/run/run_base_ref_aarch64.0005'
1485009801.90: comparing 'ref.out' with abstol=, binary=, calctol=0, cw=, floatcompare=, ignorecase=, obiwan=, reltol=, skipabstol=, skipobiwan=, skipreltol=, skiptol=
1485009801.91: Specinvoke: /home/bamvor/CPU2006/bin/specinvoke -E -d /home/bamvor/CPU2006/benchspec/CPU2006/483.xalancbmk/run/run_base_ref_aarch64.0005 -c 1 -e compare.err -o compare.stdout -f compare.cmd
1485009801.91: Issuing command '/home/bamvor/CPU2006/bin/specinvoke -E -d /home/bamvor/CPU2006/benchspec/CPU2006/483.xalancbmk/run/run_base_ref_aarch64.0005 -c 1 -e compare.err -o compare.stdout -f compare.cmd'
1485009801.91: /home/bamvor/CPU2006/bin/specinvoke -E -d /home/bamvor/CPU2006/benchspec/CPU2006/483.xalancbmk/run/run_base_ref_aarch64.0005 -c 1 -e compare.err -o compare.stdout -f compare.cmd
1485009801.91: Start command: Sat Jan 21 22:43:21 2017 (1485009801)
1485009808.53: Stop command: Sat Jan 21 22:43:28 2017 (1485009808)
1485009808.53: Elapsed time for command: 00:00:07 (7)
1485009808.54: Benchmark Times:
1485009808.54:   Start:    Sat Jan 21 22:11:21 2017 (1485007881)
1485009808.54:   Stop:     Sat Jan 21 22:43:21 2017 (1485009801)
1485009808.54:   Elapsed:  00:32:00 (1920)
1485009808.54:   Reported: 1912 156011000 1912.156011
1485009808.54:  Success 483.xalancbmk base ref ratio=3.61, runtime=1912.156011, power=0.00w, temp=0.00 deg, humidity=0.00%
1485009808.54: Success: 1x400.perlbench 1x401.bzip2 1x429.mcf 1x445.gobmk 1x458.sjeng 1x462.libquantum 1x464.h264ref 1x483.xalancbmk
1485009808.66: Producing Raw Reports
1485009808.66: mach: default
1485009808.66:   ext: aarch64
1485009808.66:     size: ref
1485009808.66:       set: int
1485009808.78: NOTICE: sw_compiler is longer than 50 characters and will be split
1485009808.78: WARNING: the following line:
1485009808.78: -----
1485009808.78: Using built-in specs. COLLECT_GCC=aarch64-linux-gnu-gcc COLLECT_LTO_WRAPPER=/home/bamvor/works/software/toolchain/gcc-linaro-6.2.1-2016.11-x86_64_aarch64-linux-gnu/gcc-linaro-6.2.1-2016.11-x86_64_aarch64-linux-gnu/bin/../libexec/gcc/aarch64-linux-gnu/6.2.1/lto-wrapper Target: aarch64-linux-gnu Configured with: /home/tcwg-buildslave/workspace/tcwg-make-release/label/docker-trusty-amd64-tcwg-build/target/aarch64-linux-gnu/snapshots/gcc-linaro-6.2-2016.11/configure SHELL=/bin/bash --with-mpc=/home/tcwg-buildslave/workspace/tcwg-make-release/label/docker-trusty-amd64-tcwg-build/target/aarch64-linux-gnu/_build/builds/destdir/x86_64-unknown-linux-gnu --with-mpfr=/home/tcwg-buildslave/workspace/tcwg-make-release/label/docker-trusty-amd64-tcwg-build/target/aarch64-linux-gnu/_build/builds/destdir/x86_64-unknown-linux-gnu --with-gmp=/home/tcwg-buildslave/workspace/tcwg-make-release/label/docker-trusty-amd64-tcwg-build/target/aarch64-linux-gnu/_build/builds/destdir/x86_64-unknown-linux-gnu --with-gnu-as --with-gnu-ld --disable-libstdcxx-pch --disable-libmudflap --with-cloog=no --with-ppl=no --with-isl=no --disable-nls --enable-c99 --enable-gnu-indirect-function --disable-multilib --with-arch=armv8-a --enable-fix-cortex-a53-835769 --enable-fix-cortex-a53-843419 --enable-multiarch --with-build-sysroot=/home/tcwg-buildslave/workspace/tcwg-make-release/label/docker-trusty-amd64-tcwg-build/target/aarch64-linux-gnu/_build/sysroots/aarch64-linux-gnu --enable-lto --enable-linker-build-id --enable-long-long --enable-shared --with-sysroot=/home/tcwg-buildslave/workspace/tcwg-make-release/label/docker-trusty-amd64-tcwg-build/target/aarch64-linux-gnu/_build/builds/destdir/x86_64-unknown-linux-gnu/aarch64-linux-gnu/libc --enable-languages=c,c++,fortran,lto --enable-checking=release --disable-bootstrap --build=x86_64-unknown-linux-gnu --host=x86_64-unknown-linux-gnu --target=aarch64-linux-gnu --prefix=/home/tcwg-buildslave/workspace/tcwg-make-release/label/docker-trusty-amd64-tcwg-build/target/aarch64-linux-gnu/_build/builds/destdir/x86_64-unknown-linux-gnu Thread model: posix gcc version 6.2.1 20161016 (Linaro GCC 6.2-2016.11)
1485009808.78: -----
1485009808.78: contains an element longer than 50 columns and could not be split.
1485009808.97:         format: raw -> /home/bamvor/CPU2006/result/CINT2006.083.ref.rsf

1485009814.64: NOTICE: sw_compiler is longer than 50 characters and will be split
1485009814.64: WARNING: the following line:
1485009814.64: -----
1485009814.64: Using built-in specs. COLLECT_GCC=aarch64-linux-gnu-gcc COLLECT_LTO_WRAPPER=/home/bamvor/works/software/toolchain/gcc-linaro-6.2.1-2016.11-x86_64_aarch64-linux-gnu/gcc-linaro-6.2.1-2016.11-x86_64_aarch64-linux-gnu/bin/../libexec/gcc/aarch64-linux-gnu/6.2.1/lto-wrapper Target: aarch64-linux-gnu Configured with: /home/tcwg-buildslave/workspace/tcwg-make-release/label/docker-trusty-amd64-tcwg-build/target/aarch64-linux-gnu/snapshots/gcc-linaro-6.2-2016.11/configure SHELL=/bin/bash --with-mpc=/home/tcwg-buildslave/workspace/tcwg-make-release/label/docker-trusty-amd64-tcwg-build/target/aarch64-linux-gnu/_build/builds/destdir/x86_64-unknown-linux-gnu --with-mpfr=/home/tcwg-buildslave/workspace/tcwg-make-release/label/docker-trusty-amd64-tcwg-build/target/aarch64-linux-gnu/_build/builds/destdir/x86_64-unknown-linux-gnu --with-gmp=/home/tcwg-buildslave/workspace/tcwg-make-release/label/docker-trusty-amd64-tcwg-build/target/aarch64-linux-gnu/_build/builds/destdir/x86_64-unknown-linux-gnu --with-gnu-as --with-gnu-ld --disable-libstdcxx-pch --disable-libmudflap --with-cloog=no --with-ppl=no --with-isl=no --disable-nls --enable-c99 --enable-gnu-indirect-function --disable-multilib --with-arch=armv8-a --enable-fix-cortex-a53-835769 --enable-fix-cortex-a53-843419 --enable-multiarch --with-build-sysroot=/home/tcwg-buildslave/workspace/tcwg-make-release/label/docker-trusty-amd64-tcwg-build/target/aarch64-linux-gnu/_build/sysroots/aarch64-linux-gnu --enable-lto --enable-linker-build-id --enable-long-long --enable-shared --with-sysroot=/home/tcwg-buildslave/workspace/tcwg-make-release/label/docker-trusty-amd64-tcwg-build/target/aarch64-linux-gnu/_build/builds/destdir/x86_64-unknown-linux-gnu/aarch64-linux-gnu/libc --enable-languages=c,c++,fortran,lto --enable-checking=release --disable-bootstrap --build=x86_64-unknown-linux-gnu --host=x86_64-unknown-linux-gnu --target=aarch64-linux-gnu --prefix=/home/tcwg-buildslave/workspace/tcwg-make-release/label/docker-trusty-amd64-tcwg-build/target/aarch64-linux-gnu/_build/builds/destdir/x86_64-unknown-linux-gnu Thread model: posix gcc version 6.2.1 20161016 (Linaro GCC 6.2-2016.11)
1485009814.64: -----
1485009814.64: contains an element longer than 50 columns and could not be split.
1485009817.90: Parsing flags for 400.perlbench base: done
1485009818.08: Parsing flags for 401.bzip2 base: done
1485009818.24: Parsing flags for 429.mcf base: done
1485009818.49: Parsing flags for 445.gobmk base: done
1485009818.59: Parsing flags for 458.sjeng base: done
1485009818.82: Parsing flags for 462.libquantum base: done
1485009819.23: Parsing flags for 464.h264ref base: done
1485009820.13: Parsing flags for 483.xalancbmk base: done
1485009820.18: Doing flag reduction: done
1485009820.30:         format: ASCII -> /home/bamvor/CPU2006/result/CINT2006.083.ref.txt
1485009820.30:         format: config -> /home/bamvor/CPU2006/result/CINT2006.083.ref.cfg, /home/bamvor/CPU2006/result/CINT2006.083.ref.orig.cfg
1485009820.34:         format: CSV -> /home/bamvor/CPU2006/result/CINT2006.083.ref.csv
1485009820.55:       set: fp

1485009820.58: The log for this run is in /home/bamvor/CPU2006/result/CPU2006.083.log

1485009820.58: runspec finished at Sat Jan 21 22:43:40 2017; 1485009766 total seconds elapsed
