runspec v6674 started at Thu Jan 19 12:24:04 2017 on "localhost"
runspec is: /home/bamvor/CPU2006/bin/runspec
runspec: runspec -c linaro_aarch64.cfg --nobuild --size=ref -n 1 --noreportable --tune=base perlbench bzip2 mcf gobmk sjeng libquantum h264ref xalancbmk
toolset: linux-aarch64

Locating benchmarks...found 31 benchmarks in 6 benchsets.
Reading config file '/home/bamvor/CPU2006/config/linaro_aarch64.cfg'

1484799847.59: Verbosity = 5
1484799847.59: Action    = validate
1484799847.59: Tune      = base
1484799847.59: Ext       = aarch64
1484799847.59: Size      = ref
1484799847.59: Machine   = default
1484799847.59: benchmarks= 400.perlbench,401.bzip2,429.mcf,445.gobmk,458.sjeng,462.libquantum,464.h264ref,483.xalancbmk
1484799847.59: outputs   = asc,csv,config
1484799847.59: username  = root
1484799847.60: Benchmarks selected: 400.perlbench, 401.bzip2, 429.mcf, 445.gobmk, 458.sjeng, 462.libquantum, 464.h264ref, 483.xalancbmk
1484799847.71: Compiling Binaries

1484799847.71: ------------------------------------------------------------------------
1484799848.39:   Up to date 400.perlbench base aarch64 default

1484799848.39: ------------------------------------------------------------------------
1484799848.97:   Up to date 401.bzip2 base aarch64 default

1484799848.98: ------------------------------------------------------------------------
1484799849.56:   Up to date 429.mcf base aarch64 default

1484799849.56: ------------------------------------------------------------------------
1484799850.24:   Up to date 445.gobmk base aarch64 default

1484799850.24: ------------------------------------------------------------------------
1484799850.84:   Up to date 458.sjeng base aarch64 default

1484799850.85: ------------------------------------------------------------------------
1484799851.44:   Up to date 462.libquantum base aarch64 default

1484799851.45: ------------------------------------------------------------------------
1484799852.07:   Up to date 464.h264ref base aarch64 default

1484799852.07: ------------------------------------------------------------------------
1484799853.08:   Up to date 483.xalancbmk base aarch64 default


1484799853.08: Setting Up Run Directories
1484799853.10:   Setting up 400.perlbench ref base aarch64 default: 
1484799853.10: Notice: Unusable path detected in run directory list file.
1484799853.10:   /home/bamvor/CPU2006/benchspec/CPU2006/400.perlbench/run/list
1484799853.10: references one or more paths which will be ignored, because they are
1484799853.10: not subdirectories of this run directory.  This condition may be a
1484799853.10: result of having moved your SPEC benchmark tree.  If that's what happened,
1484799853.10: and if you don't need the old run directories, you can just remove
1484799853.10: them, along with the list file.  (Usually it's safe to delete old
1484799853.10: run directories, as they are automatically re-created when needed.)


1484799862.33: created (run_base_ref_aarch64.0006)
1484799862.33(0.02s):   Setting up 401.bzip2 ref base aarch64 default: 
1484799862.35: Notice: Unusable path detected in run directory list file.
1484799862.35:   /home/bamvor/CPU2006/benchspec/CPU2006/401.bzip2/run/list
1484799862.35: references one or more paths which will be ignored, because they are
1484799862.35: not subdirectories of this run directory.  This condition may be a
1484799862.35: result of having moved your SPEC benchmark tree.  If that's what happened,
1484799862.35: and if you don't need the old run directories, you can just remove
1484799862.35: them, along with the list file.  (Usually it's safe to delete old
1484799862.35: run directories, as they are automatically re-created when needed.)


1484799866.35: created (run_base_ref_aarch64.0006)
1484799866.35(0.82s):   Setting up 429.mcf ref base aarch64 default: 
1484799867.17: Notice: Unusable path detected in run directory list file.
1484799867.17:   /home/bamvor/CPU2006/benchspec/CPU2006/429.mcf/run/list
1484799867.17: references one or more paths which will be ignored, because they are
1484799867.17: not subdirectories of this run directory.  This condition may be a
1484799867.17: result of having moved your SPEC benchmark tree.  If that's what happened,
1484799867.17: and if you don't need the old run directories, you can just remove
1484799867.17: them, along with the list file.  (Usually it's safe to delete old
1484799867.17: run directories, as they are automatically re-created when needed.)


1484799867.45: created (run_base_ref_aarch64.0005)
1484799867.45(0.07s):   Setting up 445.gobmk ref base aarch64 default: 
1484799867.52: Notice: Unusable path detected in run directory list file.
1484799867.52:   /home/bamvor/CPU2006/benchspec/CPU2006/445.gobmk/run/list
1484799867.52: references one or more paths which will be ignored, because they are
1484799867.52: not subdirectories of this run directory.  This condition may be a
1484799867.52: result of having moved your SPEC benchmark tree.  If that's what happened,
1484799867.52: and if you don't need the old run directories, you can just remove
1484799867.52: them, along with the list file.  (Usually it's safe to delete old
1484799867.52: run directories, as they are automatically re-created when needed.)


1484799885.30: created (run_base_ref_aarch64.0005)
1484799885.30(0.02s):   Setting up 458.sjeng ref base aarch64 default: 
1484799885.32: Notice: Unusable path detected in run directory list file.
1484799885.32:   /home/bamvor/CPU2006/benchspec/CPU2006/458.sjeng/run/list
1484799885.32: references one or more paths which will be ignored, because they are
1484799885.32: not subdirectories of this run directory.  This condition may be a
1484799885.32: result of having moved your SPEC benchmark tree.  If that's what happened,
1484799885.32: and if you don't need the old run directories, you can just remove
1484799885.32: them, along with the list file.  (Usually it's safe to delete old
1484799885.32: run directories, as they are automatically re-created when needed.)


1484799885.44: created (run_base_ref_aarch64.0005)
1484799885.45:   Setting up 462.libquantum ref base aarch64 default: 
1484799885.45: Notice: Unusable path detected in run directory list file.
1484799885.45:   /home/bamvor/CPU2006/benchspec/CPU2006/462.libquantum/run/list
1484799885.45: references one or more paths which will be ignored, because they are
1484799885.45: not subdirectories of this run directory.  This condition may be a
1484799885.45: result of having moved your SPEC benchmark tree.  If that's what happened,
1484799885.45: and if you don't need the old run directories, you can just remove
1484799885.45: them, along with the list file.  (Usually it's safe to delete old
1484799885.45: run directories, as they are automatically re-created when needed.)


1484799885.57: created (run_base_ref_aarch64.0005)
1484799885.58:   Setting up 464.h264ref ref base aarch64 default: 
1484799885.58: Notice: Unusable path detected in run directory list file.
1484799885.58:   /home/bamvor/CPU2006/benchspec/CPU2006/464.h264ref/run/list
1484799885.58: references one or more paths which will be ignored, because they are
1484799885.58: not subdirectories of this run directory.  This condition may be a
1484799885.58: result of having moved your SPEC benchmark tree.  If that's what happened,
1484799885.58: and if you don't need the old run directories, you can just remove
1484799885.58: them, along with the list file.  (Usually it's safe to delete old
1484799885.58: run directories, as they are automatically re-created when needed.)


1484799887.36: created (run_base_ref_aarch64.0005)
1484799887.37:   Setting up 483.xalancbmk ref base aarch64 default: 
1484799887.37: Notice: Unusable path detected in run directory list file.
1484799887.37:   /home/bamvor/CPU2006/benchspec/CPU2006/483.xalancbmk/run/list
1484799887.37: references one or more paths which will be ignored, because they are
1484799887.37: not subdirectories of this run directory.  This condition may be a
1484799887.37: result of having moved your SPEC benchmark tree.  If that's what happened,
1484799887.37: and if you don't need the old run directories, you can just remove
1484799887.37: them, along with the list file.  (Usually it's safe to delete old
1484799887.37: run directories, as they are automatically re-created when needed.)


1484799889.51: created (run_base_ref_aarch64.0005)

1484799889.51: -----------------------------------
1484799889.51: Running Benchmarks

1484799889.52: -----------------------------------
1484799892.98:   Running 400.perlbench ref base aarch64 default
1484799893.46: Commands to run:
1484799893.46:     -C /home/bamvor/CPU2006/benchspec/CPU2006/400.perlbench/run/run_base_ref_aarch64.0006
1484799893.46:     -o checkspam.2500.5.25.11.150.1.1.1.1.out -e checkspam.2500.5.25.11.150.1.1.1.1.err ../run_base_ref_aarch64.0006/perlbench_base.aarch64 -I./lib checkspam.pl 2500 5 25 11 150 1 1 1 1 (timed)
1484799893.46:     -o diffmail.4.800.10.17.19.300.out -e diffmail.4.800.10.17.19.300.err ../run_base_ref_aarch64.0006/perlbench_base.aarch64 -I./lib diffmail.pl 4 800 10 17 19 300 (timed)
1484799893.46:     -o splitmail.1600.12.26.16.4500.out -e splitmail.1600.12.26.16.4500.err ../run_base_ref_aarch64.0006/perlbench_base.aarch64 -I./lib splitmail.pl 1600 12 26 16 4500 (timed)
1484799893.48: Specinvoke: /home/bamvor/CPU2006/bin/specinvoke -d /home/bamvor/CPU2006/benchspec/CPU2006/400.perlbench/run/run_base_ref_aarch64.0006 -e speccmds.err -o speccmds.stdout -f speccmds.cmd -C -q
1484799893.49: Issuing command '/home/bamvor/CPU2006/bin/specinvoke -d /home/bamvor/CPU2006/benchspec/CPU2006/400.perlbench/run/run_base_ref_aarch64.0006 -e speccmds.err -o speccmds.stdout -f speccmds.cmd -C -q'
1484799893.49: /home/bamvor/CPU2006/bin/specinvoke -d /home/bamvor/CPU2006/benchspec/CPU2006/400.perlbench/run/run_base_ref_aarch64.0006 -e speccmds.err -o speccmds.stdout -f speccmds.cmd -C -q
1484799893.49: Start command: Thu Jan 19 12:24:53 2017 (1484799893)
1484802155.68: Stop command: Thu Jan 19 13:02:35 2017 (1484802155)
1484802155.68: Elapsed time for command: 00:37:42 (2262)
1484802155.77: Workload elapsed time (0:1) = 1197.569423 seconds
1484802155.77: Workload elapsed time (0:2) = 414.626647 seconds
1484802155.77: Workload elapsed time (0:3) = 641.982945 seconds
1484802155.78: Copy 0 of 400.perlbench (base ref) run 1 finished at Thu Jan 19 13:02:27 2017.  Total elapsed time: 2254.179015
1484802155.78: comparing files in '/home/bamvor/CPU2006/benchspec/CPU2006/400.perlbench/run/run_base_ref_aarch64.0006'
1484802155.79: comparing 'checkspam.2500.5.25.11.150.1.1.1.1.out' with abstol=, binary=, calctol=0, cw=, floatcompare=, ignorecase=, obiwan=, reltol=, skipabstol=, skipobiwan=, skipreltol=, skiptol=
1484802155.79: comparing 'diffmail.4.800.10.17.19.300.out' with abstol=, binary=, calctol=0, cw=, floatcompare=, ignorecase=, obiwan=, reltol=, skipabstol=, skipobiwan=, skipreltol=, skiptol=
1484802155.79: comparing 'splitmail.1600.12.26.16.4500.out' with abstol=, binary=, calctol=0, cw=, floatcompare=, ignorecase=, obiwan=, reltol=, skipabstol=, skipobiwan=, skipreltol=, skiptol=
1484802155.80: Specinvoke: /home/bamvor/CPU2006/bin/specinvoke -E -d /home/bamvor/CPU2006/benchspec/CPU2006/400.perlbench/run/run_base_ref_aarch64.0006 -c 1 -e compare.err -o compare.stdout -f compare.cmd
1484802155.80: Issuing command '/home/bamvor/CPU2006/bin/specinvoke -E -d /home/bamvor/CPU2006/benchspec/CPU2006/400.perlbench/run/run_base_ref_aarch64.0006 -c 1 -e compare.err -o compare.stdout -f compare.cmd'
1484802155.80: /home/bamvor/CPU2006/bin/specinvoke -E -d /home/bamvor/CPU2006/benchspec/CPU2006/400.perlbench/run/run_base_ref_aarch64.0006 -c 1 -e compare.err -o compare.stdout -f compare.cmd
1484802155.80: Start command: Thu Jan 19 13:02:35 2017 (1484802155)
1484802162.05: Stop command: Thu Jan 19 13:02:42 2017 (1484802162)
1484802162.05: Elapsed time for command: 00:00:07 (7)
1484802162.05: Benchmark Times:
1484802162.05:   Start:    Thu Jan 19 12:24:53 2017 (1484799893)
1484802162.05:   Stop:     Thu Jan 19 13:02:35 2017 (1484802155)
1484802162.05:   Elapsed:  00:37:42 (2262)
1484802162.05:   Reported: 2254 179304000 2254.179304
1484802162.05:  Success 400.perlbench base ref ratio=4.33, runtime=2254.179304, power=0.00w, temp=0.00 deg, humidity=0.00%

1484802162.06: -----------------------------------
1484802162.18:   Running 401.bzip2 ref base aarch64 default
1484802162.22: Commands to run:
1484802162.22:     -C /home/bamvor/CPU2006/benchspec/CPU2006/401.bzip2/run/run_base_ref_aarch64.0006
1484802162.23:     -o input.source.out -e input.source.err ../run_base_ref_aarch64.0006/bzip2_base.aarch64 input.source 280 (timed)
1484802162.23:     -o chicken.jpg.out -e chicken.jpg.err ../run_base_ref_aarch64.0006/bzip2_base.aarch64 chicken.jpg 30 (timed)
1484802162.23:     -o liberty.jpg.out -e liberty.jpg.err ../run_base_ref_aarch64.0006/bzip2_base.aarch64 liberty.jpg 30 (timed)
1484802162.23:     -o input.program.out -e input.program.err ../run_base_ref_aarch64.0006/bzip2_base.aarch64 input.program 280 (timed)
1484802162.23:     -o text.html.out -e text.html.err ../run_base_ref_aarch64.0006/bzip2_base.aarch64 text.html 280 (timed)
1484802162.23:     -o input.combined.out -e input.combined.err ../run_base_ref_aarch64.0006/bzip2_base.aarch64 input.combined 200 (timed)
1484802162.25: Specinvoke: /home/bamvor/CPU2006/bin/specinvoke -d /home/bamvor/CPU2006/benchspec/CPU2006/401.bzip2/run/run_base_ref_aarch64.0006 -e speccmds.err -o speccmds.stdout -f speccmds.cmd -C -q
1484802162.25: Issuing command '/home/bamvor/CPU2006/bin/specinvoke -d /home/bamvor/CPU2006/benchspec/CPU2006/401.bzip2/run/run_base_ref_aarch64.0006 -e speccmds.err -o speccmds.stdout -f speccmds.cmd -C -q'
1484802162.25: /home/bamvor/CPU2006/bin/specinvoke -d /home/bamvor/CPU2006/benchspec/CPU2006/401.bzip2/run/run_base_ref_aarch64.0006 -e speccmds.err -o speccmds.stdout -f speccmds.cmd -C -q
1484802162.25: Start command: Thu Jan 19 13:02:42 2017 (1484802162)
1484805860.15: Stop command: Thu Jan 19 14:04:20 2017 (1484805860)
1484805860.15: Elapsed time for command: 01:01:38 (3698)
1484805860.23: Workload elapsed time (0:1) = 640.973035 seconds
1484805860.24: Workload elapsed time (0:2) = 266.690299 seconds
1484805860.24: Workload elapsed time (0:3) = 651.046683 seconds
1484805860.24: Workload elapsed time (0:4) = 638.24444 seconds
1484805860.24: Workload elapsed time (0:5) = 974.397251 seconds
1484805860.24: Workload elapsed time (0:6) = 518.514013 seconds
1484805860.24: Copy 0 of 401.bzip2 (base ref) run 1 finished at Thu Jan 19 14:04:12 2017.  Total elapsed time: 3689.865721
1484805860.25: comparing files in '/home/bamvor/CPU2006/benchspec/CPU2006/401.bzip2/run/run_base_ref_aarch64.0006'
1484805860.25: comparing 'chicken.jpg.out' with abstol=, binary=, calctol=0, cw=, floatcompare=, ignorecase=, obiwan=, reltol=, skipabstol=, skipobiwan=, skipreltol=, skiptol=
1484805860.26: comparing 'input.combined.out' with abstol=, binary=, calctol=0, cw=, floatcompare=, ignorecase=, obiwan=, reltol=, skipabstol=, skipobiwan=, skipreltol=, skiptol=
1484805860.26: comparing 'input.program.out' with abstol=, binary=, calctol=0, cw=, floatcompare=, ignorecase=, obiwan=, reltol=, skipabstol=, skipobiwan=, skipreltol=, skiptol=
1484805860.26: comparing 'input.source.out' with abstol=, binary=, calctol=0, cw=, floatcompare=, ignorecase=, obiwan=, reltol=, skipabstol=, skipobiwan=, skipreltol=, skiptol=
1484805860.26: comparing 'liberty.jpg.out' with abstol=, binary=, calctol=0, cw=, floatcompare=, ignorecase=, obiwan=, reltol=, skipabstol=, skipobiwan=, skipreltol=, skiptol=
1484805860.27: comparing 'text.html.out' with abstol=, binary=, calctol=0, cw=, floatcompare=, ignorecase=, obiwan=, reltol=, skipabstol=, skipobiwan=, skipreltol=, skiptol=
1484805860.27: Specinvoke: /home/bamvor/CPU2006/bin/specinvoke -E -d /home/bamvor/CPU2006/benchspec/CPU2006/401.bzip2/run/run_base_ref_aarch64.0006 -c 1 -e compare.err -o compare.stdout -f compare.cmd
1484805860.27: Issuing command '/home/bamvor/CPU2006/bin/specinvoke -E -d /home/bamvor/CPU2006/benchspec/CPU2006/401.bzip2/run/run_base_ref_aarch64.0006 -c 1 -e compare.err -o compare.stdout -f compare.cmd'
1484805860.27: /home/bamvor/CPU2006/bin/specinvoke -E -d /home/bamvor/CPU2006/benchspec/CPU2006/401.bzip2/run/run_base_ref_aarch64.0006 -c 1 -e compare.err -o compare.stdout -f compare.cmd
1484805860.27: Start command: Thu Jan 19 14:04:20 2017 (1484805860)
1484805872.53: Stop command: Thu Jan 19 14:04:32 2017 (1484805872)
1484805872.53: Elapsed time for command: 00:00:12 (12)
1484805872.53: Benchmark Times:
1484805872.53:   Start:    Thu Jan 19 13:02:42 2017 (1484802162)
1484805872.53:   Stop:     Thu Jan 19 14:04:20 2017 (1484805860)
1484805872.53:   Elapsed:  01:01:38 (3698)
1484805872.53:   Reported: 3689 866167000 3689.866167
1484805872.53:  Success 401.bzip2 base ref ratio=2.62, runtime=3689.866167, power=0.00w, temp=0.00 deg, humidity=0.00%

1484805872.54: -----------------------------------
1484805872.64:   Running 429.mcf ref base aarch64 default
1484805872.68: Commands to run:
1484805872.68:     -C /home/bamvor/CPU2006/benchspec/CPU2006/429.mcf/run/run_base_ref_aarch64.0005
1484805872.68:     -o inp.out -e inp.err ../run_base_ref_aarch64.0005/mcf_base.aarch64 inp.in (timed)
1484805872.70: Specinvoke: /home/bamvor/CPU2006/bin/specinvoke -d /home/bamvor/CPU2006/benchspec/CPU2006/429.mcf/run/run_base_ref_aarch64.0005 -e speccmds.err -o speccmds.stdout -f speccmds.cmd -C -q
1484805872.70: Issuing command '/home/bamvor/CPU2006/bin/specinvoke -d /home/bamvor/CPU2006/benchspec/CPU2006/429.mcf/run/run_base_ref_aarch64.0005 -e speccmds.err -o speccmds.stdout -f speccmds.cmd -C -q'
1484805872.70: /home/bamvor/CPU2006/bin/specinvoke -d /home/bamvor/CPU2006/benchspec/CPU2006/429.mcf/run/run_base_ref_aarch64.0005 -e speccmds.err -o speccmds.stdout -f speccmds.cmd -C -q
1484805872.70: Start command: Thu Jan 19 14:04:32 2017 (1484805872)
1484810289.50: Stop command: Thu Jan 19 15:18:09 2017 (1484810289)
1484810289.51: Elapsed time for command: 01:13:37 (4417)
1484810289.60: Workload elapsed time (0:1) = 4408.736892 seconds
1484810289.60: Copy 0 of 429.mcf (base ref) run 1 finished at Thu Jan 19 15:18:01 2017.  Total elapsed time: 4408.736892
1484810289.61: comparing files in '/home/bamvor/CPU2006/benchspec/CPU2006/429.mcf/run/run_base_ref_aarch64.0005'
1484810289.63: comparing 'inp.out' with abstol=, binary=, calctol=0, cw=, floatcompare=, ignorecase=, obiwan=, reltol=, skipabstol=, skipobiwan=, skipreltol=, skiptol=
1484810289.63: comparing 'mcf.out' with abstol=, binary=, calctol=0, cw=, floatcompare=, ignorecase=, obiwan=, reltol=, skipabstol=, skipobiwan=, skipreltol=, skiptol=
1484810289.63: Specinvoke: /home/bamvor/CPU2006/bin/specinvoke -E -d /home/bamvor/CPU2006/benchspec/CPU2006/429.mcf/run/run_base_ref_aarch64.0005 -c 1 -e compare.err -o compare.stdout -f compare.cmd
1484810289.63: Issuing command '/home/bamvor/CPU2006/bin/specinvoke -E -d /home/bamvor/CPU2006/benchspec/CPU2006/429.mcf/run/run_base_ref_aarch64.0005 -c 1 -e compare.err -o compare.stdout -f compare.cmd'
1484810289.63: /home/bamvor/CPU2006/bin/specinvoke -E -d /home/bamvor/CPU2006/benchspec/CPU2006/429.mcf/run/run_base_ref_aarch64.0005 -c 1 -e compare.err -o compare.stdout -f compare.cmd
1484810289.63: Start command: Thu Jan 19 15:18:09 2017 (1484810289)
1484810293.33: Stop command: Thu Jan 19 15:18:13 2017 (1484810293)
1484810293.33: Elapsed time for command: 00:00:04 (4)
1484810293.33: Benchmark Times:
1484810293.33:   Start:    Thu Jan 19 14:04:32 2017 (1484805872)
1484810293.33:   Stop:     Thu Jan 19 15:18:09 2017 (1484810289)
1484810293.33:   Elapsed:  01:13:37 (4417)
1484810293.33:   Reported: 4408 737170000 4408.73717
1484810293.33:  Success 429.mcf base ref ratio=2.07, runtime=4408.737170, power=0.00w, temp=0.00 deg, humidity=0.00%

1484810293.34: -----------------------------------
1484810294.78:   Running 445.gobmk ref base aarch64 default
1484810295.29: Commands to run:
1484810295.29:     -C /home/bamvor/CPU2006/benchspec/CPU2006/445.gobmk/run/run_base_ref_aarch64.0005
1484810295.29:     -i 13x13.tst -o 13x13.out -e 13x13.err ../run_base_ref_aarch64.0005/gobmk_base.aarch64 --quiet --mode gtp (timed)
1484810295.29:     -i nngs.tst -o nngs.out -e nngs.err ../run_base_ref_aarch64.0005/gobmk_base.aarch64 --quiet --mode gtp (timed)
1484810295.29:     -i score2.tst -o score2.out -e score2.err ../run_base_ref_aarch64.0005/gobmk_base.aarch64 --quiet --mode gtp (timed)
1484810295.29:     -i trevorc.tst -o trevorc.out -e trevorc.err ../run_base_ref_aarch64.0005/gobmk_base.aarch64 --quiet --mode gtp (timed)
1484810295.29:     -i trevord.tst -o trevord.out -e trevord.err ../run_base_ref_aarch64.0005/gobmk_base.aarch64 --quiet --mode gtp (timed)
1484810295.31: Specinvoke: /home/bamvor/CPU2006/bin/specinvoke -d /home/bamvor/CPU2006/benchspec/CPU2006/445.gobmk/run/run_base_ref_aarch64.0005 -e speccmds.err -o speccmds.stdout -f speccmds.cmd -C -q
1484810295.31: Issuing command '/home/bamvor/CPU2006/bin/specinvoke -d /home/bamvor/CPU2006/benchspec/CPU2006/445.gobmk/run/run_base_ref_aarch64.0005 -e speccmds.err -o speccmds.stdout -f speccmds.cmd -C -q'
1484810295.31: /home/bamvor/CPU2006/bin/specinvoke -d /home/bamvor/CPU2006/benchspec/CPU2006/445.gobmk/run/run_base_ref_aarch64.0005 -e speccmds.err -o speccmds.stdout -f speccmds.cmd -C -q
1484810295.31: Start command: Thu Jan 19 15:18:15 2017 (1484810295)
1484812495.03: Stop command: Thu Jan 19 15:54:55 2017 (1484812495)
1484812495.03: Elapsed time for command: 00:36:40 (2200)
1484812495.11: Workload elapsed time (0:1) = 302.289967 seconds
1484812495.12: Workload elapsed time (0:2) = 791.001768 seconds
1484812495.12: Workload elapsed time (0:3) = 380.598935 seconds
1484812495.12: Workload elapsed time (0:4) = 300.226017 seconds
1484812495.12: Workload elapsed time (0:5) = 417.565195 seconds
1484812495.12: Copy 0 of 445.gobmk (base ref) run 1 finished at Thu Jan 19 15:54:47 2017.  Total elapsed time: 2191.681882
1484812495.12: comparing files in '/home/bamvor/CPU2006/benchspec/CPU2006/445.gobmk/run/run_base_ref_aarch64.0005'
1484812495.13: comparing '13x13.out' with abstol=, binary=, calctol=0, cw=, floatcompare=, ignorecase=, obiwan=, reltol=, skipabstol=, skipobiwan=, skipreltol=, skiptol=
1484812495.13: comparing 'nngs.out' with abstol=, binary=, calctol=0, cw=, floatcompare=, ignorecase=, obiwan=, reltol=, skipabstol=, skipobiwan=, skipreltol=, skiptol=
1484812495.14: comparing 'score2.out' with abstol=, binary=, calctol=0, cw=, floatcompare=, ignorecase=, obiwan=, reltol=, skipabstol=, skipobiwan=, skipreltol=, skiptol=
1484812495.14: comparing 'trevorc.out' with abstol=, binary=, calctol=0, cw=, floatcompare=, ignorecase=, obiwan=, reltol=, skipabstol=, skipobiwan=, skipreltol=, skiptol=
1484812495.14: comparing 'trevord.out' with abstol=, binary=, calctol=0, cw=, floatcompare=, ignorecase=, obiwan=, reltol=, skipabstol=, skipobiwan=, skipreltol=, skiptol=
1484812495.14: Specinvoke: /home/bamvor/CPU2006/bin/specinvoke -E -d /home/bamvor/CPU2006/benchspec/CPU2006/445.gobmk/run/run_base_ref_aarch64.0005 -c 1 -e compare.err -o compare.stdout -f compare.cmd
1484812495.15: Issuing command '/home/bamvor/CPU2006/bin/specinvoke -E -d /home/bamvor/CPU2006/benchspec/CPU2006/445.gobmk/run/run_base_ref_aarch64.0005 -c 1 -e compare.err -o compare.stdout -f compare.cmd'
1484812495.15: /home/bamvor/CPU2006/bin/specinvoke -E -d /home/bamvor/CPU2006/benchspec/CPU2006/445.gobmk/run/run_base_ref_aarch64.0005 -c 1 -e compare.err -o compare.stdout -f compare.cmd
1484812495.15: Start command: Thu Jan 19 15:54:55 2017 (1484812495)
1484812502.65: Stop command: Thu Jan 19 15:55:02 2017 (1484812502)
1484812502.65: Elapsed time for command: 00:00:07 (7)
1484812502.66: Benchmark Times:
1484812502.66:   Start:    Thu Jan 19 15:18:15 2017 (1484810295)
1484812502.66:   Stop:     Thu Jan 19 15:54:55 2017 (1484812495)
1484812502.66:   Elapsed:  00:36:40 (2200)
1484812502.66:   Reported: 2191 682322000 2191.682322
1484812502.66:  Success 445.gobmk base ref ratio=4.79, runtime=2191.682322, power=0.00w, temp=0.00 deg, humidity=0.00%

1484812502.66: -----------------------------------
1484812502.88:   Running 458.sjeng ref base aarch64 default
1484812502.91: Commands to run:
1484812502.91:     -C /home/bamvor/CPU2006/benchspec/CPU2006/458.sjeng/run/run_base_ref_aarch64.0005
1484812502.92:     -o ref.out -e ref.err ../run_base_ref_aarch64.0005/sjeng_base.aarch64 ref.txt (timed)
1484812502.93: Specinvoke: /home/bamvor/CPU2006/bin/specinvoke -d /home/bamvor/CPU2006/benchspec/CPU2006/458.sjeng/run/run_base_ref_aarch64.0005 -e speccmds.err -o speccmds.stdout -f speccmds.cmd -C -q
1484812502.94: Issuing command '/home/bamvor/CPU2006/bin/specinvoke -d /home/bamvor/CPU2006/benchspec/CPU2006/458.sjeng/run/run_base_ref_aarch64.0005 -e speccmds.err -o speccmds.stdout -f speccmds.cmd -C -q'
1484812502.94: /home/bamvor/CPU2006/bin/specinvoke -d /home/bamvor/CPU2006/benchspec/CPU2006/458.sjeng/run/run_base_ref_aarch64.0005 -e speccmds.err -o speccmds.stdout -f speccmds.cmd -C -q
1484812502.94: Start command: Thu Jan 19 15:55:02 2017 (1484812502)
1484815068.19: Stop command: Thu Jan 19 16:37:48 2017 (1484815068)
1484815068.19: Elapsed time for command: 00:42:46 (2566)
1484815068.27: Workload elapsed time (0:1) = 2557.214275 seconds
1484815068.27: Copy 0 of 458.sjeng (base ref) run 1 finished at Thu Jan 19 16:37:40 2017.  Total elapsed time: 2557.214275
1484815068.28: comparing files in '/home/bamvor/CPU2006/benchspec/CPU2006/458.sjeng/run/run_base_ref_aarch64.0005'
1484815068.28: comparing 'ref.out' with abstol=, binary=, calctol=0, cw=, floatcompare=, ignorecase=, obiwan=, reltol=, skipabstol=, skipobiwan=, skipreltol=, skiptol=
1484815068.29: Specinvoke: /home/bamvor/CPU2006/bin/specinvoke -E -d /home/bamvor/CPU2006/benchspec/CPU2006/458.sjeng/run/run_base_ref_aarch64.0005 -c 1 -e compare.err -o compare.stdout -f compare.cmd
1484815068.29: Issuing command '/home/bamvor/CPU2006/bin/specinvoke -E -d /home/bamvor/CPU2006/benchspec/CPU2006/458.sjeng/run/run_base_ref_aarch64.0005 -c 1 -e compare.err -o compare.stdout -f compare.cmd'
1484815068.29: /home/bamvor/CPU2006/bin/specinvoke -E -d /home/bamvor/CPU2006/benchspec/CPU2006/458.sjeng/run/run_base_ref_aarch64.0005 -c 1 -e compare.err -o compare.stdout -f compare.cmd
1484815068.29: Start command: Thu Jan 19 16:37:48 2017 (1484815068)
1484815070.03: Stop command: Thu Jan 19 16:37:50 2017 (1484815070)
1484815070.03: Elapsed time for command: 00:00:02 (2)
1484815070.03: Benchmark Times:
1484815070.03:   Start:    Thu Jan 19 15:55:02 2017 (1484812502)
1484815070.03:   Stop:     Thu Jan 19 16:37:48 2017 (1484815068)
1484815070.03:   Elapsed:  00:42:46 (2566)
1484815070.03:   Reported: 2557 214481000 2557.214481
1484815070.03:  Success 458.sjeng base ref ratio=4.73, runtime=2557.214481, power=0.00w, temp=0.00 deg, humidity=0.00%

1484815070.03: -----------------------------------
1484815070.25:   Running 462.libquantum ref base aarch64 default
1484815070.28: Commands to run:
1484815070.28:     -C /home/bamvor/CPU2006/benchspec/CPU2006/462.libquantum/run/run_base_ref_aarch64.0005
1484815070.28:     -o ref.out -e ref.err ../run_base_ref_aarch64.0005/libquantum_base.aarch64 1397 8 (timed)
1484815070.30: Specinvoke: /home/bamvor/CPU2006/bin/specinvoke -d /home/bamvor/CPU2006/benchspec/CPU2006/462.libquantum/run/run_base_ref_aarch64.0005 -e speccmds.err -o speccmds.stdout -f speccmds.cmd -C -q
1484815070.30: Issuing command '/home/bamvor/CPU2006/bin/specinvoke -d /home/bamvor/CPU2006/benchspec/CPU2006/462.libquantum/run/run_base_ref_aarch64.0005 -e speccmds.err -o speccmds.stdout -f speccmds.cmd -C -q'
1484815070.30: /home/bamvor/CPU2006/bin/specinvoke -d /home/bamvor/CPU2006/benchspec/CPU2006/462.libquantum/run/run_base_ref_aarch64.0005 -e speccmds.err -o speccmds.stdout -f speccmds.cmd -C -q
1484815070.30: Start command: Thu Jan 19 16:37:50 2017 (1484815070)
1484816975.00: Stop command: Thu Jan 19 17:09:34 2017 (1484816974)
1484816975.00: Elapsed time for command: 00:31:44 (1904)
1484816975.09: Workload elapsed time (0:1) = 1896.661303 seconds
1484816975.09: Copy 0 of 462.libquantum (base ref) run 1 finished at Thu Jan 19 17:09:26 2017.  Total elapsed time: 1896.661303
1484816975.09: comparing files in '/home/bamvor/CPU2006/benchspec/CPU2006/462.libquantum/run/run_base_ref_aarch64.0005'
1484816975.10: comparing 'ref.out' with abstol=, binary=, calctol=0, cw=, floatcompare=, ignorecase=, obiwan=1, reltol=, skipabstol=, skipobiwan=, skipreltol=, skiptol=
1484816975.10: Specinvoke: /home/bamvor/CPU2006/bin/specinvoke -E -d /home/bamvor/CPU2006/benchspec/CPU2006/462.libquantum/run/run_base_ref_aarch64.0005 -c 1 -e compare.err -o compare.stdout -f compare.cmd
1484816975.10: Issuing command '/home/bamvor/CPU2006/bin/specinvoke -E -d /home/bamvor/CPU2006/benchspec/CPU2006/462.libquantum/run/run_base_ref_aarch64.0005 -c 1 -e compare.err -o compare.stdout -f compare.cmd'
1484816975.10: /home/bamvor/CPU2006/bin/specinvoke -E -d /home/bamvor/CPU2006/benchspec/CPU2006/462.libquantum/run/run_base_ref_aarch64.0005 -c 1 -e compare.err -o compare.stdout -f compare.cmd
1484816975.10: Start command: Thu Jan 19 17:09:35 2017 (1484816975)
1484816976.84: Stop command: Thu Jan 19 17:09:36 2017 (1484816976)
1484816976.84: Elapsed time for command: 00:00:01 (1)
1484816976.84: Benchmark Times:
1484816976.84:   Start:    Thu Jan 19 16:37:50 2017 (1484815070)
1484816976.84:   Stop:     Thu Jan 19 17:09:35 2017 (1484816975)
1484816976.84:   Elapsed:  00:31:45 (1905)
1484816976.84:   Reported: 1896 661524000 1896.661524
1484816976.84:  Success 462.libquantum base ref ratio=10.92, runtime=1896.661524, power=0.00w, temp=0.00 deg, humidity=0.00%

1484816976.84: -----------------------------------
1484816977.10:   Running 464.h264ref ref base aarch64 default
1484816977.14: Commands to run:
1484816977.14:     -C /home/bamvor/CPU2006/benchspec/CPU2006/464.h264ref/run/run_base_ref_aarch64.0005
1484816977.14:     -o foreman_ref_baseline_encodelog.out -e foreman_ref_baseline_encodelog.err ../run_base_ref_aarch64.0005/h264ref_base.aarch64 -d foreman_ref_encoder_baseline.cfg (timed)
1484816977.14:     -o foreman_ref_main_encodelog.out -e foreman_ref_main_encodelog.err ../run_base_ref_aarch64.0005/h264ref_base.aarch64 -d foreman_ref_encoder_main.cfg (timed)
1484816977.14:     -o sss_main_encodelog.out -e sss_main_encodelog.err ../run_base_ref_aarch64.0005/h264ref_base.aarch64 -d sss_encoder_main.cfg (timed)
1484816977.16: Specinvoke: /home/bamvor/CPU2006/bin/specinvoke -d /home/bamvor/CPU2006/benchspec/CPU2006/464.h264ref/run/run_base_ref_aarch64.0005 -e speccmds.err -o speccmds.stdout -f speccmds.cmd -C -q
1484816977.17: Issuing command '/home/bamvor/CPU2006/bin/specinvoke -d /home/bamvor/CPU2006/benchspec/CPU2006/464.h264ref/run/run_base_ref_aarch64.0005 -e speccmds.err -o speccmds.stdout -f speccmds.cmd -C -q'
1484816977.17: /home/bamvor/CPU2006/bin/specinvoke -d /home/bamvor/CPU2006/benchspec/CPU2006/464.h264ref/run/run_base_ref_aarch64.0005 -e speccmds.err -o speccmds.stdout -f speccmds.cmd -C -q
1484816977.17: Start command: Thu Jan 19 17:09:37 2017 (1484816977)
1484820010.24: Stop command: Thu Jan 19 18:00:10 2017 (1484820010)
1484820010.24: Elapsed time for command: 00:50:33 (3033)
1484820010.33: Workload elapsed time (0:1) = 342.531815 seconds
1484820010.33: Workload elapsed time (0:2) = 263.942095 seconds
1484820010.33: Workload elapsed time (0:3) = 2418.570951 seconds
1484820010.33: Copy 0 of 464.h264ref (base ref) run 1 finished at Thu Jan 19 18:00:02 2017.  Total elapsed time: 3025.044861
1484820010.34: comparing files in '/home/bamvor/CPU2006/benchspec/CPU2006/464.h264ref/run/run_base_ref_aarch64.0005'
1484820010.35: comparing 'foreman_ref_baseline_encodelog.out' with abstol=, binary=, calctol=0, cw=1, floatcompare=1, ignorecase=, obiwan=, reltol=, skipabstol=, skipobiwan=, skipreltol=, skiptol=
1484820010.35: comparing 'foreman_ref_baseline_leakybucketparam.cfg' with abstol=, binary=1, calctol=0, cw=1, floatcompare=1, ignorecase=, obiwan=, reltol=, skipabstol=, skipobiwan=, skipreltol=, skiptol=
1484820010.35: comparing 'foreman_ref_main_encodelog.out' with abstol=, binary=, calctol=0, cw=1, floatcompare=1, ignorecase=, obiwan=, reltol=, skipabstol=, skipobiwan=, skipreltol=, skiptol=
1484820010.35: comparing 'foreman_ref_main_leakybucketparam.cfg' with abstol=, binary=1, calctol=0, cw=1, floatcompare=1, ignorecase=, obiwan=, reltol=, skipabstol=, skipobiwan=, skipreltol=, skiptol=
1484820010.36: comparing 'sss_main_encodelog.out' with abstol=, binary=, calctol=0, cw=1, floatcompare=1, ignorecase=, obiwan=, reltol=, skipabstol=, skipobiwan=, skipreltol=, skiptol=
1484820010.36: comparing 'sss_main_leakybucketparam.cfg' with abstol=, binary=1, calctol=0, cw=1, floatcompare=1, ignorecase=, obiwan=, reltol=, skipabstol=, skipobiwan=, skipreltol=, skiptol=
1484820010.36: Specinvoke: /home/bamvor/CPU2006/bin/specinvoke -E -d /home/bamvor/CPU2006/benchspec/CPU2006/464.h264ref/run/run_base_ref_aarch64.0005 -c 1 -e compare.err -o compare.stdout -f compare.cmd
1484820010.36: Issuing command '/home/bamvor/CPU2006/bin/specinvoke -E -d /home/bamvor/CPU2006/benchspec/CPU2006/464.h264ref/run/run_base_ref_aarch64.0005 -c 1 -e compare.err -o compare.stdout -f compare.cmd'
1484820010.36: /home/bamvor/CPU2006/bin/specinvoke -E -d /home/bamvor/CPU2006/benchspec/CPU2006/464.h264ref/run/run_base_ref_aarch64.0005 -c 1 -e compare.err -o compare.stdout -f compare.cmd
1484820010.36: Start command: Thu Jan 19 18:00:10 2017 (1484820010)
1484820022.62: Stop command: Thu Jan 19 18:00:22 2017 (1484820022)
1484820022.62: Elapsed time for command: 00:00:12 (12)
1484820022.63: Benchmark Times:
1484820022.63:   Start:    Thu Jan 19 17:09:37 2017 (1484816977)
1484820022.63:   Stop:     Thu Jan 19 18:00:10 2017 (1484820010)
1484820022.63:   Elapsed:  00:50:33 (3033)
1484820022.63:   Reported: 3025 45139000 3025.045139
1484820022.63:  Success 464.h264ref base ref ratio=7.32, runtime=3025.045139, power=0.00w, temp=0.00 deg, humidity=0.00%

1484820022.63: -----------------------------------
1484820023.46:   Running 483.xalancbmk ref base aarch64 default
1484820023.49: Commands to run:
1484820023.49:     -C /home/bamvor/CPU2006/benchspec/CPU2006/483.xalancbmk/run/run_base_ref_aarch64.0005
1484820023.49:     -o ref.out -e ref.err ../run_base_ref_aarch64.0005/Xalan_base.aarch64 -v t5.xml xalanc.xsl (timed)
1484820023.51: Specinvoke: /home/bamvor/CPU2006/bin/specinvoke -d /home/bamvor/CPU2006/benchspec/CPU2006/483.xalancbmk/run/run_base_ref_aarch64.0005 -e speccmds.err -o speccmds.stdout -f speccmds.cmd -C -q
1484820023.51: Issuing command '/home/bamvor/CPU2006/bin/specinvoke -d /home/bamvor/CPU2006/benchspec/CPU2006/483.xalancbmk/run/run_base_ref_aarch64.0005 -e speccmds.err -o speccmds.stdout -f speccmds.cmd -C -q'
1484820023.51: /home/bamvor/CPU2006/bin/specinvoke -d /home/bamvor/CPU2006/benchspec/CPU2006/483.xalancbmk/run/run_base_ref_aarch64.0005 -e speccmds.err -o speccmds.stdout -f speccmds.cmd -C -q
1484820023.52: Start command: Thu Jan 19 18:00:23 2017 (1484820023)
1484821887.94: Stop command: Thu Jan 19 18:31:27 2017 (1484821887)
1484821887.94: Elapsed time for command: 00:31:04 (1864)
1484821888.03: Workload elapsed time (0:1) = 1856.394003 seconds
1484821888.03: Copy 0 of 483.xalancbmk (base ref) run 1 finished at Thu Jan 19 18:31:19 2017.  Total elapsed time: 1856.394003
1484821888.04: comparing files in '/home/bamvor/CPU2006/benchspec/CPU2006/483.xalancbmk/run/run_base_ref_aarch64.0005'
1484821888.04: comparing 'ref.out' with abstol=, binary=, calctol=0, cw=, floatcompare=, ignorecase=, obiwan=, reltol=, skipabstol=, skipobiwan=, skipreltol=, skiptol=
1484821888.05: Specinvoke: /home/bamvor/CPU2006/bin/specinvoke -E -d /home/bamvor/CPU2006/benchspec/CPU2006/483.xalancbmk/run/run_base_ref_aarch64.0005 -c 1 -e compare.err -o compare.stdout -f compare.cmd
1484821888.05: Issuing command '/home/bamvor/CPU2006/bin/specinvoke -E -d /home/bamvor/CPU2006/benchspec/CPU2006/483.xalancbmk/run/run_base_ref_aarch64.0005 -c 1 -e compare.err -o compare.stdout -f compare.cmd'
1484821888.05: /home/bamvor/CPU2006/bin/specinvoke -E -d /home/bamvor/CPU2006/benchspec/CPU2006/483.xalancbmk/run/run_base_ref_aarch64.0005 -c 1 -e compare.err -o compare.stdout -f compare.cmd
1484821888.05: Start command: Thu Jan 19 18:31:28 2017 (1484821888)
1484821894.68: Stop command: Thu Jan 19 18:31:34 2017 (1484821894)
1484821894.68: Elapsed time for command: 00:00:06 (6)
1484821894.68: Benchmark Times:
1484821894.68:   Start:    Thu Jan 19 18:00:23 2017 (1484820023)
1484821894.68:   Stop:     Thu Jan 19 18:31:27 2017 (1484821887)
1484821894.68:   Elapsed:  00:31:04 (1864)
1484821894.68:   Reported: 1856 394202000 1856.394202
1484821894.68:  Success 483.xalancbmk base ref ratio=3.72, runtime=1856.394202, power=0.00w, temp=0.00 deg, humidity=0.00%
1484821894.69: Success: 1x400.perlbench 1x401.bzip2 1x429.mcf 1x445.gobmk 1x458.sjeng 1x462.libquantum 1x464.h264ref 1x483.xalancbmk
1484821894.80: Producing Raw Reports
1484821894.80: mach: default
1484821894.80:   ext: aarch64
1484821894.80:     size: ref
1484821894.80:       set: int
1484821894.92: NOTICE: sw_compiler is longer than 50 characters and will be split
1484821894.92: WARNING: the following line:
1484821894.92: -----
1484821894.92: Using built-in specs. COLLECT_GCC=aarch64-linux-gnu-gcc COLLECT_LTO_WRAPPER=/home/bamvor/works/software/toolchain/gcc-linaro-6.2.1-2016.11-x86_64_aarch64-linux-gnu/gcc-linaro-6.2.1-2016.11-x86_64_aarch64-linux-gnu/bin/../libexec/gcc/aarch64-linux-gnu/6.2.1/lto-wrapper Target: aarch64-linux-gnu Configured with: /home/tcwg-buildslave/workspace/tcwg-make-release/label/docker-trusty-amd64-tcwg-build/target/aarch64-linux-gnu/snapshots/gcc-linaro-6.2-2016.11/configure SHELL=/bin/bash --with-mpc=/home/tcwg-buildslave/workspace/tcwg-make-release/label/docker-trusty-amd64-tcwg-build/target/aarch64-linux-gnu/_build/builds/destdir/x86_64-unknown-linux-gnu --with-mpfr=/home/tcwg-buildslave/workspace/tcwg-make-release/label/docker-trusty-amd64-tcwg-build/target/aarch64-linux-gnu/_build/builds/destdir/x86_64-unknown-linux-gnu --with-gmp=/home/tcwg-buildslave/workspace/tcwg-make-release/label/docker-trusty-amd64-tcwg-build/target/aarch64-linux-gnu/_build/builds/destdir/x86_64-unknown-linux-gnu --with-gnu-as --with-gnu-ld --disable-libstdcxx-pch --disable-libmudflap --with-cloog=no --with-ppl=no --with-isl=no --disable-nls --enable-c99 --enable-gnu-indirect-function --disable-multilib --with-arch=armv8-a --enable-fix-cortex-a53-835769 --enable-fix-cortex-a53-843419 --enable-multiarch --with-build-sysroot=/home/tcwg-buildslave/workspace/tcwg-make-release/label/docker-trusty-amd64-tcwg-build/target/aarch64-linux-gnu/_build/sysroots/aarch64-linux-gnu --enable-lto --enable-linker-build-id --enable-long-long --enable-shared --with-sysroot=/home/tcwg-buildslave/workspace/tcwg-make-release/label/docker-trusty-amd64-tcwg-build/target/aarch64-linux-gnu/_build/builds/destdir/x86_64-unknown-linux-gnu/aarch64-linux-gnu/libc --enable-languages=c,c++,fortran,lto --enable-checking=release --disable-bootstrap --build=x86_64-unknown-linux-gnu --host=x86_64-unknown-linux-gnu --target=aarch64-linux-gnu --prefix=/home/tcwg-buildslave/workspace/tcwg-make-release/label/docker-trusty-amd64-tcwg-build/target/aarch64-linux-gnu/_build/builds/destdir/x86_64-unknown-linux-gnu Thread model: posix gcc version 6.2.1 20161016 (Linaro GCC 6.2-2016.11)
1484821894.92: -----
1484821894.92: contains an element longer than 50 columns and could not be split.
1484821895.11:         format: raw -> /home/bamvor/CPU2006/result/CINT2006.076.ref.rsf

1484821900.76: NOTICE: sw_compiler is longer than 50 characters and will be split
1484821900.77: WARNING: the following line:
1484821900.77: -----
1484821900.77: Using built-in specs. COLLECT_GCC=aarch64-linux-gnu-gcc COLLECT_LTO_WRAPPER=/home/bamvor/works/software/toolchain/gcc-linaro-6.2.1-2016.11-x86_64_aarch64-linux-gnu/gcc-linaro-6.2.1-2016.11-x86_64_aarch64-linux-gnu/bin/../libexec/gcc/aarch64-linux-gnu/6.2.1/lto-wrapper Target: aarch64-linux-gnu Configured with: /home/tcwg-buildslave/workspace/tcwg-make-release/label/docker-trusty-amd64-tcwg-build/target/aarch64-linux-gnu/snapshots/gcc-linaro-6.2-2016.11/configure SHELL=/bin/bash --with-mpc=/home/tcwg-buildslave/workspace/tcwg-make-release/label/docker-trusty-amd64-tcwg-build/target/aarch64-linux-gnu/_build/builds/destdir/x86_64-unknown-linux-gnu --with-mpfr=/home/tcwg-buildslave/workspace/tcwg-make-release/label/docker-trusty-amd64-tcwg-build/target/aarch64-linux-gnu/_build/builds/destdir/x86_64-unknown-linux-gnu --with-gmp=/home/tcwg-buildslave/workspace/tcwg-make-release/label/docker-trusty-amd64-tcwg-build/target/aarch64-linux-gnu/_build/builds/destdir/x86_64-unknown-linux-gnu --with-gnu-as --with-gnu-ld --disable-libstdcxx-pch --disable-libmudflap --with-cloog=no --with-ppl=no --with-isl=no --disable-nls --enable-c99 --enable-gnu-indirect-function --disable-multilib --with-arch=armv8-a --enable-fix-cortex-a53-835769 --enable-fix-cortex-a53-843419 --enable-multiarch --with-build-sysroot=/home/tcwg-buildslave/workspace/tcwg-make-release/label/docker-trusty-amd64-tcwg-build/target/aarch64-linux-gnu/_build/sysroots/aarch64-linux-gnu --enable-lto --enable-linker-build-id --enable-long-long --enable-shared --with-sysroot=/home/tcwg-buildslave/workspace/tcwg-make-release/label/docker-trusty-amd64-tcwg-build/target/aarch64-linux-gnu/_build/builds/destdir/x86_64-unknown-linux-gnu/aarch64-linux-gnu/libc --enable-languages=c,c++,fortran,lto --enable-checking=release --disable-bootstrap --build=x86_64-unknown-linux-gnu --host=x86_64-unknown-linux-gnu --target=aarch64-linux-gnu --prefix=/home/tcwg-buildslave/workspace/tcwg-make-release/label/docker-trusty-amd64-tcwg-build/target/aarch64-linux-gnu/_build/builds/destdir/x86_64-unknown-linux-gnu Thread model: posix gcc version 6.2.1 20161016 (Linaro GCC 6.2-2016.11)
1484821900.77: -----
1484821900.77: contains an element longer than 50 columns and could not be split.
1484821904.04: Parsing flags for 400.perlbench base: done
1484821904.22: Parsing flags for 401.bzip2 base: done
1484821904.37: Parsing flags for 429.mcf base: done
1484821904.63: Parsing flags for 445.gobmk base: done
1484821904.73: Parsing flags for 458.sjeng base: done
1484821904.95: Parsing flags for 462.libquantum base: done
1484821905.36: Parsing flags for 464.h264ref base: done
1484821906.03: Parsing flags for 483.xalancbmk base: done
1484821906.08: Doing flag reduction: done
1484821906.19:         format: ASCII -> /home/bamvor/CPU2006/result/CINT2006.076.ref.txt
1484821906.20:         format: config -> /home/bamvor/CPU2006/result/CINT2006.076.ref.cfg, /home/bamvor/CPU2006/result/CINT2006.076.ref.orig.cfg
1484821906.24:         format: CSV -> /home/bamvor/CPU2006/result/CINT2006.076.ref.csv
1484821906.45:       set: fp

1484821906.48: The log for this run is in /home/bamvor/CPU2006/result/CPU2006.076.log

1484821906.48: runspec finished at Thu Jan 19 18:31:46 2017; 22062 total seconds elapsed
