runspec v6674 started at Sun Jan 22 05:54:57 2017 on "localhost"
runspec is: /home/bamvor/CPU2006/bin/runspec
runspec: runspec -c linaro_aarch64.cfg --nobuild --size=ref -n 1 --noreportable --tune=base perlbench bzip2 mcf gobmk sjeng libquantum h264ref xalancbmk
toolset: linux-aarch64

Locating benchmarks...found 31 benchmarks in 6 benchsets.
Reading config file '/home/bamvor/CPU2006/config/linaro_aarch64.cfg'

1485035700.75: Verbosity = 5
1485035700.75: Action    = validate
1485035700.75: Tune      = base
1485035700.75: Ext       = aarch64
1485035700.75: Size      = ref
1485035700.75: Machine   = default
1485035700.75: benchmarks= 400.perlbench,401.bzip2,429.mcf,445.gobmk,458.sjeng,462.libquantum,464.h264ref,483.xalancbmk
1485035700.75: outputs   = asc,csv,config
1485035700.75: username  = root
1485035700.75: Benchmarks selected: 400.perlbench, 401.bzip2, 429.mcf, 445.gobmk, 458.sjeng, 462.libquantum, 464.h264ref, 483.xalancbmk
1485035700.86: Compiling Binaries

1485035700.86: ------------------------------------------------------------------------
1485035701.53:   Up to date 400.perlbench base aarch64 default

1485035701.53: ------------------------------------------------------------------------
1485035702.11:   Up to date 401.bzip2 base aarch64 default

1485035702.11: ------------------------------------------------------------------------
1485035702.70:   Up to date 429.mcf base aarch64 default

1485035702.70: ------------------------------------------------------------------------
1485035703.40:   Up to date 445.gobmk base aarch64 default

1485035703.40: ------------------------------------------------------------------------
1485035703.98:   Up to date 458.sjeng base aarch64 default

1485035703.98: ------------------------------------------------------------------------
1485035704.59:   Up to date 462.libquantum base aarch64 default

1485035704.59: ------------------------------------------------------------------------
1485035705.20:   Up to date 464.h264ref base aarch64 default

1485035705.21: ------------------------------------------------------------------------
1485035706.10:   Up to date 483.xalancbmk base aarch64 default


1485035706.10: Setting Up Run Directories
1485035706.10(0.02s):   Setting up 400.perlbench ref base aarch64 default: 
1485035706.12: Notice: Unusable path detected in run directory list file.
1485035706.12:   /home/bamvor/CPU2006/benchspec/CPU2006/400.perlbench/run/list
1485035706.12: references one or more paths which will be ignored, because they are
1485035706.12: not subdirectories of this run directory.  This condition may be a
1485035706.12: result of having moved your SPEC benchmark tree.  If that's what happened,
1485035706.12: and if you don't need the old run directories, you can just remove
1485035706.12: them, along with the list file.  (Usually it's safe to delete old
1485035706.12: run directories, as they are automatically re-created when needed.)


1485035715.76: existing (run_base_ref_aarch64.0006)
1485035715.76(0.02s):   Setting up 401.bzip2 ref base aarch64 default: 
1485035715.78: Notice: Unusable path detected in run directory list file.
1485035715.78:   /home/bamvor/CPU2006/benchspec/CPU2006/401.bzip2/run/list
1485035715.78: references one or more paths which will be ignored, because they are
1485035715.78: not subdirectories of this run directory.  This condition may be a
1485035715.78: result of having moved your SPEC benchmark tree.  If that's what happened,
1485035715.78: and if you don't need the old run directories, you can just remove
1485035715.78: them, along with the list file.  (Usually it's safe to delete old
1485035715.78: run directories, as they are automatically re-created when needed.)


1485035721.69: existing (run_base_ref_aarch64.0006)
1485035721.69(0.08s):   Setting up 429.mcf ref base aarch64 default: 
1485035721.77: Notice: Unusable path detected in run directory list file.
1485035721.77:   /home/bamvor/CPU2006/benchspec/CPU2006/429.mcf/run/list
1485035721.77: references one or more paths which will be ignored, because they are
1485035721.77: not subdirectories of this run directory.  This condition may be a
1485035721.77: result of having moved your SPEC benchmark tree.  If that's what happened,
1485035721.77: and if you don't need the old run directories, you can just remove
1485035721.77: them, along with the list file.  (Usually it's safe to delete old
1485035721.77: run directories, as they are automatically re-created when needed.)


1485035722.06: existing (run_base_ref_aarch64.0005)
1485035722.06(0.86s):   Setting up 445.gobmk ref base aarch64 default: 
1485035722.92: Notice: Unusable path detected in run directory list file.
1485035722.92:   /home/bamvor/CPU2006/benchspec/CPU2006/445.gobmk/run/list
1485035722.92: references one or more paths which will be ignored, because they are
1485035722.92: not subdirectories of this run directory.  This condition may be a
1485035722.92: result of having moved your SPEC benchmark tree.  If that's what happened,
1485035722.92: and if you don't need the old run directories, you can just remove
1485035722.92: them, along with the list file.  (Usually it's safe to delete old
1485035722.92: run directories, as they are automatically re-created when needed.)


1485035730.02: existing (run_base_ref_aarch64.0005)
1485035730.02(0.84s):   Setting up 458.sjeng ref base aarch64 default: 
1485035730.86: Notice: Unusable path detected in run directory list file.
1485035730.86:   /home/bamvor/CPU2006/benchspec/CPU2006/458.sjeng/run/list
1485035730.86: references one or more paths which will be ignored, because they are
1485035730.86: not subdirectories of this run directory.  This condition may be a
1485035730.86: result of having moved your SPEC benchmark tree.  If that's what happened,
1485035730.86: and if you don't need the old run directories, you can just remove
1485035730.86: them, along with the list file.  (Usually it's safe to delete old
1485035730.86: run directories, as they are automatically re-created when needed.)


1485035731.84: existing (run_base_ref_aarch64.0005)
1485035731.84(0.06s):   Setting up 462.libquantum ref base aarch64 default: 
1485035731.90: Notice: Unusable path detected in run directory list file.
1485035731.90:   /home/bamvor/CPU2006/benchspec/CPU2006/462.libquantum/run/list
1485035731.90: references one or more paths which will be ignored, because they are
1485035731.90: not subdirectories of this run directory.  This condition may be a
1485035731.90: result of having moved your SPEC benchmark tree.  If that's what happened,
1485035731.90: and if you don't need the old run directories, you can just remove
1485035731.90: them, along with the list file.  (Usually it's safe to delete old
1485035731.90: run directories, as they are automatically re-created when needed.)


1485035732.02: existing (run_base_ref_aarch64.0005)
1485035732.03(0.76s):   Setting up 464.h264ref ref base aarch64 default: 
1485035732.79: Notice: Unusable path detected in run directory list file.
1485035732.79:   /home/bamvor/CPU2006/benchspec/CPU2006/464.h264ref/run/list
1485035732.79: references one or more paths which will be ignored, because they are
1485035732.79: not subdirectories of this run directory.  This condition may be a
1485035732.79: result of having moved your SPEC benchmark tree.  If that's what happened,
1485035732.79: and if you don't need the old run directories, you can just remove
1485035732.79: them, along with the list file.  (Usually it's safe to delete old
1485035732.79: run directories, as they are automatically re-created when needed.)


1485035735.58: existing (run_base_ref_aarch64.0005)
1485035735.58(1.56s):   Setting up 483.xalancbmk ref base aarch64 default: 
1485035737.14: Notice: Unusable path detected in run directory list file.
1485035737.14:   /home/bamvor/CPU2006/benchspec/CPU2006/483.xalancbmk/run/list
1485035737.14: references one or more paths which will be ignored, because they are
1485035737.14: not subdirectories of this run directory.  This condition may be a
1485035737.14: result of having moved your SPEC benchmark tree.  If that's what happened,
1485035737.14: and if you don't need the old run directories, you can just remove
1485035737.14: them, along with the list file.  (Usually it's safe to delete old
1485035737.14: run directories, as they are automatically re-created when needed.)


1485035740.56: existing (run_base_ref_aarch64.0005)

1485035740.56: -----------------------------------
1485035740.56: Running Benchmarks

1485035740.57: -----------------------------------
1485035743.80:   Running 400.perlbench ref base aarch64 default
1485035744.28: Commands to run:
1485035744.28:     -C /home/bamvor/CPU2006/benchspec/CPU2006/400.perlbench/run/run_base_ref_aarch64.0006
1485035744.28:     -o checkspam.2500.5.25.11.150.1.1.1.1.out -e checkspam.2500.5.25.11.150.1.1.1.1.err ../run_base_ref_aarch64.0006/perlbench_base.aarch64 -I./lib checkspam.pl 2500 5 25 11 150 1 1 1 1 (timed)
1485035744.28:     -o diffmail.4.800.10.17.19.300.out -e diffmail.4.800.10.17.19.300.err ../run_base_ref_aarch64.0006/perlbench_base.aarch64 -I./lib diffmail.pl 4 800 10 17 19 300 (timed)
1485035744.28:     -o splitmail.1600.12.26.16.4500.out -e splitmail.1600.12.26.16.4500.err ../run_base_ref_aarch64.0006/perlbench_base.aarch64 -I./lib splitmail.pl 1600 12 26 16 4500 (timed)
1485035744.30: Specinvoke: /home/bamvor/CPU2006/bin/specinvoke -d /home/bamvor/CPU2006/benchspec/CPU2006/400.perlbench/run/run_base_ref_aarch64.0006 -e speccmds.err -o speccmds.stdout -f speccmds.cmd -C -q
1485035744.30: Issuing command '/home/bamvor/CPU2006/bin/specinvoke -d /home/bamvor/CPU2006/benchspec/CPU2006/400.perlbench/run/run_base_ref_aarch64.0006 -e speccmds.err -o speccmds.stdout -f speccmds.cmd -C -q'
1485035744.30: /home/bamvor/CPU2006/bin/specinvoke -d /home/bamvor/CPU2006/benchspec/CPU2006/400.perlbench/run/run_base_ref_aarch64.0006 -e speccmds.err -o speccmds.stdout -f speccmds.cmd -C -q
1485035744.30: Start command: Sun Jan 22 05:55:44 2017 (1485035744)
1485038004.67: Stop command: Sun Jan 22 06:33:24 2017 (1485038004)
1485038004.67: Elapsed time for command: 00:37:40 (2260)
1485038004.77: Workload elapsed time (0:1) = 1196.31862 seconds
1485038004.77: Workload elapsed time (0:2) = 414.315574 seconds
1485038004.77: Workload elapsed time (0:3) = 641.716761 seconds
1485038004.77: Copy 0 of 400.perlbench (base ref) run 1 finished at Sun Jan 22 06:33:16 2017.  Total elapsed time: 2252.350955
1485038004.78: comparing files in '/home/bamvor/CPU2006/benchspec/CPU2006/400.perlbench/run/run_base_ref_aarch64.0006'
1485038004.78: comparing 'checkspam.2500.5.25.11.150.1.1.1.1.out' with abstol=, binary=, calctol=0, cw=, floatcompare=, ignorecase=, obiwan=, reltol=, skipabstol=, skipobiwan=, skipreltol=, skiptol=
1485038004.78: comparing 'diffmail.4.800.10.17.19.300.out' with abstol=, binary=, calctol=0, cw=, floatcompare=, ignorecase=, obiwan=, reltol=, skipabstol=, skipobiwan=, skipreltol=, skiptol=
1485038004.79: comparing 'splitmail.1600.12.26.16.4500.out' with abstol=, binary=, calctol=0, cw=, floatcompare=, ignorecase=, obiwan=, reltol=, skipabstol=, skipobiwan=, skipreltol=, skiptol=
1485038004.79: Specinvoke: /home/bamvor/CPU2006/bin/specinvoke -E -d /home/bamvor/CPU2006/benchspec/CPU2006/400.perlbench/run/run_base_ref_aarch64.0006 -c 1 -e compare.err -o compare.stdout -f compare.cmd
1485038004.79: Issuing command '/home/bamvor/CPU2006/bin/specinvoke -E -d /home/bamvor/CPU2006/benchspec/CPU2006/400.perlbench/run/run_base_ref_aarch64.0006 -c 1 -e compare.err -o compare.stdout -f compare.cmd'
1485038004.79: /home/bamvor/CPU2006/bin/specinvoke -E -d /home/bamvor/CPU2006/benchspec/CPU2006/400.perlbench/run/run_base_ref_aarch64.0006 -c 1 -e compare.err -o compare.stdout -f compare.cmd
1485038004.79: Start command: Sun Jan 22 06:33:24 2017 (1485038004)
1485038010.97: Stop command: Sun Jan 22 06:33:30 2017 (1485038010)
1485038010.97: Elapsed time for command: 00:00:06 (6)
1485038010.98: Benchmark Times:
1485038010.98:   Start:    Sun Jan 22 05:55:44 2017 (1485035744)
1485038010.98:   Stop:     Sun Jan 22 06:33:24 2017 (1485038004)
1485038010.98:   Elapsed:  00:37:40 (2260)
1485038010.98:   Reported: 2252 351261000 2252.351261
1485038010.98:  Success 400.perlbench base ref ratio=4.34, runtime=2252.351261, power=0.00w, temp=0.00 deg, humidity=0.00%

1485038010.98: -----------------------------------
1485038011.09:   Running 401.bzip2 ref base aarch64 default
1485038011.14: Commands to run:
1485038011.14:     -C /home/bamvor/CPU2006/benchspec/CPU2006/401.bzip2/run/run_base_ref_aarch64.0006
1485038011.14:     -o input.source.out -e input.source.err ../run_base_ref_aarch64.0006/bzip2_base.aarch64 input.source 280 (timed)
1485038011.14:     -o chicken.jpg.out -e chicken.jpg.err ../run_base_ref_aarch64.0006/bzip2_base.aarch64 chicken.jpg 30 (timed)
1485038011.14:     -o liberty.jpg.out -e liberty.jpg.err ../run_base_ref_aarch64.0006/bzip2_base.aarch64 liberty.jpg 30 (timed)
1485038011.14:     -o input.program.out -e input.program.err ../run_base_ref_aarch64.0006/bzip2_base.aarch64 input.program 280 (timed)
1485038011.14:     -o text.html.out -e text.html.err ../run_base_ref_aarch64.0006/bzip2_base.aarch64 text.html 280 (timed)
1485038011.14:     -o input.combined.out -e input.combined.err ../run_base_ref_aarch64.0006/bzip2_base.aarch64 input.combined 200 (timed)
1485038011.16: Specinvoke: /home/bamvor/CPU2006/bin/specinvoke -d /home/bamvor/CPU2006/benchspec/CPU2006/401.bzip2/run/run_base_ref_aarch64.0006 -e speccmds.err -o speccmds.stdout -f speccmds.cmd -C -q
1485038011.16: Issuing command '/home/bamvor/CPU2006/bin/specinvoke -d /home/bamvor/CPU2006/benchspec/CPU2006/401.bzip2/run/run_base_ref_aarch64.0006 -e speccmds.err -o speccmds.stdout -f speccmds.cmd -C -q'
1485038011.16: /home/bamvor/CPU2006/bin/specinvoke -d /home/bamvor/CPU2006/benchspec/CPU2006/401.bzip2/run/run_base_ref_aarch64.0006 -e speccmds.err -o speccmds.stdout -f speccmds.cmd -C -q
1485038011.16: Start command: Sun Jan 22 06:33:31 2017 (1485038011)
1485041665.81: Stop command: Sun Jan 22 07:34:25 2017 (1485041665)
1485041665.81: Elapsed time for command: 01:00:54 (3654)
1485041665.89: Workload elapsed time (0:1) = 633.636836 seconds
1485041665.89: Workload elapsed time (0:2) = 267.148715 seconds
1485041665.89: Workload elapsed time (0:3) = 652.193746 seconds
1485041665.89: Workload elapsed time (0:4) = 607.961873 seconds
1485041665.90: Workload elapsed time (0:5) = 967.878817 seconds
1485041665.90: Workload elapsed time (0:6) = 517.788867 seconds
1485041665.90: Copy 0 of 401.bzip2 (base ref) run 1 finished at Sun Jan 22 07:34:17 2017.  Total elapsed time: 3646.608854
1485041665.90: comparing files in '/home/bamvor/CPU2006/benchspec/CPU2006/401.bzip2/run/run_base_ref_aarch64.0006'
1485041665.91: comparing 'chicken.jpg.out' with abstol=, binary=, calctol=0, cw=, floatcompare=, ignorecase=, obiwan=, reltol=, skipabstol=, skipobiwan=, skipreltol=, skiptol=
1485041665.91: comparing 'input.combined.out' with abstol=, binary=, calctol=0, cw=, floatcompare=, ignorecase=, obiwan=, reltol=, skipabstol=, skipobiwan=, skipreltol=, skiptol=
1485041665.92: comparing 'input.program.out' with abstol=, binary=, calctol=0, cw=, floatcompare=, ignorecase=, obiwan=, reltol=, skipabstol=, skipobiwan=, skipreltol=, skiptol=
1485041665.92: comparing 'input.source.out' with abstol=, binary=, calctol=0, cw=, floatcompare=, ignorecase=, obiwan=, reltol=, skipabstol=, skipobiwan=, skipreltol=, skiptol=
1485041665.92: comparing 'liberty.jpg.out' with abstol=, binary=, calctol=0, cw=, floatcompare=, ignorecase=, obiwan=, reltol=, skipabstol=, skipobiwan=, skipreltol=, skiptol=
1485041665.92: comparing 'text.html.out' with abstol=, binary=, calctol=0, cw=, floatcompare=, ignorecase=, obiwan=, reltol=, skipabstol=, skipobiwan=, skipreltol=, skiptol=
1485041665.93: Specinvoke: /home/bamvor/CPU2006/bin/specinvoke -E -d /home/bamvor/CPU2006/benchspec/CPU2006/401.bzip2/run/run_base_ref_aarch64.0006 -c 1 -e compare.err -o compare.stdout -f compare.cmd
1485041665.93: Issuing command '/home/bamvor/CPU2006/bin/specinvoke -E -d /home/bamvor/CPU2006/benchspec/CPU2006/401.bzip2/run/run_base_ref_aarch64.0006 -c 1 -e compare.err -o compare.stdout -f compare.cmd'
1485041665.93: /home/bamvor/CPU2006/bin/specinvoke -E -d /home/bamvor/CPU2006/benchspec/CPU2006/401.bzip2/run/run_base_ref_aarch64.0006 -c 1 -e compare.err -o compare.stdout -f compare.cmd
1485041665.93: Start command: Sun Jan 22 07:34:25 2017 (1485041665)
1485041678.21: Stop command: Sun Jan 22 07:34:38 2017 (1485041678)
1485041678.22: Elapsed time for command: 00:00:13 (13)
1485041678.22: Benchmark Times:
1485041678.22:   Start:    Sun Jan 22 06:33:31 2017 (1485038011)
1485041678.22:   Stop:     Sun Jan 22 07:34:25 2017 (1485041665)
1485041678.22:   Elapsed:  01:00:54 (3654)
1485041678.22:   Reported: 3646 609398000 3646.609398
1485041678.22:  Success 401.bzip2 base ref ratio=2.65, runtime=3646.609398, power=0.00w, temp=0.00 deg, humidity=0.00%

1485041678.23: -----------------------------------
1485041678.34:   Running 429.mcf ref base aarch64 default
1485041678.37: Commands to run:
1485041678.37:     -C /home/bamvor/CPU2006/benchspec/CPU2006/429.mcf/run/run_base_ref_aarch64.0005
1485041678.37:     -o inp.out -e inp.err ../run_base_ref_aarch64.0005/mcf_base.aarch64 inp.in (timed)
1485041678.39: Specinvoke: /home/bamvor/CPU2006/bin/specinvoke -d /home/bamvor/CPU2006/benchspec/CPU2006/429.mcf/run/run_base_ref_aarch64.0005 -e speccmds.err -o speccmds.stdout -f speccmds.cmd -C -q
1485041678.40: Issuing command '/home/bamvor/CPU2006/bin/specinvoke -d /home/bamvor/CPU2006/benchspec/CPU2006/429.mcf/run/run_base_ref_aarch64.0005 -e speccmds.err -o speccmds.stdout -f speccmds.cmd -C -q'
1485041678.40: /home/bamvor/CPU2006/bin/specinvoke -d /home/bamvor/CPU2006/benchspec/CPU2006/429.mcf/run/run_base_ref_aarch64.0005 -e speccmds.err -o speccmds.stdout -f speccmds.cmd -C -q
1485041678.40: Start command: Sun Jan 22 07:34:38 2017 (1485041678)
1485046096.37: Stop command: Sun Jan 22 08:48:16 2017 (1485046096)
1485046096.37: Elapsed time for command: 01:13:38 (4418)
1485046096.45: Workload elapsed time (0:1) = 4409.910465 seconds
1485046096.46: Copy 0 of 429.mcf (base ref) run 1 finished at Sun Jan 22 08:48:08 2017.  Total elapsed time: 4409.910465
1485046096.46: comparing files in '/home/bamvor/CPU2006/benchspec/CPU2006/429.mcf/run/run_base_ref_aarch64.0005'
1485046096.48: comparing 'inp.out' with abstol=, binary=, calctol=0, cw=, floatcompare=, ignorecase=, obiwan=, reltol=, skipabstol=, skipobiwan=, skipreltol=, skiptol=
1485046096.48: comparing 'mcf.out' with abstol=, binary=, calctol=0, cw=, floatcompare=, ignorecase=, obiwan=, reltol=, skipabstol=, skipobiwan=, skipreltol=, skiptol=
1485046096.48: Specinvoke: /home/bamvor/CPU2006/bin/specinvoke -E -d /home/bamvor/CPU2006/benchspec/CPU2006/429.mcf/run/run_base_ref_aarch64.0005 -c 1 -e compare.err -o compare.stdout -f compare.cmd
1485046096.49: Issuing command '/home/bamvor/CPU2006/bin/specinvoke -E -d /home/bamvor/CPU2006/benchspec/CPU2006/429.mcf/run/run_base_ref_aarch64.0005 -c 1 -e compare.err -o compare.stdout -f compare.cmd'
1485046096.49: /home/bamvor/CPU2006/bin/specinvoke -E -d /home/bamvor/CPU2006/benchspec/CPU2006/429.mcf/run/run_base_ref_aarch64.0005 -c 1 -e compare.err -o compare.stdout -f compare.cmd
1485046096.49: Start command: Sun Jan 22 08:48:16 2017 (1485046096)
1485046100.16: Stop command: Sun Jan 22 08:48:20 2017 (1485046100)
1485046100.16: Elapsed time for command: 00:00:04 (4)
1485046100.17: Benchmark Times:
1485046100.17:   Start:    Sun Jan 22 07:34:38 2017 (1485041678)
1485046100.17:   Stop:     Sun Jan 22 08:48:16 2017 (1485046096)
1485046100.17:   Elapsed:  01:13:38 (4418)
1485046100.17:   Reported: 4409 910696000 4409.910696
1485046100.17:  Success 429.mcf base ref ratio=2.07, runtime=4409.910696, power=0.00w, temp=0.00 deg, humidity=0.00%

1485046100.17: -----------------------------------
1485046101.79:   Running 445.gobmk ref base aarch64 default
1485046102.33: Commands to run:
1485046102.33:     -C /home/bamvor/CPU2006/benchspec/CPU2006/445.gobmk/run/run_base_ref_aarch64.0005
1485046102.33:     -i 13x13.tst -o 13x13.out -e 13x13.err ../run_base_ref_aarch64.0005/gobmk_base.aarch64 --quiet --mode gtp (timed)
1485046102.33:     -i nngs.tst -o nngs.out -e nngs.err ../run_base_ref_aarch64.0005/gobmk_base.aarch64 --quiet --mode gtp (timed)
1485046102.33:     -i score2.tst -o score2.out -e score2.err ../run_base_ref_aarch64.0005/gobmk_base.aarch64 --quiet --mode gtp (timed)
1485046102.33:     -i trevorc.tst -o trevorc.out -e trevorc.err ../run_base_ref_aarch64.0005/gobmk_base.aarch64 --quiet --mode gtp (timed)
1485046102.33:     -i trevord.tst -o trevord.out -e trevord.err ../run_base_ref_aarch64.0005/gobmk_base.aarch64 --quiet --mode gtp (timed)
1485046102.35: Specinvoke: /home/bamvor/CPU2006/bin/specinvoke -d /home/bamvor/CPU2006/benchspec/CPU2006/445.gobmk/run/run_base_ref_aarch64.0005 -e speccmds.err -o speccmds.stdout -f speccmds.cmd -C -q
1485046102.35: Issuing command '/home/bamvor/CPU2006/bin/specinvoke -d /home/bamvor/CPU2006/benchspec/CPU2006/445.gobmk/run/run_base_ref_aarch64.0005 -e speccmds.err -o speccmds.stdout -f speccmds.cmd -C -q'
1485046102.35: /home/bamvor/CPU2006/bin/specinvoke -d /home/bamvor/CPU2006/benchspec/CPU2006/445.gobmk/run/run_base_ref_aarch64.0005 -e speccmds.err -o speccmds.stdout -f speccmds.cmd -C -q
1485046102.36: Start command: Sun Jan 22 08:48:22 2017 (1485046102)
1485048327.27: Stop command: Sun Jan 22 09:25:27 2017 (1485048327)
1485048327.27: Elapsed time for command: 00:37:05 (2225)
1485048327.35: Workload elapsed time (0:1) = 310.440459 seconds
1485048327.35: Workload elapsed time (0:2) = 799.258629 seconds
1485048327.35: Workload elapsed time (0:3) = 382.128321 seconds
1485048327.35: Workload elapsed time (0:4) = 304.050642 seconds
1485048327.36: Workload elapsed time (0:5) = 421.000094 seconds
1485048327.36: Copy 0 of 445.gobmk (base ref) run 1 finished at Sun Jan 22 09:25:19 2017.  Total elapsed time: 2216.878145
1485048327.36: comparing files in '/home/bamvor/CPU2006/benchspec/CPU2006/445.gobmk/run/run_base_ref_aarch64.0005'
1485048327.37: comparing '13x13.out' with abstol=, binary=, calctol=0, cw=, floatcompare=, ignorecase=, obiwan=, reltol=, skipabstol=, skipobiwan=, skipreltol=, skiptol=
1485048327.37: comparing 'nngs.out' with abstol=, binary=, calctol=0, cw=, floatcompare=, ignorecase=, obiwan=, reltol=, skipabstol=, skipobiwan=, skipreltol=, skiptol=
1485048327.37: comparing 'score2.out' with abstol=, binary=, calctol=0, cw=, floatcompare=, ignorecase=, obiwan=, reltol=, skipabstol=, skipobiwan=, skipreltol=, skiptol=
1485048327.38: comparing 'trevorc.out' with abstol=, binary=, calctol=0, cw=, floatcompare=, ignorecase=, obiwan=, reltol=, skipabstol=, skipobiwan=, skipreltol=, skiptol=
1485048327.38: comparing 'trevord.out' with abstol=, binary=, calctol=0, cw=, floatcompare=, ignorecase=, obiwan=, reltol=, skipabstol=, skipobiwan=, skipreltol=, skiptol=
1485048327.38: Specinvoke: /home/bamvor/CPU2006/bin/specinvoke -E -d /home/bamvor/CPU2006/benchspec/CPU2006/445.gobmk/run/run_base_ref_aarch64.0005 -c 1 -e compare.err -o compare.stdout -f compare.cmd
1485048327.38: Issuing command '/home/bamvor/CPU2006/bin/specinvoke -E -d /home/bamvor/CPU2006/benchspec/CPU2006/445.gobmk/run/run_base_ref_aarch64.0005 -c 1 -e compare.err -o compare.stdout -f compare.cmd'
1485048327.38: /home/bamvor/CPU2006/bin/specinvoke -E -d /home/bamvor/CPU2006/benchspec/CPU2006/445.gobmk/run/run_base_ref_aarch64.0005 -c 1 -e compare.err -o compare.stdout -f compare.cmd
1485048327.38: Start command: Sun Jan 22 09:25:27 2017 (1485048327)
1485048334.92: Stop command: Sun Jan 22 09:25:34 2017 (1485048334)
1485048334.92: Elapsed time for command: 00:00:07 (7)
1485048334.92: Benchmark Times:
1485048334.92:   Start:    Sun Jan 22 08:48:22 2017 (1485046102)
1485048334.92:   Stop:     Sun Jan 22 09:25:27 2017 (1485048327)
1485048334.92:   Elapsed:  00:37:05 (2225)
1485048334.92:   Reported: 2216 878492000 2216.878492
1485048334.92:  Success 445.gobmk base ref ratio=4.73, runtime=2216.878492, power=0.00w, temp=0.00 deg, humidity=0.00%

1485048334.92: -----------------------------------
1485048335.13:   Running 458.sjeng ref base aarch64 default
1485048335.17: Commands to run:
1485048335.17:     -C /home/bamvor/CPU2006/benchspec/CPU2006/458.sjeng/run/run_base_ref_aarch64.0005
1485048335.17:     -o ref.out -e ref.err ../run_base_ref_aarch64.0005/sjeng_base.aarch64 ref.txt (timed)
1485048335.19: Specinvoke: /home/bamvor/CPU2006/bin/specinvoke -d /home/bamvor/CPU2006/benchspec/CPU2006/458.sjeng/run/run_base_ref_aarch64.0005 -e speccmds.err -o speccmds.stdout -f speccmds.cmd -C -q
1485048335.19: Issuing command '/home/bamvor/CPU2006/bin/specinvoke -d /home/bamvor/CPU2006/benchspec/CPU2006/458.sjeng/run/run_base_ref_aarch64.0005 -e speccmds.err -o speccmds.stdout -f speccmds.cmd -C -q'
1485048335.19: /home/bamvor/CPU2006/bin/specinvoke -d /home/bamvor/CPU2006/benchspec/CPU2006/458.sjeng/run/run_base_ref_aarch64.0005 -e speccmds.err -o speccmds.stdout -f speccmds.cmd -C -q
1485048335.20: Start command: Sun Jan 22 09:25:35 2017 (1485048335)
1485050923.44: Stop command: Sun Jan 22 10:08:43 2017 (1485050923)
1485050923.44: Elapsed time for command: 00:43:08 (2588)
1485050923.53: Workload elapsed time (0:1) = 2580.21405 seconds
1485050923.53: Copy 0 of 458.sjeng (base ref) run 1 finished at Sun Jan 22 10:08:35 2017.  Total elapsed time: 2580.21405
1485050923.53: comparing files in '/home/bamvor/CPU2006/benchspec/CPU2006/458.sjeng/run/run_base_ref_aarch64.0005'
1485050923.54: comparing 'ref.out' with abstol=, binary=, calctol=0, cw=, floatcompare=, ignorecase=, obiwan=, reltol=, skipabstol=, skipobiwan=, skipreltol=, skiptol=
1485050923.54: Specinvoke: /home/bamvor/CPU2006/bin/specinvoke -E -d /home/bamvor/CPU2006/benchspec/CPU2006/458.sjeng/run/run_base_ref_aarch64.0005 -c 1 -e compare.err -o compare.stdout -f compare.cmd
1485050923.55: Issuing command '/home/bamvor/CPU2006/bin/specinvoke -E -d /home/bamvor/CPU2006/benchspec/CPU2006/458.sjeng/run/run_base_ref_aarch64.0005 -c 1 -e compare.err -o compare.stdout -f compare.cmd'
1485050923.55: /home/bamvor/CPU2006/bin/specinvoke -E -d /home/bamvor/CPU2006/benchspec/CPU2006/458.sjeng/run/run_base_ref_aarch64.0005 -c 1 -e compare.err -o compare.stdout -f compare.cmd
1485050923.55: Start command: Sun Jan 22 10:08:43 2017 (1485050923)
1485050925.26: Stop command: Sun Jan 22 10:08:45 2017 (1485050925)
1485050925.26: Elapsed time for command: 00:00:02 (2)
1485050925.27: Benchmark Times:
1485050925.27:   Start:    Sun Jan 22 09:25:35 2017 (1485048335)
1485050925.27:   Stop:     Sun Jan 22 10:08:43 2017 (1485050923)
1485050925.27:   Elapsed:  00:43:08 (2588)
1485050925.27:   Reported: 2580 214245000 2580.214245
1485050925.27:  Success 458.sjeng base ref ratio=4.69, runtime=2580.214245, power=0.00w, temp=0.00 deg, humidity=0.00%

1485050925.27: -----------------------------------
1485050925.49:   Running 462.libquantum ref base aarch64 default
1485050925.52: Commands to run:
1485050925.52:     -C /home/bamvor/CPU2006/benchspec/CPU2006/462.libquantum/run/run_base_ref_aarch64.0005
1485050925.52:     -o ref.out -e ref.err ../run_base_ref_aarch64.0005/libquantum_base.aarch64 1397 8 (timed)
1485050925.54: Specinvoke: /home/bamvor/CPU2006/bin/specinvoke -d /home/bamvor/CPU2006/benchspec/CPU2006/462.libquantum/run/run_base_ref_aarch64.0005 -e speccmds.err -o speccmds.stdout -f speccmds.cmd -C -q
1485050925.54: Issuing command '/home/bamvor/CPU2006/bin/specinvoke -d /home/bamvor/CPU2006/benchspec/CPU2006/462.libquantum/run/run_base_ref_aarch64.0005 -e speccmds.err -o speccmds.stdout -f speccmds.cmd -C -q'
1485050925.54: /home/bamvor/CPU2006/bin/specinvoke -d /home/bamvor/CPU2006/benchspec/CPU2006/462.libquantum/run/run_base_ref_aarch64.0005 -e speccmds.err -o speccmds.stdout -f speccmds.cmd -C -q
1485050925.54: Start command: Sun Jan 22 10:08:45 2017 (1485050925)
1485052841.95: Stop command: Sun Jan 22 10:40:41 2017 (1485052841)
1485052841.95: Elapsed time for command: 00:31:56 (1916)
1485052842.04: Workload elapsed time (0:1) = 1908.376233 seconds
1485052842.04: Copy 0 of 462.libquantum (base ref) run 1 finished at Sun Jan 22 10:40:33 2017.  Total elapsed time: 1908.376233
1485052842.04: comparing files in '/home/bamvor/CPU2006/benchspec/CPU2006/462.libquantum/run/run_base_ref_aarch64.0005'
1485052842.05: comparing 'ref.out' with abstol=, binary=, calctol=0, cw=, floatcompare=, ignorecase=, obiwan=1, reltol=, skipabstol=, skipobiwan=, skipreltol=, skiptol=
1485052842.05: Specinvoke: /home/bamvor/CPU2006/bin/specinvoke -E -d /home/bamvor/CPU2006/benchspec/CPU2006/462.libquantum/run/run_base_ref_aarch64.0005 -c 1 -e compare.err -o compare.stdout -f compare.cmd
1485052842.05: Issuing command '/home/bamvor/CPU2006/bin/specinvoke -E -d /home/bamvor/CPU2006/benchspec/CPU2006/462.libquantum/run/run_base_ref_aarch64.0005 -c 1 -e compare.err -o compare.stdout -f compare.cmd'
1485052842.05: /home/bamvor/CPU2006/bin/specinvoke -E -d /home/bamvor/CPU2006/benchspec/CPU2006/462.libquantum/run/run_base_ref_aarch64.0005 -c 1 -e compare.err -o compare.stdout -f compare.cmd
1485052842.05: Start command: Sun Jan 22 10:40:42 2017 (1485052842)
1485052843.78: Stop command: Sun Jan 22 10:40:43 2017 (1485052843)
1485052843.78: Elapsed time for command: 00:00:01 (1)
1485052843.78: Benchmark Times:
1485052843.78:   Start:    Sun Jan 22 10:08:45 2017 (1485050925)
1485052843.78:   Stop:     Sun Jan 22 10:40:41 2017 (1485052841)
1485052843.78:   Elapsed:  00:31:56 (1916)
1485052843.78:   Reported: 1908 376429000 1908.376429
1485052843.78:  Success 462.libquantum base ref ratio=10.86, runtime=1908.376429, power=0.00w, temp=0.00 deg, humidity=0.00%

1485052843.78: -----------------------------------
1485052844.04:   Running 464.h264ref ref base aarch64 default
1485052844.08: Commands to run:
1485052844.09:     -C /home/bamvor/CPU2006/benchspec/CPU2006/464.h264ref/run/run_base_ref_aarch64.0005
1485052844.09:     -o foreman_ref_baseline_encodelog.out -e foreman_ref_baseline_encodelog.err ../run_base_ref_aarch64.0005/h264ref_base.aarch64 -d foreman_ref_encoder_baseline.cfg (timed)
1485052844.09:     -o foreman_ref_main_encodelog.out -e foreman_ref_main_encodelog.err ../run_base_ref_aarch64.0005/h264ref_base.aarch64 -d foreman_ref_encoder_main.cfg (timed)
1485052844.09:     -o sss_main_encodelog.out -e sss_main_encodelog.err ../run_base_ref_aarch64.0005/h264ref_base.aarch64 -d sss_encoder_main.cfg (timed)
1485052844.11: Specinvoke: /home/bamvor/CPU2006/bin/specinvoke -d /home/bamvor/CPU2006/benchspec/CPU2006/464.h264ref/run/run_base_ref_aarch64.0005 -e speccmds.err -o speccmds.stdout -f speccmds.cmd -C -q
1485052844.11: Issuing command '/home/bamvor/CPU2006/bin/specinvoke -d /home/bamvor/CPU2006/benchspec/CPU2006/464.h264ref/run/run_base_ref_aarch64.0005 -e speccmds.err -o speccmds.stdout -f speccmds.cmd -C -q'
1485052844.11: /home/bamvor/CPU2006/bin/specinvoke -d /home/bamvor/CPU2006/benchspec/CPU2006/464.h264ref/run/run_base_ref_aarch64.0005 -e speccmds.err -o speccmds.stdout -f speccmds.cmd -C -q
1485052844.11: Start command: Sun Jan 22 10:40:44 2017 (1485052844)
1485055876.90: Stop command: Sun Jan 22 11:31:16 2017 (1485055876)
1485055876.90: Elapsed time for command: 00:50:32 (3032)
1485055876.99: Workload elapsed time (0:1) = 338.162107 seconds
1485055876.99: Workload elapsed time (0:2) = 263.756481 seconds
1485055876.99: Workload elapsed time (0:3) = 2422.838792 seconds
1485055876.99: Copy 0 of 464.h264ref (base ref) run 1 finished at Sun Jan 22 11:31:08 2017.  Total elapsed time: 3024.75738
1485055877.00: comparing files in '/home/bamvor/CPU2006/benchspec/CPU2006/464.h264ref/run/run_base_ref_aarch64.0005'
1485055877.00: comparing 'foreman_ref_baseline_encodelog.out' with abstol=, binary=, calctol=0, cw=1, floatcompare=1, ignorecase=, obiwan=, reltol=, skipabstol=, skipobiwan=, skipreltol=, skiptol=
1485055877.01: comparing 'foreman_ref_baseline_leakybucketparam.cfg' with abstol=, binary=1, calctol=0, cw=1, floatcompare=1, ignorecase=, obiwan=, reltol=, skipabstol=, skipobiwan=, skipreltol=, skiptol=
1485055877.01: comparing 'foreman_ref_main_encodelog.out' with abstol=, binary=, calctol=0, cw=1, floatcompare=1, ignorecase=, obiwan=, reltol=, skipabstol=, skipobiwan=, skipreltol=, skiptol=
1485055877.01: comparing 'foreman_ref_main_leakybucketparam.cfg' with abstol=, binary=1, calctol=0, cw=1, floatcompare=1, ignorecase=, obiwan=, reltol=, skipabstol=, skipobiwan=, skipreltol=, skiptol=
1485055877.01: comparing 'sss_main_encodelog.out' with abstol=, binary=, calctol=0, cw=1, floatcompare=1, ignorecase=, obiwan=, reltol=, skipabstol=, skipobiwan=, skipreltol=, skiptol=
1485055877.01: comparing 'sss_main_leakybucketparam.cfg' with abstol=, binary=1, calctol=0, cw=1, floatcompare=1, ignorecase=, obiwan=, reltol=, skipabstol=, skipobiwan=, skipreltol=, skiptol=
1485055877.02: Specinvoke: /home/bamvor/CPU2006/bin/specinvoke -E -d /home/bamvor/CPU2006/benchspec/CPU2006/464.h264ref/run/run_base_ref_aarch64.0005 -c 1 -e compare.err -o compare.stdout -f compare.cmd
1485055877.02: Issuing command '/home/bamvor/CPU2006/bin/specinvoke -E -d /home/bamvor/CPU2006/benchspec/CPU2006/464.h264ref/run/run_base_ref_aarch64.0005 -c 1 -e compare.err -o compare.stdout -f compare.cmd'
1485055877.02: /home/bamvor/CPU2006/bin/specinvoke -E -d /home/bamvor/CPU2006/benchspec/CPU2006/464.h264ref/run/run_base_ref_aarch64.0005 -c 1 -e compare.err -o compare.stdout -f compare.cmd
1485055877.02: Start command: Sun Jan 22 11:31:17 2017 (1485055877)
1485055889.28: Stop command: Sun Jan 22 11:31:29 2017 (1485055889)
1485055889.28: Elapsed time for command: 00:00:12 (12)
1485055889.28: Benchmark Times:
1485055889.28:   Start:    Sun Jan 22 10:40:44 2017 (1485052844)
1485055889.28:   Stop:     Sun Jan 22 11:31:16 2017 (1485055876)
1485055889.28:   Elapsed:  00:50:32 (3032)
1485055889.28:   Reported: 3024 757709000 3024.757709
1485055889.28:  Success 464.h264ref base ref ratio=7.32, runtime=3024.757709, power=0.00w, temp=0.00 deg, humidity=0.00%

1485055889.28: -----------------------------------
1485055890.10:   Running 483.xalancbmk ref base aarch64 default
1485055890.14: Commands to run:
1485055890.14:     -C /home/bamvor/CPU2006/benchspec/CPU2006/483.xalancbmk/run/run_base_ref_aarch64.0005
1485055890.14:     -o ref.out -e ref.err ../run_base_ref_aarch64.0005/Xalan_base.aarch64 -v t5.xml xalanc.xsl (timed)
1485055890.16: Specinvoke: /home/bamvor/CPU2006/bin/specinvoke -d /home/bamvor/CPU2006/benchspec/CPU2006/483.xalancbmk/run/run_base_ref_aarch64.0005 -e speccmds.err -o speccmds.stdout -f speccmds.cmd -C -q
1485055890.16: Issuing command '/home/bamvor/CPU2006/bin/specinvoke -d /home/bamvor/CPU2006/benchspec/CPU2006/483.xalancbmk/run/run_base_ref_aarch64.0005 -e speccmds.err -o speccmds.stdout -f speccmds.cmd -C -q'
1485055890.16: /home/bamvor/CPU2006/bin/specinvoke -d /home/bamvor/CPU2006/benchspec/CPU2006/483.xalancbmk/run/run_base_ref_aarch64.0005 -e speccmds.err -o speccmds.stdout -f speccmds.cmd -C -q
1485055890.16: Start command: Sun Jan 22 11:31:30 2017 (1485055890)
1485057796.91: Stop command: Sun Jan 22 12:03:16 2017 (1485057796)
1485057796.91: Elapsed time for command: 00:31:46 (1906)
1485057797.00: Workload elapsed time (0:1) = 1898.718614 seconds
1485057797.00: Copy 0 of 483.xalancbmk (base ref) run 1 finished at Sun Jan 22 12:03:08 2017.  Total elapsed time: 1898.718614
1485057797.00: comparing files in '/home/bamvor/CPU2006/benchspec/CPU2006/483.xalancbmk/run/run_base_ref_aarch64.0005'
1485057797.01: comparing 'ref.out' with abstol=, binary=, calctol=0, cw=, floatcompare=, ignorecase=, obiwan=, reltol=, skipabstol=, skipobiwan=, skipreltol=, skiptol=
1485057797.01: Specinvoke: /home/bamvor/CPU2006/bin/specinvoke -E -d /home/bamvor/CPU2006/benchspec/CPU2006/483.xalancbmk/run/run_base_ref_aarch64.0005 -c 1 -e compare.err -o compare.stdout -f compare.cmd
1485057797.02: Issuing command '/home/bamvor/CPU2006/bin/specinvoke -E -d /home/bamvor/CPU2006/benchspec/CPU2006/483.xalancbmk/run/run_base_ref_aarch64.0005 -c 1 -e compare.err -o compare.stdout -f compare.cmd'
1485057797.02: /home/bamvor/CPU2006/bin/specinvoke -E -d /home/bamvor/CPU2006/benchspec/CPU2006/483.xalancbmk/run/run_base_ref_aarch64.0005 -c 1 -e compare.err -o compare.stdout -f compare.cmd
1485057797.02: Start command: Sun Jan 22 12:03:17 2017 (1485057797)
1485057803.63: Stop command: Sun Jan 22 12:03:23 2017 (1485057803)
1485057803.63: Elapsed time for command: 00:00:06 (6)
1485057803.63: Benchmark Times:
1485057803.63:   Start:    Sun Jan 22 11:31:30 2017 (1485055890)
1485057803.63:   Stop:     Sun Jan 22 12:03:16 2017 (1485057796)
1485057803.63:   Elapsed:  00:31:46 (1906)
1485057803.63:   Reported: 1898 718836000 1898.718836
1485057803.63:  Success 483.xalancbmk base ref ratio=3.63, runtime=1898.718836, power=0.00w, temp=0.00 deg, humidity=0.00%
1485057803.64: Success: 1x400.perlbench 1x401.bzip2 1x429.mcf 1x445.gobmk 1x458.sjeng 1x462.libquantum 1x464.h264ref 1x483.xalancbmk
1485057803.74: Producing Raw Reports
1485057803.74: mach: default
1485057803.75:   ext: aarch64
1485057803.75:     size: ref
1485057803.75:       set: int
1485057803.87: NOTICE: sw_compiler is longer than 50 characters and will be split
1485057803.87: WARNING: the following line:
1485057803.87: -----
1485057803.87: Using built-in specs. COLLECT_GCC=aarch64-linux-gnu-gcc COLLECT_LTO_WRAPPER=/home/bamvor/works/software/toolchain/gcc-linaro-6.2.1-2016.11-x86_64_aarch64-linux-gnu/gcc-linaro-6.2.1-2016.11-x86_64_aarch64-linux-gnu/bin/../libexec/gcc/aarch64-linux-gnu/6.2.1/lto-wrapper Target: aarch64-linux-gnu Configured with: /home/tcwg-buildslave/workspace/tcwg-make-release/label/docker-trusty-amd64-tcwg-build/target/aarch64-linux-gnu/snapshots/gcc-linaro-6.2-2016.11/configure SHELL=/bin/bash --with-mpc=/home/tcwg-buildslave/workspace/tcwg-make-release/label/docker-trusty-amd64-tcwg-build/target/aarch64-linux-gnu/_build/builds/destdir/x86_64-unknown-linux-gnu --with-mpfr=/home/tcwg-buildslave/workspace/tcwg-make-release/label/docker-trusty-amd64-tcwg-build/target/aarch64-linux-gnu/_build/builds/destdir/x86_64-unknown-linux-gnu --with-gmp=/home/tcwg-buildslave/workspace/tcwg-make-release/label/docker-trusty-amd64-tcwg-build/target/aarch64-linux-gnu/_build/builds/destdir/x86_64-unknown-linux-gnu --with-gnu-as --with-gnu-ld --disable-libstdcxx-pch --disable-libmudflap --with-cloog=no --with-ppl=no --with-isl=no --disable-nls --enable-c99 --enable-gnu-indirect-function --disable-multilib --with-arch=armv8-a --enable-fix-cortex-a53-835769 --enable-fix-cortex-a53-843419 --enable-multiarch --with-build-sysroot=/home/tcwg-buildslave/workspace/tcwg-make-release/label/docker-trusty-amd64-tcwg-build/target/aarch64-linux-gnu/_build/sysroots/aarch64-linux-gnu --enable-lto --enable-linker-build-id --enable-long-long --enable-shared --with-sysroot=/home/tcwg-buildslave/workspace/tcwg-make-release/label/docker-trusty-amd64-tcwg-build/target/aarch64-linux-gnu/_build/builds/destdir/x86_64-unknown-linux-gnu/aarch64-linux-gnu/libc --enable-languages=c,c++,fortran,lto --enable-checking=release --disable-bootstrap --build=x86_64-unknown-linux-gnu --host=x86_64-unknown-linux-gnu --target=aarch64-linux-gnu --prefix=/home/tcwg-buildslave/workspace/tcwg-make-release/label/docker-trusty-amd64-tcwg-build/target/aarch64-linux-gnu/_build/builds/destdir/x86_64-unknown-linux-gnu Thread model: posix gcc version 6.2.1 20161016 (Linaro GCC 6.2-2016.11)
1485057803.87: -----
1485057803.87: contains an element longer than 50 columns and could not be split.
1485057804.06:         format: raw -> /home/bamvor/CPU2006/result/CINT2006.085.ref.rsf

1485057809.73: NOTICE: sw_compiler is longer than 50 characters and will be split
1485057809.73: WARNING: the following line:
1485057809.73: -----
1485057809.73: Using built-in specs. COLLECT_GCC=aarch64-linux-gnu-gcc COLLECT_LTO_WRAPPER=/home/bamvor/works/software/toolchain/gcc-linaro-6.2.1-2016.11-x86_64_aarch64-linux-gnu/gcc-linaro-6.2.1-2016.11-x86_64_aarch64-linux-gnu/bin/../libexec/gcc/aarch64-linux-gnu/6.2.1/lto-wrapper Target: aarch64-linux-gnu Configured with: /home/tcwg-buildslave/workspace/tcwg-make-release/label/docker-trusty-amd64-tcwg-build/target/aarch64-linux-gnu/snapshots/gcc-linaro-6.2-2016.11/configure SHELL=/bin/bash --with-mpc=/home/tcwg-buildslave/workspace/tcwg-make-release/label/docker-trusty-amd64-tcwg-build/target/aarch64-linux-gnu/_build/builds/destdir/x86_64-unknown-linux-gnu --with-mpfr=/home/tcwg-buildslave/workspace/tcwg-make-release/label/docker-trusty-amd64-tcwg-build/target/aarch64-linux-gnu/_build/builds/destdir/x86_64-unknown-linux-gnu --with-gmp=/home/tcwg-buildslave/workspace/tcwg-make-release/label/docker-trusty-amd64-tcwg-build/target/aarch64-linux-gnu/_build/builds/destdir/x86_64-unknown-linux-gnu --with-gnu-as --with-gnu-ld --disable-libstdcxx-pch --disable-libmudflap --with-cloog=no --with-ppl=no --with-isl=no --disable-nls --enable-c99 --enable-gnu-indirect-function --disable-multilib --with-arch=armv8-a --enable-fix-cortex-a53-835769 --enable-fix-cortex-a53-843419 --enable-multiarch --with-build-sysroot=/home/tcwg-buildslave/workspace/tcwg-make-release/label/docker-trusty-amd64-tcwg-build/target/aarch64-linux-gnu/_build/sysroots/aarch64-linux-gnu --enable-lto --enable-linker-build-id --enable-long-long --enable-shared --with-sysroot=/home/tcwg-buildslave/workspace/tcwg-make-release/label/docker-trusty-amd64-tcwg-build/target/aarch64-linux-gnu/_build/builds/destdir/x86_64-unknown-linux-gnu/aarch64-linux-gnu/libc --enable-languages=c,c++,fortran,lto --enable-checking=release --disable-bootstrap --build=x86_64-unknown-linux-gnu --host=x86_64-unknown-linux-gnu --target=aarch64-linux-gnu --prefix=/home/tcwg-buildslave/workspace/tcwg-make-release/label/docker-trusty-amd64-tcwg-build/target/aarch64-linux-gnu/_build/builds/destdir/x86_64-unknown-linux-gnu Thread model: posix gcc version 6.2.1 20161016 (Linaro GCC 6.2-2016.11)
1485057809.73: -----
1485057809.73: contains an element longer than 50 columns and could not be split.
1485057813.01: Parsing flags for 400.perlbench base: done
1485057813.20: Parsing flags for 401.bzip2 base: done
1485057813.35: Parsing flags for 429.mcf base: done
1485057813.61: Parsing flags for 445.gobmk base: done
1485057813.71: Parsing flags for 458.sjeng base: done
1485057813.93: Parsing flags for 462.libquantum base: done
1485057814.34: Parsing flags for 464.h264ref base: done
1485057815.02: Parsing flags for 483.xalancbmk base: done
1485057815.06: Doing flag reduction: done
1485057815.18:         format: ASCII -> /home/bamvor/CPU2006/result/CINT2006.085.ref.txt
1485057815.19:         format: config -> /home/bamvor/CPU2006/result/CINT2006.085.ref.cfg, /home/bamvor/CPU2006/result/CINT2006.085.ref.orig.cfg
1485057815.23:         format: CSV -> /home/bamvor/CPU2006/result/CINT2006.085.ref.csv
1485057815.44:       set: fp

1485057815.47: The log for this run is in /home/bamvor/CPU2006/result/CPU2006.085.log

1485057815.47: runspec finished at Sun Jan 22 12:03:35 2017; 22118 total seconds elapsed
