runspec v6674 started at Thu Jan  1 08:00:55 1970 on "localhost"
runspec is: /home/bamvor/CPU2006/bin/runspec
runspec: runspec -c linaro_aarch64.cfg --nobuild --size=ref -n 1 --noreportable --tune=base perlbench bzip2 mcf gobmk sjeng libquantum h264ref xalancbmk
toolset: linux-aarch64

Locating benchmarks...found 31 benchmarks in 6 benchsets.
Reading config file '/home/bamvor/CPU2006/config/linaro_aarch64.cfg'

58.67: Verbosity = 5
58.67: Action    = validate
58.67: Tune      = base
58.67: Ext       = aarch64
58.67: Size      = ref
58.67: Machine   = default
58.67: benchmarks= 400.perlbench,401.bzip2,429.mcf,445.gobmk,458.sjeng,462.libquantum,464.h264ref,483.xalancbmk
58.67: outputs   = asc,csv,config
58.67: username  = root
58.68: Benchmarks selected: 400.perlbench, 401.bzip2, 429.mcf, 445.gobmk, 458.sjeng, 462.libquantum, 464.h264ref, 483.xalancbmk
58.78: Compiling Binaries

58.79: ------------------------------------------------------------------------
59.44:   Up to date 400.perlbench base aarch64 default

59.44: ------------------------------------------------------------------------
60.02:   Up to date 401.bzip2 base aarch64 default

60.02: ------------------------------------------------------------------------
60.61:   Up to date 429.mcf base aarch64 default

60.61: ------------------------------------------------------------------------
61.29:   Up to date 445.gobmk base aarch64 default

61.29: ------------------------------------------------------------------------
61.88:   Up to date 458.sjeng base aarch64 default

61.88: ------------------------------------------------------------------------
62.47:   Up to date 462.libquantum base aarch64 default

62.48: ------------------------------------------------------------------------
63.08:   Up to date 464.h264ref base aarch64 default

63.09: ------------------------------------------------------------------------
64.12:   Up to date 483.xalancbmk base aarch64 default


64.12: Setting Up Run Directories
64.12(0.02s):   Setting up 400.perlbench ref base aarch64 default: 
64.14: Notice: Unusable path detected in run directory list file.
64.14:   /home/bamvor/CPU2006/benchspec/CPU2006/400.perlbench/run/list
64.14: references one or more paths which will be ignored, because they are
64.14: not subdirectories of this run directory.  This condition may be a
64.14: result of having moved your SPEC benchmark tree.  If that's what happened,
64.14: and if you don't need the old run directories, you can just remove
64.14: them, along with the list file.  (Usually it's safe to delete old
64.14: run directories, as they are automatically re-created when needed.)


73.80: existing (run_base_ref_aarch64.0006)
73.80(0.02s):   Setting up 401.bzip2 ref base aarch64 default: 
73.82: Notice: Unusable path detected in run directory list file.
73.82:   /home/bamvor/CPU2006/benchspec/CPU2006/401.bzip2/run/list
73.82: references one or more paths which will be ignored, because they are
73.82: not subdirectories of this run directory.  This condition may be a
73.82: result of having moved your SPEC benchmark tree.  If that's what happened,
73.82: and if you don't need the old run directories, you can just remove
73.82: them, along with the list file.  (Usually it's safe to delete old
73.82: run directories, as they are automatically re-created when needed.)


79.52: existing (run_base_ref_aarch64.0006)
79.52(0.01s):   Setting up 429.mcf ref base aarch64 default: 
79.53: Notice: Unusable path detected in run directory list file.
79.53:   /home/bamvor/CPU2006/benchspec/CPU2006/429.mcf/run/list
79.53: references one or more paths which will be ignored, because they are
79.53: not subdirectories of this run directory.  This condition may be a
79.53: result of having moved your SPEC benchmark tree.  If that's what happened,
79.53: and if you don't need the old run directories, you can just remove
79.53: them, along with the list file.  (Usually it's safe to delete old
79.53: run directories, as they are automatically re-created when needed.)


79.92: existing (run_base_ref_aarch64.0005)
79.92(0.01s):   Setting up 445.gobmk ref base aarch64 default: 
79.93: Notice: Unusable path detected in run directory list file.
79.93:   /home/bamvor/CPU2006/benchspec/CPU2006/445.gobmk/run/list
79.93: references one or more paths which will be ignored, because they are
79.93: not subdirectories of this run directory.  This condition may be a
79.93: result of having moved your SPEC benchmark tree.  If that's what happened,
79.93: and if you don't need the old run directories, you can just remove
79.93: them, along with the list file.  (Usually it's safe to delete old
79.93: run directories, as they are automatically re-created when needed.)


86.20: existing (run_base_ref_aarch64.0005)
86.20(0.71s):   Setting up 458.sjeng ref base aarch64 default: 
86.91: Notice: Unusable path detected in run directory list file.
86.91:   /home/bamvor/CPU2006/benchspec/CPU2006/458.sjeng/run/list
86.91: references one or more paths which will be ignored, because they are
86.91: not subdirectories of this run directory.  This condition may be a
86.91: result of having moved your SPEC benchmark tree.  If that's what happened,
86.91: and if you don't need the old run directories, you can just remove
86.91: them, along with the list file.  (Usually it's safe to delete old
86.91: run directories, as they are automatically re-created when needed.)


87.03: existing (run_base_ref_aarch64.0005)
87.03(0.69s):   Setting up 462.libquantum ref base aarch64 default: 
87.72: Notice: Unusable path detected in run directory list file.
87.72:   /home/bamvor/CPU2006/benchspec/CPU2006/462.libquantum/run/list
87.72: references one or more paths which will be ignored, because they are
87.72: not subdirectories of this run directory.  This condition may be a
87.72: result of having moved your SPEC benchmark tree.  If that's what happened,
87.72: and if you don't need the old run directories, you can just remove
87.72: them, along with the list file.  (Usually it's safe to delete old
87.72: run directories, as they are automatically re-created when needed.)


87.94: existing (run_base_ref_aarch64.0005)
87.94(0.08s):   Setting up 464.h264ref ref base aarch64 default: 
88.02: Notice: Unusable path detected in run directory list file.
88.02:   /home/bamvor/CPU2006/benchspec/CPU2006/464.h264ref/run/list
88.02: references one or more paths which will be ignored, because they are
88.02: not subdirectories of this run directory.  This condition may be a
88.02: result of having moved your SPEC benchmark tree.  If that's what happened,
88.02: and if you don't need the old run directories, you can just remove
88.02: them, along with the list file.  (Usually it's safe to delete old
88.02: run directories, as they are automatically re-created when needed.)


90.61: existing (run_base_ref_aarch64.0005)
90.61(0.64s):   Setting up 483.xalancbmk ref base aarch64 default: 
91.25: Notice: Unusable path detected in run directory list file.
91.25:   /home/bamvor/CPU2006/benchspec/CPU2006/483.xalancbmk/run/list
91.25: references one or more paths which will be ignored, because they are
91.25: not subdirectories of this run directory.  This condition may be a
91.25: result of having moved your SPEC benchmark tree.  If that's what happened,
91.25: and if you don't need the old run directories, you can just remove
91.25: them, along with the list file.  (Usually it's safe to delete old
91.25: run directories, as they are automatically re-created when needed.)


95.27: existing (run_base_ref_aarch64.0005)

95.27: -----------------------------------
95.28: Running Benchmarks

95.28: -----------------------------------
97.13:   Running 400.perlbench ref base aarch64 default
97.58: Commands to run:
97.58:     -C /home/bamvor/CPU2006/benchspec/CPU2006/400.perlbench/run/run_base_ref_aarch64.0006
97.58:     -o checkspam.2500.5.25.11.150.1.1.1.1.out -e checkspam.2500.5.25.11.150.1.1.1.1.err ../run_base_ref_aarch64.0006/perlbench_base.aarch64 -I./lib checkspam.pl 2500 5 25 11 150 1 1 1 1 (timed)
97.58:     -o diffmail.4.800.10.17.19.300.out -e diffmail.4.800.10.17.19.300.err ../run_base_ref_aarch64.0006/perlbench_base.aarch64 -I./lib diffmail.pl 4 800 10 17 19 300 (timed)
97.58:     -o splitmail.1600.12.26.16.4500.out -e splitmail.1600.12.26.16.4500.err ../run_base_ref_aarch64.0006/perlbench_base.aarch64 -I./lib splitmail.pl 1600 12 26 16 4500 (timed)
97.60: Specinvoke: /home/bamvor/CPU2006/bin/specinvoke -d /home/bamvor/CPU2006/benchspec/CPU2006/400.perlbench/run/run_base_ref_aarch64.0006 -e speccmds.err -o speccmds.stdout -f speccmds.cmd -C -q
97.61: Issuing command '/home/bamvor/CPU2006/bin/specinvoke -d /home/bamvor/CPU2006/benchspec/CPU2006/400.perlbench/run/run_base_ref_aarch64.0006 -e speccmds.err -o speccmds.stdout -f speccmds.cmd -C -q'
97.61: /home/bamvor/CPU2006/bin/specinvoke -d /home/bamvor/CPU2006/benchspec/CPU2006/400.perlbench/run/run_base_ref_aarch64.0006 -e speccmds.err -o speccmds.stdout -f speccmds.cmd -C -q
97.61: Start command: Thu Jan  1 08:01:37 1970 (97)
1484965792.43: Stop command: Sat Jan 21 10:29:52 2017 (1484965792)
1484965792.43: Elapsed time for command: 412490:28:15 (1484965695)
1484965792.51: Workload elapsed time (0:1) = 1484964629.262 seconds
1484965792.51: Workload elapsed time (0:2) = 415.101367 seconds
1484965792.52: Workload elapsed time (0:3) = 642.440067 seconds
1484965792.52: Copy 0 of 400.perlbench (base ref) run 1 finished at Sat Jan 21 10:29:44 2017.  Total elapsed time: 1484965686.80344
1484965792.52: comparing files in '/home/bamvor/CPU2006/benchspec/CPU2006/400.perlbench/run/run_base_ref_aarch64.0006'
1484965792.53: comparing 'checkspam.2500.5.25.11.150.1.1.1.1.out' with abstol=, binary=, calctol=0, cw=, floatcompare=, ignorecase=, obiwan=, reltol=, skipabstol=, skipobiwan=, skipreltol=, skiptol=
1484965792.53: comparing 'diffmail.4.800.10.17.19.300.out' with abstol=, binary=, calctol=0, cw=, floatcompare=, ignorecase=, obiwan=, reltol=, skipabstol=, skipobiwan=, skipreltol=, skiptol=
1484965792.53: comparing 'splitmail.1600.12.26.16.4500.out' with abstol=, binary=, calctol=0, cw=, floatcompare=, ignorecase=, obiwan=, reltol=, skipabstol=, skipobiwan=, skipreltol=, skiptol=
1484965792.54: Specinvoke: /home/bamvor/CPU2006/bin/specinvoke -E -d /home/bamvor/CPU2006/benchspec/CPU2006/400.perlbench/run/run_base_ref_aarch64.0006 -c 1 -e compare.err -o compare.stdout -f compare.cmd
1484965792.54: Issuing command '/home/bamvor/CPU2006/bin/specinvoke -E -d /home/bamvor/CPU2006/benchspec/CPU2006/400.perlbench/run/run_base_ref_aarch64.0006 -c 1 -e compare.err -o compare.stdout -f compare.cmd'
1484965792.54: /home/bamvor/CPU2006/bin/specinvoke -E -d /home/bamvor/CPU2006/benchspec/CPU2006/400.perlbench/run/run_base_ref_aarch64.0006 -c 1 -e compare.err -o compare.stdout -f compare.cmd
1484965792.54: Start command: Sat Jan 21 10:29:52 2017 (1484965792)
1484965798.77: Stop command: Sat Jan 21 10:29:58 2017 (1484965798)
1484965798.77: Elapsed time for command: 00:00:06 (6)
1484965798.77: Benchmark Times:
1484965798.77:   Start:    Thu Jan  1 08:01:37 1970 (97)
1484965798.77:   Stop:     Sat Jan 21 10:29:52 2017 (1484965792)
1484965798.77:   Elapsed:  412490:28:15 (1484965695)
1484965798.77:   Reported: 1484965686 803727000 1484965686.80373
1484965798.77:  Success 400.perlbench base ref ratio=0.00, runtime=1484965686.803727, power=0.00w, temp=0.00 deg, humidity=0.00%

1484965798.78: -----------------------------------
1484965798.89:   Running 401.bzip2 ref base aarch64 default
1484965798.93: Commands to run:
1484965798.93:     -C /home/bamvor/CPU2006/benchspec/CPU2006/401.bzip2/run/run_base_ref_aarch64.0006
1484965798.93:     -o input.source.out -e input.source.err ../run_base_ref_aarch64.0006/bzip2_base.aarch64 input.source 280 (timed)
1484965798.94:     -o chicken.jpg.out -e chicken.jpg.err ../run_base_ref_aarch64.0006/bzip2_base.aarch64 chicken.jpg 30 (timed)
1484965798.94:     -o liberty.jpg.out -e liberty.jpg.err ../run_base_ref_aarch64.0006/bzip2_base.aarch64 liberty.jpg 30 (timed)
1484965798.94:     -o input.program.out -e input.program.err ../run_base_ref_aarch64.0006/bzip2_base.aarch64 input.program 280 (timed)
1484965798.94:     -o text.html.out -e text.html.err ../run_base_ref_aarch64.0006/bzip2_base.aarch64 text.html 280 (timed)
1484965798.94:     -o input.combined.out -e input.combined.err ../run_base_ref_aarch64.0006/bzip2_base.aarch64 input.combined 200 (timed)
1484965798.96: Specinvoke: /home/bamvor/CPU2006/bin/specinvoke -d /home/bamvor/CPU2006/benchspec/CPU2006/401.bzip2/run/run_base_ref_aarch64.0006 -e speccmds.err -o speccmds.stdout -f speccmds.cmd -C -q
1484965798.96: Issuing command '/home/bamvor/CPU2006/bin/specinvoke -d /home/bamvor/CPU2006/benchspec/CPU2006/401.bzip2/run/run_base_ref_aarch64.0006 -e speccmds.err -o speccmds.stdout -f speccmds.cmd -C -q'
1484965798.96: /home/bamvor/CPU2006/bin/specinvoke -d /home/bamvor/CPU2006/benchspec/CPU2006/401.bzip2/run/run_base_ref_aarch64.0006 -e speccmds.err -o speccmds.stdout -f speccmds.cmd -C -q
1484965798.96: Start command: Sat Jan 21 10:29:58 2017 (1484965798)
1484969457.25: Stop command: Sat Jan 21 11:30:57 2017 (1484969457)
1484969457.25: Elapsed time for command: 01:00:59 (3659)
1484969457.33: Workload elapsed time (0:1) = 639.196112 seconds
1484969457.34: Workload elapsed time (0:2) = 266.231059 seconds
1484969457.34: Workload elapsed time (0:3) = 652.683303 seconds
1484969457.34: Workload elapsed time (0:4) = 605.178503 seconds
1484969457.34: Workload elapsed time (0:5) = 971.949689 seconds
1484969457.34: Workload elapsed time (0:6) = 515.018045 seconds
1484969457.34: Copy 0 of 401.bzip2 (base ref) run 1 finished at Sat Jan 21 11:30:49 2017.  Total elapsed time: 3650.256711
1484969457.35: comparing files in '/home/bamvor/CPU2006/benchspec/CPU2006/401.bzip2/run/run_base_ref_aarch64.0006'
1484969457.35: comparing 'chicken.jpg.out' with abstol=, binary=, calctol=0, cw=, floatcompare=, ignorecase=, obiwan=, reltol=, skipabstol=, skipobiwan=, skipreltol=, skiptol=
1484969457.36: comparing 'input.combined.out' with abstol=, binary=, calctol=0, cw=, floatcompare=, ignorecase=, obiwan=, reltol=, skipabstol=, skipobiwan=, skipreltol=, skiptol=
1484969457.36: comparing 'input.program.out' with abstol=, binary=, calctol=0, cw=, floatcompare=, ignorecase=, obiwan=, reltol=, skipabstol=, skipobiwan=, skipreltol=, skiptol=
1484969457.36: comparing 'input.source.out' with abstol=, binary=, calctol=0, cw=, floatcompare=, ignorecase=, obiwan=, reltol=, skipabstol=, skipobiwan=, skipreltol=, skiptol=
1484969457.36: comparing 'liberty.jpg.out' with abstol=, binary=, calctol=0, cw=, floatcompare=, ignorecase=, obiwan=, reltol=, skipabstol=, skipobiwan=, skipreltol=, skiptol=
1484969457.36: comparing 'text.html.out' with abstol=, binary=, calctol=0, cw=, floatcompare=, ignorecase=, obiwan=, reltol=, skipabstol=, skipobiwan=, skipreltol=, skiptol=
1484969457.37: Specinvoke: /home/bamvor/CPU2006/bin/specinvoke -E -d /home/bamvor/CPU2006/benchspec/CPU2006/401.bzip2/run/run_base_ref_aarch64.0006 -c 1 -e compare.err -o compare.stdout -f compare.cmd
1484969457.37: Issuing command '/home/bamvor/CPU2006/bin/specinvoke -E -d /home/bamvor/CPU2006/benchspec/CPU2006/401.bzip2/run/run_base_ref_aarch64.0006 -c 1 -e compare.err -o compare.stdout -f compare.cmd'
1484969457.37: /home/bamvor/CPU2006/bin/specinvoke -E -d /home/bamvor/CPU2006/benchspec/CPU2006/401.bzip2/run/run_base_ref_aarch64.0006 -c 1 -e compare.err -o compare.stdout -f compare.cmd
1484969457.37: Start command: Sat Jan 21 11:30:57 2017 (1484969457)
1484969469.62: Stop command: Sat Jan 21 11:31:09 2017 (1484969469)
1484969469.62: Elapsed time for command: 00:00:12 (12)
1484969469.62: Benchmark Times:
1484969469.62:   Start:    Sat Jan 21 10:29:58 2017 (1484965798)
1484969469.62:   Stop:     Sat Jan 21 11:30:57 2017 (1484969457)
1484969469.62:   Elapsed:  01:00:59 (3659)
1484969469.62:   Reported: 3650 257121000 3650.257121
1484969469.62:  Success 401.bzip2 base ref ratio=2.64, runtime=3650.257121, power=0.00w, temp=0.00 deg, humidity=0.00%

1484969469.63: -----------------------------------
1484969469.73:   Running 429.mcf ref base aarch64 default
1484969469.77: Commands to run:
1484969469.77:     -C /home/bamvor/CPU2006/benchspec/CPU2006/429.mcf/run/run_base_ref_aarch64.0005
1484969469.77:     -o inp.out -e inp.err ../run_base_ref_aarch64.0005/mcf_base.aarch64 inp.in (timed)
1484969469.79: Specinvoke: /home/bamvor/CPU2006/bin/specinvoke -d /home/bamvor/CPU2006/benchspec/CPU2006/429.mcf/run/run_base_ref_aarch64.0005 -e speccmds.err -o speccmds.stdout -f speccmds.cmd -C -q
1484969469.79: Issuing command '/home/bamvor/CPU2006/bin/specinvoke -d /home/bamvor/CPU2006/benchspec/CPU2006/429.mcf/run/run_base_ref_aarch64.0005 -e speccmds.err -o speccmds.stdout -f speccmds.cmd -C -q'
1484969469.79: /home/bamvor/CPU2006/bin/specinvoke -d /home/bamvor/CPU2006/benchspec/CPU2006/429.mcf/run/run_base_ref_aarch64.0005 -e speccmds.err -o speccmds.stdout -f speccmds.cmd -C -q
1484969469.79: Start command: Sat Jan 21 11:31:09 2017 (1484969469)
1484973864.19: Stop command: Sat Jan 21 12:44:24 2017 (1484973864)
1484973864.19: Elapsed time for command: 01:13:15 (4395)
1484973864.28: Workload elapsed time (0:1) = 4386.341103 seconds
1484973864.28: Copy 0 of 429.mcf (base ref) run 1 finished at Sat Jan 21 12:44:16 2017.  Total elapsed time: 4386.341103
1484973864.29: comparing files in '/home/bamvor/CPU2006/benchspec/CPU2006/429.mcf/run/run_base_ref_aarch64.0005'
1484973864.30: comparing 'inp.out' with abstol=, binary=, calctol=0, cw=, floatcompare=, ignorecase=, obiwan=, reltol=, skipabstol=, skipobiwan=, skipreltol=, skiptol=
1484973864.31: comparing 'mcf.out' with abstol=, binary=, calctol=0, cw=, floatcompare=, ignorecase=, obiwan=, reltol=, skipabstol=, skipobiwan=, skipreltol=, skiptol=
1484973864.31: Specinvoke: /home/bamvor/CPU2006/bin/specinvoke -E -d /home/bamvor/CPU2006/benchspec/CPU2006/429.mcf/run/run_base_ref_aarch64.0005 -c 1 -e compare.err -o compare.stdout -f compare.cmd
1484973864.31: Issuing command '/home/bamvor/CPU2006/bin/specinvoke -E -d /home/bamvor/CPU2006/benchspec/CPU2006/429.mcf/run/run_base_ref_aarch64.0005 -c 1 -e compare.err -o compare.stdout -f compare.cmd'
1484973864.31: /home/bamvor/CPU2006/bin/specinvoke -E -d /home/bamvor/CPU2006/benchspec/CPU2006/429.mcf/run/run_base_ref_aarch64.0005 -c 1 -e compare.err -o compare.stdout -f compare.cmd
1484973864.31: Start command: Sat Jan 21 12:44:24 2017 (1484973864)
1484973868.06: Stop command: Sat Jan 21 12:44:28 2017 (1484973868)
1484973868.06: Elapsed time for command: 00:00:04 (4)
1484973868.06: Benchmark Times:
1484973868.06:   Start:    Sat Jan 21 11:31:09 2017 (1484969469)
1484973868.06:   Stop:     Sat Jan 21 12:44:24 2017 (1484973864)
1484973868.06:   Elapsed:  01:13:15 (4395)
1484973868.06:   Reported: 4386 341372000 4386.341372
1484973868.07:  Success 429.mcf base ref ratio=2.08, runtime=4386.341372, power=0.00w, temp=0.00 deg, humidity=0.00%

1484973868.07: -----------------------------------
1484973869.52:   Running 445.gobmk ref base aarch64 default
1484973870.03: Commands to run:
1484973870.03:     -C /home/bamvor/CPU2006/benchspec/CPU2006/445.gobmk/run/run_base_ref_aarch64.0005
1484973870.03:     -i 13x13.tst -o 13x13.out -e 13x13.err ../run_base_ref_aarch64.0005/gobmk_base.aarch64 --quiet --mode gtp (timed)
1484973870.03:     -i nngs.tst -o nngs.out -e nngs.err ../run_base_ref_aarch64.0005/gobmk_base.aarch64 --quiet --mode gtp (timed)
1484973870.03:     -i score2.tst -o score2.out -e score2.err ../run_base_ref_aarch64.0005/gobmk_base.aarch64 --quiet --mode gtp (timed)
1484973870.03:     -i trevorc.tst -o trevorc.out -e trevorc.err ../run_base_ref_aarch64.0005/gobmk_base.aarch64 --quiet --mode gtp (timed)
1484973870.03:     -i trevord.tst -o trevord.out -e trevord.err ../run_base_ref_aarch64.0005/gobmk_base.aarch64 --quiet --mode gtp (timed)
1484973870.05: Specinvoke: /home/bamvor/CPU2006/bin/specinvoke -d /home/bamvor/CPU2006/benchspec/CPU2006/445.gobmk/run/run_base_ref_aarch64.0005 -e speccmds.err -o speccmds.stdout -f speccmds.cmd -C -q
1484973870.05: Issuing command '/home/bamvor/CPU2006/bin/specinvoke -d /home/bamvor/CPU2006/benchspec/CPU2006/445.gobmk/run/run_base_ref_aarch64.0005 -e speccmds.err -o speccmds.stdout -f speccmds.cmd -C -q'
1484973870.05: /home/bamvor/CPU2006/bin/specinvoke -d /home/bamvor/CPU2006/benchspec/CPU2006/445.gobmk/run/run_base_ref_aarch64.0005 -e speccmds.err -o speccmds.stdout -f speccmds.cmd -C -q
1484973870.05: Start command: Sat Jan 21 12:44:30 2017 (1484973870)
1484976083.55: Stop command: Sat Jan 21 13:21:23 2017 (1484976083)
1484976083.55: Elapsed time for command: 00:36:53 (2213)
1484976083.64: Workload elapsed time (0:1) = 306.796427 seconds
1484976083.64: Workload elapsed time (0:2) = 793.931602 seconds
1484976083.64: Workload elapsed time (0:3) = 380.802473 seconds
1484976083.64: Workload elapsed time (0:4) = 306.228924 seconds
1484976083.64: Workload elapsed time (0:5) = 417.705319 seconds
1484976083.64: Copy 0 of 445.gobmk (base ref) run 1 finished at Sat Jan 21 13:21:15 2017.  Total elapsed time: 2205.464745
1484976083.65: comparing files in '/home/bamvor/CPU2006/benchspec/CPU2006/445.gobmk/run/run_base_ref_aarch64.0005'
1484976083.65: comparing '13x13.out' with abstol=, binary=, calctol=0, cw=, floatcompare=, ignorecase=, obiwan=, reltol=, skipabstol=, skipobiwan=, skipreltol=, skiptol=
1484976083.66: comparing 'nngs.out' with abstol=, binary=, calctol=0, cw=, floatcompare=, ignorecase=, obiwan=, reltol=, skipabstol=, skipobiwan=, skipreltol=, skiptol=
1484976083.66: comparing 'score2.out' with abstol=, binary=, calctol=0, cw=, floatcompare=, ignorecase=, obiwan=, reltol=, skipabstol=, skipobiwan=, skipreltol=, skiptol=
1484976083.66: comparing 'trevorc.out' with abstol=, binary=, calctol=0, cw=, floatcompare=, ignorecase=, obiwan=, reltol=, skipabstol=, skipobiwan=, skipreltol=, skiptol=
1484976083.66: comparing 'trevord.out' with abstol=, binary=, calctol=0, cw=, floatcompare=, ignorecase=, obiwan=, reltol=, skipabstol=, skipobiwan=, skipreltol=, skiptol=
1484976083.67: Specinvoke: /home/bamvor/CPU2006/bin/specinvoke -E -d /home/bamvor/CPU2006/benchspec/CPU2006/445.gobmk/run/run_base_ref_aarch64.0005 -c 1 -e compare.err -o compare.stdout -f compare.cmd
1484976083.67: Issuing command '/home/bamvor/CPU2006/bin/specinvoke -E -d /home/bamvor/CPU2006/benchspec/CPU2006/445.gobmk/run/run_base_ref_aarch64.0005 -c 1 -e compare.err -o compare.stdout -f compare.cmd'
1484976083.67: /home/bamvor/CPU2006/bin/specinvoke -E -d /home/bamvor/CPU2006/benchspec/CPU2006/445.gobmk/run/run_base_ref_aarch64.0005 -c 1 -e compare.err -o compare.stdout -f compare.cmd
1484976083.67: Start command: Sat Jan 21 13:21:23 2017 (1484976083)
1484976091.18: Stop command: Sat Jan 21 13:21:31 2017 (1484976091)
1484976091.18: Elapsed time for command: 00:00:08 (8)
1484976091.18: Benchmark Times:
1484976091.18:   Start:    Sat Jan 21 12:44:30 2017 (1484973870)
1484976091.18:   Stop:     Sat Jan 21 13:21:23 2017 (1484976083)
1484976091.18:   Elapsed:  00:36:53 (2213)
1484976091.18:   Reported: 2205 465159000 2205.465159
1484976091.19:  Success 445.gobmk base ref ratio=4.76, runtime=2205.465159, power=0.00w, temp=0.00 deg, humidity=0.00%

1484976091.19: -----------------------------------
1484976091.45:   Running 458.sjeng ref base aarch64 default
1484976091.48: Commands to run:
1484976091.48:     -C /home/bamvor/CPU2006/benchspec/CPU2006/458.sjeng/run/run_base_ref_aarch64.0005
1484976091.48:     -o ref.out -e ref.err ../run_base_ref_aarch64.0005/sjeng_base.aarch64 ref.txt (timed)
1484976091.50: Specinvoke: /home/bamvor/CPU2006/bin/specinvoke -d /home/bamvor/CPU2006/benchspec/CPU2006/458.sjeng/run/run_base_ref_aarch64.0005 -e speccmds.err -o speccmds.stdout -f speccmds.cmd -C -q
1484976091.51: Issuing command '/home/bamvor/CPU2006/bin/specinvoke -d /home/bamvor/CPU2006/benchspec/CPU2006/458.sjeng/run/run_base_ref_aarch64.0005 -e speccmds.err -o speccmds.stdout -f speccmds.cmd -C -q'
1484976091.51: /home/bamvor/CPU2006/bin/specinvoke -d /home/bamvor/CPU2006/benchspec/CPU2006/458.sjeng/run/run_base_ref_aarch64.0005 -e speccmds.err -o speccmds.stdout -f speccmds.cmd -C -q
1484976091.51: Start command: Sat Jan 21 13:21:31 2017 (1484976091)
1484978661.99: Stop command: Sat Jan 21 14:04:21 2017 (1484978661)
1484978661.99: Elapsed time for command: 00:42:50 (2570)
1484978662.08: Workload elapsed time (0:1) = 2562.455188 seconds
1484978662.08: Copy 0 of 458.sjeng (base ref) run 1 finished at Sat Jan 21 14:04:13 2017.  Total elapsed time: 2562.455188
1484978662.09: comparing files in '/home/bamvor/CPU2006/benchspec/CPU2006/458.sjeng/run/run_base_ref_aarch64.0005'
1484978662.09: comparing 'ref.out' with abstol=, binary=, calctol=0, cw=, floatcompare=, ignorecase=, obiwan=, reltol=, skipabstol=, skipobiwan=, skipreltol=, skiptol=
1484978662.10: Specinvoke: /home/bamvor/CPU2006/bin/specinvoke -E -d /home/bamvor/CPU2006/benchspec/CPU2006/458.sjeng/run/run_base_ref_aarch64.0005 -c 1 -e compare.err -o compare.stdout -f compare.cmd
1484978662.10: Issuing command '/home/bamvor/CPU2006/bin/specinvoke -E -d /home/bamvor/CPU2006/benchspec/CPU2006/458.sjeng/run/run_base_ref_aarch64.0005 -c 1 -e compare.err -o compare.stdout -f compare.cmd'
1484978662.10: /home/bamvor/CPU2006/bin/specinvoke -E -d /home/bamvor/CPU2006/benchspec/CPU2006/458.sjeng/run/run_base_ref_aarch64.0005 -c 1 -e compare.err -o compare.stdout -f compare.cmd
1484978662.10: Start command: Sat Jan 21 14:04:22 2017 (1484978662)
1484978663.83: Stop command: Sat Jan 21 14:04:23 2017 (1484978663)
1484978663.83: Elapsed time for command: 00:00:01 (1)
1484978663.84: Benchmark Times:
1484978663.84:   Start:    Sat Jan 21 13:21:31 2017 (1484976091)
1484978663.84:   Stop:     Sat Jan 21 14:04:21 2017 (1484978661)
1484978663.84:   Elapsed:  00:42:50 (2570)
1484978663.84:   Reported: 2562 455417000 2562.455417
1484978663.84:  Success 458.sjeng base ref ratio=4.72, runtime=2562.455417, power=0.00w, temp=0.00 deg, humidity=0.00%

1484978663.84: -----------------------------------
1484978664.05:   Running 462.libquantum ref base aarch64 default
1484978664.08: Commands to run:
1484978664.08:     -C /home/bamvor/CPU2006/benchspec/CPU2006/462.libquantum/run/run_base_ref_aarch64.0005
1484978664.08:     -o ref.out -e ref.err ../run_base_ref_aarch64.0005/libquantum_base.aarch64 1397 8 (timed)
1484978664.10: Specinvoke: /home/bamvor/CPU2006/bin/specinvoke -d /home/bamvor/CPU2006/benchspec/CPU2006/462.libquantum/run/run_base_ref_aarch64.0005 -e speccmds.err -o speccmds.stdout -f speccmds.cmd -C -q
1484978664.10: Issuing command '/home/bamvor/CPU2006/bin/specinvoke -d /home/bamvor/CPU2006/benchspec/CPU2006/462.libquantum/run/run_base_ref_aarch64.0005 -e speccmds.err -o speccmds.stdout -f speccmds.cmd -C -q'
1484978664.10: /home/bamvor/CPU2006/bin/specinvoke -d /home/bamvor/CPU2006/benchspec/CPU2006/462.libquantum/run/run_base_ref_aarch64.0005 -e speccmds.err -o speccmds.stdout -f speccmds.cmd -C -q
1484978664.11: Start command: Sat Jan 21 14:04:24 2017 (1484978664)
1484980575.09: Stop command: Sat Jan 21 14:36:15 2017 (1484980575)
1484980575.09: Elapsed time for command: 00:31:51 (1911)
1484980575.18: Workload elapsed time (0:1) = 1902.951498 seconds
1484980575.18: Copy 0 of 462.libquantum (base ref) run 1 finished at Sat Jan 21 14:36:07 2017.  Total elapsed time: 1902.951498
1484980575.18: comparing files in '/home/bamvor/CPU2006/benchspec/CPU2006/462.libquantum/run/run_base_ref_aarch64.0005'
1484980575.19: comparing 'ref.out' with abstol=, binary=, calctol=0, cw=, floatcompare=, ignorecase=, obiwan=1, reltol=, skipabstol=, skipobiwan=, skipreltol=, skiptol=
1484980575.19: Specinvoke: /home/bamvor/CPU2006/bin/specinvoke -E -d /home/bamvor/CPU2006/benchspec/CPU2006/462.libquantum/run/run_base_ref_aarch64.0005 -c 1 -e compare.err -o compare.stdout -f compare.cmd
1484980575.19: Issuing command '/home/bamvor/CPU2006/bin/specinvoke -E -d /home/bamvor/CPU2006/benchspec/CPU2006/462.libquantum/run/run_base_ref_aarch64.0005 -c 1 -e compare.err -o compare.stdout -f compare.cmd'
1484980575.19: /home/bamvor/CPU2006/bin/specinvoke -E -d /home/bamvor/CPU2006/benchspec/CPU2006/462.libquantum/run/run_base_ref_aarch64.0005 -c 1 -e compare.err -o compare.stdout -f compare.cmd
1484980575.19: Start command: Sat Jan 21 14:36:15 2017 (1484980575)
1484980576.93: Stop command: Sat Jan 21 14:36:16 2017 (1484980576)
1484980576.93: Elapsed time for command: 00:00:01 (1)
1484980576.94: Benchmark Times:
1484980576.94:   Start:    Sat Jan 21 14:04:24 2017 (1484978664)
1484980576.94:   Stop:     Sat Jan 21 14:36:15 2017 (1484980575)
1484980576.94:   Elapsed:  00:31:51 (1911)
1484980576.94:   Reported: 1902 951742000 1902.951742
1484980576.94:  Success 462.libquantum base ref ratio=10.89, runtime=1902.951742, power=0.00w, temp=0.00 deg, humidity=0.00%

1484980576.94: -----------------------------------
1484980577.21:   Running 464.h264ref ref base aarch64 default
1484980577.25: Commands to run:
1484980577.25:     -C /home/bamvor/CPU2006/benchspec/CPU2006/464.h264ref/run/run_base_ref_aarch64.0005
1484980577.25:     -o foreman_ref_baseline_encodelog.out -e foreman_ref_baseline_encodelog.err ../run_base_ref_aarch64.0005/h264ref_base.aarch64 -d foreman_ref_encoder_baseline.cfg (timed)
1484980577.25:     -o foreman_ref_main_encodelog.out -e foreman_ref_main_encodelog.err ../run_base_ref_aarch64.0005/h264ref_base.aarch64 -d foreman_ref_encoder_main.cfg (timed)
1484980577.25:     -o sss_main_encodelog.out -e sss_main_encodelog.err ../run_base_ref_aarch64.0005/h264ref_base.aarch64 -d sss_encoder_main.cfg (timed)
1484980577.27: Specinvoke: /home/bamvor/CPU2006/bin/specinvoke -d /home/bamvor/CPU2006/benchspec/CPU2006/464.h264ref/run/run_base_ref_aarch64.0005 -e speccmds.err -o speccmds.stdout -f speccmds.cmd -C -q
1484980577.28: Issuing command '/home/bamvor/CPU2006/bin/specinvoke -d /home/bamvor/CPU2006/benchspec/CPU2006/464.h264ref/run/run_base_ref_aarch64.0005 -e speccmds.err -o speccmds.stdout -f speccmds.cmd -C -q'
1484980577.28: /home/bamvor/CPU2006/bin/specinvoke -d /home/bamvor/CPU2006/benchspec/CPU2006/464.h264ref/run/run_base_ref_aarch64.0005 -e speccmds.err -o speccmds.stdout -f speccmds.cmd -C -q
1484980577.28: Start command: Sat Jan 21 14:36:17 2017 (1484980577)
1484983616.02: Stop command: Sat Jan 21 15:26:56 2017 (1484983616)
1484983616.02: Elapsed time for command: 00:50:39 (3039)
1484983616.11: Workload elapsed time (0:1) = 338.254305 seconds
1484983616.11: Workload elapsed time (0:2) = 265.727985 seconds
1484983616.11: Workload elapsed time (0:3) = 2426.724232 seconds
1484983616.11: Copy 0 of 464.h264ref (base ref) run 1 finished at Sat Jan 21 15:26:48 2017.  Total elapsed time: 3030.706522
1484983616.12: comparing files in '/home/bamvor/CPU2006/benchspec/CPU2006/464.h264ref/run/run_base_ref_aarch64.0005'
1484983616.13: comparing 'foreman_ref_baseline_encodelog.out' with abstol=, binary=, calctol=0, cw=1, floatcompare=1, ignorecase=, obiwan=, reltol=, skipabstol=, skipobiwan=, skipreltol=, skiptol=
1484983616.13: comparing 'foreman_ref_baseline_leakybucketparam.cfg' with abstol=, binary=1, calctol=0, cw=1, floatcompare=1, ignorecase=, obiwan=, reltol=, skipabstol=, skipobiwan=, skipreltol=, skiptol=
1484983616.13: comparing 'foreman_ref_main_encodelog.out' with abstol=, binary=, calctol=0, cw=1, floatcompare=1, ignorecase=, obiwan=, reltol=, skipabstol=, skipobiwan=, skipreltol=, skiptol=
1484983616.14: comparing 'foreman_ref_main_leakybucketparam.cfg' with abstol=, binary=1, calctol=0, cw=1, floatcompare=1, ignorecase=, obiwan=, reltol=, skipabstol=, skipobiwan=, skipreltol=, skiptol=
1484983616.14: comparing 'sss_main_encodelog.out' with abstol=, binary=, calctol=0, cw=1, floatcompare=1, ignorecase=, obiwan=, reltol=, skipabstol=, skipobiwan=, skipreltol=, skiptol=
1484983616.14: comparing 'sss_main_leakybucketparam.cfg' with abstol=, binary=1, calctol=0, cw=1, floatcompare=1, ignorecase=, obiwan=, reltol=, skipabstol=, skipobiwan=, skipreltol=, skiptol=
1484983616.14: Specinvoke: /home/bamvor/CPU2006/bin/specinvoke -E -d /home/bamvor/CPU2006/benchspec/CPU2006/464.h264ref/run/run_base_ref_aarch64.0005 -c 1 -e compare.err -o compare.stdout -f compare.cmd
1484983616.15: Issuing command '/home/bamvor/CPU2006/bin/specinvoke -E -d /home/bamvor/CPU2006/benchspec/CPU2006/464.h264ref/run/run_base_ref_aarch64.0005 -c 1 -e compare.err -o compare.stdout -f compare.cmd'
1484983616.15: /home/bamvor/CPU2006/bin/specinvoke -E -d /home/bamvor/CPU2006/benchspec/CPU2006/464.h264ref/run/run_base_ref_aarch64.0005 -c 1 -e compare.err -o compare.stdout -f compare.cmd
1484983616.15: Start command: Sat Jan 21 15:26:56 2017 (1484983616)
1484983628.39: Stop command: Sat Jan 21 15:27:08 2017 (1484983628)
1484983628.39: Elapsed time for command: 00:00:12 (12)
1484983628.40: Benchmark Times:
1484983628.40:   Start:    Sat Jan 21 14:36:17 2017 (1484980577)
1484983628.40:   Stop:     Sat Jan 21 15:26:56 2017 (1484983616)
1484983628.40:   Elapsed:  00:50:39 (3039)
1484983628.40:   Reported: 3030 706818000 3030.706818
1484983628.40:  Success 464.h264ref base ref ratio=7.30, runtime=3030.706818, power=0.00w, temp=0.00 deg, humidity=0.00%

1484983628.40: -----------------------------------
1484983629.24:   Running 483.xalancbmk ref base aarch64 default
1484983629.27: Commands to run:
1484983629.28:     -C /home/bamvor/CPU2006/benchspec/CPU2006/483.xalancbmk/run/run_base_ref_aarch64.0005
1484983629.28:     -o ref.out -e ref.err ../run_base_ref_aarch64.0005/Xalan_base.aarch64 -v t5.xml xalanc.xsl (timed)
1484983629.30: Specinvoke: /home/bamvor/CPU2006/bin/specinvoke -d /home/bamvor/CPU2006/benchspec/CPU2006/483.xalancbmk/run/run_base_ref_aarch64.0005 -e speccmds.err -o speccmds.stdout -f speccmds.cmd -C -q
1484983629.30: Issuing command '/home/bamvor/CPU2006/bin/specinvoke -d /home/bamvor/CPU2006/benchspec/CPU2006/483.xalancbmk/run/run_base_ref_aarch64.0005 -e speccmds.err -o speccmds.stdout -f speccmds.cmd -C -q'
1484983629.30: /home/bamvor/CPU2006/bin/specinvoke -d /home/bamvor/CPU2006/benchspec/CPU2006/483.xalancbmk/run/run_base_ref_aarch64.0005 -e speccmds.err -o speccmds.stdout -f speccmds.cmd -C -q
1484983629.30: Start command: Sat Jan 21 15:27:09 2017 (1484983629)
1484985468.33: Stop command: Sat Jan 21 15:57:48 2017 (1484985468)
1484985468.33: Elapsed time for command: 00:30:39 (1839)
1484985468.41: Workload elapsed time (0:1) = 1830.97801 seconds
1484985468.41: Copy 0 of 483.xalancbmk (base ref) run 1 finished at Sat Jan 21 15:57:40 2017.  Total elapsed time: 1830.97801
1484985468.42: comparing files in '/home/bamvor/CPU2006/benchspec/CPU2006/483.xalancbmk/run/run_base_ref_aarch64.0005'
1484985468.42: comparing 'ref.out' with abstol=, binary=, calctol=0, cw=, floatcompare=, ignorecase=, obiwan=, reltol=, skipabstol=, skipobiwan=, skipreltol=, skiptol=
1484985468.43: Specinvoke: /home/bamvor/CPU2006/bin/specinvoke -E -d /home/bamvor/CPU2006/benchspec/CPU2006/483.xalancbmk/run/run_base_ref_aarch64.0005 -c 1 -e compare.err -o compare.stdout -f compare.cmd
1484985468.43: Issuing command '/home/bamvor/CPU2006/bin/specinvoke -E -d /home/bamvor/CPU2006/benchspec/CPU2006/483.xalancbmk/run/run_base_ref_aarch64.0005 -c 1 -e compare.err -o compare.stdout -f compare.cmd'
1484985468.43: /home/bamvor/CPU2006/bin/specinvoke -E -d /home/bamvor/CPU2006/benchspec/CPU2006/483.xalancbmk/run/run_base_ref_aarch64.0005 -c 1 -e compare.err -o compare.stdout -f compare.cmd
1484985468.43: Start command: Sat Jan 21 15:57:48 2017 (1484985468)
1484985475.05: Stop command: Sat Jan 21 15:57:55 2017 (1484985475)
1484985475.05: Elapsed time for command: 00:00:07 (7)
1484985475.05: Benchmark Times:
1484985475.05:   Start:    Sat Jan 21 15:27:09 2017 (1484983629)
1484985475.05:   Stop:     Sat Jan 21 15:57:48 2017 (1484985468)
1484985475.05:   Elapsed:  00:30:39 (1839)
1484985475.05:   Reported: 1830 978213000 1830.978213
1484985475.05:  Success 483.xalancbmk base ref ratio=3.77, runtime=1830.978213, power=0.00w, temp=0.00 deg, humidity=0.00%
1484985475.06: Success: 1x400.perlbench 1x401.bzip2 1x429.mcf 1x445.gobmk 1x458.sjeng 1x462.libquantum 1x464.h264ref 1x483.xalancbmk
1484985475.17: Producing Raw Reports
1484985475.17: mach: default
1484985475.17:   ext: aarch64
1484985475.17:     size: ref
1484985475.17:       set: int
1484985475.29: NOTICE: sw_compiler is longer than 50 characters and will be split
1484985475.30: WARNING: the following line:
1484985475.30: -----
1484985475.30: Using built-in specs. COLLECT_GCC=aarch64-linux-gnu-gcc COLLECT_LTO_WRAPPER=/home/bamvor/works/software/toolchain/gcc-linaro-6.2.1-2016.11-x86_64_aarch64-linux-gnu/gcc-linaro-6.2.1-2016.11-x86_64_aarch64-linux-gnu/bin/../libexec/gcc/aarch64-linux-gnu/6.2.1/lto-wrapper Target: aarch64-linux-gnu Configured with: /home/tcwg-buildslave/workspace/tcwg-make-release/label/docker-trusty-amd64-tcwg-build/target/aarch64-linux-gnu/snapshots/gcc-linaro-6.2-2016.11/configure SHELL=/bin/bash --with-mpc=/home/tcwg-buildslave/workspace/tcwg-make-release/label/docker-trusty-amd64-tcwg-build/target/aarch64-linux-gnu/_build/builds/destdir/x86_64-unknown-linux-gnu --with-mpfr=/home/tcwg-buildslave/workspace/tcwg-make-release/label/docker-trusty-amd64-tcwg-build/target/aarch64-linux-gnu/_build/builds/destdir/x86_64-unknown-linux-gnu --with-gmp=/home/tcwg-buildslave/workspace/tcwg-make-release/label/docker-trusty-amd64-tcwg-build/target/aarch64-linux-gnu/_build/builds/destdir/x86_64-unknown-linux-gnu --with-gnu-as --with-gnu-ld --disable-libstdcxx-pch --disable-libmudflap --with-cloog=no --with-ppl=no --with-isl=no --disable-nls --enable-c99 --enable-gnu-indirect-function --disable-multilib --with-arch=armv8-a --enable-fix-cortex-a53-835769 --enable-fix-cortex-a53-843419 --enable-multiarch --with-build-sysroot=/home/tcwg-buildslave/workspace/tcwg-make-release/label/docker-trusty-amd64-tcwg-build/target/aarch64-linux-gnu/_build/sysroots/aarch64-linux-gnu --enable-lto --enable-linker-build-id --enable-long-long --enable-shared --with-sysroot=/home/tcwg-buildslave/workspace/tcwg-make-release/label/docker-trusty-amd64-tcwg-build/target/aarch64-linux-gnu/_build/builds/destdir/x86_64-unknown-linux-gnu/aarch64-linux-gnu/libc --enable-languages=c,c++,fortran,lto --enable-checking=release --disable-bootstrap --build=x86_64-unknown-linux-gnu --host=x86_64-unknown-linux-gnu --target=aarch64-linux-gnu --prefix=/home/tcwg-buildslave/workspace/tcwg-make-release/label/docker-trusty-amd64-tcwg-build/target/aarch64-linux-gnu/_build/builds/destdir/x86_64-unknown-linux-gnu Thread model: posix gcc version 6.2.1 20161016 (Linaro GCC 6.2-2016.11)
1484985475.30: -----
1484985475.30: contains an element longer than 50 columns and could not be split.
1484985475.48:         format: raw -> /home/bamvor/CPU2006/result/CINT2006.082.ref.rsf

1484985481.17: NOTICE: sw_compiler is longer than 50 characters and will be split
1484985481.18: WARNING: the following line:
1484985481.18: -----
1484985481.18: Using built-in specs. COLLECT_GCC=aarch64-linux-gnu-gcc COLLECT_LTO_WRAPPER=/home/bamvor/works/software/toolchain/gcc-linaro-6.2.1-2016.11-x86_64_aarch64-linux-gnu/gcc-linaro-6.2.1-2016.11-x86_64_aarch64-linux-gnu/bin/../libexec/gcc/aarch64-linux-gnu/6.2.1/lto-wrapper Target: aarch64-linux-gnu Configured with: /home/tcwg-buildslave/workspace/tcwg-make-release/label/docker-trusty-amd64-tcwg-build/target/aarch64-linux-gnu/snapshots/gcc-linaro-6.2-2016.11/configure SHELL=/bin/bash --with-mpc=/home/tcwg-buildslave/workspace/tcwg-make-release/label/docker-trusty-amd64-tcwg-build/target/aarch64-linux-gnu/_build/builds/destdir/x86_64-unknown-linux-gnu --with-mpfr=/home/tcwg-buildslave/workspace/tcwg-make-release/label/docker-trusty-amd64-tcwg-build/target/aarch64-linux-gnu/_build/builds/destdir/x86_64-unknown-linux-gnu --with-gmp=/home/tcwg-buildslave/workspace/tcwg-make-release/label/docker-trusty-amd64-tcwg-build/target/aarch64-linux-gnu/_build/builds/destdir/x86_64-unknown-linux-gnu --with-gnu-as --with-gnu-ld --disable-libstdcxx-pch --disable-libmudflap --with-cloog=no --with-ppl=no --with-isl=no --disable-nls --enable-c99 --enable-gnu-indirect-function --disable-multilib --with-arch=armv8-a --enable-fix-cortex-a53-835769 --enable-fix-cortex-a53-843419 --enable-multiarch --with-build-sysroot=/home/tcwg-buildslave/workspace/tcwg-make-release/label/docker-trusty-amd64-tcwg-build/target/aarch64-linux-gnu/_build/sysroots/aarch64-linux-gnu --enable-lto --enable-linker-build-id --enable-long-long --enable-shared --with-sysroot=/home/tcwg-buildslave/workspace/tcwg-make-release/label/docker-trusty-amd64-tcwg-build/target/aarch64-linux-gnu/_build/builds/destdir/x86_64-unknown-linux-gnu/aarch64-linux-gnu/libc --enable-languages=c,c++,fortran,lto --enable-checking=release --disable-bootstrap --build=x86_64-unknown-linux-gnu --host=x86_64-unknown-linux-gnu --target=aarch64-linux-gnu --prefix=/home/tcwg-buildslave/workspace/tcwg-make-release/label/docker-trusty-amd64-tcwg-build/target/aarch64-linux-gnu/_build/builds/destdir/x86_64-unknown-linux-gnu Thread model: posix gcc version 6.2.1 20161016 (Linaro GCC 6.2-2016.11)
1484985481.18: -----
1484985481.18: contains an element longer than 50 columns and could not be split.
1484985484.62: Parsing flags for 400.perlbench base: done
1484985484.81: Parsing flags for 401.bzip2 base: done
1484985484.96: Parsing flags for 429.mcf base: done
1484985485.24: Parsing flags for 445.gobmk base: done
1484985485.34: Parsing flags for 458.sjeng base: done
1484985485.58: Parsing flags for 462.libquantum base: done
1484985486.01: Parsing flags for 464.h264ref base: done
1484985486.72: Parsing flags for 483.xalancbmk base: done
1484985486.77: Doing flag reduction: done
1484985486.89:         format: ASCII -> /home/bamvor/CPU2006/result/CINT2006.082.ref.txt
1484985486.90:         format: config -> /home/bamvor/CPU2006/result/CINT2006.082.ref.cfg, /home/bamvor/CPU2006/result/CINT2006.082.ref.orig.cfg
1484985486.94:         format: CSV -> /home/bamvor/CPU2006/result/CINT2006.082.ref.csv
1484985487.15:       set: fp

1484985487.18: The log for this run is in /home/bamvor/CPU2006/result/CPU2006.082.log

1484985487.18: runspec finished at Sat Jan 21 15:58:07 2017; 1484985432 total seconds elapsed
