runspec v6674 started at Thu Jan  1 08:00:53 1970 on "localhost"
runspec is: /home/bamvor/CPU2006/bin/runspec
runspec: runspec -c linaro_aarch64.cfg --nobuild --size=ref -n 1 --noreportable --tune=base perlbench bzip2 mcf gobmk sjeng libquantum h264ref xalancbmk
toolset: linux-aarch64

Locating benchmarks...found 31 benchmarks in 6 benchsets.
Reading config file '/home/bamvor/CPU2006/config/linaro_aarch64.cfg'

56.41: Verbosity = 5
56.41: Action    = validate
56.41: Tune      = base
56.41: Ext       = aarch64
56.41: Size      = ref
56.41: Machine   = default
56.41: benchmarks= 400.perlbench,401.bzip2,429.mcf,445.gobmk,458.sjeng,462.libquantum,464.h264ref,483.xalancbmk
56.41: outputs   = asc,csv,config
56.41: username  = root
56.41: Benchmarks selected: 400.perlbench, 401.bzip2, 429.mcf, 445.gobmk, 458.sjeng, 462.libquantum, 464.h264ref, 483.xalancbmk
56.52: Compiling Binaries

56.52: ------------------------------------------------------------------------
57.19:   Up to date 400.perlbench base aarch64 default

57.20: ------------------------------------------------------------------------
57.78:   Up to date 401.bzip2 base aarch64 default

57.78: ------------------------------------------------------------------------
58.36:   Up to date 429.mcf base aarch64 default

58.36: ------------------------------------------------------------------------
59.05:   Up to date 445.gobmk base aarch64 default

59.05: ------------------------------------------------------------------------
59.64:   Up to date 458.sjeng base aarch64 default

59.64: ------------------------------------------------------------------------
60.23:   Up to date 462.libquantum base aarch64 default

60.23: ------------------------------------------------------------------------
60.87:   Up to date 464.h264ref base aarch64 default

60.87: ------------------------------------------------------------------------
61.90:   Up to date 483.xalancbmk base aarch64 default


61.90: Setting Up Run Directories
61.90(0.02s):   Setting up 400.perlbench ref base aarch64 default: 
61.92: Notice: Unusable path detected in run directory list file.
61.92:   /home/bamvor/CPU2006/benchspec/CPU2006/400.perlbench/run/list
61.92: references one or more paths which will be ignored, because they are
61.92: not subdirectories of this run directory.  This condition may be a
61.92: result of having moved your SPEC benchmark tree.  If that's what happened,
61.92: and if you don't need the old run directories, you can just remove
61.92: them, along with the list file.  (Usually it's safe to delete old
61.92: run directories, as they are automatically re-created when needed.)


73.77: existing (run_base_ref_aarch64.0006)
73.77(0.04s):   Setting up 401.bzip2 ref base aarch64 default: 
73.81: Notice: Unusable path detected in run directory list file.
73.81:   /home/bamvor/CPU2006/benchspec/CPU2006/401.bzip2/run/list
73.81: references one or more paths which will be ignored, because they are
73.81: not subdirectories of this run directory.  This condition may be a
73.81: result of having moved your SPEC benchmark tree.  If that's what happened,
73.81: and if you don't need the old run directories, you can just remove
73.81: them, along with the list file.  (Usually it's safe to delete old
73.81: run directories, as they are automatically re-created when needed.)


80.64: existing (run_base_ref_aarch64.0006)
80.64(0.01s):   Setting up 429.mcf ref base aarch64 default: 
80.65: Notice: Unusable path detected in run directory list file.
80.65:   /home/bamvor/CPU2006/benchspec/CPU2006/429.mcf/run/list
80.65: references one or more paths which will be ignored, because they are
80.65: not subdirectories of this run directory.  This condition may be a
80.65: result of having moved your SPEC benchmark tree.  If that's what happened,
80.65: and if you don't need the old run directories, you can just remove
80.65: them, along with the list file.  (Usually it's safe to delete old
80.65: run directories, as they are automatically re-created when needed.)


80.94: existing (run_base_ref_aarch64.0005)
80.94(0.05s):   Setting up 445.gobmk ref base aarch64 default: 
80.99: Notice: Unusable path detected in run directory list file.
80.99:   /home/bamvor/CPU2006/benchspec/CPU2006/445.gobmk/run/list
80.99: references one or more paths which will be ignored, because they are
80.99: not subdirectories of this run directory.  This condition may be a
80.99: result of having moved your SPEC benchmark tree.  If that's what happened,
80.99: and if you don't need the old run directories, you can just remove
80.99: them, along with the list file.  (Usually it's safe to delete old
80.99: run directories, as they are automatically re-created when needed.)


87.20: existing (run_base_ref_aarch64.0005)
87.20(0.07s):   Setting up 458.sjeng ref base aarch64 default: 
87.27: Notice: Unusable path detected in run directory list file.
87.27:   /home/bamvor/CPU2006/benchspec/CPU2006/458.sjeng/run/list
87.27: references one or more paths which will be ignored, because they are
87.27: not subdirectories of this run directory.  This condition may be a
87.27: result of having moved your SPEC benchmark tree.  If that's what happened,
87.27: and if you don't need the old run directories, you can just remove
87.27: them, along with the list file.  (Usually it's safe to delete old
87.27: run directories, as they are automatically re-created when needed.)


87.40: existing (run_base_ref_aarch64.0005)
87.40(0.51s):   Setting up 462.libquantum ref base aarch64 default: 
87.91: Notice: Unusable path detected in run directory list file.
87.91:   /home/bamvor/CPU2006/benchspec/CPU2006/462.libquantum/run/list
87.91: references one or more paths which will be ignored, because they are
87.91: not subdirectories of this run directory.  This condition may be a
87.91: result of having moved your SPEC benchmark tree.  If that's what happened,
87.91: and if you don't need the old run directories, you can just remove
87.91: them, along with the list file.  (Usually it's safe to delete old
87.91: run directories, as they are automatically re-created when needed.)


88.07: existing (run_base_ref_aarch64.0005)
88.07(0.73s):   Setting up 464.h264ref ref base aarch64 default: 
88.80: Notice: Unusable path detected in run directory list file.
88.80:   /home/bamvor/CPU2006/benchspec/CPU2006/464.h264ref/run/list
88.80: references one or more paths which will be ignored, because they are
88.80: not subdirectories of this run directory.  This condition may be a
88.80: result of having moved your SPEC benchmark tree.  If that's what happened,
88.80: and if you don't need the old run directories, you can just remove
88.80: them, along with the list file.  (Usually it's safe to delete old
88.80: run directories, as they are automatically re-created when needed.)


91.57: existing (run_base_ref_aarch64.0005)
91.57(0.80s):   Setting up 483.xalancbmk ref base aarch64 default: 
92.37: Notice: Unusable path detected in run directory list file.
92.37:   /home/bamvor/CPU2006/benchspec/CPU2006/483.xalancbmk/run/list
92.37: references one or more paths which will be ignored, because they are
92.37: not subdirectories of this run directory.  This condition may be a
92.37: result of having moved your SPEC benchmark tree.  If that's what happened,
92.37: and if you don't need the old run directories, you can just remove
92.37: them, along with the list file.  (Usually it's safe to delete old
92.37: run directories, as they are automatically re-created when needed.)


95.61: existing (run_base_ref_aarch64.0005)

95.61: -----------------------------------
95.61: Running Benchmarks

95.62: -----------------------------------
97.42:   Running 400.perlbench ref base aarch64 default
97.87: Commands to run:
97.87:     -C /home/bamvor/CPU2006/benchspec/CPU2006/400.perlbench/run/run_base_ref_aarch64.0006
97.87:     -o checkspam.2500.5.25.11.150.1.1.1.1.out -e checkspam.2500.5.25.11.150.1.1.1.1.err ../run_base_ref_aarch64.0006/perlbench_base.aarch64 -I./lib checkspam.pl 2500 5 25 11 150 1 1 1 1 (timed)
97.87:     -o diffmail.4.800.10.17.19.300.out -e diffmail.4.800.10.17.19.300.err ../run_base_ref_aarch64.0006/perlbench_base.aarch64 -I./lib diffmail.pl 4 800 10 17 19 300 (timed)
97.87:     -o splitmail.1600.12.26.16.4500.out -e splitmail.1600.12.26.16.4500.err ../run_base_ref_aarch64.0006/perlbench_base.aarch64 -I./lib splitmail.pl 1600 12 26 16 4500 (timed)
97.90: Specinvoke: /home/bamvor/CPU2006/bin/specinvoke -d /home/bamvor/CPU2006/benchspec/CPU2006/400.perlbench/run/run_base_ref_aarch64.0006 -e speccmds.err -o speccmds.stdout -f speccmds.cmd -C -q
97.90: Issuing command '/home/bamvor/CPU2006/bin/specinvoke -d /home/bamvor/CPU2006/benchspec/CPU2006/400.perlbench/run/run_base_ref_aarch64.0006 -e speccmds.err -o speccmds.stdout -f speccmds.cmd -C -q'
97.90: /home/bamvor/CPU2006/bin/specinvoke -d /home/bamvor/CPU2006/benchspec/CPU2006/400.perlbench/run/run_base_ref_aarch64.0006 -e speccmds.err -o speccmds.stdout -f speccmds.cmd -C -q
97.90: Start command: Thu Jan  1 08:01:37 1970 (97)
1484920254.66: Stop command: Fri Jan 20 21:50:54 2017 (1484920254)
1484920254.66: Elapsed time for command: 412477:49:17 (1484920157)
1484920254.74: Workload elapsed time (0:1) = 1484919091.78716 seconds
1484920254.75: Workload elapsed time (0:2) = 414.486605 seconds
1484920254.75: Workload elapsed time (0:3) = 642.467354 seconds
1484920254.75: Copy 0 of 400.perlbench (base ref) run 1 finished at Fri Jan 20 21:50:46 2017.  Total elapsed time: 1484920148.74112
1484920254.75: comparing files in '/home/bamvor/CPU2006/benchspec/CPU2006/400.perlbench/run/run_base_ref_aarch64.0006'
1484920254.76: comparing 'checkspam.2500.5.25.11.150.1.1.1.1.out' with abstol=, binary=, calctol=0, cw=, floatcompare=, ignorecase=, obiwan=, reltol=, skipabstol=, skipobiwan=, skipreltol=, skiptol=
1484920254.76: comparing 'diffmail.4.800.10.17.19.300.out' with abstol=, binary=, calctol=0, cw=, floatcompare=, ignorecase=, obiwan=, reltol=, skipabstol=, skipobiwan=, skipreltol=, skiptol=
1484920254.76: comparing 'splitmail.1600.12.26.16.4500.out' with abstol=, binary=, calctol=0, cw=, floatcompare=, ignorecase=, obiwan=, reltol=, skipabstol=, skipobiwan=, skipreltol=, skiptol=
1484920254.77: Specinvoke: /home/bamvor/CPU2006/bin/specinvoke -E -d /home/bamvor/CPU2006/benchspec/CPU2006/400.perlbench/run/run_base_ref_aarch64.0006 -c 1 -e compare.err -o compare.stdout -f compare.cmd
1484920254.77: Issuing command '/home/bamvor/CPU2006/bin/specinvoke -E -d /home/bamvor/CPU2006/benchspec/CPU2006/400.perlbench/run/run_base_ref_aarch64.0006 -c 1 -e compare.err -o compare.stdout -f compare.cmd'
1484920254.77: /home/bamvor/CPU2006/bin/specinvoke -E -d /home/bamvor/CPU2006/benchspec/CPU2006/400.perlbench/run/run_base_ref_aarch64.0006 -c 1 -e compare.err -o compare.stdout -f compare.cmd
1484920254.77: Start command: Fri Jan 20 21:50:54 2017 (1484920254)
1484920260.98: Stop command: Fri Jan 20 21:51:00 2017 (1484920260)
1484920260.98: Elapsed time for command: 00:00:06 (6)
1484920260.98: Benchmark Times:
1484920260.98:   Start:    Thu Jan  1 08:01:37 1970 (97)
1484920260.98:   Stop:     Fri Jan 20 21:50:54 2017 (1484920254)
1484920260.98:   Elapsed:  412477:49:17 (1484920157)
1484920260.98:   Reported: 1484920148 741397000 1484920148.7414
1484920260.98:  Success 400.perlbench base ref ratio=0.00, runtime=1484920148.741397, power=0.00w, temp=0.00 deg, humidity=0.00%

1484920260.99: -----------------------------------
1484920261.10:   Running 401.bzip2 ref base aarch64 default
1484920261.15: Commands to run:
1484920261.15:     -C /home/bamvor/CPU2006/benchspec/CPU2006/401.bzip2/run/run_base_ref_aarch64.0006
1484920261.15:     -o input.source.out -e input.source.err ../run_base_ref_aarch64.0006/bzip2_base.aarch64 input.source 280 (timed)
1484920261.15:     -o chicken.jpg.out -e chicken.jpg.err ../run_base_ref_aarch64.0006/bzip2_base.aarch64 chicken.jpg 30 (timed)
1484920261.15:     -o liberty.jpg.out -e liberty.jpg.err ../run_base_ref_aarch64.0006/bzip2_base.aarch64 liberty.jpg 30 (timed)
1484920261.15:     -o input.program.out -e input.program.err ../run_base_ref_aarch64.0006/bzip2_base.aarch64 input.program 280 (timed)
1484920261.15:     -o text.html.out -e text.html.err ../run_base_ref_aarch64.0006/bzip2_base.aarch64 text.html 280 (timed)
1484920261.15:     -o input.combined.out -e input.combined.err ../run_base_ref_aarch64.0006/bzip2_base.aarch64 input.combined 200 (timed)
1484920261.17: Specinvoke: /home/bamvor/CPU2006/bin/specinvoke -d /home/bamvor/CPU2006/benchspec/CPU2006/401.bzip2/run/run_base_ref_aarch64.0006 -e speccmds.err -o speccmds.stdout -f speccmds.cmd -C -q
1484920261.17: Issuing command '/home/bamvor/CPU2006/bin/specinvoke -d /home/bamvor/CPU2006/benchspec/CPU2006/401.bzip2/run/run_base_ref_aarch64.0006 -e speccmds.err -o speccmds.stdout -f speccmds.cmd -C -q'
1484920261.17: /home/bamvor/CPU2006/bin/specinvoke -d /home/bamvor/CPU2006/benchspec/CPU2006/401.bzip2/run/run_base_ref_aarch64.0006 -e speccmds.err -o speccmds.stdout -f speccmds.cmd -C -q
1484920261.17: Start command: Fri Jan 20 21:51:01 2017 (1484920261)
1484923913.63: Stop command: Fri Jan 20 22:51:53 2017 (1484923913)
1484923913.63: Elapsed time for command: 01:00:52 (3652)
1484923913.71: Workload elapsed time (0:1) = 634.76815 seconds
1484923913.71: Workload elapsed time (0:2) = 269.008802 seconds
1484923913.71: Workload elapsed time (0:3) = 650.455538 seconds
1484923913.72: Workload elapsed time (0:4) = 607.538112 seconds
1484923913.72: Workload elapsed time (0:5) = 967.848212 seconds
1484923913.72: Workload elapsed time (0:6) = 514.80298 seconds
1484923913.72: Copy 0 of 401.bzip2 (base ref) run 1 finished at Fri Jan 20 22:51:45 2017.  Total elapsed time: 3644.421794
1484923913.72: comparing files in '/home/bamvor/CPU2006/benchspec/CPU2006/401.bzip2/run/run_base_ref_aarch64.0006'
1484923913.73: comparing 'chicken.jpg.out' with abstol=, binary=, calctol=0, cw=, floatcompare=, ignorecase=, obiwan=, reltol=, skipabstol=, skipobiwan=, skipreltol=, skiptol=
1484923913.73: comparing 'input.combined.out' with abstol=, binary=, calctol=0, cw=, floatcompare=, ignorecase=, obiwan=, reltol=, skipabstol=, skipobiwan=, skipreltol=, skiptol=
1484923913.74: comparing 'input.program.out' with abstol=, binary=, calctol=0, cw=, floatcompare=, ignorecase=, obiwan=, reltol=, skipabstol=, skipobiwan=, skipreltol=, skiptol=
1484923913.74: comparing 'input.source.out' with abstol=, binary=, calctol=0, cw=, floatcompare=, ignorecase=, obiwan=, reltol=, skipabstol=, skipobiwan=, skipreltol=, skiptol=
1484923913.74: comparing 'liberty.jpg.out' with abstol=, binary=, calctol=0, cw=, floatcompare=, ignorecase=, obiwan=, reltol=, skipabstol=, skipobiwan=, skipreltol=, skiptol=
1484923913.74: comparing 'text.html.out' with abstol=, binary=, calctol=0, cw=, floatcompare=, ignorecase=, obiwan=, reltol=, skipabstol=, skipobiwan=, skipreltol=, skiptol=
1484923913.75: Specinvoke: /home/bamvor/CPU2006/bin/specinvoke -E -d /home/bamvor/CPU2006/benchspec/CPU2006/401.bzip2/run/run_base_ref_aarch64.0006 -c 1 -e compare.err -o compare.stdout -f compare.cmd
1484923913.75: Issuing command '/home/bamvor/CPU2006/bin/specinvoke -E -d /home/bamvor/CPU2006/benchspec/CPU2006/401.bzip2/run/run_base_ref_aarch64.0006 -c 1 -e compare.err -o compare.stdout -f compare.cmd'
1484923913.75: /home/bamvor/CPU2006/bin/specinvoke -E -d /home/bamvor/CPU2006/benchspec/CPU2006/401.bzip2/run/run_base_ref_aarch64.0006 -c 1 -e compare.err -o compare.stdout -f compare.cmd
1484923913.75: Start command: Fri Jan 20 22:51:53 2017 (1484923913)
1484923925.97: Stop command: Fri Jan 20 22:52:05 2017 (1484923925)
1484923925.97: Elapsed time for command: 00:00:12 (12)
1484923925.97: Benchmark Times:
1484923925.97:   Start:    Fri Jan 20 21:51:01 2017 (1484920261)
1484923925.97:   Stop:     Fri Jan 20 22:51:53 2017 (1484923913)
1484923925.97:   Elapsed:  01:00:52 (3652)
1484923925.97:   Reported: 3644 422207000 3644.422207
1484923925.97:  Success 401.bzip2 base ref ratio=2.65, runtime=3644.422207, power=0.00w, temp=0.00 deg, humidity=0.00%

1484923925.98: -----------------------------------
1484923926.09:   Running 429.mcf ref base aarch64 default
1484923926.12: Commands to run:
1484923926.12:     -C /home/bamvor/CPU2006/benchspec/CPU2006/429.mcf/run/run_base_ref_aarch64.0005
1484923926.13:     -o inp.out -e inp.err ../run_base_ref_aarch64.0005/mcf_base.aarch64 inp.in (timed)
1484923926.14: Specinvoke: /home/bamvor/CPU2006/bin/specinvoke -d /home/bamvor/CPU2006/benchspec/CPU2006/429.mcf/run/run_base_ref_aarch64.0005 -e speccmds.err -o speccmds.stdout -f speccmds.cmd -C -q
1484923926.15: Issuing command '/home/bamvor/CPU2006/bin/specinvoke -d /home/bamvor/CPU2006/benchspec/CPU2006/429.mcf/run/run_base_ref_aarch64.0005 -e speccmds.err -o speccmds.stdout -f speccmds.cmd -C -q'
1484923926.15: /home/bamvor/CPU2006/bin/specinvoke -d /home/bamvor/CPU2006/benchspec/CPU2006/429.mcf/run/run_base_ref_aarch64.0005 -e speccmds.err -o speccmds.stdout -f speccmds.cmd -C -q
1484923926.15: Start command: Fri Jan 20 22:52:06 2017 (1484923926)
1484928372.79: Stop command: Sat Jan 21 00:06:12 2017 (1484928372)
1484928372.79: Elapsed time for command: 01:14:06 (4446)
1484928372.89: Workload elapsed time (0:1) = 4438.571796 seconds
1484928372.89: Copy 0 of 429.mcf (base ref) run 1 finished at Sat Jan 21 00:06:04 2017.  Total elapsed time: 4438.571796
1484928372.89: comparing files in '/home/bamvor/CPU2006/benchspec/CPU2006/429.mcf/run/run_base_ref_aarch64.0005'
1484928372.91: comparing 'inp.out' with abstol=, binary=, calctol=0, cw=, floatcompare=, ignorecase=, obiwan=, reltol=, skipabstol=, skipobiwan=, skipreltol=, skiptol=
1484928372.91: comparing 'mcf.out' with abstol=, binary=, calctol=0, cw=, floatcompare=, ignorecase=, obiwan=, reltol=, skipabstol=, skipobiwan=, skipreltol=, skiptol=
1484928372.92: Specinvoke: /home/bamvor/CPU2006/bin/specinvoke -E -d /home/bamvor/CPU2006/benchspec/CPU2006/429.mcf/run/run_base_ref_aarch64.0005 -c 1 -e compare.err -o compare.stdout -f compare.cmd
1484928372.92: Issuing command '/home/bamvor/CPU2006/bin/specinvoke -E -d /home/bamvor/CPU2006/benchspec/CPU2006/429.mcf/run/run_base_ref_aarch64.0005 -c 1 -e compare.err -o compare.stdout -f compare.cmd'
1484928372.92: /home/bamvor/CPU2006/bin/specinvoke -E -d /home/bamvor/CPU2006/benchspec/CPU2006/429.mcf/run/run_base_ref_aarch64.0005 -c 1 -e compare.err -o compare.stdout -f compare.cmd
1484928372.92: Start command: Sat Jan 21 00:06:12 2017 (1484928372)
1484928376.63: Stop command: Sat Jan 21 00:06:16 2017 (1484928376)
1484928376.63: Elapsed time for command: 00:00:04 (4)
1484928376.64: Benchmark Times:
1484928376.64:   Start:    Fri Jan 20 22:52:06 2017 (1484923926)
1484928376.64:   Stop:     Sat Jan 21 00:06:12 2017 (1484928372)
1484928376.64:   Elapsed:  01:14:06 (4446)
1484928376.64:   Reported: 4438 572093000 4438.572093
1484928376.64:  Success 429.mcf base ref ratio=2.05, runtime=4438.572093, power=0.00w, temp=0.00 deg, humidity=0.00%

1484928376.64: -----------------------------------
1484928378.07:   Running 445.gobmk ref base aarch64 default
1484928378.57: Commands to run:
1484928378.58:     -C /home/bamvor/CPU2006/benchspec/CPU2006/445.gobmk/run/run_base_ref_aarch64.0005
1484928378.58:     -i 13x13.tst -o 13x13.out -e 13x13.err ../run_base_ref_aarch64.0005/gobmk_base.aarch64 --quiet --mode gtp (timed)
1484928378.58:     -i nngs.tst -o nngs.out -e nngs.err ../run_base_ref_aarch64.0005/gobmk_base.aarch64 --quiet --mode gtp (timed)
1484928378.58:     -i score2.tst -o score2.out -e score2.err ../run_base_ref_aarch64.0005/gobmk_base.aarch64 --quiet --mode gtp (timed)
1484928378.58:     -i trevorc.tst -o trevorc.out -e trevorc.err ../run_base_ref_aarch64.0005/gobmk_base.aarch64 --quiet --mode gtp (timed)
1484928378.58:     -i trevord.tst -o trevord.out -e trevord.err ../run_base_ref_aarch64.0005/gobmk_base.aarch64 --quiet --mode gtp (timed)
1484928378.60: Specinvoke: /home/bamvor/CPU2006/bin/specinvoke -d /home/bamvor/CPU2006/benchspec/CPU2006/445.gobmk/run/run_base_ref_aarch64.0005 -e speccmds.err -o speccmds.stdout -f speccmds.cmd -C -q
1484928378.60: Issuing command '/home/bamvor/CPU2006/bin/specinvoke -d /home/bamvor/CPU2006/benchspec/CPU2006/445.gobmk/run/run_base_ref_aarch64.0005 -e speccmds.err -o speccmds.stdout -f speccmds.cmd -C -q'
1484928378.60: /home/bamvor/CPU2006/bin/specinvoke -d /home/bamvor/CPU2006/benchspec/CPU2006/445.gobmk/run/run_base_ref_aarch64.0005 -e speccmds.err -o speccmds.stdout -f speccmds.cmd -C -q
1484928378.60: Start command: Sat Jan 21 00:06:18 2017 (1484928378)
1484930593.48: Stop command: Sat Jan 21 00:43:13 2017 (1484930593)
1484930593.48: Elapsed time for command: 00:36:55 (2215)
1484930593.56: Workload elapsed time (0:1) = 303.851521 seconds
1484930593.56: Workload elapsed time (0:2) = 794.69018 seconds
1484930593.56: Workload elapsed time (0:3) = 380.818027 seconds
1484930593.57: Workload elapsed time (0:4) = 304.577923 seconds
1484930593.57: Workload elapsed time (0:5) = 422.90663 seconds
1484930593.57: Copy 0 of 445.gobmk (base ref) run 1 finished at Sat Jan 21 00:43:05 2017.  Total elapsed time: 2206.844281
1484930593.57: comparing files in '/home/bamvor/CPU2006/benchspec/CPU2006/445.gobmk/run/run_base_ref_aarch64.0005'
1484930593.58: comparing '13x13.out' with abstol=, binary=, calctol=0, cw=, floatcompare=, ignorecase=, obiwan=, reltol=, skipabstol=, skipobiwan=, skipreltol=, skiptol=
1484930593.58: comparing 'nngs.out' with abstol=, binary=, calctol=0, cw=, floatcompare=, ignorecase=, obiwan=, reltol=, skipabstol=, skipobiwan=, skipreltol=, skiptol=
1484930593.59: comparing 'score2.out' with abstol=, binary=, calctol=0, cw=, floatcompare=, ignorecase=, obiwan=, reltol=, skipabstol=, skipobiwan=, skipreltol=, skiptol=
1484930593.59: comparing 'trevorc.out' with abstol=, binary=, calctol=0, cw=, floatcompare=, ignorecase=, obiwan=, reltol=, skipabstol=, skipobiwan=, skipreltol=, skiptol=
1484930593.59: comparing 'trevord.out' with abstol=, binary=, calctol=0, cw=, floatcompare=, ignorecase=, obiwan=, reltol=, skipabstol=, skipobiwan=, skipreltol=, skiptol=
1484930593.59: Specinvoke: /home/bamvor/CPU2006/bin/specinvoke -E -d /home/bamvor/CPU2006/benchspec/CPU2006/445.gobmk/run/run_base_ref_aarch64.0005 -c 1 -e compare.err -o compare.stdout -f compare.cmd
1484930593.59: Issuing command '/home/bamvor/CPU2006/bin/specinvoke -E -d /home/bamvor/CPU2006/benchspec/CPU2006/445.gobmk/run/run_base_ref_aarch64.0005 -c 1 -e compare.err -o compare.stdout -f compare.cmd'
1484930593.59: /home/bamvor/CPU2006/bin/specinvoke -E -d /home/bamvor/CPU2006/benchspec/CPU2006/445.gobmk/run/run_base_ref_aarch64.0005 -c 1 -e compare.err -o compare.stdout -f compare.cmd
1484930593.60: Start command: Sat Jan 21 00:43:13 2017 (1484930593)
1484930601.12: Stop command: Sat Jan 21 00:43:21 2017 (1484930601)
1484930601.12: Elapsed time for command: 00:00:08 (8)
1484930601.13: Benchmark Times:
1484930601.13:   Start:    Sat Jan 21 00:06:18 2017 (1484928378)
1484930601.13:   Stop:     Sat Jan 21 00:43:13 2017 (1484930593)
1484930601.13:   Elapsed:  00:36:55 (2215)
1484930601.13:   Reported: 2206 844659000 2206.844659
1484930601.13:  Success 445.gobmk base ref ratio=4.75, runtime=2206.844659, power=0.00w, temp=0.00 deg, humidity=0.00%

1484930601.13: -----------------------------------
1484930601.35:   Running 458.sjeng ref base aarch64 default
1484930601.38: Commands to run:
1484930601.38:     -C /home/bamvor/CPU2006/benchspec/CPU2006/458.sjeng/run/run_base_ref_aarch64.0005
1484930601.38:     -o ref.out -e ref.err ../run_base_ref_aarch64.0005/sjeng_base.aarch64 ref.txt (timed)
1484930601.40: Specinvoke: /home/bamvor/CPU2006/bin/specinvoke -d /home/bamvor/CPU2006/benchspec/CPU2006/458.sjeng/run/run_base_ref_aarch64.0005 -e speccmds.err -o speccmds.stdout -f speccmds.cmd -C -q
1484930601.40: Issuing command '/home/bamvor/CPU2006/bin/specinvoke -d /home/bamvor/CPU2006/benchspec/CPU2006/458.sjeng/run/run_base_ref_aarch64.0005 -e speccmds.err -o speccmds.stdout -f speccmds.cmd -C -q'
1484930601.40: /home/bamvor/CPU2006/bin/specinvoke -d /home/bamvor/CPU2006/benchspec/CPU2006/458.sjeng/run/run_base_ref_aarch64.0005 -e speccmds.err -o speccmds.stdout -f speccmds.cmd -C -q
1484930601.40: Start command: Sat Jan 21 00:43:21 2017 (1484930601)
1484933174.18: Stop command: Sat Jan 21 01:26:14 2017 (1484933174)
1484933174.18: Elapsed time for command: 00:42:53 (2573)
1484933174.26: Workload elapsed time (0:1) = 2564.74049 seconds
1484933174.26: Copy 0 of 458.sjeng (base ref) run 1 finished at Sat Jan 21 01:26:06 2017.  Total elapsed time: 2564.74049
1484933174.27: comparing files in '/home/bamvor/CPU2006/benchspec/CPU2006/458.sjeng/run/run_base_ref_aarch64.0005'
1484933174.27: comparing 'ref.out' with abstol=, binary=, calctol=0, cw=, floatcompare=, ignorecase=, obiwan=, reltol=, skipabstol=, skipobiwan=, skipreltol=, skiptol=
1484933174.28: Specinvoke: /home/bamvor/CPU2006/bin/specinvoke -E -d /home/bamvor/CPU2006/benchspec/CPU2006/458.sjeng/run/run_base_ref_aarch64.0005 -c 1 -e compare.err -o compare.stdout -f compare.cmd
1484933174.28: Issuing command '/home/bamvor/CPU2006/bin/specinvoke -E -d /home/bamvor/CPU2006/benchspec/CPU2006/458.sjeng/run/run_base_ref_aarch64.0005 -c 1 -e compare.err -o compare.stdout -f compare.cmd'
1484933174.28: /home/bamvor/CPU2006/bin/specinvoke -E -d /home/bamvor/CPU2006/benchspec/CPU2006/458.sjeng/run/run_base_ref_aarch64.0005 -c 1 -e compare.err -o compare.stdout -f compare.cmd
1484933174.28: Start command: Sat Jan 21 01:26:14 2017 (1484933174)
1484933176.02: Stop command: Sat Jan 21 01:26:16 2017 (1484933176)
1484933176.02: Elapsed time for command: 00:00:02 (2)
1484933176.03: Benchmark Times:
1484933176.03:   Start:    Sat Jan 21 00:43:21 2017 (1484930601)
1484933176.03:   Stop:     Sat Jan 21 01:26:14 2017 (1484933174)
1484933176.03:   Elapsed:  00:42:53 (2573)
1484933176.03:   Reported: 2564 740695000 2564.740695
1484933176.03:  Success 458.sjeng base ref ratio=4.72, runtime=2564.740695, power=0.00w, temp=0.00 deg, humidity=0.00%

1484933176.03: -----------------------------------
1484933176.25:   Running 462.libquantum ref base aarch64 default
1484933176.29: Commands to run:
1484933176.29:     -C /home/bamvor/CPU2006/benchspec/CPU2006/462.libquantum/run/run_base_ref_aarch64.0005
1484933176.29:     -o ref.out -e ref.err ../run_base_ref_aarch64.0005/libquantum_base.aarch64 1397 8 (timed)
1484933176.31: Specinvoke: /home/bamvor/CPU2006/bin/specinvoke -d /home/bamvor/CPU2006/benchspec/CPU2006/462.libquantum/run/run_base_ref_aarch64.0005 -e speccmds.err -o speccmds.stdout -f speccmds.cmd -C -q
1484933176.31: Issuing command '/home/bamvor/CPU2006/bin/specinvoke -d /home/bamvor/CPU2006/benchspec/CPU2006/462.libquantum/run/run_base_ref_aarch64.0005 -e speccmds.err -o speccmds.stdout -f speccmds.cmd -C -q'
1484933176.31: /home/bamvor/CPU2006/bin/specinvoke -d /home/bamvor/CPU2006/benchspec/CPU2006/462.libquantum/run/run_base_ref_aarch64.0005 -e speccmds.err -o speccmds.stdout -f speccmds.cmd -C -q
1484933176.31: Start command: Sat Jan 21 01:26:16 2017 (1484933176)
1484935087.71: Stop command: Sat Jan 21 01:58:07 2017 (1484935087)
1484935087.71: Elapsed time for command: 00:31:51 (1911)
1484935087.80: Workload elapsed time (0:1) = 1903.370352 seconds
1484935087.80: Copy 0 of 462.libquantum (base ref) run 1 finished at Sat Jan 21 01:57:59 2017.  Total elapsed time: 1903.370352
1484935087.81: comparing files in '/home/bamvor/CPU2006/benchspec/CPU2006/462.libquantum/run/run_base_ref_aarch64.0005'
1484935087.81: comparing 'ref.out' with abstol=, binary=, calctol=0, cw=, floatcompare=, ignorecase=, obiwan=1, reltol=, skipabstol=, skipobiwan=, skipreltol=, skiptol=
1484935087.82: Specinvoke: /home/bamvor/CPU2006/bin/specinvoke -E -d /home/bamvor/CPU2006/benchspec/CPU2006/462.libquantum/run/run_base_ref_aarch64.0005 -c 1 -e compare.err -o compare.stdout -f compare.cmd
1484935087.82: Issuing command '/home/bamvor/CPU2006/bin/specinvoke -E -d /home/bamvor/CPU2006/benchspec/CPU2006/462.libquantum/run/run_base_ref_aarch64.0005 -c 1 -e compare.err -o compare.stdout -f compare.cmd'
1484935087.82: /home/bamvor/CPU2006/bin/specinvoke -E -d /home/bamvor/CPU2006/benchspec/CPU2006/462.libquantum/run/run_base_ref_aarch64.0005 -c 1 -e compare.err -o compare.stdout -f compare.cmd
1484935087.82: Start command: Sat Jan 21 01:58:07 2017 (1484935087)
1484935089.55: Stop command: Sat Jan 21 01:58:09 2017 (1484935089)
1484935089.55: Elapsed time for command: 00:00:02 (2)
1484935089.56: Benchmark Times:
1484935089.56:   Start:    Sat Jan 21 01:26:16 2017 (1484933176)
1484935089.56:   Stop:     Sat Jan 21 01:58:07 2017 (1484935087)
1484935089.56:   Elapsed:  00:31:51 (1911)
1484935089.56:   Reported: 1903 370563000 1903.370563
1484935089.56:  Success 462.libquantum base ref ratio=10.89, runtime=1903.370563, power=0.00w, temp=0.00 deg, humidity=0.00%

1484935089.56: -----------------------------------
1484935089.82:   Running 464.h264ref ref base aarch64 default
1484935089.86: Commands to run:
1484935089.86:     -C /home/bamvor/CPU2006/benchspec/CPU2006/464.h264ref/run/run_base_ref_aarch64.0005
1484935089.86:     -o foreman_ref_baseline_encodelog.out -e foreman_ref_baseline_encodelog.err ../run_base_ref_aarch64.0005/h264ref_base.aarch64 -d foreman_ref_encoder_baseline.cfg (timed)
1484935089.86:     -o foreman_ref_main_encodelog.out -e foreman_ref_main_encodelog.err ../run_base_ref_aarch64.0005/h264ref_base.aarch64 -d foreman_ref_encoder_main.cfg (timed)
1484935089.86:     -o sss_main_encodelog.out -e sss_main_encodelog.err ../run_base_ref_aarch64.0005/h264ref_base.aarch64 -d sss_encoder_main.cfg (timed)
1484935089.88: Specinvoke: /home/bamvor/CPU2006/bin/specinvoke -d /home/bamvor/CPU2006/benchspec/CPU2006/464.h264ref/run/run_base_ref_aarch64.0005 -e speccmds.err -o speccmds.stdout -f speccmds.cmd -C -q
1484935089.88: Issuing command '/home/bamvor/CPU2006/bin/specinvoke -d /home/bamvor/CPU2006/benchspec/CPU2006/464.h264ref/run/run_base_ref_aarch64.0005 -e speccmds.err -o speccmds.stdout -f speccmds.cmd -C -q'
1484935089.88: /home/bamvor/CPU2006/bin/specinvoke -d /home/bamvor/CPU2006/benchspec/CPU2006/464.h264ref/run/run_base_ref_aarch64.0005 -e speccmds.err -o speccmds.stdout -f speccmds.cmd -C -q
1484935089.88: Start command: Sat Jan 21 01:58:09 2017 (1484935089)
1484938117.16: Stop command: Sat Jan 21 02:48:37 2017 (1484938117)
1484938117.16: Elapsed time for command: 00:50:28 (3028)
1484938117.25: Workload elapsed time (0:1) = 338.731141 seconds
1484938117.25: Workload elapsed time (0:2) = 264.201215 seconds
1484938117.25: Workload elapsed time (0:3) = 2416.310678 seconds
1484938117.25: Copy 0 of 464.h264ref (base ref) run 1 finished at Sat Jan 21 02:48:29 2017.  Total elapsed time: 3019.243034
1484938117.25: comparing files in '/home/bamvor/CPU2006/benchspec/CPU2006/464.h264ref/run/run_base_ref_aarch64.0005'
1484938117.26: comparing 'foreman_ref_baseline_encodelog.out' with abstol=, binary=, calctol=0, cw=1, floatcompare=1, ignorecase=, obiwan=, reltol=, skipabstol=, skipobiwan=, skipreltol=, skiptol=
1484938117.26: comparing 'foreman_ref_baseline_leakybucketparam.cfg' with abstol=, binary=1, calctol=0, cw=1, floatcompare=1, ignorecase=, obiwan=, reltol=, skipabstol=, skipobiwan=, skipreltol=, skiptol=
1484938117.27: comparing 'foreman_ref_main_encodelog.out' with abstol=, binary=, calctol=0, cw=1, floatcompare=1, ignorecase=, obiwan=, reltol=, skipabstol=, skipobiwan=, skipreltol=, skiptol=
1484938117.27: comparing 'foreman_ref_main_leakybucketparam.cfg' with abstol=, binary=1, calctol=0, cw=1, floatcompare=1, ignorecase=, obiwan=, reltol=, skipabstol=, skipobiwan=, skipreltol=, skiptol=
1484938117.27: comparing 'sss_main_encodelog.out' with abstol=, binary=, calctol=0, cw=1, floatcompare=1, ignorecase=, obiwan=, reltol=, skipabstol=, skipobiwan=, skipreltol=, skiptol=
1484938117.27: comparing 'sss_main_leakybucketparam.cfg' with abstol=, binary=1, calctol=0, cw=1, floatcompare=1, ignorecase=, obiwan=, reltol=, skipabstol=, skipobiwan=, skipreltol=, skiptol=
1484938117.28: Specinvoke: /home/bamvor/CPU2006/bin/specinvoke -E -d /home/bamvor/CPU2006/benchspec/CPU2006/464.h264ref/run/run_base_ref_aarch64.0005 -c 1 -e compare.err -o compare.stdout -f compare.cmd
1484938117.28: Issuing command '/home/bamvor/CPU2006/bin/specinvoke -E -d /home/bamvor/CPU2006/benchspec/CPU2006/464.h264ref/run/run_base_ref_aarch64.0005 -c 1 -e compare.err -o compare.stdout -f compare.cmd'
1484938117.28: /home/bamvor/CPU2006/bin/specinvoke -E -d /home/bamvor/CPU2006/benchspec/CPU2006/464.h264ref/run/run_base_ref_aarch64.0005 -c 1 -e compare.err -o compare.stdout -f compare.cmd
1484938117.28: Start command: Sat Jan 21 02:48:37 2017 (1484938117)
1484938129.52: Stop command: Sat Jan 21 02:48:49 2017 (1484938129)
1484938129.52: Elapsed time for command: 00:00:12 (12)
1484938129.53: Benchmark Times:
1484938129.53:   Start:    Sat Jan 21 01:58:09 2017 (1484935089)
1484938129.53:   Stop:     Sat Jan 21 02:48:37 2017 (1484938117)
1484938129.53:   Elapsed:  00:50:28 (3028)
1484938129.53:   Reported: 3019 243302000 3019.243302
1484938129.53:  Success 464.h264ref base ref ratio=7.33, runtime=3019.243302, power=0.00w, temp=0.00 deg, humidity=0.00%

1484938129.53: -----------------------------------
1484938130.34:   Running 483.xalancbmk ref base aarch64 default
1484938130.38: Commands to run:
1484938130.38:     -C /home/bamvor/CPU2006/benchspec/CPU2006/483.xalancbmk/run/run_base_ref_aarch64.0005
1484938130.38:     -o ref.out -e ref.err ../run_base_ref_aarch64.0005/Xalan_base.aarch64 -v t5.xml xalanc.xsl (timed)
1484938130.40: Specinvoke: /home/bamvor/CPU2006/bin/specinvoke -d /home/bamvor/CPU2006/benchspec/CPU2006/483.xalancbmk/run/run_base_ref_aarch64.0005 -e speccmds.err -o speccmds.stdout -f speccmds.cmd -C -q
1484938130.40: Issuing command '/home/bamvor/CPU2006/bin/specinvoke -d /home/bamvor/CPU2006/benchspec/CPU2006/483.xalancbmk/run/run_base_ref_aarch64.0005 -e speccmds.err -o speccmds.stdout -f speccmds.cmd -C -q'
1484938130.40: /home/bamvor/CPU2006/bin/specinvoke -d /home/bamvor/CPU2006/benchspec/CPU2006/483.xalancbmk/run/run_base_ref_aarch64.0005 -e speccmds.err -o speccmds.stdout -f speccmds.cmd -C -q
1484938130.40: Start command: Sat Jan 21 02:48:50 2017 (1484938130)
1484939967.06: Stop command: Sat Jan 21 03:19:27 2017 (1484939967)
1484939967.06: Elapsed time for command: 00:30:37 (1837)
1484939967.15: Workload elapsed time (0:1) = 1828.628128 seconds
1484939967.15: Copy 0 of 483.xalancbmk (base ref) run 1 finished at Sat Jan 21 03:19:19 2017.  Total elapsed time: 1828.628128
1484939967.16: comparing files in '/home/bamvor/CPU2006/benchspec/CPU2006/483.xalancbmk/run/run_base_ref_aarch64.0005'
1484939967.16: comparing 'ref.out' with abstol=, binary=, calctol=0, cw=, floatcompare=, ignorecase=, obiwan=, reltol=, skipabstol=, skipobiwan=, skipreltol=, skiptol=
1484939967.17: Specinvoke: /home/bamvor/CPU2006/bin/specinvoke -E -d /home/bamvor/CPU2006/benchspec/CPU2006/483.xalancbmk/run/run_base_ref_aarch64.0005 -c 1 -e compare.err -o compare.stdout -f compare.cmd
1484939967.17: Issuing command '/home/bamvor/CPU2006/bin/specinvoke -E -d /home/bamvor/CPU2006/benchspec/CPU2006/483.xalancbmk/run/run_base_ref_aarch64.0005 -c 1 -e compare.err -o compare.stdout -f compare.cmd'
1484939967.17: /home/bamvor/CPU2006/bin/specinvoke -E -d /home/bamvor/CPU2006/benchspec/CPU2006/483.xalancbmk/run/run_base_ref_aarch64.0005 -c 1 -e compare.err -o compare.stdout -f compare.cmd
1484939967.17: Start command: Sat Jan 21 03:19:27 2017 (1484939967)
1484939973.77: Stop command: Sat Jan 21 03:19:33 2017 (1484939973)
1484939973.77: Elapsed time for command: 00:00:06 (6)
1484939973.78: Benchmark Times:
1484939973.78:   Start:    Sat Jan 21 02:48:50 2017 (1484938130)
1484939973.78:   Stop:     Sat Jan 21 03:19:27 2017 (1484939967)
1484939973.78:   Elapsed:  00:30:37 (1837)
1484939973.78:   Reported: 1828 628327000 1828.628327
1484939973.78:  Success 483.xalancbmk base ref ratio=3.77, runtime=1828.628327, power=0.00w, temp=0.00 deg, humidity=0.00%
1484939973.79: Success: 1x400.perlbench 1x401.bzip2 1x429.mcf 1x445.gobmk 1x458.sjeng 1x462.libquantum 1x464.h264ref 1x483.xalancbmk
1484939973.89: Producing Raw Reports
1484939973.89: mach: default
1484939973.89:   ext: aarch64
1484939973.89:     size: ref
1484939973.89:       set: int
1484939974.01: NOTICE: sw_compiler is longer than 50 characters and will be split
1484939974.01: WARNING: the following line:
1484939974.01: -----
1484939974.01: Using built-in specs. COLLECT_GCC=aarch64-linux-gnu-gcc COLLECT_LTO_WRAPPER=/home/bamvor/works/software/toolchain/gcc-linaro-6.2.1-2016.11-x86_64_aarch64-linux-gnu/gcc-linaro-6.2.1-2016.11-x86_64_aarch64-linux-gnu/bin/../libexec/gcc/aarch64-linux-gnu/6.2.1/lto-wrapper Target: aarch64-linux-gnu Configured with: /home/tcwg-buildslave/workspace/tcwg-make-release/label/docker-trusty-amd64-tcwg-build/target/aarch64-linux-gnu/snapshots/gcc-linaro-6.2-2016.11/configure SHELL=/bin/bash --with-mpc=/home/tcwg-buildslave/workspace/tcwg-make-release/label/docker-trusty-amd64-tcwg-build/target/aarch64-linux-gnu/_build/builds/destdir/x86_64-unknown-linux-gnu --with-mpfr=/home/tcwg-buildslave/workspace/tcwg-make-release/label/docker-trusty-amd64-tcwg-build/target/aarch64-linux-gnu/_build/builds/destdir/x86_64-unknown-linux-gnu --with-gmp=/home/tcwg-buildslave/workspace/tcwg-make-release/label/docker-trusty-amd64-tcwg-build/target/aarch64-linux-gnu/_build/builds/destdir/x86_64-unknown-linux-gnu --with-gnu-as --with-gnu-ld --disable-libstdcxx-pch --disable-libmudflap --with-cloog=no --with-ppl=no --with-isl=no --disable-nls --enable-c99 --enable-gnu-indirect-function --disable-multilib --with-arch=armv8-a --enable-fix-cortex-a53-835769 --enable-fix-cortex-a53-843419 --enable-multiarch --with-build-sysroot=/home/tcwg-buildslave/workspace/tcwg-make-release/label/docker-trusty-amd64-tcwg-build/target/aarch64-linux-gnu/_build/sysroots/aarch64-linux-gnu --enable-lto --enable-linker-build-id --enable-long-long --enable-shared --with-sysroot=/home/tcwg-buildslave/workspace/tcwg-make-release/label/docker-trusty-amd64-tcwg-build/target/aarch64-linux-gnu/_build/builds/destdir/x86_64-unknown-linux-gnu/aarch64-linux-gnu/libc --enable-languages=c,c++,fortran,lto --enable-checking=release --disable-bootstrap --build=x86_64-unknown-linux-gnu --host=x86_64-unknown-linux-gnu --target=aarch64-linux-gnu --prefix=/home/tcwg-buildslave/workspace/tcwg-make-release/label/docker-trusty-amd64-tcwg-build/target/aarch64-linux-gnu/_build/builds/destdir/x86_64-unknown-linux-gnu Thread model: posix gcc version 6.2.1 20161016 (Linaro GCC 6.2-2016.11)
1484939974.01: -----
1484939974.01: contains an element longer than 50 columns and could not be split.
1484939974.20:         format: raw -> /home/bamvor/CPU2006/result/CINT2006.081.ref.rsf

1484939979.88: NOTICE: sw_compiler is longer than 50 characters and will be split
1484939979.88: WARNING: the following line:
1484939979.88: -----
1484939979.88: Using built-in specs. COLLECT_GCC=aarch64-linux-gnu-gcc COLLECT_LTO_WRAPPER=/home/bamvor/works/software/toolchain/gcc-linaro-6.2.1-2016.11-x86_64_aarch64-linux-gnu/gcc-linaro-6.2.1-2016.11-x86_64_aarch64-linux-gnu/bin/../libexec/gcc/aarch64-linux-gnu/6.2.1/lto-wrapper Target: aarch64-linux-gnu Configured with: /home/tcwg-buildslave/workspace/tcwg-make-release/label/docker-trusty-amd64-tcwg-build/target/aarch64-linux-gnu/snapshots/gcc-linaro-6.2-2016.11/configure SHELL=/bin/bash --with-mpc=/home/tcwg-buildslave/workspace/tcwg-make-release/label/docker-trusty-amd64-tcwg-build/target/aarch64-linux-gnu/_build/builds/destdir/x86_64-unknown-linux-gnu --with-mpfr=/home/tcwg-buildslave/workspace/tcwg-make-release/label/docker-trusty-amd64-tcwg-build/target/aarch64-linux-gnu/_build/builds/destdir/x86_64-unknown-linux-gnu --with-gmp=/home/tcwg-buildslave/workspace/tcwg-make-release/label/docker-trusty-amd64-tcwg-build/target/aarch64-linux-gnu/_build/builds/destdir/x86_64-unknown-linux-gnu --with-gnu-as --with-gnu-ld --disable-libstdcxx-pch --disable-libmudflap --with-cloog=no --with-ppl=no --with-isl=no --disable-nls --enable-c99 --enable-gnu-indirect-function --disable-multilib --with-arch=armv8-a --enable-fix-cortex-a53-835769 --enable-fix-cortex-a53-843419 --enable-multiarch --with-build-sysroot=/home/tcwg-buildslave/workspace/tcwg-make-release/label/docker-trusty-amd64-tcwg-build/target/aarch64-linux-gnu/_build/sysroots/aarch64-linux-gnu --enable-lto --enable-linker-build-id --enable-long-long --enable-shared --with-sysroot=/home/tcwg-buildslave/workspace/tcwg-make-release/label/docker-trusty-amd64-tcwg-build/target/aarch64-linux-gnu/_build/builds/destdir/x86_64-unknown-linux-gnu/aarch64-linux-gnu/libc --enable-languages=c,c++,fortran,lto --enable-checking=release --disable-bootstrap --build=x86_64-unknown-linux-gnu --host=x86_64-unknown-linux-gnu --target=aarch64-linux-gnu --prefix=/home/tcwg-buildslave/workspace/tcwg-make-release/label/docker-trusty-amd64-tcwg-build/target/aarch64-linux-gnu/_build/builds/destdir/x86_64-unknown-linux-gnu Thread model: posix gcc version 6.2.1 20161016 (Linaro GCC 6.2-2016.11)
1484939979.88: -----
1484939979.88: contains an element longer than 50 columns and could not be split.
1484939983.15: Parsing flags for 400.perlbench base: done
1484939983.33: Parsing flags for 401.bzip2 base: done
1484939983.48: Parsing flags for 429.mcf base: done
1484939983.74: Parsing flags for 445.gobmk base: done
1484939983.85: Parsing flags for 458.sjeng base: done
1484939984.07: Parsing flags for 462.libquantum base: done
1484939984.48: Parsing flags for 464.h264ref base: done
1484939985.15: Parsing flags for 483.xalancbmk base: done
1484939985.19: Doing flag reduction: done
1484939985.31:         format: ASCII -> /home/bamvor/CPU2006/result/CINT2006.081.ref.txt
1484939985.32:         format: config -> /home/bamvor/CPU2006/result/CINT2006.081.ref.cfg, /home/bamvor/CPU2006/result/CINT2006.081.ref.orig.cfg
1484939985.36:         format: CSV -> /home/bamvor/CPU2006/result/CINT2006.081.ref.csv
1484939985.57:       set: fp

1484939985.60: The log for this run is in /home/bamvor/CPU2006/result/CPU2006.081.log

1484939985.60: runspec finished at Sat Jan 21 03:19:45 2017; 1484939932 total seconds elapsed
