runspec v6674 started at Thu Jan  1 08:00:58 1970 on "localhost"
runspec is: /home/bamvor/CPU2006/bin/runspec
runspec: runspec -c linaro_aarch64.cfg --nobuild --size=ref -n 1 --noreportable --tune=base perlbench bzip2 mcf gobmk sjeng libquantum h264ref xalancbmk
toolset: linux-aarch64

Locating benchmarks...found 31 benchmarks in 6 benchsets.
Reading config file '/home/bamvor/CPU2006/config/linaro_aarch64.cfg'

61.13: Verbosity = 5
61.13: Action    = validate
61.13: Tune      = base
61.13: Ext       = aarch64
61.13: Size      = ref
61.13: Machine   = default
61.13: benchmarks= 400.perlbench,401.bzip2,429.mcf,445.gobmk,458.sjeng,462.libquantum,464.h264ref,483.xalancbmk
61.13: outputs   = asc,csv,config
61.13: username  = root
61.13: Benchmarks selected: 400.perlbench, 401.bzip2, 429.mcf, 445.gobmk, 458.sjeng, 462.libquantum, 464.h264ref, 483.xalancbmk
61.24: Compiling Binaries

61.24: ------------------------------------------------------------------------
61.91:   Up to date 400.perlbench base aarch64 default

61.91: ------------------------------------------------------------------------
62.49:   Up to date 401.bzip2 base aarch64 default

62.49: ------------------------------------------------------------------------
63.07:   Up to date 429.mcf base aarch64 default

63.07: ------------------------------------------------------------------------
63.78:   Up to date 445.gobmk base aarch64 default

63.78: ------------------------------------------------------------------------
64.39:   Up to date 458.sjeng base aarch64 default

64.39: ------------------------------------------------------------------------
64.99:   Up to date 462.libquantum base aarch64 default

64.99: ------------------------------------------------------------------------
65.60:   Up to date 464.h264ref base aarch64 default

65.60: ------------------------------------------------------------------------
66.63:   Up to date 483.xalancbmk base aarch64 default


66.63: Setting Up Run Directories
66.63(0.02s):   Setting up 400.perlbench ref base aarch64 default: 
66.65: Notice: Unusable path detected in run directory list file.
66.65:   /home/bamvor/CPU2006/benchspec/CPU2006/400.perlbench/run/list
66.65: references one or more paths which will be ignored, because they are
66.65: not subdirectories of this run directory.  This condition may be a
66.65: result of having moved your SPEC benchmark tree.  If that's what happened,
66.65: and if you don't need the old run directories, you can just remove
66.65: them, along with the list file.  (Usually it's safe to delete old
66.65: run directories, as they are automatically re-created when needed.)


1484832550.39: existing (run_base_ref_aarch64.0006)
1484832550.39(0.02s):   Setting up 401.bzip2 ref base aarch64 default: 
1484832550.41: Notice: Unusable path detected in run directory list file.
1484832550.41:   /home/bamvor/CPU2006/benchspec/CPU2006/401.bzip2/run/list
1484832550.41: references one or more paths which will be ignored, because they are
1484832550.41: not subdirectories of this run directory.  This condition may be a
1484832550.41: result of having moved your SPEC benchmark tree.  If that's what happened,
1484832550.41: and if you don't need the old run directories, you can just remove
1484832550.41: them, along with the list file.  (Usually it's safe to delete old
1484832550.41: run directories, as they are automatically re-created when needed.)


1484832556.65: existing (run_base_ref_aarch64.0006)
1484832556.67:   Setting up 429.mcf ref base aarch64 default: 
1484832556.67: Notice: Unusable path detected in run directory list file.
1484832556.67:   /home/bamvor/CPU2006/benchspec/CPU2006/429.mcf/run/list
1484832556.67: references one or more paths which will be ignored, because they are
1484832556.67: not subdirectories of this run directory.  This condition may be a
1484832556.67: result of having moved your SPEC benchmark tree.  If that's what happened,
1484832556.67: and if you don't need the old run directories, you can just remove
1484832556.67: them, along with the list file.  (Usually it's safe to delete old
1484832556.67: run directories, as they are automatically re-created when needed.)


1484832557.06: existing (run_base_ref_aarch64.0005)
1484832557.06(0.08s):   Setting up 445.gobmk ref base aarch64 default: 
1484832557.14: Notice: Unusable path detected in run directory list file.
1484832557.14:   /home/bamvor/CPU2006/benchspec/CPU2006/445.gobmk/run/list
1484832557.14: references one or more paths which will be ignored, because they are
1484832557.14: not subdirectories of this run directory.  This condition may be a
1484832557.14: result of having moved your SPEC benchmark tree.  If that's what happened,
1484832557.14: and if you don't need the old run directories, you can just remove
1484832557.14: them, along with the list file.  (Usually it's safe to delete old
1484832557.14: run directories, as they are automatically re-created when needed.)


1484832564.76: existing (run_base_ref_aarch64.0005)
1484832564.76(0.79s):   Setting up 458.sjeng ref base aarch64 default: 
1484832565.55: Notice: Unusable path detected in run directory list file.
1484832565.55:   /home/bamvor/CPU2006/benchspec/CPU2006/458.sjeng/run/list
1484832565.55: references one or more paths which will be ignored, because they are
1484832565.55: not subdirectories of this run directory.  This condition may be a
1484832565.55: result of having moved your SPEC benchmark tree.  If that's what happened,
1484832565.55: and if you don't need the old run directories, you can just remove
1484832565.55: them, along with the list file.  (Usually it's safe to delete old
1484832565.55: run directories, as they are automatically re-created when needed.)


1484832565.67: existing (run_base_ref_aarch64.0005)
1484832565.68(0.06s):   Setting up 462.libquantum ref base aarch64 default: 
1484832565.74: Notice: Unusable path detected in run directory list file.
1484832565.74:   /home/bamvor/CPU2006/benchspec/CPU2006/462.libquantum/run/list
1484832565.74: references one or more paths which will be ignored, because they are
1484832565.74: not subdirectories of this run directory.  This condition may be a
1484832565.74: result of having moved your SPEC benchmark tree.  If that's what happened,
1484832565.74: and if you don't need the old run directories, you can just remove
1484832565.74: them, along with the list file.  (Usually it's safe to delete old
1484832565.74: run directories, as they are automatically re-created when needed.)


1484832565.87: existing (run_base_ref_aarch64.0005)
1484832565.87(0.77s):   Setting up 464.h264ref ref base aarch64 default: 
1484832566.64: Notice: Unusable path detected in run directory list file.
1484832566.64:   /home/bamvor/CPU2006/benchspec/CPU2006/464.h264ref/run/list
1484832566.64: references one or more paths which will be ignored, because they are
1484832566.64: not subdirectories of this run directory.  This condition may be a
1484832566.64: result of having moved your SPEC benchmark tree.  If that's what happened,
1484832566.64: and if you don't need the old run directories, you can just remove
1484832566.64: them, along with the list file.  (Usually it's safe to delete old
1484832566.64: run directories, as they are automatically re-created when needed.)


1484832574.99: existing (run_base_ref_aarch64.0005)
1484832575.00(0.74s):   Setting up 483.xalancbmk ref base aarch64 default: 
1484832575.74: Notice: Unusable path detected in run directory list file.
1484832575.74:   /home/bamvor/CPU2006/benchspec/CPU2006/483.xalancbmk/run/list
1484832575.74: references one or more paths which will be ignored, because they are
1484832575.74: not subdirectories of this run directory.  This condition may be a
1484832575.74: result of having moved your SPEC benchmark tree.  If that's what happened,
1484832575.74: and if you don't need the old run directories, you can just remove
1484832575.74: them, along with the list file.  (Usually it's safe to delete old
1484832575.74: run directories, as they are automatically re-created when needed.)


1484832581.85: existing (run_base_ref_aarch64.0005)

1484832581.85: -----------------------------------
1484832581.85: Running Benchmarks

1484832581.86: -----------------------------------
1484832585.62:   Running 400.perlbench ref base aarch64 default
1484832586.07: Commands to run:
1484832586.07:     -C /home/bamvor/CPU2006/benchspec/CPU2006/400.perlbench/run/run_base_ref_aarch64.0006
1484832586.07:     -o checkspam.2500.5.25.11.150.1.1.1.1.out -e checkspam.2500.5.25.11.150.1.1.1.1.err ../run_base_ref_aarch64.0006/perlbench_base.aarch64 -I./lib checkspam.pl 2500 5 25 11 150 1 1 1 1 (timed)
1484832586.07:     -o diffmail.4.800.10.17.19.300.out -e diffmail.4.800.10.17.19.300.err ../run_base_ref_aarch64.0006/perlbench_base.aarch64 -I./lib diffmail.pl 4 800 10 17 19 300 (timed)
1484832586.07:     -o splitmail.1600.12.26.16.4500.out -e splitmail.1600.12.26.16.4500.err ../run_base_ref_aarch64.0006/perlbench_base.aarch64 -I./lib splitmail.pl 1600 12 26 16 4500 (timed)
1484832586.10: Specinvoke: /home/bamvor/CPU2006/bin/specinvoke -d /home/bamvor/CPU2006/benchspec/CPU2006/400.perlbench/run/run_base_ref_aarch64.0006 -e speccmds.err -o speccmds.stdout -f speccmds.cmd -C -q
1484832586.10: Issuing command '/home/bamvor/CPU2006/bin/specinvoke -d /home/bamvor/CPU2006/benchspec/CPU2006/400.perlbench/run/run_base_ref_aarch64.0006 -e speccmds.err -o speccmds.stdout -f speccmds.cmd -C -q'
1484832586.10: /home/bamvor/CPU2006/bin/specinvoke -d /home/bamvor/CPU2006/benchspec/CPU2006/400.perlbench/run/run_base_ref_aarch64.0006 -e speccmds.err -o speccmds.stdout -f speccmds.cmd -C -q
1484832586.10: Start command: Thu Jan 19 21:29:46 2017 (1484832586)
1484834856.12: Stop command: Thu Jan 19 22:07:36 2017 (1484834856)
1484834856.12: Elapsed time for command: 00:37:50 (2270)
1484834856.21: Workload elapsed time (0:1) = 1204.705544 seconds
1484834856.21: Workload elapsed time (0:2) = 415.13809 seconds
1484834856.21: Workload elapsed time (0:3) = 642.162775 seconds
1484834856.22: Copy 0 of 400.perlbench (base ref) run 1 finished at Thu Jan 19 22:07:28 2017.  Total elapsed time: 2262.006409
1484834856.22: comparing files in '/home/bamvor/CPU2006/benchspec/CPU2006/400.perlbench/run/run_base_ref_aarch64.0006'
1484834856.23: comparing 'checkspam.2500.5.25.11.150.1.1.1.1.out' with abstol=, binary=, calctol=0, cw=, floatcompare=, ignorecase=, obiwan=, reltol=, skipabstol=, skipobiwan=, skipreltol=, skiptol=
1484834856.23: comparing 'diffmail.4.800.10.17.19.300.out' with abstol=, binary=, calctol=0, cw=, floatcompare=, ignorecase=, obiwan=, reltol=, skipabstol=, skipobiwan=, skipreltol=, skiptol=
1484834856.23: comparing 'splitmail.1600.12.26.16.4500.out' with abstol=, binary=, calctol=0, cw=, floatcompare=, ignorecase=, obiwan=, reltol=, skipabstol=, skipobiwan=, skipreltol=, skiptol=
1484834856.24: Specinvoke: /home/bamvor/CPU2006/bin/specinvoke -E -d /home/bamvor/CPU2006/benchspec/CPU2006/400.perlbench/run/run_base_ref_aarch64.0006 -c 1 -e compare.err -o compare.stdout -f compare.cmd
1484834856.24: Issuing command '/home/bamvor/CPU2006/bin/specinvoke -E -d /home/bamvor/CPU2006/benchspec/CPU2006/400.perlbench/run/run_base_ref_aarch64.0006 -c 1 -e compare.err -o compare.stdout -f compare.cmd'
1484834856.24: /home/bamvor/CPU2006/bin/specinvoke -E -d /home/bamvor/CPU2006/benchspec/CPU2006/400.perlbench/run/run_base_ref_aarch64.0006 -c 1 -e compare.err -o compare.stdout -f compare.cmd
1484834856.24: Start command: Thu Jan 19 22:07:36 2017 (1484834856)
1484834862.44: Stop command: Thu Jan 19 22:07:42 2017 (1484834862)
1484834862.44: Elapsed time for command: 00:00:06 (6)
1484834862.44: Benchmark Times:
1484834862.44:   Start:    Thu Jan 19 21:29:46 2017 (1484832586)
1484834862.44:   Stop:     Thu Jan 19 22:07:36 2017 (1484834856)
1484834862.44:   Elapsed:  00:37:50 (2270)
1484834862.44:   Reported: 2262 6676000 2262.006676
1484834862.44:  Success 400.perlbench base ref ratio=4.32, runtime=2262.006676, power=0.00w, temp=0.00 deg, humidity=0.00%

1484834862.45: -----------------------------------
1484834862.57:   Running 401.bzip2 ref base aarch64 default
1484834862.61: Commands to run:
1484834862.62:     -C /home/bamvor/CPU2006/benchspec/CPU2006/401.bzip2/run/run_base_ref_aarch64.0006
1484834862.62:     -o input.source.out -e input.source.err ../run_base_ref_aarch64.0006/bzip2_base.aarch64 input.source 280 (timed)
1484834862.62:     -o chicken.jpg.out -e chicken.jpg.err ../run_base_ref_aarch64.0006/bzip2_base.aarch64 chicken.jpg 30 (timed)
1484834862.62:     -o liberty.jpg.out -e liberty.jpg.err ../run_base_ref_aarch64.0006/bzip2_base.aarch64 liberty.jpg 30 (timed)
1484834862.62:     -o input.program.out -e input.program.err ../run_base_ref_aarch64.0006/bzip2_base.aarch64 input.program 280 (timed)
1484834862.62:     -o text.html.out -e text.html.err ../run_base_ref_aarch64.0006/bzip2_base.aarch64 text.html 280 (timed)
1484834862.62:     -o input.combined.out -e input.combined.err ../run_base_ref_aarch64.0006/bzip2_base.aarch64 input.combined 200 (timed)
1484834862.64: Specinvoke: /home/bamvor/CPU2006/bin/specinvoke -d /home/bamvor/CPU2006/benchspec/CPU2006/401.bzip2/run/run_base_ref_aarch64.0006 -e speccmds.err -o speccmds.stdout -f speccmds.cmd -C -q
1484834862.64: Issuing command '/home/bamvor/CPU2006/bin/specinvoke -d /home/bamvor/CPU2006/benchspec/CPU2006/401.bzip2/run/run_base_ref_aarch64.0006 -e speccmds.err -o speccmds.stdout -f speccmds.cmd -C -q'
1484834862.64: /home/bamvor/CPU2006/bin/specinvoke -d /home/bamvor/CPU2006/benchspec/CPU2006/401.bzip2/run/run_base_ref_aarch64.0006 -e speccmds.err -o speccmds.stdout -f speccmds.cmd -C -q
1484834862.64: Start command: Thu Jan 19 22:07:42 2017 (1484834862)
1484838513.73: Stop command: Thu Jan 19 23:08:33 2017 (1484838513)
1484838513.73: Elapsed time for command: 01:00:51 (3651)
1484838513.82: Workload elapsed time (0:1) = 645.390658 seconds
1484838513.82: Workload elapsed time (0:2) = 268.463471 seconds
1484838513.82: Workload elapsed time (0:3) = 645.454359 seconds
1484838513.82: Workload elapsed time (0:4) = 608.657617 seconds
1484838513.82: Workload elapsed time (0:5) = 960.392478 seconds
1484838513.83: Workload elapsed time (0:6) = 514.699729 seconds
1484838513.83: Copy 0 of 401.bzip2 (base ref) run 1 finished at Thu Jan 19 23:08:25 2017.  Total elapsed time: 3643.058312
1484838513.83: comparing files in '/home/bamvor/CPU2006/benchspec/CPU2006/401.bzip2/run/run_base_ref_aarch64.0006'
1484838513.84: comparing 'chicken.jpg.out' with abstol=, binary=, calctol=0, cw=, floatcompare=, ignorecase=, obiwan=, reltol=, skipabstol=, skipobiwan=, skipreltol=, skiptol=
1484838513.84: comparing 'input.combined.out' with abstol=, binary=, calctol=0, cw=, floatcompare=, ignorecase=, obiwan=, reltol=, skipabstol=, skipobiwan=, skipreltol=, skiptol=
1484838513.84: comparing 'input.program.out' with abstol=, binary=, calctol=0, cw=, floatcompare=, ignorecase=, obiwan=, reltol=, skipabstol=, skipobiwan=, skipreltol=, skiptol=
1484838513.85: comparing 'input.source.out' with abstol=, binary=, calctol=0, cw=, floatcompare=, ignorecase=, obiwan=, reltol=, skipabstol=, skipobiwan=, skipreltol=, skiptol=
1484838513.85: comparing 'liberty.jpg.out' with abstol=, binary=, calctol=0, cw=, floatcompare=, ignorecase=, obiwan=, reltol=, skipabstol=, skipobiwan=, skipreltol=, skiptol=
1484838513.85: comparing 'text.html.out' with abstol=, binary=, calctol=0, cw=, floatcompare=, ignorecase=, obiwan=, reltol=, skipabstol=, skipobiwan=, skipreltol=, skiptol=
1484838513.85: Specinvoke: /home/bamvor/CPU2006/bin/specinvoke -E -d /home/bamvor/CPU2006/benchspec/CPU2006/401.bzip2/run/run_base_ref_aarch64.0006 -c 1 -e compare.err -o compare.stdout -f compare.cmd
1484838513.86: Issuing command '/home/bamvor/CPU2006/bin/specinvoke -E -d /home/bamvor/CPU2006/benchspec/CPU2006/401.bzip2/run/run_base_ref_aarch64.0006 -c 1 -e compare.err -o compare.stdout -f compare.cmd'
1484838513.86: /home/bamvor/CPU2006/bin/specinvoke -E -d /home/bamvor/CPU2006/benchspec/CPU2006/401.bzip2/run/run_base_ref_aarch64.0006 -c 1 -e compare.err -o compare.stdout -f compare.cmd
1484838513.86: Start command: Thu Jan 19 23:08:33 2017 (1484838513)
1484838526.14: Stop command: Thu Jan 19 23:08:46 2017 (1484838526)
1484838526.14: Elapsed time for command: 00:00:13 (13)
1484838526.14: Benchmark Times:
1484838526.14:   Start:    Thu Jan 19 22:07:42 2017 (1484834862)
1484838526.14:   Stop:     Thu Jan 19 23:08:33 2017 (1484838513)
1484838526.14:   Elapsed:  01:00:51 (3651)
1484838526.14:   Reported: 3643 58726000 3643.058726
1484838526.15:  Success 401.bzip2 base ref ratio=2.65, runtime=3643.058726, power=0.00w, temp=0.00 deg, humidity=0.00%

1484838526.15: -----------------------------------
1484838526.26:   Running 429.mcf ref base aarch64 default
1484838526.30: Commands to run:
1484838526.30:     -C /home/bamvor/CPU2006/benchspec/CPU2006/429.mcf/run/run_base_ref_aarch64.0005
1484838526.30:     -o inp.out -e inp.err ../run_base_ref_aarch64.0005/mcf_base.aarch64 inp.in (timed)
1484838526.32: Specinvoke: /home/bamvor/CPU2006/bin/specinvoke -d /home/bamvor/CPU2006/benchspec/CPU2006/429.mcf/run/run_base_ref_aarch64.0005 -e speccmds.err -o speccmds.stdout -f speccmds.cmd -C -q
1484838526.32: Issuing command '/home/bamvor/CPU2006/bin/specinvoke -d /home/bamvor/CPU2006/benchspec/CPU2006/429.mcf/run/run_base_ref_aarch64.0005 -e speccmds.err -o speccmds.stdout -f speccmds.cmd -C -q'
1484838526.32: /home/bamvor/CPU2006/bin/specinvoke -d /home/bamvor/CPU2006/benchspec/CPU2006/429.mcf/run/run_base_ref_aarch64.0005 -e speccmds.err -o speccmds.stdout -f speccmds.cmd -C -q
1484838526.32: Start command: Thu Jan 19 23:08:46 2017 (1484838526)
1484843115.11: Stop command: Fri Jan 20 00:25:15 2017 (1484843115)
1484843115.11: Elapsed time for command: 01:16:29 (4589)
1484843115.21: Workload elapsed time (0:1) = 4580.723251 seconds
1484843115.21: Copy 0 of 429.mcf (base ref) run 1 finished at Fri Jan 20 00:25:07 2017.  Total elapsed time: 4580.723251
1484843115.22: comparing files in '/home/bamvor/CPU2006/benchspec/CPU2006/429.mcf/run/run_base_ref_aarch64.0005'
1484843115.23: comparing 'inp.out' with abstol=, binary=, calctol=0, cw=, floatcompare=, ignorecase=, obiwan=, reltol=, skipabstol=, skipobiwan=, skipreltol=, skiptol=
1484843115.23: comparing 'mcf.out' with abstol=, binary=, calctol=0, cw=, floatcompare=, ignorecase=, obiwan=, reltol=, skipabstol=, skipobiwan=, skipreltol=, skiptol=
1484843115.24: Specinvoke: /home/bamvor/CPU2006/bin/specinvoke -E -d /home/bamvor/CPU2006/benchspec/CPU2006/429.mcf/run/run_base_ref_aarch64.0005 -c 1 -e compare.err -o compare.stdout -f compare.cmd
1484843115.24: Issuing command '/home/bamvor/CPU2006/bin/specinvoke -E -d /home/bamvor/CPU2006/benchspec/CPU2006/429.mcf/run/run_base_ref_aarch64.0005 -c 1 -e compare.err -o compare.stdout -f compare.cmd'
1484843115.24: /home/bamvor/CPU2006/bin/specinvoke -E -d /home/bamvor/CPU2006/benchspec/CPU2006/429.mcf/run/run_base_ref_aarch64.0005 -c 1 -e compare.err -o compare.stdout -f compare.cmd
1484843115.24: Start command: Fri Jan 20 00:25:15 2017 (1484843115)
1484843118.93: Stop command: Fri Jan 20 00:25:18 2017 (1484843118)
1484843118.93: Elapsed time for command: 00:00:03 (3)
1484843118.94: Benchmark Times:
1484843118.94:   Start:    Thu Jan 19 23:08:46 2017 (1484838526)
1484843118.94:   Stop:     Fri Jan 20 00:25:15 2017 (1484843115)
1484843118.94:   Elapsed:  01:16:29 (4589)
1484843118.94:   Reported: 4580 723550000 4580.72355
1484843118.94:  Success 429.mcf base ref ratio=1.99, runtime=4580.723550, power=0.00w, temp=0.00 deg, humidity=0.00%

1484843118.94: -----------------------------------
1484843120.35:   Running 445.gobmk ref base aarch64 default
1484843120.86: Commands to run:
1484843120.86:     -C /home/bamvor/CPU2006/benchspec/CPU2006/445.gobmk/run/run_base_ref_aarch64.0005
1484843120.86:     -i 13x13.tst -o 13x13.out -e 13x13.err ../run_base_ref_aarch64.0005/gobmk_base.aarch64 --quiet --mode gtp (timed)
1484843120.86:     -i nngs.tst -o nngs.out -e nngs.err ../run_base_ref_aarch64.0005/gobmk_base.aarch64 --quiet --mode gtp (timed)
1484843120.86:     -i score2.tst -o score2.out -e score2.err ../run_base_ref_aarch64.0005/gobmk_base.aarch64 --quiet --mode gtp (timed)
1484843120.86:     -i trevorc.tst -o trevorc.out -e trevorc.err ../run_base_ref_aarch64.0005/gobmk_base.aarch64 --quiet --mode gtp (timed)
1484843120.86:     -i trevord.tst -o trevord.out -e trevord.err ../run_base_ref_aarch64.0005/gobmk_base.aarch64 --quiet --mode gtp (timed)
1484843120.88: Specinvoke: /home/bamvor/CPU2006/bin/specinvoke -d /home/bamvor/CPU2006/benchspec/CPU2006/445.gobmk/run/run_base_ref_aarch64.0005 -e speccmds.err -o speccmds.stdout -f speccmds.cmd -C -q
1484843120.88: Issuing command '/home/bamvor/CPU2006/bin/specinvoke -d /home/bamvor/CPU2006/benchspec/CPU2006/445.gobmk/run/run_base_ref_aarch64.0005 -e speccmds.err -o speccmds.stdout -f speccmds.cmd -C -q'
1484843120.88: /home/bamvor/CPU2006/bin/specinvoke -d /home/bamvor/CPU2006/benchspec/CPU2006/445.gobmk/run/run_base_ref_aarch64.0005 -e speccmds.err -o speccmds.stdout -f speccmds.cmd -C -q
1484843120.88: Start command: Fri Jan 20 00:25:20 2017 (1484843120)
1484845334.86: Stop command: Fri Jan 20 01:02:14 2017 (1484845334)
1484845334.86: Elapsed time for command: 00:36:54 (2214)
1484845334.95: Workload elapsed time (0:1) = 311.093117 seconds
1484845334.95: Workload elapsed time (0:2) = 792.136239 seconds
1484845334.95: Workload elapsed time (0:3) = 381.550899 seconds
1484845334.95: Workload elapsed time (0:4) = 301.185074 seconds
1484845334.95: Workload elapsed time (0:5) = 419.978329 seconds
1484845334.95: Copy 0 of 445.gobmk (base ref) run 1 finished at Fri Jan 20 01:02:06 2017.  Total elapsed time: 2205.943658
1484845334.96: comparing files in '/home/bamvor/CPU2006/benchspec/CPU2006/445.gobmk/run/run_base_ref_aarch64.0005'
1484845334.97: comparing '13x13.out' with abstol=, binary=, calctol=0, cw=, floatcompare=, ignorecase=, obiwan=, reltol=, skipabstol=, skipobiwan=, skipreltol=, skiptol=
1484845334.97: comparing 'nngs.out' with abstol=, binary=, calctol=0, cw=, floatcompare=, ignorecase=, obiwan=, reltol=, skipabstol=, skipobiwan=, skipreltol=, skiptol=
1484845334.97: comparing 'score2.out' with abstol=, binary=, calctol=0, cw=, floatcompare=, ignorecase=, obiwan=, reltol=, skipabstol=, skipobiwan=, skipreltol=, skiptol=
1484845334.97: comparing 'trevorc.out' with abstol=, binary=, calctol=0, cw=, floatcompare=, ignorecase=, obiwan=, reltol=, skipabstol=, skipobiwan=, skipreltol=, skiptol=
1484845334.97: comparing 'trevord.out' with abstol=, binary=, calctol=0, cw=, floatcompare=, ignorecase=, obiwan=, reltol=, skipabstol=, skipobiwan=, skipreltol=, skiptol=
1484845334.98: Specinvoke: /home/bamvor/CPU2006/bin/specinvoke -E -d /home/bamvor/CPU2006/benchspec/CPU2006/445.gobmk/run/run_base_ref_aarch64.0005 -c 1 -e compare.err -o compare.stdout -f compare.cmd
1484845334.98: Issuing command '/home/bamvor/CPU2006/bin/specinvoke -E -d /home/bamvor/CPU2006/benchspec/CPU2006/445.gobmk/run/run_base_ref_aarch64.0005 -c 1 -e compare.err -o compare.stdout -f compare.cmd'
1484845334.98: /home/bamvor/CPU2006/bin/specinvoke -E -d /home/bamvor/CPU2006/benchspec/CPU2006/445.gobmk/run/run_base_ref_aarch64.0005 -c 1 -e compare.err -o compare.stdout -f compare.cmd
1484845334.98: Start command: Fri Jan 20 01:02:14 2017 (1484845334)
1484845342.51: Stop command: Fri Jan 20 01:02:22 2017 (1484845342)
1484845342.51: Elapsed time for command: 00:00:08 (8)
1484845342.51: Benchmark Times:
1484845342.51:   Start:    Fri Jan 20 00:25:20 2017 (1484843120)
1484845342.51:   Stop:     Fri Jan 20 01:02:14 2017 (1484845334)
1484845342.51:   Elapsed:  00:36:54 (2214)
1484845342.51:   Reported: 2205 944135000 2205.944135
1484845342.51:  Success 445.gobmk base ref ratio=4.76, runtime=2205.944135, power=0.00w, temp=0.00 deg, humidity=0.00%

1484845342.52: -----------------------------------
1484845342.73:   Running 458.sjeng ref base aarch64 default
1484845342.76: Commands to run:
1484845342.76:     -C /home/bamvor/CPU2006/benchspec/CPU2006/458.sjeng/run/run_base_ref_aarch64.0005
1484845342.76:     -o ref.out -e ref.err ../run_base_ref_aarch64.0005/sjeng_base.aarch64 ref.txt (timed)
1484845342.79: Specinvoke: /home/bamvor/CPU2006/bin/specinvoke -d /home/bamvor/CPU2006/benchspec/CPU2006/458.sjeng/run/run_base_ref_aarch64.0005 -e speccmds.err -o speccmds.stdout -f speccmds.cmd -C -q
1484845342.79: Issuing command '/home/bamvor/CPU2006/bin/specinvoke -d /home/bamvor/CPU2006/benchspec/CPU2006/458.sjeng/run/run_base_ref_aarch64.0005 -e speccmds.err -o speccmds.stdout -f speccmds.cmd -C -q'
1484845342.79: /home/bamvor/CPU2006/bin/specinvoke -d /home/bamvor/CPU2006/benchspec/CPU2006/458.sjeng/run/run_base_ref_aarch64.0005 -e speccmds.err -o speccmds.stdout -f speccmds.cmd -C -q
1484845342.79: Start command: Fri Jan 20 01:02:22 2017 (1484845342)
1484847988.49: Stop command: Fri Jan 20 01:46:28 2017 (1484847988)
1484847988.49: Elapsed time for command: 00:44:06 (2646)
1484847988.58: Workload elapsed time (0:1) = 2637.669768 seconds
1484847988.58: Copy 0 of 458.sjeng (base ref) run 1 finished at Fri Jan 20 01:46:20 2017.  Total elapsed time: 2637.669768
1484847988.58: comparing files in '/home/bamvor/CPU2006/benchspec/CPU2006/458.sjeng/run/run_base_ref_aarch64.0005'
1484847988.59: comparing 'ref.out' with abstol=, binary=, calctol=0, cw=, floatcompare=, ignorecase=, obiwan=, reltol=, skipabstol=, skipobiwan=, skipreltol=, skiptol=
1484847988.59: Specinvoke: /home/bamvor/CPU2006/bin/specinvoke -E -d /home/bamvor/CPU2006/benchspec/CPU2006/458.sjeng/run/run_base_ref_aarch64.0005 -c 1 -e compare.err -o compare.stdout -f compare.cmd
1484847988.59: Issuing command '/home/bamvor/CPU2006/bin/specinvoke -E -d /home/bamvor/CPU2006/benchspec/CPU2006/458.sjeng/run/run_base_ref_aarch64.0005 -c 1 -e compare.err -o compare.stdout -f compare.cmd'
1484847988.60: /home/bamvor/CPU2006/bin/specinvoke -E -d /home/bamvor/CPU2006/benchspec/CPU2006/458.sjeng/run/run_base_ref_aarch64.0005 -c 1 -e compare.err -o compare.stdout -f compare.cmd
1484847988.60: Start command: Fri Jan 20 01:46:28 2017 (1484847988)
1484847990.33: Stop command: Fri Jan 20 01:46:30 2017 (1484847990)
1484847990.33: Elapsed time for command: 00:00:02 (2)
1484847990.34: Benchmark Times:
1484847990.34:   Start:    Fri Jan 20 01:02:22 2017 (1484845342)
1484847990.34:   Stop:     Fri Jan 20 01:46:28 2017 (1484847988)
1484847990.34:   Elapsed:  00:44:06 (2646)
1484847990.34:   Reported: 2637 670028000 2637.670028
1484847990.34:  Success 458.sjeng base ref ratio=4.59, runtime=2637.670028, power=0.00w, temp=0.00 deg, humidity=0.00%

1484847990.34: -----------------------------------
1484847990.55:   Running 462.libquantum ref base aarch64 default
1484847990.58: Commands to run:
1484847990.58:     -C /home/bamvor/CPU2006/benchspec/CPU2006/462.libquantum/run/run_base_ref_aarch64.0005
1484847990.58:     -o ref.out -e ref.err ../run_base_ref_aarch64.0005/libquantum_base.aarch64 1397 8 (timed)
1484847990.60: Specinvoke: /home/bamvor/CPU2006/bin/specinvoke -d /home/bamvor/CPU2006/benchspec/CPU2006/462.libquantum/run/run_base_ref_aarch64.0005 -e speccmds.err -o speccmds.stdout -f speccmds.cmd -C -q
1484847990.61: Issuing command '/home/bamvor/CPU2006/bin/specinvoke -d /home/bamvor/CPU2006/benchspec/CPU2006/462.libquantum/run/run_base_ref_aarch64.0005 -e speccmds.err -o speccmds.stdout -f speccmds.cmd -C -q'
1484847990.61: /home/bamvor/CPU2006/bin/specinvoke -d /home/bamvor/CPU2006/benchspec/CPU2006/462.libquantum/run/run_base_ref_aarch64.0005 -e speccmds.err -o speccmds.stdout -f speccmds.cmd -C -q
1484847990.61: Start command: Fri Jan 20 01:46:30 2017 (1484847990)
1484849911.78: Stop command: Fri Jan 20 02:18:31 2017 (1484849911)
1484849911.78: Elapsed time for command: 00:32:01 (1921)
1484849911.87: Workload elapsed time (0:1) = 1913.141232 seconds
1484849911.87: Copy 0 of 462.libquantum (base ref) run 1 finished at Fri Jan 20 02:18:23 2017.  Total elapsed time: 1913.141232
1484849911.88: comparing files in '/home/bamvor/CPU2006/benchspec/CPU2006/462.libquantum/run/run_base_ref_aarch64.0005'
1484849911.88: comparing 'ref.out' with abstol=, binary=, calctol=0, cw=, floatcompare=, ignorecase=, obiwan=1, reltol=, skipabstol=, skipobiwan=, skipreltol=, skiptol=
1484849911.89: Specinvoke: /home/bamvor/CPU2006/bin/specinvoke -E -d /home/bamvor/CPU2006/benchspec/CPU2006/462.libquantum/run/run_base_ref_aarch64.0005 -c 1 -e compare.err -o compare.stdout -f compare.cmd
1484849911.89: Issuing command '/home/bamvor/CPU2006/bin/specinvoke -E -d /home/bamvor/CPU2006/benchspec/CPU2006/462.libquantum/run/run_base_ref_aarch64.0005 -c 1 -e compare.err -o compare.stdout -f compare.cmd'
1484849911.89: /home/bamvor/CPU2006/bin/specinvoke -E -d /home/bamvor/CPU2006/benchspec/CPU2006/462.libquantum/run/run_base_ref_aarch64.0005 -c 1 -e compare.err -o compare.stdout -f compare.cmd
1484849911.89: Start command: Fri Jan 20 02:18:31 2017 (1484849911)
1484849913.61: Stop command: Fri Jan 20 02:18:33 2017 (1484849913)
1484849913.61: Elapsed time for command: 00:00:02 (2)
1484849913.62: Benchmark Times:
1484849913.62:   Start:    Fri Jan 20 01:46:30 2017 (1484847990)
1484849913.62:   Stop:     Fri Jan 20 02:18:31 2017 (1484849911)
1484849913.62:   Elapsed:  00:32:01 (1921)
1484849913.62:   Reported: 1913 141451000 1913.141451
1484849913.62:  Success 462.libquantum base ref ratio=10.83, runtime=1913.141451, power=0.00w, temp=0.00 deg, humidity=0.00%

1484849913.62: -----------------------------------
1484849913.89:   Running 464.h264ref ref base aarch64 default
1484849913.93: Commands to run:
1484849913.93:     -C /home/bamvor/CPU2006/benchspec/CPU2006/464.h264ref/run/run_base_ref_aarch64.0005
1484849913.93:     -o foreman_ref_baseline_encodelog.out -e foreman_ref_baseline_encodelog.err ../run_base_ref_aarch64.0005/h264ref_base.aarch64 -d foreman_ref_encoder_baseline.cfg (timed)
1484849913.93:     -o foreman_ref_main_encodelog.out -e foreman_ref_main_encodelog.err ../run_base_ref_aarch64.0005/h264ref_base.aarch64 -d foreman_ref_encoder_main.cfg (timed)
1484849913.93:     -o sss_main_encodelog.out -e sss_main_encodelog.err ../run_base_ref_aarch64.0005/h264ref_base.aarch64 -d sss_encoder_main.cfg (timed)
1484849913.96: Specinvoke: /home/bamvor/CPU2006/bin/specinvoke -d /home/bamvor/CPU2006/benchspec/CPU2006/464.h264ref/run/run_base_ref_aarch64.0005 -e speccmds.err -o speccmds.stdout -f speccmds.cmd -C -q
1484849913.96: Issuing command '/home/bamvor/CPU2006/bin/specinvoke -d /home/bamvor/CPU2006/benchspec/CPU2006/464.h264ref/run/run_base_ref_aarch64.0005 -e speccmds.err -o speccmds.stdout -f speccmds.cmd -C -q'
1484849913.96: /home/bamvor/CPU2006/bin/specinvoke -d /home/bamvor/CPU2006/benchspec/CPU2006/464.h264ref/run/run_base_ref_aarch64.0005 -e speccmds.err -o speccmds.stdout -f speccmds.cmd -C -q
1484849913.96: Start command: Fri Jan 20 02:18:33 2017 (1484849913)
1484852962.25: Stop command: Fri Jan 20 03:09:22 2017 (1484852962)
1484852962.25: Elapsed time for command: 00:50:49 (3049)
1484852962.34: Workload elapsed time (0:1) = 337.774897 seconds
1484852962.34: Workload elapsed time (0:2) = 273.621572 seconds
1484852962.34: Workload elapsed time (0:3) = 2428.866068 seconds
1484852962.34: Copy 0 of 464.h264ref (base ref) run 1 finished at Fri Jan 20 03:09:14 2017.  Total elapsed time: 3040.262537
1484852962.35: comparing files in '/home/bamvor/CPU2006/benchspec/CPU2006/464.h264ref/run/run_base_ref_aarch64.0005'
1484852962.36: comparing 'foreman_ref_baseline_encodelog.out' with abstol=, binary=, calctol=0, cw=1, floatcompare=1, ignorecase=, obiwan=, reltol=, skipabstol=, skipobiwan=, skipreltol=, skiptol=
1484852962.36: comparing 'foreman_ref_baseline_leakybucketparam.cfg' with abstol=, binary=1, calctol=0, cw=1, floatcompare=1, ignorecase=, obiwan=, reltol=, skipabstol=, skipobiwan=, skipreltol=, skiptol=
1484852962.36: comparing 'foreman_ref_main_encodelog.out' with abstol=, binary=, calctol=0, cw=1, floatcompare=1, ignorecase=, obiwan=, reltol=, skipabstol=, skipobiwan=, skipreltol=, skiptol=
1484852962.36: comparing 'foreman_ref_main_leakybucketparam.cfg' with abstol=, binary=1, calctol=0, cw=1, floatcompare=1, ignorecase=, obiwan=, reltol=, skipabstol=, skipobiwan=, skipreltol=, skiptol=
1484852962.37: comparing 'sss_main_encodelog.out' with abstol=, binary=, calctol=0, cw=1, floatcompare=1, ignorecase=, obiwan=, reltol=, skipabstol=, skipobiwan=, skipreltol=, skiptol=
1484852962.37: comparing 'sss_main_leakybucketparam.cfg' with abstol=, binary=1, calctol=0, cw=1, floatcompare=1, ignorecase=, obiwan=, reltol=, skipabstol=, skipobiwan=, skipreltol=, skiptol=
1484852962.37: Specinvoke: /home/bamvor/CPU2006/bin/specinvoke -E -d /home/bamvor/CPU2006/benchspec/CPU2006/464.h264ref/run/run_base_ref_aarch64.0005 -c 1 -e compare.err -o compare.stdout -f compare.cmd
1484852962.37: Issuing command '/home/bamvor/CPU2006/bin/specinvoke -E -d /home/bamvor/CPU2006/benchspec/CPU2006/464.h264ref/run/run_base_ref_aarch64.0005 -c 1 -e compare.err -o compare.stdout -f compare.cmd'
1484852962.37: /home/bamvor/CPU2006/bin/specinvoke -E -d /home/bamvor/CPU2006/benchspec/CPU2006/464.h264ref/run/run_base_ref_aarch64.0005 -c 1 -e compare.err -o compare.stdout -f compare.cmd
1484852962.37: Start command: Fri Jan 20 03:09:22 2017 (1484852962)
1484852974.61: Stop command: Fri Jan 20 03:09:34 2017 (1484852974)
1484852974.61: Elapsed time for command: 00:00:12 (12)
1484852974.61: Benchmark Times:
1484852974.61:   Start:    Fri Jan 20 02:18:33 2017 (1484849913)
1484852974.61:   Stop:     Fri Jan 20 03:09:22 2017 (1484852962)
1484852974.61:   Elapsed:  00:50:49 (3049)
1484852974.61:   Reported: 3040 262851000 3040.262851
1484852974.61:  Success 464.h264ref base ref ratio=7.28, runtime=3040.262851, power=0.00w, temp=0.00 deg, humidity=0.00%

1484852974.61: -----------------------------------
1484852975.44:   Running 483.xalancbmk ref base aarch64 default
1484852975.47: Commands to run:
1484852975.47:     -C /home/bamvor/CPU2006/benchspec/CPU2006/483.xalancbmk/run/run_base_ref_aarch64.0005
1484852975.47:     -o ref.out -e ref.err ../run_base_ref_aarch64.0005/Xalan_base.aarch64 -v t5.xml xalanc.xsl (timed)
1484852975.49: Specinvoke: /home/bamvor/CPU2006/bin/specinvoke -d /home/bamvor/CPU2006/benchspec/CPU2006/483.xalancbmk/run/run_base_ref_aarch64.0005 -e speccmds.err -o speccmds.stdout -f speccmds.cmd -C -q
1484852975.50: Issuing command '/home/bamvor/CPU2006/bin/specinvoke -d /home/bamvor/CPU2006/benchspec/CPU2006/483.xalancbmk/run/run_base_ref_aarch64.0005 -e speccmds.err -o speccmds.stdout -f speccmds.cmd -C -q'
1484852975.50: /home/bamvor/CPU2006/bin/specinvoke -d /home/bamvor/CPU2006/benchspec/CPU2006/483.xalancbmk/run/run_base_ref_aarch64.0005 -e speccmds.err -o speccmds.stdout -f speccmds.cmd -C -q
1484852975.50: Start command: Fri Jan 20 03:09:35 2017 (1484852975)
1484854819.69: Stop command: Fri Jan 20 03:40:19 2017 (1484854819)
1484854819.69: Elapsed time for command: 00:30:44 (1844)
1484854819.77: Workload elapsed time (0:1) = 1836.155714 seconds
1484854819.77: Copy 0 of 483.xalancbmk (base ref) run 1 finished at Fri Jan 20 03:40:11 2017.  Total elapsed time: 1836.155714
1484854819.78: comparing files in '/home/bamvor/CPU2006/benchspec/CPU2006/483.xalancbmk/run/run_base_ref_aarch64.0005'
1484854819.79: comparing 'ref.out' with abstol=, binary=, calctol=0, cw=, floatcompare=, ignorecase=, obiwan=, reltol=, skipabstol=, skipobiwan=, skipreltol=, skiptol=
1484854819.79: Specinvoke: /home/bamvor/CPU2006/bin/specinvoke -E -d /home/bamvor/CPU2006/benchspec/CPU2006/483.xalancbmk/run/run_base_ref_aarch64.0005 -c 1 -e compare.err -o compare.stdout -f compare.cmd
1484854819.79: Issuing command '/home/bamvor/CPU2006/bin/specinvoke -E -d /home/bamvor/CPU2006/benchspec/CPU2006/483.xalancbmk/run/run_base_ref_aarch64.0005 -c 1 -e compare.err -o compare.stdout -f compare.cmd'
1484854819.79: /home/bamvor/CPU2006/bin/specinvoke -E -d /home/bamvor/CPU2006/benchspec/CPU2006/483.xalancbmk/run/run_base_ref_aarch64.0005 -c 1 -e compare.err -o compare.stdout -f compare.cmd
1484854819.79: Start command: Fri Jan 20 03:40:19 2017 (1484854819)
1484854826.41: Stop command: Fri Jan 20 03:40:26 2017 (1484854826)
1484854826.41: Elapsed time for command: 00:00:07 (7)
1484854826.41: Benchmark Times:
1484854826.41:   Start:    Fri Jan 20 03:09:35 2017 (1484852975)
1484854826.41:   Stop:     Fri Jan 20 03:40:19 2017 (1484854819)
1484854826.41:   Elapsed:  00:30:44 (1844)
1484854826.41:   Reported: 1836 155951000 1836.155951
1484854826.42:  Success 483.xalancbmk base ref ratio=3.76, runtime=1836.155951, power=0.00w, temp=0.00 deg, humidity=0.00%
1484854826.42: Success: 1x400.perlbench 1x401.bzip2 1x429.mcf 1x445.gobmk 1x458.sjeng 1x462.libquantum 1x464.h264ref 1x483.xalancbmk
1484854826.53: Producing Raw Reports
1484854826.53: mach: default
1484854826.53:   ext: aarch64
1484854826.53:     size: ref
1484854826.53:       set: int
1484854826.66: NOTICE: sw_compiler is longer than 50 characters and will be split
1484854826.66: WARNING: the following line:
1484854826.66: -----
1484854826.66: Using built-in specs. COLLECT_GCC=aarch64-linux-gnu-gcc COLLECT_LTO_WRAPPER=/home/bamvor/works/software/toolchain/gcc-linaro-6.2.1-2016.11-x86_64_aarch64-linux-gnu/gcc-linaro-6.2.1-2016.11-x86_64_aarch64-linux-gnu/bin/../libexec/gcc/aarch64-linux-gnu/6.2.1/lto-wrapper Target: aarch64-linux-gnu Configured with: /home/tcwg-buildslave/workspace/tcwg-make-release/label/docker-trusty-amd64-tcwg-build/target/aarch64-linux-gnu/snapshots/gcc-linaro-6.2-2016.11/configure SHELL=/bin/bash --with-mpc=/home/tcwg-buildslave/workspace/tcwg-make-release/label/docker-trusty-amd64-tcwg-build/target/aarch64-linux-gnu/_build/builds/destdir/x86_64-unknown-linux-gnu --with-mpfr=/home/tcwg-buildslave/workspace/tcwg-make-release/label/docker-trusty-amd64-tcwg-build/target/aarch64-linux-gnu/_build/builds/destdir/x86_64-unknown-linux-gnu --with-gmp=/home/tcwg-buildslave/workspace/tcwg-make-release/label/docker-trusty-amd64-tcwg-build/target/aarch64-linux-gnu/_build/builds/destdir/x86_64-unknown-linux-gnu --with-gnu-as --with-gnu-ld --disable-libstdcxx-pch --disable-libmudflap --with-cloog=no --with-ppl=no --with-isl=no --disable-nls --enable-c99 --enable-gnu-indirect-function --disable-multilib --with-arch=armv8-a --enable-fix-cortex-a53-835769 --enable-fix-cortex-a53-843419 --enable-multiarch --with-build-sysroot=/home/tcwg-buildslave/workspace/tcwg-make-release/label/docker-trusty-amd64-tcwg-build/target/aarch64-linux-gnu/_build/sysroots/aarch64-linux-gnu --enable-lto --enable-linker-build-id --enable-long-long --enable-shared --with-sysroot=/home/tcwg-buildslave/workspace/tcwg-make-release/label/docker-trusty-amd64-tcwg-build/target/aarch64-linux-gnu/_build/builds/destdir/x86_64-unknown-linux-gnu/aarch64-linux-gnu/libc --enable-languages=c,c++,fortran,lto --enable-checking=release --disable-bootstrap --build=x86_64-unknown-linux-gnu --host=x86_64-unknown-linux-gnu --target=aarch64-linux-gnu --prefix=/home/tcwg-buildslave/workspace/tcwg-make-release/label/docker-trusty-amd64-tcwg-build/target/aarch64-linux-gnu/_build/builds/destdir/x86_64-unknown-linux-gnu Thread model: posix gcc version 6.2.1 20161016 (Linaro GCC 6.2-2016.11)
1484854826.66: -----
1484854826.66: contains an element longer than 50 columns and could not be split.
1484854826.85:         format: raw -> /home/bamvor/CPU2006/result/CINT2006.077.ref.rsf

1484854832.49: NOTICE: sw_compiler is longer than 50 characters and will be split
1484854832.49: WARNING: the following line:
1484854832.49: -----
1484854832.49: Using built-in specs. COLLECT_GCC=aarch64-linux-gnu-gcc COLLECT_LTO_WRAPPER=/home/bamvor/works/software/toolchain/gcc-linaro-6.2.1-2016.11-x86_64_aarch64-linux-gnu/gcc-linaro-6.2.1-2016.11-x86_64_aarch64-linux-gnu/bin/../libexec/gcc/aarch64-linux-gnu/6.2.1/lto-wrapper Target: aarch64-linux-gnu Configured with: /home/tcwg-buildslave/workspace/tcwg-make-release/label/docker-trusty-amd64-tcwg-build/target/aarch64-linux-gnu/snapshots/gcc-linaro-6.2-2016.11/configure SHELL=/bin/bash --with-mpc=/home/tcwg-buildslave/workspace/tcwg-make-release/label/docker-trusty-amd64-tcwg-build/target/aarch64-linux-gnu/_build/builds/destdir/x86_64-unknown-linux-gnu --with-mpfr=/home/tcwg-buildslave/workspace/tcwg-make-release/label/docker-trusty-amd64-tcwg-build/target/aarch64-linux-gnu/_build/builds/destdir/x86_64-unknown-linux-gnu --with-gmp=/home/tcwg-buildslave/workspace/tcwg-make-release/label/docker-trusty-amd64-tcwg-build/target/aarch64-linux-gnu/_build/builds/destdir/x86_64-unknown-linux-gnu --with-gnu-as --with-gnu-ld --disable-libstdcxx-pch --disable-libmudflap --with-cloog=no --with-ppl=no --with-isl=no --disable-nls --enable-c99 --enable-gnu-indirect-function --disable-multilib --with-arch=armv8-a --enable-fix-cortex-a53-835769 --enable-fix-cortex-a53-843419 --enable-multiarch --with-build-sysroot=/home/tcwg-buildslave/workspace/tcwg-make-release/label/docker-trusty-amd64-tcwg-build/target/aarch64-linux-gnu/_build/sysroots/aarch64-linux-gnu --enable-lto --enable-linker-build-id --enable-long-long --enable-shared --with-sysroot=/home/tcwg-buildslave/workspace/tcwg-make-release/label/docker-trusty-amd64-tcwg-build/target/aarch64-linux-gnu/_build/builds/destdir/x86_64-unknown-linux-gnu/aarch64-linux-gnu/libc --enable-languages=c,c++,fortran,lto --enable-checking=release --disable-bootstrap --build=x86_64-unknown-linux-gnu --host=x86_64-unknown-linux-gnu --target=aarch64-linux-gnu --prefix=/home/tcwg-buildslave/workspace/tcwg-make-release/label/docker-trusty-amd64-tcwg-build/target/aarch64-linux-gnu/_build/builds/destdir/x86_64-unknown-linux-gnu Thread model: posix gcc version 6.2.1 20161016 (Linaro GCC 6.2-2016.11)
1484854832.49: -----
1484854832.49: contains an element longer than 50 columns and could not be split.
1484854835.77: Parsing flags for 400.perlbench base: done
1484854835.95: Parsing flags for 401.bzip2 base: done
1484854836.10: Parsing flags for 429.mcf base: done
1484854836.36: Parsing flags for 445.gobmk base: done
1484854836.46: Parsing flags for 458.sjeng base: done
1484854836.69: Parsing flags for 462.libquantum base: done
1484854837.10: Parsing flags for 464.h264ref base: done
1484854837.77: Parsing flags for 483.xalancbmk base: done
1484854837.82: Doing flag reduction: done
1484854837.93:         format: ASCII -> /home/bamvor/CPU2006/result/CINT2006.077.ref.txt
1484854837.94:         format: config -> /home/bamvor/CPU2006/result/CINT2006.077.ref.cfg, /home/bamvor/CPU2006/result/CINT2006.077.ref.orig.cfg
1484854837.98:         format: CSV -> /home/bamvor/CPU2006/result/CINT2006.077.ref.csv
1484854838.20:       set: fp

1484854838.22: The log for this run is in /home/bamvor/CPU2006/result/CPU2006.077.log

1484854838.22: runspec finished at Fri Jan 20 03:40:38 2017; 1484854780 total seconds elapsed
