runspec v6674 started at Fri Jan 20 04:07:08 2017 on "localhost"
runspec is: /home/bamvor/CPU2006/bin/runspec
runspec: runspec -c linaro_aarch32.cfg --nobuild --size=ref -n 1 --noreportable --tune=base mcf hmmer sjeng h264ref astar xalancbmk
toolset: linux-aarch64

Locating benchmarks...found 31 benchmarks in 6 benchsets.
Reading config file '/home/bamvor/CPU2006/config/linaro_aarch32.cfg'

1484856431.50: Verbosity = 5
1484856431.50: Action    = validate
1484856431.50: Tune      = base
1484856431.50: Ext       = aarch32
1484856431.50: Size      = ref
1484856431.50: Machine   = default
1484856431.50: benchmarks= 429.mcf,456.hmmer,458.sjeng,464.h264ref,473.astar,483.xalancbmk
1484856431.50: outputs   = asc,csv,config
1484856431.50: username  = root
1484856431.50: Benchmarks selected: 429.mcf, 456.hmmer, 458.sjeng, 464.h264ref, 473.astar, 483.xalancbmk
1484856431.59: Compiling Binaries

1484856431.59: ------------------------------------------------------------------------
1484856432.16:   Up to date 429.mcf base aarch32 default

1484856432.16: ------------------------------------------------------------------------
1484856432.75:   Up to date 456.hmmer base aarch32 default

1484856432.75: ------------------------------------------------------------------------
1484856433.31:   Up to date 458.sjeng base aarch32 default

1484856433.32: ------------------------------------------------------------------------
1484856433.91:   Up to date 464.h264ref base aarch32 default

1484856433.91: ------------------------------------------------------------------------
1484856434.49:   Up to date 473.astar base aarch32 default

1484856434.49: ------------------------------------------------------------------------
1484856435.42:   Up to date 483.xalancbmk base aarch32 default


1484856435.42: Setting Up Run Directories
1484856435.42(0.31s):   Setting up 429.mcf ref base aarch32 default: existing (run_base_ref_aarch32.0000)
1484856435.74(2.99s):   Setting up 456.hmmer ref base aarch32 default: existing (run_base_ref_aarch32.0000)
1484856438.74(1.53s):   Setting up 458.sjeng ref base aarch32 default: existing (run_base_ref_aarch32.0000)
1484856440.28(2.77s):   Setting up 464.h264ref ref base aarch32 default: existing (run_base_ref_aarch32.0000)
1484856443.06(1.13s):   Setting up 473.astar ref base aarch32 default: existing (run_base_ref_aarch32.0000)
1484856444.20(6.46s):   Setting up 483.xalancbmk ref base aarch32 default: existing (run_base_ref_aarch32.0000)

1484856450.66: -----------------------------------
1484856450.66: Running Benchmarks

1484856450.66: -----------------------------------
1484856453.23:   Running 429.mcf ref base aarch32 default
1484856453.26: Commands to run:
1484856453.26:     -C /home/bamvor/CPU2006/benchspec/CPU2006/429.mcf/run/run_base_ref_aarch32.0000
1484856453.26:     -o inp.out -e inp.err ../run_base_ref_aarch32.0000/mcf_base.aarch32 inp.in (timed)
1484856453.29: Specinvoke: /home/bamvor/CPU2006/bin/specinvoke -d /home/bamvor/CPU2006/benchspec/CPU2006/429.mcf/run/run_base_ref_aarch32.0000 -e speccmds.err -o speccmds.stdout -f speccmds.cmd -C -q
1484856453.29: Issuing command '/home/bamvor/CPU2006/bin/specinvoke -d /home/bamvor/CPU2006/benchspec/CPU2006/429.mcf/run/run_base_ref_aarch32.0000 -e speccmds.err -o speccmds.stdout -f speccmds.cmd -C -q'
1484856453.29: /home/bamvor/CPU2006/bin/specinvoke -d /home/bamvor/CPU2006/benchspec/CPU2006/429.mcf/run/run_base_ref_aarch32.0000 -e speccmds.err -o speccmds.stdout -f speccmds.cmd -C -q
1484856453.29: Start command: Fri Jan 20 04:07:33 2017 (1484856453)
1484860085.77: Stop command: Fri Jan 20 05:08:05 2017 (1484860085)
1484860085.77: Elapsed time for command: 01:00:32 (3632)
1484860085.86: Workload elapsed time (0:1) = 3624.463056 seconds
1484860085.86: Copy 0 of 429.mcf (base ref) run 1 finished at Fri Jan 20 05:07:57 2017.  Total elapsed time: 3624.463056
1484860085.86: comparing files in '/home/bamvor/CPU2006/benchspec/CPU2006/429.mcf/run/run_base_ref_aarch32.0000'
1484860085.87: comparing 'inp.out' with abstol=, binary=, calctol=0, cw=, floatcompare=, ignorecase=, obiwan=, reltol=, skipabstol=, skipobiwan=, skipreltol=, skiptol=
1484860085.87: comparing 'mcf.out' with abstol=, binary=, calctol=0, cw=, floatcompare=, ignorecase=, obiwan=, reltol=, skipabstol=, skipobiwan=, skipreltol=, skiptol=
1484860085.88: Specinvoke: /home/bamvor/CPU2006/bin/specinvoke -E -d /home/bamvor/CPU2006/benchspec/CPU2006/429.mcf/run/run_base_ref_aarch32.0000 -c 1 -e compare.err -o compare.stdout -f compare.cmd
1484860085.88: Issuing command '/home/bamvor/CPU2006/bin/specinvoke -E -d /home/bamvor/CPU2006/benchspec/CPU2006/429.mcf/run/run_base_ref_aarch32.0000 -c 1 -e compare.err -o compare.stdout -f compare.cmd'
1484860085.88: /home/bamvor/CPU2006/bin/specinvoke -E -d /home/bamvor/CPU2006/benchspec/CPU2006/429.mcf/run/run_base_ref_aarch32.0000 -c 1 -e compare.err -o compare.stdout -f compare.cmd
1484860085.88: Start command: Fri Jan 20 05:08:05 2017 (1484860085)
1484860089.32: Stop command: Fri Jan 20 05:08:09 2017 (1484860089)
1484860089.32: Elapsed time for command: 00:00:04 (4)
1484860089.32: Benchmark Times:
1484860089.32:   Start:    Fri Jan 20 04:07:33 2017 (1484856453)
1484860089.32:   Stop:     Fri Jan 20 05:08:05 2017 (1484860085)
1484860089.32:   Elapsed:  01:00:32 (3632)
1484860089.32:   Reported: 3624 463271000 3624.463271
1484860089.32:  Success 429.mcf base ref ratio=2.52, runtime=3624.463271, power=0.00w, temp=0.00 deg, humidity=0.00%

1484860089.32: -----------------------------------
1484860089.44:   Running 456.hmmer ref base aarch32 default
1484860089.48: Commands to run:
1484860089.48:     -C /home/bamvor/CPU2006/benchspec/CPU2006/456.hmmer/run/run_base_ref_aarch32.0000
1484860089.48:     -o nph3.out -e nph3.err ../run_base_ref_aarch32.0000/hmmer_base.aarch32 nph3.hmm swiss41 (timed)
1484860089.48:     -o retro.out -e retro.err ../run_base_ref_aarch32.0000/hmmer_base.aarch32 --fixed 0 --mean 500 --num 500000 --sd 350 --seed 0 retro.hmm (timed)
1484860089.50: Specinvoke: /home/bamvor/CPU2006/bin/specinvoke -d /home/bamvor/CPU2006/benchspec/CPU2006/456.hmmer/run/run_base_ref_aarch32.0000 -e speccmds.err -o speccmds.stdout -f speccmds.cmd -C -q
1484860089.50: Issuing command '/home/bamvor/CPU2006/bin/specinvoke -d /home/bamvor/CPU2006/benchspec/CPU2006/456.hmmer/run/run_base_ref_aarch32.0000 -e speccmds.err -o speccmds.stdout -f speccmds.cmd -C -q'
1484860089.50: /home/bamvor/CPU2006/bin/specinvoke -d /home/bamvor/CPU2006/benchspec/CPU2006/456.hmmer/run/run_base_ref_aarch32.0000 -e speccmds.err -o speccmds.stdout -f speccmds.cmd -C -q
1484860089.50: Start command: Fri Jan 20 05:08:09 2017 (1484860089)
1484863234.38: Stop command: Fri Jan 20 06:00:34 2017 (1484863234)
1484863234.38: Elapsed time for command: 00:52:25 (3145)
1484863234.47: Workload elapsed time (0:1) = 1077.837468 seconds
1484863234.47: Workload elapsed time (0:2) = 2059.009346 seconds
1484863234.47: Copy 0 of 456.hmmer (base ref) run 1 finished at Fri Jan 20 06:00:26 2017.  Total elapsed time: 3136.846814
1484863234.47: comparing files in '/home/bamvor/CPU2006/benchspec/CPU2006/456.hmmer/run/run_base_ref_aarch32.0000'
1484863234.48: comparing 'nph3.out' with abstol=1e-05, binary=, calctol=0, cw=, floatcompare=, ignorecase=, obiwan=, reltol=0.002, skipabstol=, skipobiwan=, skipreltol=, skiptol=
1484863234.48: comparing 'retro.out' with abstol=1e-05, binary=, calctol=0, cw=, floatcompare=, ignorecase=, obiwan=, reltol=0.002, skipabstol=, skipobiwan=, skipreltol=, skiptol=
1484863234.49: Specinvoke: /home/bamvor/CPU2006/bin/specinvoke -E -d /home/bamvor/CPU2006/benchspec/CPU2006/456.hmmer/run/run_base_ref_aarch32.0000 -c 1 -e compare.err -o compare.stdout -f compare.cmd
1484863234.49: Issuing command '/home/bamvor/CPU2006/bin/specinvoke -E -d /home/bamvor/CPU2006/benchspec/CPU2006/456.hmmer/run/run_base_ref_aarch32.0000 -c 1 -e compare.err -o compare.stdout -f compare.cmd'
1484863234.49: /home/bamvor/CPU2006/bin/specinvoke -E -d /home/bamvor/CPU2006/benchspec/CPU2006/456.hmmer/run/run_base_ref_aarch32.0000 -c 1 -e compare.err -o compare.stdout -f compare.cmd
1484863234.49: Start command: Fri Jan 20 06:00:34 2017 (1484863234)
1484863237.91: Stop command: Fri Jan 20 06:00:37 2017 (1484863237)
1484863237.91: Elapsed time for command: 00:00:03 (3)
1484863237.92: Benchmark Times:
1484863237.92:   Start:    Fri Jan 20 05:08:09 2017 (1484860089)
1484863237.92:   Stop:     Fri Jan 20 06:00:34 2017 (1484863234)
1484863237.92:   Elapsed:  00:52:25 (3145)
1484863237.92:   Reported: 3136 847083000 3136.847083
1484863237.92:  Success 456.hmmer base ref ratio=2.97, runtime=3136.847083, power=0.00w, temp=0.00 deg, humidity=0.00%

1484863237.92: -----------------------------------
1484863238.02:   Running 458.sjeng ref base aarch32 default
1484863238.05: Commands to run:
1484863238.05:     -C /home/bamvor/CPU2006/benchspec/CPU2006/458.sjeng/run/run_base_ref_aarch32.0000
1484863238.05:     -o ref.out -e ref.err ../run_base_ref_aarch32.0000/sjeng_base.aarch32 ref.txt (timed)
1484863238.07: Specinvoke: /home/bamvor/CPU2006/bin/specinvoke -d /home/bamvor/CPU2006/benchspec/CPU2006/458.sjeng/run/run_base_ref_aarch32.0000 -e speccmds.err -o speccmds.stdout -f speccmds.cmd -C -q
1484863238.07: Issuing command '/home/bamvor/CPU2006/bin/specinvoke -d /home/bamvor/CPU2006/benchspec/CPU2006/458.sjeng/run/run_base_ref_aarch32.0000 -e speccmds.err -o speccmds.stdout -f speccmds.cmd -C -q'
1484863238.07: /home/bamvor/CPU2006/bin/specinvoke -d /home/bamvor/CPU2006/benchspec/CPU2006/458.sjeng/run/run_base_ref_aarch32.0000 -e speccmds.err -o speccmds.stdout -f speccmds.cmd -C -q
1484863238.07: Start command: Fri Jan 20 06:00:38 2017 (1484863238)
1484866064.93: Stop command: Fri Jan 20 06:47:44 2017 (1484866064)
1484866064.93: Elapsed time for command: 00:47:06 (2826)
1484866065.01: Workload elapsed time (0:1) = 2818.825647 seconds
1484866065.01: Copy 0 of 458.sjeng (base ref) run 1 finished at Fri Jan 20 06:47:36 2017.  Total elapsed time: 2818.825647
1484866065.02: comparing files in '/home/bamvor/CPU2006/benchspec/CPU2006/458.sjeng/run/run_base_ref_aarch32.0000'
1484866065.02: comparing 'ref.out' with abstol=, binary=, calctol=0, cw=, floatcompare=, ignorecase=, obiwan=, reltol=, skipabstol=, skipobiwan=, skipreltol=, skiptol=
1484866065.03: Specinvoke: /home/bamvor/CPU2006/bin/specinvoke -E -d /home/bamvor/CPU2006/benchspec/CPU2006/458.sjeng/run/run_base_ref_aarch32.0000 -c 1 -e compare.err -o compare.stdout -f compare.cmd
1484866065.03: Issuing command '/home/bamvor/CPU2006/bin/specinvoke -E -d /home/bamvor/CPU2006/benchspec/CPU2006/458.sjeng/run/run_base_ref_aarch32.0000 -c 1 -e compare.err -o compare.stdout -f compare.cmd'
1484866065.03: /home/bamvor/CPU2006/bin/specinvoke -E -d /home/bamvor/CPU2006/benchspec/CPU2006/458.sjeng/run/run_base_ref_aarch32.0000 -c 1 -e compare.err -o compare.stdout -f compare.cmd
1484866065.03: Start command: Fri Jan 20 06:47:45 2017 (1484866065)
1484866066.76: Stop command: Fri Jan 20 06:47:46 2017 (1484866066)
1484866066.76: Elapsed time for command: 00:00:01 (1)
1484866066.76: Benchmark Times:
1484866066.76:   Start:    Fri Jan 20 06:00:38 2017 (1484863238)
1484866066.76:   Stop:     Fri Jan 20 06:47:44 2017 (1484866064)
1484866066.76:   Elapsed:  00:47:06 (2826)
1484866066.76:   Reported: 2818 825837000 2818.825837
1484866066.76:  Success 458.sjeng base ref ratio=4.29, runtime=2818.825837, power=0.00w, temp=0.00 deg, humidity=0.00%

1484866066.76: -----------------------------------
1484866066.88:   Running 464.h264ref ref base aarch32 default
1484866066.92: Commands to run:
1484866066.92:     -C /home/bamvor/CPU2006/benchspec/CPU2006/464.h264ref/run/run_base_ref_aarch32.0000
1484866066.92:     -o foreman_ref_baseline_encodelog.out -e foreman_ref_baseline_encodelog.err ../run_base_ref_aarch32.0000/h264ref_base.aarch32 -d foreman_ref_encoder_baseline.cfg (timed)
1484866066.93:     -o foreman_ref_main_encodelog.out -e foreman_ref_main_encodelog.err ../run_base_ref_aarch32.0000/h264ref_base.aarch32 -d foreman_ref_encoder_main.cfg (timed)
1484866066.93:     -o sss_main_encodelog.out -e sss_main_encodelog.err ../run_base_ref_aarch32.0000/h264ref_base.aarch32 -d sss_encoder_main.cfg (timed)
1484866066.94: Specinvoke: /home/bamvor/CPU2006/bin/specinvoke -d /home/bamvor/CPU2006/benchspec/CPU2006/464.h264ref/run/run_base_ref_aarch32.0000 -e speccmds.err -o speccmds.stdout -f speccmds.cmd -C -q
1484866066.95: Issuing command '/home/bamvor/CPU2006/bin/specinvoke -d /home/bamvor/CPU2006/benchspec/CPU2006/464.h264ref/run/run_base_ref_aarch32.0000 -e speccmds.err -o speccmds.stdout -f speccmds.cmd -C -q'
1484866066.95: /home/bamvor/CPU2006/bin/specinvoke -d /home/bamvor/CPU2006/benchspec/CPU2006/464.h264ref/run/run_base_ref_aarch32.0000 -e speccmds.err -o speccmds.stdout -f speccmds.cmd -C -q
1484866066.95: Start command: Fri Jan 20 06:47:46 2017 (1484866066)
1484869220.37: Stop command: Fri Jan 20 07:40:20 2017 (1484869220)
1484869220.37: Elapsed time for command: 00:52:34 (3154)
1484869220.46: Workload elapsed time (0:1) = 408.288754 seconds
1484869220.46: Workload elapsed time (0:2) = 272.859005 seconds
1484869220.46: Workload elapsed time (0:3) = 2464.246075 seconds
1484869220.46: Copy 0 of 464.h264ref (base ref) run 1 finished at Fri Jan 20 07:40:12 2017.  Total elapsed time: 3145.393834
1484869220.47: comparing files in '/home/bamvor/CPU2006/benchspec/CPU2006/464.h264ref/run/run_base_ref_aarch32.0000'
1484869220.48: comparing 'foreman_ref_baseline_encodelog.out' with abstol=, binary=, calctol=0, cw=1, floatcompare=1, ignorecase=, obiwan=, reltol=, skipabstol=, skipobiwan=, skipreltol=, skiptol=
1484869220.48: comparing 'foreman_ref_baseline_leakybucketparam.cfg' with abstol=, binary=1, calctol=0, cw=1, floatcompare=1, ignorecase=, obiwan=, reltol=, skipabstol=, skipobiwan=, skipreltol=, skiptol=
1484869220.48: comparing 'foreman_ref_main_encodelog.out' with abstol=, binary=, calctol=0, cw=1, floatcompare=1, ignorecase=, obiwan=, reltol=, skipabstol=, skipobiwan=, skipreltol=, skiptol=
1484869220.48: comparing 'foreman_ref_main_leakybucketparam.cfg' with abstol=, binary=1, calctol=0, cw=1, floatcompare=1, ignorecase=, obiwan=, reltol=, skipabstol=, skipobiwan=, skipreltol=, skiptol=
1484869220.48: comparing 'sss_main_encodelog.out' with abstol=, binary=, calctol=0, cw=1, floatcompare=1, ignorecase=, obiwan=, reltol=, skipabstol=, skipobiwan=, skipreltol=, skiptol=
1484869220.49: comparing 'sss_main_leakybucketparam.cfg' with abstol=, binary=1, calctol=0, cw=1, floatcompare=1, ignorecase=, obiwan=, reltol=, skipabstol=, skipobiwan=, skipreltol=, skiptol=
1484869220.49: Specinvoke: /home/bamvor/CPU2006/bin/specinvoke -E -d /home/bamvor/CPU2006/benchspec/CPU2006/464.h264ref/run/run_base_ref_aarch32.0000 -c 1 -e compare.err -o compare.stdout -f compare.cmd
1484869220.49: Issuing command '/home/bamvor/CPU2006/bin/specinvoke -E -d /home/bamvor/CPU2006/benchspec/CPU2006/464.h264ref/run/run_base_ref_aarch32.0000 -c 1 -e compare.err -o compare.stdout -f compare.cmd'
1484869220.49: /home/bamvor/CPU2006/bin/specinvoke -E -d /home/bamvor/CPU2006/benchspec/CPU2006/464.h264ref/run/run_base_ref_aarch32.0000 -c 1 -e compare.err -o compare.stdout -f compare.cmd
1484869220.49: Start command: Fri Jan 20 07:40:20 2017 (1484869220)
1484869232.72: Stop command: Fri Jan 20 07:40:32 2017 (1484869232)
1484869232.72: Elapsed time for command: 00:00:12 (12)
1484869232.73: Benchmark Times:
1484869232.73:   Start:    Fri Jan 20 06:47:46 2017 (1484866066)
1484869232.73:   Stop:     Fri Jan 20 07:40:20 2017 (1484869220)
1484869232.73:   Elapsed:  00:52:34 (3154)
1484869232.73:   Reported: 3145 394116000 3145.394116
1484869232.73:  Success 464.h264ref base ref ratio=7.04, runtime=3145.394116, power=0.00w, temp=0.00 deg, humidity=0.00%

1484869232.73: -----------------------------------
1484869232.84:   Running 473.astar ref base aarch32 default
1484869232.87: Commands to run:
1484869232.87:     -C /home/bamvor/CPU2006/benchspec/CPU2006/473.astar/run/run_base_ref_aarch32.0000
1484869232.87:     -o BigLakes2048.out -e BigLakes2048.err ../run_base_ref_aarch32.0000/astar_base.aarch32 BigLakes2048.cfg (timed)
1484869232.87:     -o rivers.out -e rivers.err ../run_base_ref_aarch32.0000/astar_base.aarch32 rivers.cfg (timed)
1484869232.89: Specinvoke: /home/bamvor/CPU2006/bin/specinvoke -d /home/bamvor/CPU2006/benchspec/CPU2006/473.astar/run/run_base_ref_aarch32.0000 -e speccmds.err -o speccmds.stdout -f speccmds.cmd -C -q
1484869232.89: Issuing command '/home/bamvor/CPU2006/bin/specinvoke -d /home/bamvor/CPU2006/benchspec/CPU2006/473.astar/run/run_base_ref_aarch32.0000 -e speccmds.err -o speccmds.stdout -f speccmds.cmd -C -q'
1484869232.89: /home/bamvor/CPU2006/bin/specinvoke -d /home/bamvor/CPU2006/benchspec/CPU2006/473.astar/run/run_base_ref_aarch32.0000 -e speccmds.err -o speccmds.stdout -f speccmds.cmd -C -q
1484869232.89: Start command: Fri Jan 20 07:40:32 2017 (1484869232)
1484871636.88: Stop command: Fri Jan 20 08:20:36 2017 (1484871636)
1484871636.89: Elapsed time for command: 00:40:04 (2404)
1484871636.97: Workload elapsed time (0:1) = 1024.073941 seconds
1484871636.97: Workload elapsed time (0:2) = 1371.885596 seconds
1484871636.97: Copy 0 of 473.astar (base ref) run 1 finished at Fri Jan 20 08:20:28 2017.  Total elapsed time: 2395.959537
1484871636.98: comparing files in '/home/bamvor/CPU2006/benchspec/CPU2006/473.astar/run/run_base_ref_aarch32.0000'
1484871636.98: comparing 'BigLakes2048.out' with abstol=, binary=, calctol=0, cw=, floatcompare=, ignorecase=, obiwan=, reltol=0.001, skipabstol=, skipobiwan=, skipreltol=, skiptol=
1484871636.98: comparing 'rivers.out' with abstol=, binary=, calctol=0, cw=, floatcompare=, ignorecase=, obiwan=, reltol=0.001, skipabstol=, skipobiwan=, skipreltol=, skiptol=
1484871636.99: Specinvoke: /home/bamvor/CPU2006/bin/specinvoke -E -d /home/bamvor/CPU2006/benchspec/CPU2006/473.astar/run/run_base_ref_aarch32.0000 -c 1 -e compare.err -o compare.stdout -f compare.cmd
1484871636.99: Issuing command '/home/bamvor/CPU2006/bin/specinvoke -E -d /home/bamvor/CPU2006/benchspec/CPU2006/473.astar/run/run_base_ref_aarch32.0000 -c 1 -e compare.err -o compare.stdout -f compare.cmd'
1484871636.99: /home/bamvor/CPU2006/bin/specinvoke -E -d /home/bamvor/CPU2006/benchspec/CPU2006/473.astar/run/run_base_ref_aarch32.0000 -c 1 -e compare.err -o compare.stdout -f compare.cmd
1484871636.99: Start command: Fri Jan 20 08:20:36 2017 (1484871636)
1484871640.42: Stop command: Fri Jan 20 08:20:40 2017 (1484871640)
1484871640.42: Elapsed time for command: 00:00:04 (4)
1484871640.42: Benchmark Times:
1484871640.42:   Start:    Fri Jan 20 07:40:32 2017 (1484869232)
1484871640.42:   Stop:     Fri Jan 20 08:20:36 2017 (1484871636)
1484871640.42:   Elapsed:  00:40:04 (2404)
1484871640.42:   Reported: 2395 959789000 2395.959789
1484871640.42:  Success 473.astar base ref ratio=2.93, runtime=2395.959789, power=0.00w, temp=0.00 deg, humidity=0.00%

1484871640.43: -----------------------------------
1484871640.80:   Running 483.xalancbmk ref base aarch32 default
1484871640.83: Commands to run:
1484871640.83:     -C /home/bamvor/CPU2006/benchspec/CPU2006/483.xalancbmk/run/run_base_ref_aarch32.0000
1484871640.83:     -o ref.out -e ref.err ../run_base_ref_aarch32.0000/Xalan_base.aarch32 -v t5.xml xalanc.xsl (timed)
1484871640.85: Specinvoke: /home/bamvor/CPU2006/bin/specinvoke -d /home/bamvor/CPU2006/benchspec/CPU2006/483.xalancbmk/run/run_base_ref_aarch32.0000 -e speccmds.err -o speccmds.stdout -f speccmds.cmd -C -q
1484871640.85: Issuing command '/home/bamvor/CPU2006/bin/specinvoke -d /home/bamvor/CPU2006/benchspec/CPU2006/483.xalancbmk/run/run_base_ref_aarch32.0000 -e speccmds.err -o speccmds.stdout -f speccmds.cmd -C -q'
1484871640.85: /home/bamvor/CPU2006/bin/specinvoke -d /home/bamvor/CPU2006/benchspec/CPU2006/483.xalancbmk/run/run_base_ref_aarch32.0000 -e speccmds.err -o speccmds.stdout -f speccmds.cmd -C -q
1484871640.85: Start command: Fri Jan 20 08:20:40 2017 (1484871640)
1484873309.93: Stop command: Fri Jan 20 08:48:29 2017 (1484873309)
1484873309.93: Elapsed time for command: 00:27:49 (1669)
1484873310.02: Workload elapsed time (0:1) = 1661.047897 seconds
1484873310.02: Copy 0 of 483.xalancbmk (base ref) run 1 finished at Fri Jan 20 08:48:21 2017.  Total elapsed time: 1661.047897
1484873310.03: comparing files in '/home/bamvor/CPU2006/benchspec/CPU2006/483.xalancbmk/run/run_base_ref_aarch32.0000'
1484873310.03: comparing 'ref.out' with abstol=, binary=, calctol=0, cw=, floatcompare=, ignorecase=, obiwan=, reltol=, skipabstol=, skipobiwan=, skipreltol=, skiptol=
1484873310.04: Specinvoke: /home/bamvor/CPU2006/bin/specinvoke -E -d /home/bamvor/CPU2006/benchspec/CPU2006/483.xalancbmk/run/run_base_ref_aarch32.0000 -c 1 -e compare.err -o compare.stdout -f compare.cmd
1484873310.04: Issuing command '/home/bamvor/CPU2006/bin/specinvoke -E -d /home/bamvor/CPU2006/benchspec/CPU2006/483.xalancbmk/run/run_base_ref_aarch32.0000 -c 1 -e compare.err -o compare.stdout -f compare.cmd'
1484873310.04: /home/bamvor/CPU2006/bin/specinvoke -E -d /home/bamvor/CPU2006/benchspec/CPU2006/483.xalancbmk/run/run_base_ref_aarch32.0000 -c 1 -e compare.err -o compare.stdout -f compare.cmd
1484873310.04: Start command: Fri Jan 20 08:48:30 2017 (1484873310)
1484873316.67: Stop command: Fri Jan 20 08:48:36 2017 (1484873316)
1484873316.67: Elapsed time for command: 00:00:06 (6)
1484873316.67: Benchmark Times:
1484873316.67:   Start:    Fri Jan 20 08:20:40 2017 (1484871640)
1484873316.67:   Stop:     Fri Jan 20 08:48:29 2017 (1484873309)
1484873316.67:   Elapsed:  00:27:49 (1669)
1484873316.67:   Reported: 1661 48106000 1661.048106
1484873316.68:  Success 483.xalancbmk base ref ratio=4.15, runtime=1661.048106, power=0.00w, temp=0.00 deg, humidity=0.00%
1484873316.68: Success: 1x429.mcf 1x456.hmmer 1x458.sjeng 1x464.h264ref 1x473.astar 1x483.xalancbmk
1484873316.74: Producing Raw Reports
1484873316.74: mach: default
1484873316.74:   ext: aarch32
1484873316.74:     size: ref
1484873316.75:       set: int
1484873316.85: NOTICE: sw_compiler is longer than 50 characters and will be split
1484873316.85: WARNING: the following line:
1484873316.85: -----
1484873316.85: Using built-in specs. COLLECT_GCC=arm-linux-gnueabihf-gcc COLLECT_LTO_WRAPPER=/home/bamvor/works/software/toolchain/gcc-linaro-6.2.1-2016.11-x86_64_arm-linux-gnueabihf/gcc-linaro-6.2.1-2016.11-x86_64_arm-linux-gnueabihf/bin/../libexec/gcc/arm-linux-gnueabihf/6.2.1/lto-wrapper Target: arm-linux-gnueabihf Configured with: /home/tcwg-buildslave/workspace/tcwg-make-release/label/docker-trusty-amd64-tcwg-build/target/arm-linux-gnueabihf/snapshots/gcc-linaro-6.2-2016.11/configure SHELL=/bin/bash --with-mpc=/home/tcwg-buildslave/workspace/tcwg-make-release/label/docker-trusty-amd64-tcwg-build/target/arm-linux-gnueabihf/_build/builds/destdir/x86_64-unknown-linux-gnu --with-mpfr=/home/tcwg-buildslave/workspace/tcwg-make-release/label/docker-trusty-amd64-tcwg-build/target/arm-linux-gnueabihf/_build/builds/destdir/x86_64-unknown-linux-gnu --with-gmp=/home/tcwg-buildslave/workspace/tcwg-make-release/label/docker-trusty-amd64-tcwg-build/target/arm-linux-gnueabihf/_build/builds/destdir/x86_64-unknown-linux-gnu --with-gnu-as --with-gnu-ld --disable-libstdcxx-pch --disable-libmudflap --with-cloog=no --with-ppl=no --with-isl=no --disable-nls --enable-c99 --enable-gnu-indirect-function --disable-multilib --with-tune=cortex-a9 --with-arch=armv7-a --with-fpu=vfpv3-d16 --with-float=hard --with-mode=thumb --enable-multiarch --with-build-sysroot=/home/tcwg-buildslave/workspace/tcwg-make-release/label/docker-trusty-amd64-tcwg-build/target/arm-linux-gnueabihf/_build/sysroots/arm-linux-gnueabihf --enable-lto --enable-linker-build-id --enable-long-long --enable-shared --with-sysroot=/home/tcwg-buildslave/workspace/tcwg-make-release/label/docker-trusty-amd64-tcwg-build/target/arm-linux-gnueabihf/_build/builds/destdir/x86_64-unknown-linux-gnu/arm-linux-gnueabihf/libc --enable-languages=c,c++,fortran,lto --enable-checking=release --disable-bootstrap --build=x86_64-unknown-linux-gnu --host=x86_64-unknown-linux-gnu --target=arm-linux-gnueabihf --prefix=/home/tcwg-buildslave/workspace/tcwg-make-release/label/docker-trusty-amd64-tcwg-build/target/arm-linux-gnueabihf/_build/builds/destdir/x86_64-unknown-linux-gnu Thread model: posix gcc version 6.2.1 20161016 (Linaro GCC 6.2-2016.11)
1484873316.85: -----
1484873316.85: contains an element longer than 50 columns and could not be split.
1484873317.01:         format: raw -> /home/bamvor/CPU2006/result/CINT2006.078.ref.rsf

1484873322.32: NOTICE: sw_compiler is longer than 50 characters and will be split
1484873322.32: WARNING: the following line:
1484873322.32: -----
1484873322.32: Using built-in specs. COLLECT_GCC=arm-linux-gnueabihf-gcc COLLECT_LTO_WRAPPER=/home/bamvor/works/software/toolchain/gcc-linaro-6.2.1-2016.11-x86_64_arm-linux-gnueabihf/gcc-linaro-6.2.1-2016.11-x86_64_arm-linux-gnueabihf/bin/../libexec/gcc/arm-linux-gnueabihf/6.2.1/lto-wrapper Target: arm-linux-gnueabihf Configured with: /home/tcwg-buildslave/workspace/tcwg-make-release/label/docker-trusty-amd64-tcwg-build/target/arm-linux-gnueabihf/snapshots/gcc-linaro-6.2-2016.11/configure SHELL=/bin/bash --with-mpc=/home/tcwg-buildslave/workspace/tcwg-make-release/label/docker-trusty-amd64-tcwg-build/target/arm-linux-gnueabihf/_build/builds/destdir/x86_64-unknown-linux-gnu --with-mpfr=/home/tcwg-buildslave/workspace/tcwg-make-release/label/docker-trusty-amd64-tcwg-build/target/arm-linux-gnueabihf/_build/builds/destdir/x86_64-unknown-linux-gnu --with-gmp=/home/tcwg-buildslave/workspace/tcwg-make-release/label/docker-trusty-amd64-tcwg-build/target/arm-linux-gnueabihf/_build/builds/destdir/x86_64-unknown-linux-gnu --with-gnu-as --with-gnu-ld --disable-libstdcxx-pch --disable-libmudflap --with-cloog=no --with-ppl=no --with-isl=no --disable-nls --enable-c99 --enable-gnu-indirect-function --disable-multilib --with-tune=cortex-a9 --with-arch=armv7-a --with-fpu=vfpv3-d16 --with-float=hard --with-mode=thumb --enable-multiarch --with-build-sysroot=/home/tcwg-buildslave/workspace/tcwg-make-release/label/docker-trusty-amd64-tcwg-build/target/arm-linux-gnueabihf/_build/sysroots/arm-linux-gnueabihf --enable-lto --enable-linker-build-id --enable-long-long --enable-shared --with-sysroot=/home/tcwg-buildslave/workspace/tcwg-make-release/label/docker-trusty-amd64-tcwg-build/target/arm-linux-gnueabihf/_build/builds/destdir/x86_64-unknown-linux-gnu/arm-linux-gnueabihf/libc --enable-languages=c,c++,fortran,lto --enable-checking=release --disable-bootstrap --build=x86_64-unknown-linux-gnu --host=x86_64-unknown-linux-gnu --target=arm-linux-gnueabihf --prefix=/home/tcwg-buildslave/workspace/tcwg-make-release/label/docker-trusty-amd64-tcwg-build/target/arm-linux-gnueabihf/_build/builds/destdir/x86_64-unknown-linux-gnu Thread model: posix gcc version 6.2.1 20161016 (Linaro GCC 6.2-2016.11)
1484873322.32: -----
1484873322.32: contains an element longer than 50 columns and could not be split.
1484873322.49: Parsing flags for 429.mcf base: done
1484873322.77: Parsing flags for 456.hmmer base: done
1484873322.86: Parsing flags for 458.sjeng base: done
1484873323.20: Parsing flags for 464.h264ref base: done
1484873323.30: Parsing flags for 473.astar base: done
1484873323.85: Parsing flags for 483.xalancbmk base: done
1484873323.88: Doing flag reduction: done
1484873323.99:         format: ASCII -> /home/bamvor/CPU2006/result/CINT2006.078.ref.txt
1484873323.99:         format: config -> /home/bamvor/CPU2006/result/CINT2006.078.ref.cfg, /home/bamvor/CPU2006/result/CINT2006.078.ref.orig.cfg
1484873324.03:         format: CSV -> /home/bamvor/CPU2006/result/CINT2006.078.ref.csv
1484873324.24:       set: fp

1484873324.26: The log for this run is in /home/bamvor/CPU2006/result/CPU2006.078.log

1484873324.26: runspec finished at Fri Jan 20 08:48:44 2017; 16896 total seconds elapsed
