make[1]: Entering directory `/home/bamvor/works/source/testsuite/lmbench/lmbench-3.0-a9/results'

                 L M B E N C H  3 . 0   S U M M A R Y
                 ------------------------------------
		 (Alpha software, do not distribute)

Basic system parameters
------------------------------------------------------------------------------
Host                 OS Description              Mhz  tlb  cache  mem   scal
                                                     pages line   par   load
                                                           bytes  
--------- ------------- ----------------------- ---- ----- ----- ------ ----
localhost Linux 4.9.0-1            ILP32_enable 1200    10    64 2.5100    1
localhost Linux 4.9.0-1            ILP32_enable 1200    10    64 2.4800    1
localhost Linux 4.9.0-1            ILP32_enable 1200    10    64 2.4900    1
localhost Linux 4.9.0-1            ILP32_enable 1200    10    64 2.4900    1
localhost Linux 4.9.0-1            ILP32_enable 1200    10    64 2.5100    1
localhost Linux 4.9.0-1          ILP32_unmerged 1200    10    64 2.4700    1
localhost Linux 4.9.0-1          ILP32_unmerged 1200    10    64 2.4900    1
localhost Linux 4.9.0-1          ILP32_unmerged 1200    10    64 2.5200    1
localhost Linux 4.9.0-1          ILP32_unmerged 1200    10    64 2.5300    1
localhost Linux 4.9.0-1          ILP32_unmerged 1200    10    64 2.5000    1

Processor, Processes - times in microseconds - smaller is better
------------------------------------------------------------------------------
Host                 OS  Mhz null null      open slct sig  sig  fork exec sh  
                             call  I/O stat clos TCP  inst hndl proc proc proc
--------- ------------- ---- ---- ---- ---- ---- ---- ---- ---- ---- ---- ----
localhost Linux 4.9.0-1 1200 0.20 0.48 3.84 6.98 16.8 0.42 3.04 566. 1759 6791
localhost Linux 4.9.0-1 1200 0.21 0.48 3.99 7.03 17.1 0.42 3.02 572. 1670 6759
localhost Linux 4.9.0-1 1200 0.20 0.48 3.85 7.00 16.7 0.44 3.04 530. 1702 6766
localhost Linux 4.9.0-1 1200 0.20 0.47 3.87 6.80 16.8 0.42 3.04 549. 1741 6797
localhost Linux 4.9.0-1 1200 0.20 0.47 3.99 7.04 16.7 0.42 3.03 564. 1703 6654
localhost Linux 4.9.0-1 1200 0.20 0.47 3.56 6.69 16.7 0.42 3.06 498. 1686 6523
localhost Linux 4.9.0-1 1200 0.20 0.47 3.56 6.68 16.9 0.42 3.12 552. 1635 6468
localhost Linux 4.9.0-1 1200 0.20 0.48 3.55 6.64 16.8 0.42 3.11 531. 1662 6572
localhost Linux 4.9.0-1 1200 0.20 0.48 3.58 6.46 17.0 0.42 3.22 574. 1680 6437
localhost Linux 4.9.0-1 1200 0.20 0.47 3.59 6.50 16.8 0.44 3.08 465. 1550 6535

Basic integer operations - times in nanoseconds - smaller is better
-------------------------------------------------------------------
Host                 OS  intgr intgr  intgr  intgr  intgr  
                          bit   add    mul    div    mod   
--------- ------------- ------ ------ ------ ------ ------ 
localhost Linux 4.9.0-1 0.8300 0.8300        5.0000 5.0000
localhost Linux 4.9.0-1 0.8300 0.8600        5.0000 5.0000
localhost Linux 4.9.0-1 0.8300 0.8300        4.9900 5.0000
localhost Linux 4.9.0-1 0.8300 0.8600        4.9900 5.0000
localhost Linux 4.9.0-1 0.8600 0.8300        5.1600 4.9700
localhost Linux 4.9.0-1 0.8300 0.8600        5.0000 5.0000
localhost Linux 4.9.0-1 0.8300 0.8300        4.9900 4.9900
localhost Linux 4.9.0-1 0.8300 0.8600        5.0000 5.0000
localhost Linux 4.9.0-1 0.8300 0.8300        5.0000 4.9900
localhost Linux 4.9.0-1 0.8300 0.8300        5.0000 5.0000

Basic uint64 operations - times in nanoseconds - smaller is better
------------------------------------------------------------------
Host                 OS int64  int64  int64  int64  int64  
                         bit    add    mul    div    mod   
--------- ------------- ------ ------ ------ ------ ------ 
localhost Linux 4.9.0-1  0.830               8.1800 5.8300
localhost Linux 4.9.0-1  0.830               7.9100 5.8300
localhost Linux 4.9.0-1  0.830               7.9100 5.8300
localhost Linux 4.9.0-1  0.830               7.9100 5.8300
localhost Linux 4.9.0-1  0.830               7.9100 5.8300
localhost Linux 4.9.0-1  0.860               7.9100 6.0200
localhost Linux 4.9.0-1  0.830               8.1800 5.8300
localhost Linux 4.9.0-1  0.830               7.9100 5.8300
localhost Linux 4.9.0-1  0.830               7.9100 5.8300
localhost Linux 4.9.0-1  0.830               7.9100 5.8300

Basic float operations - times in nanoseconds - smaller is better
-----------------------------------------------------------------
Host                 OS  float  float  float  float
                         add    mul    div    bogo
--------- ------------- ------ ------ ------ ------ 
localhost Linux 4.9.0-1 3.3300 3.3300   11.2   20.8
localhost Linux 4.9.0-1 3.3300 3.4400   10.8   20.1
localhost Linux 4.9.0-1 3.3300 3.3300   10.8   20.1
localhost Linux 4.9.0-1 3.3300 3.4400   10.8   20.1
localhost Linux 4.9.0-1 3.3300 3.4400   10.8   20.1
localhost Linux 4.9.0-1 3.3300 3.3300   10.8   20.1
localhost Linux 4.9.0-1 3.3300 3.3300   10.8   20.1
localhost Linux 4.9.0-1 3.3300 3.3300   10.8   20.1
localhost Linux 4.9.0-1 3.3300 3.3300   10.8   20.1
localhost Linux 4.9.0-1 3.4400 3.3300   11.2   20.7

Basic double operations - times in nanoseconds - smaller is better
------------------------------------------------------------------
Host                 OS  double double double double
                         add    mul    div    bogo
--------- ------------- ------  ------ ------ ------ 
localhost Linux 4.9.0-1 3.3300 3.3300   18.3   27.6
localhost Linux 4.9.0-1 3.3300 3.3300   18.3   27.6
localhost Linux 4.9.0-1 3.3300 3.3300   18.3   27.6
localhost Linux 4.9.0-1 3.3300 3.3300   18.3   27.6
localhost Linux 4.9.0-1 3.3300 3.3300   18.3   27.6
localhost Linux 4.9.0-1 3.3300 3.3300   18.3   27.6
localhost Linux 4.9.0-1 3.3300 3.3300   18.3   27.6
localhost Linux 4.9.0-1 3.4400 3.3300   18.3   27.6
localhost Linux 4.9.0-1 3.4400 3.3300   18.3   28.5
localhost Linux 4.9.0-1 3.3300 3.3300   18.3   27.6

Context switching - times in microseconds - smaller is better
-------------------------------------------------------------------------
Host                 OS  2p/0K 2p/16K 2p/64K 8p/16K 8p/64K 16p/16K 16p/64K
                         ctxsw  ctxsw  ctxsw ctxsw  ctxsw   ctxsw   ctxsw
--------- ------------- ------ ------ ------ ------ ------ ------- -------
localhost Linux 4.9.0-1   14.2 6.5300 6.3900 7.7200   27.9 7.82000    54.8
localhost Linux 4.9.0-1   14.6   12.9 6.8000 8.8700   11.0 8.56000    25.8
localhost Linux 4.9.0-1   11.6 6.6300 6.5300 8.1400 8.3400    47.6    19.9
localhost Linux 4.9.0-1   14.4   12.0 6.3800   36.1   10.3 8.55000    19.1
localhost Linux 4.9.0-1 5.9800 6.6200 6.1500 8.2800   46.6 8.23000    51.5
localhost Linux 4.9.0-1   14.2 6.8500 6.7500 8.9400   58.3 8.19000    44.6
localhost Linux 4.9.0-1   14.5 6.8900 6.1600   67.3   67.3    46.0    44.5
localhost Linux 4.9.0-1 5.9100   10.0 6.3400   47.0 8.5400    60.1    41.5
localhost Linux 4.9.0-1   11.5 7.2400 6.2400   47.4   12.0 8.84000    32.3
localhost Linux 4.9.0-1 5.9900   12.6 6.3000   57.7   17.2    55.4    28.4

*Local* Communication latencies in microseconds - smaller is better
---------------------------------------------------------------------
Host                 OS 2p/0K  Pipe AF     UDP  RPC/   TCP  RPC/ TCP
                        ctxsw       UNIX         UDP         TCP conn
--------- ------------- ----- ----- ---- ----- ----- ----- ----- ----
localhost Linux 4.9.0-1  14.2  16.9 29.1  35.4        52.5        87.
localhost Linux 4.9.0-1  14.6  16.3 25.4  40.0        49.0       156.
localhost Linux 4.9.0-1  11.6  18.3 30.5  33.7        48.2        88.
localhost Linux 4.9.0-1  14.4  21.4 23.8  33.0        48.1       157.
localhost Linux 4.9.0-1 5.980  16.6 33.8  36.0        48.8        93.
localhost Linux 4.9.0-1  14.2  17.1 30.3  32.9        51.5        83.
localhost Linux 4.9.0-1  14.5  16.2 29.1  59.3        52.9        83.
localhost Linux 4.9.0-1 5.910  16.9 31.7  33.6        51.8        84.
localhost Linux 4.9.0-1  11.5  16.2 30.3  59.1        50.8        86.
localhost Linux 4.9.0-1 5.990  17.0 28.4  44.6        46.5       156.

*Remote* Communication latencies in microseconds - smaller is better
---------------------------------------------------------------------
Host                 OS   UDP  RPC/  TCP   RPC/ TCP
                               UDP         TCP  conn
--------- ------------- ----- ----- ----- ----- ----
localhost Linux 4.9.0-1                             
localhost Linux 4.9.0-1                             
localhost Linux 4.9.0-1                             
localhost Linux 4.9.0-1                             
localhost Linux 4.9.0-1                             
localhost Linux 4.9.0-1                             
localhost Linux 4.9.0-1                             
localhost Linux 4.9.0-1                             
localhost Linux 4.9.0-1                             
localhost Linux 4.9.0-1                             

File & VM system latencies in microseconds - smaller is better
-------------------------------------------------------------------------------
Host                 OS   0K File      10K File     Mmap    Prot   Page   100fd
                        Create Delete Create Delete Latency Fault  Fault  selct
--------- ------------- ------ ------ ------ ------ ------- ----- ------- -----
localhost Linux 4.9.0-1   34.2   26.6   73.4   45.4   30.9K 0.387 1.58970 5.647
localhost Linux 4.9.0-1   35.8   26.0   74.2   45.4   30.6K 0.348 1.51460 5.838
localhost Linux 4.9.0-1   34.3   25.8   72.5   45.8   30.6K 0.352 1.51710 5.726
localhost Linux 4.9.0-1   34.0   26.3   74.3   46.1   31.9K 0.530 1.51440 5.643
localhost Linux 4.9.0-1   34.1   25.7   72.7   46.6   30.9K 0.338 1.51040 5.726
localhost Linux 4.9.0-1   34.5   25.6   75.5   45.6   29.5K 0.232 1.48290 5.659
localhost Linux 4.9.0-1   34.2   26.0   74.0   45.0   29.6K 0.266 1.56710 5.686
localhost Linux 4.9.0-1   36.3   25.5   78.7   45.4   29.4K 0.252 1.49140 5.640
localhost Linux 4.9.0-1   33.5   25.2   75.0   45.6   29.7K 0.275 1.49400 5.658
localhost Linux 4.9.0-1   35.8   25.6   75.4   45.1   29.7K 0.272 1.48900 5.647

*Local* Communication bandwidths in MB/s - bigger is better
-----------------------------------------------------------------------------
Host                OS  Pipe AF    TCP  File   Mmap  Bcopy  Bcopy  Mem   Mem
                             UNIX      reread reread (libc) (hand) read write
--------- ------------- ---- ---- ---- ------ ------ ------ ------ ---- -----
localhost Linux 4.9.0-1 915. 2038 21.4 1220.0 2660.1 1921.8 1566.2 1780 4731.
localhost Linux 4.9.0-1 985. 1392 21.4 1232.8 2665.8 1904.0 1568.4 1749 4726.
localhost Linux 4.9.0-1 802. 1357 21.4 1234.8 2646.0 1921.6 1581.0 1777 4725.
localhost Linux 4.9.0-1 974. 1401 21.4 1224.9 2659.8 1928.3 1561.6 1763 4730.
localhost Linux 4.9.0-1 854. 1512 21.4 1225.6 2648.8 1930.3 1563.4 1788 4731.
localhost Linux 4.9.0-1 912. 1779 935. 1241.5 2668.1 1981.1 1655.8 1776 4725.
localhost Linux 4.9.0-1 710. 1790 21.4 1150.3 2649.7 1920.0 1551.5 1792 4723.
localhost Linux 4.9.0-1 940. 1635 21.4 1222.2 2661.2 1926.2 1553.2 1775 4725.
localhost Linux 4.9.0-1 922. 1769 21.4 1232.2 2658.0 1925.9 1571.6 1773 4725.
localhost Linux 4.9.0-1 886. 1524 924. 1200.9 2645.9 1909.9 1566.2 1727 4726.

Memory latencies in nanoseconds - smaller is better
    (WARNING - may not be correct, check graphs)
------------------------------------------------------------------------------
Host                 OS   Mhz   L1 $   L2 $    Main mem    Rand mem    Guesses
--------- -------------   ---   ----   ----    --------    --------    -------
localhost Linux 4.9.0-1  1200 2.5060 6.5580        24.8       190.2
localhost Linux 4.9.0-1  1200 2.5070 6.5400        24.8       190.2
localhost Linux 4.9.0-1  1200 2.5060 6.5510        24.9       190.2
localhost Linux 4.9.0-1  1200 2.5060 6.5520        24.9       190.6
localhost Linux 4.9.0-1  1200 2.5870 6.5390        24.8       190.0
localhost Linux 4.9.0-1  1200 2.5060 6.5360        24.8       190.0
localhost Linux 4.9.0-1  1200 2.5060 6.5510        24.7       190.4
localhost Linux 4.9.0-1  1200 2.5060 6.5400        24.8       189.6
localhost Linux 4.9.0-1  1200 2.5060 6.5400        24.8       190.2
localhost Linux 4.9.0-1  1200 2.5060 6.5400        24.8       189.6
make[1]: Leaving directory `/home/bamvor/works/source/testsuite/lmbench/lmbench-3.0-a9/results'
