runspec v6674 started at Wed Dec 28 16:20:43 2016 on "localhost"
runspec is: /home/bamvor/works-new/CPU2006/bin/runspec
runspec: runspec -c linaro_aarch32.cfg --nobuild --size=ref -n 1 --noreportable --tune=base 400.perlbench 401.bzip2 403.gcc 429.mcf 445.gobmk 456.hmmer 458.sjeng 462.libquantum 464.h264ref 473.astar 483.xalancbmk 999.specrand
toolset: linux-aarch64

Locating benchmarks...found 31 benchmarks in 6 benchsets.
Reading config file '/home/bamvor/works-new/CPU2006/config/linaro_aarch32.cfg'

1482913246.84: Verbosity = 5
1482913246.84: Action    = validate
1482913246.84: Tune      = base
1482913246.84: Ext       = aarch32
1482913246.84: Size      = ref
1482913246.84: Machine   = default
1482913246.84: benchmarks= 400.perlbench,401.bzip2,403.gcc,429.mcf,445.gobmk,456.hmmer,458.sjeng,462.libquantum,464.h264ref,473.astar,483.xalancbmk,999.specrand
1482913246.84: outputs   = asc,csv,config
1482913246.84: username  = root
1482913246.84: Benchmarks selected: 400.perlbench, 401.bzip2, 403.gcc, 429.mcf, 445.gobmk, 456.hmmer, 458.sjeng, 462.libquantum, 464.h264ref, 473.astar, 483.xalancbmk, 999.specrand
1482913247.01: Compiling Binaries

1482913247.01: ------------------------------------------------------------------------
1482913247.64:   Up to date 400.perlbench base aarch32 default

1482913247.64: ------------------------------------------------------------------------
1482913248.19:   Up to date 401.bzip2 base aarch32 default

1482913248.19: ------------------------------------------------------------------------
1482913248.82:   Up to date 403.gcc base aarch32 default

1482913248.82: ------------------------------------------------------------------------
1482913249.38:   Up to date 429.mcf base aarch32 default

1482913249.38: ------------------------------------------------------------------------
1482913250.10:   Up to date 445.gobmk base aarch32 default

1482913250.10: ------------------------------------------------------------------------
1482913250.69:   Up to date 456.hmmer base aarch32 default

1482913250.69: ------------------------------------------------------------------------
1482913251.28:   Up to date 458.sjeng base aarch32 default

1482913251.28: ------------------------------------------------------------------------
1482913251.86:   Up to date 462.libquantum base aarch32 default

1482913251.86: ------------------------------------------------------------------------
1482913252.46:   Up to date 464.h264ref base aarch32 default

1482913252.46: ------------------------------------------------------------------------
1482913253.03:   Up to date 473.astar base aarch32 default

1482913253.03: ------------------------------------------------------------------------
1482913253.95:   Up to date 483.xalancbmk base aarch32 default

1482913253.95: ------------------------------------------------------------------------
1482913254.50:   Up to date 999.specrand base aarch32 default


1482913254.51: Setting Up Run Directories
1482913254.52:   Setting up 400.perlbench ref base aarch32 default: 
1482913254.52: Notice: Unusable path detected in run directory list file.
1482913254.52:   /home/bamvor/works-new/CPU2006/benchspec/CPU2006/400.perlbench/run/list
1482913254.52: references one or more paths which will be ignored, because they are
1482913254.52: not subdirectories of this run directory.  This condition may be a
1482913254.52: result of having moved your SPEC benchmark tree.  If that's what happened,
1482913254.52: and if you don't need the old run directories, you can just remove
1482913254.52: them, along with the list file.  (Usually it's safe to delete old
1482913254.52: run directories, as they are automatically re-created when needed.)


1482913262.90: existing (run_base_ref_aarch32.0002)
1482913262.91(0.64s):   Setting up 401.bzip2 ref base aarch32 default: 
1482913263.55: Notice: Unusable path detected in run directory list file.
1482913263.55:   /home/bamvor/works-new/CPU2006/benchspec/CPU2006/401.bzip2/run/list
1482913263.55: references one or more paths which will be ignored, because they are
1482913263.55: not subdirectories of this run directory.  This condition may be a
1482913263.55: result of having moved your SPEC benchmark tree.  If that's what happened,
1482913263.55: and if you don't need the old run directories, you can just remove
1482913263.55: them, along with the list file.  (Usually it's safe to delete old
1482913263.55: run directories, as they are automatically re-created when needed.)


1482913270.53: existing (run_base_ref_aarch32.0002)
1482913270.53(0.48s):   Setting up 403.gcc ref base aarch32 default: 
1482913271.01: Notice: Unusable path detected in run directory list file.
1482913271.01:   /home/bamvor/works-new/CPU2006/benchspec/CPU2006/403.gcc/run/list
1482913271.01: references one or more paths which will be ignored, because they are
1482913271.01: not subdirectories of this run directory.  This condition may be a
1482913271.01: result of having moved your SPEC benchmark tree.  If that's what happened,
1482913271.01: and if you don't need the old run directories, you can just remove
1482913271.01: them, along with the list file.  (Usually it's safe to delete old
1482913271.01: run directories, as they are automatically re-created when needed.)


1482913271.53: existing (run_base_ref_aarch32.0002)
1482913271.53(0.78s):   Setting up 429.mcf ref base aarch32 default: 
1482913272.31: Notice: Unusable path detected in run directory list file.
1482913272.31:   /home/bamvor/works-new/CPU2006/benchspec/CPU2006/429.mcf/run/list
1482913272.31: references one or more paths which will be ignored, because they are
1482913272.31: not subdirectories of this run directory.  This condition may be a
1482913272.31: result of having moved your SPEC benchmark tree.  If that's what happened,
1482913272.31: and if you don't need the old run directories, you can just remove
1482913272.31: them, along with the list file.  (Usually it's safe to delete old
1482913272.31: run directories, as they are automatically re-created when needed.)


1482913274.68: existing (run_base_ref_aarch32.0002)
1482913274.68(1.23s):   Setting up 445.gobmk ref base aarch32 default: 
1482913275.91: Notice: Unusable path detected in run directory list file.
1482913275.91:   /home/bamvor/works-new/CPU2006/benchspec/CPU2006/445.gobmk/run/list
1482913275.91: references one or more paths which will be ignored, because they are
1482913275.91: not subdirectories of this run directory.  This condition may be a
1482913275.91: result of having moved your SPEC benchmark tree.  If that's what happened,
1482913275.91: and if you don't need the old run directories, you can just remove
1482913275.91: them, along with the list file.  (Usually it's safe to delete old
1482913275.91: run directories, as they are automatically re-created when needed.)


1482913292.71: existing (run_base_ref_aarch32.0002)
1482913292.71(0.73s):   Setting up 456.hmmer ref base aarch32 default: 
1482913293.44: Notice: Unusable path detected in run directory list file.
1482913293.44:   /home/bamvor/works-new/CPU2006/benchspec/CPU2006/456.hmmer/run/list
1482913293.44: references one or more paths which will be ignored, because they are
1482913293.44: not subdirectories of this run directory.  This condition may be a
1482913293.44: result of having moved your SPEC benchmark tree.  If that's what happened,
1482913293.44: and if you don't need the old run directories, you can just remove
1482913293.44: them, along with the list file.  (Usually it's safe to delete old
1482913293.44: run directories, as they are automatically re-created when needed.)


1482913296.31: existing (run_base_ref_aarch32.0002)
1482913296.32(0.76s):   Setting up 458.sjeng ref base aarch32 default: 
1482913297.08: Notice: Unusable path detected in run directory list file.
1482913297.08:   /home/bamvor/works-new/CPU2006/benchspec/CPU2006/458.sjeng/run/list
1482913297.08: references one or more paths which will be ignored, because they are
1482913297.08: not subdirectories of this run directory.  This condition may be a
1482913297.08: result of having moved your SPEC benchmark tree.  If that's what happened,
1482913297.08: and if you don't need the old run directories, you can just remove
1482913297.08: them, along with the list file.  (Usually it's safe to delete old
1482913297.08: run directories, as they are automatically re-created when needed.)


1482913297.21: existing (run_base_ref_aarch32.0002)
1482913297.21(0.83s):   Setting up 462.libquantum ref base aarch32 default: 
1482913298.04: Notice: Unusable path detected in run directory list file.
1482913298.04:   /home/bamvor/works-new/CPU2006/benchspec/CPU2006/462.libquantum/run/list
1482913298.04: references one or more paths which will be ignored, because they are
1482913298.04: not subdirectories of this run directory.  This condition may be a
1482913298.04: result of having moved your SPEC benchmark tree.  If that's what happened,
1482913298.04: and if you don't need the old run directories, you can just remove
1482913298.04: them, along with the list file.  (Usually it's safe to delete old
1482913298.04: run directories, as they are automatically re-created when needed.)


1482913298.20: existing (run_base_ref_aarch32.0002)
1482913298.20(1.64s):   Setting up 464.h264ref ref base aarch32 default: 
1482913299.84: Notice: Unusable path detected in run directory list file.
1482913299.84:   /home/bamvor/works-new/CPU2006/benchspec/CPU2006/464.h264ref/run/list
1482913299.84: references one or more paths which will be ignored, because they are
1482913299.84: not subdirectories of this run directory.  This condition may be a
1482913299.84: result of having moved your SPEC benchmark tree.  If that's what happened,
1482913299.84: and if you don't need the old run directories, you can just remove
1482913299.84: them, along with the list file.  (Usually it's safe to delete old
1482913299.84: run directories, as they are automatically re-created when needed.)


1482913303.42: existing (run_base_ref_aarch32.0002)
1482913303.42(0.06s):   Setting up 473.astar ref base aarch32 default: 
1482913303.48: Notice: Unusable path detected in run directory list file.
1482913303.48:   /home/bamvor/works-new/CPU2006/benchspec/CPU2006/473.astar/run/list
1482913303.48: references one or more paths which will be ignored, because they are
1482913303.48: not subdirectories of this run directory.  This condition may be a
1482913303.48: result of having moved your SPEC benchmark tree.  If that's what happened,
1482913303.48: and if you don't need the old run directories, you can just remove
1482913303.48: them, along with the list file.  (Usually it's safe to delete old
1482913303.48: run directories, as they are automatically re-created when needed.)


1482913304.64: existing (run_base_ref_aarch32.0002)
1482913304.64(0.67s):   Setting up 483.xalancbmk ref base aarch32 default: 
1482913305.31: Notice: Unusable path detected in run directory list file.
1482913305.31:   /home/bamvor/works-new/CPU2006/benchspec/CPU2006/483.xalancbmk/run/list
1482913305.31: references one or more paths which will be ignored, because they are
1482913305.31: not subdirectories of this run directory.  This condition may be a
1482913305.31: result of having moved your SPEC benchmark tree.  If that's what happened,
1482913305.31: and if you don't need the old run directories, you can just remove
1482913305.31: them, along with the list file.  (Usually it's safe to delete old
1482913305.31: run directories, as they are automatically re-created when needed.)


1482913309.41: existing (run_base_ref_aarch32.0002)
1482913309.42(0.68s):   Setting up 999.specrand ref base aarch32 default: 
1482913310.10: Notice: Unusable path detected in run directory list file.
1482913310.10:   /home/bamvor/works-new/CPU2006/benchspec/CPU2006/999.specrand/run/list
1482913310.10: references one or more paths which will be ignored, because they are
1482913310.10: not subdirectories of this run directory.  This condition may be a
1482913310.10: result of having moved your SPEC benchmark tree.  If that's what happened,
1482913310.10: and if you don't need the old run directories, you can just remove
1482913310.10: them, along with the list file.  (Usually it's safe to delete old
1482913310.10: run directories, as they are automatically re-created when needed.)


1482913311.14: existing (run_base_ref_aarch32.0001)

1482913311.14: -----------------------------------
1482913311.14: Running Benchmarks

1482913311.15: -----------------------------------
1482913312.14:   Running 400.perlbench ref base aarch32 default
1482913312.59: Commands to run:
1482913312.59:     -C /home/bamvor/works-new/CPU2006/benchspec/CPU2006/400.perlbench/run/run_base_ref_aarch32.0002
1482913312.59:     -o checkspam.2500.5.25.11.150.1.1.1.1.out -e checkspam.2500.5.25.11.150.1.1.1.1.err ../run_base_ref_aarch32.0002/perlbench_base.aarch32 -I./lib checkspam.pl 2500 5 25 11 150 1 1 1 1 (timed)
1482913312.59:     -o diffmail.4.800.10.17.19.300.out -e diffmail.4.800.10.17.19.300.err ../run_base_ref_aarch32.0002/perlbench_base.aarch32 -I./lib diffmail.pl 4 800 10 17 19 300 (timed)
1482913312.59:     -o splitmail.1600.12.26.16.4500.out -e splitmail.1600.12.26.16.4500.err ../run_base_ref_aarch32.0002/perlbench_base.aarch32 -I./lib splitmail.pl 1600 12 26 16 4500 (timed)
1482913312.60: **WARNING: environment variable 'TERMCAP' contains embedded CR or LF; they will be converted to spaces
1482913312.61: Specinvoke: /home/bamvor/works-new/CPU2006/bin/specinvoke -d /home/bamvor/works-new/CPU2006/benchspec/CPU2006/400.perlbench/run/run_base_ref_aarch32.0002 -e speccmds.err -o speccmds.stdout -f speccmds.cmd -C -q
1482913312.62: Issuing command '/home/bamvor/works-new/CPU2006/bin/specinvoke -d /home/bamvor/works-new/CPU2006/benchspec/CPU2006/400.perlbench/run/run_base_ref_aarch32.0002 -e speccmds.err -o speccmds.stdout -f speccmds.cmd -C -q'
1482913312.62: /home/bamvor/works-new/CPU2006/bin/specinvoke -d /home/bamvor/works-new/CPU2006/benchspec/CPU2006/400.perlbench/run/run_base_ref_aarch32.0002 -e speccmds.err -o speccmds.stdout -f speccmds.cmd -C -q
1482913312.62: Start command: Wed Dec 28 16:21:52 2016 (1482913312)
1482915581.87: Stop command: Wed Dec 28 16:59:41 2016 (1482915581)
1482915581.87: Elapsed time for command: 00:37:49 (2269)
1482915581.96: Workload elapsed time (0:1) = 1184.417593 seconds
1482915581.96: Workload elapsed time (0:2) = 424.262842 seconds
1482915581.96: Workload elapsed time (0:3) = 652.552662 seconds
1482915581.96: Copy 0 of 400.perlbench (base ref) run 1 finished at Wed Dec 28 16:59:33 2016.  Total elapsed time: 2261.233097
1482915581.96: comparing files in '/home/bamvor/works-new/CPU2006/benchspec/CPU2006/400.perlbench/run/run_base_ref_aarch32.0002'
1482915581.97: comparing 'checkspam.2500.5.25.11.150.1.1.1.1.out' with abstol=, binary=, calctol=0, cw=, floatcompare=, ignorecase=, obiwan=, reltol=, skipabstol=, skipobiwan=, skipreltol=, skiptol=
1482915581.97: comparing 'diffmail.4.800.10.17.19.300.out' with abstol=, binary=, calctol=0, cw=, floatcompare=, ignorecase=, obiwan=, reltol=, skipabstol=, skipobiwan=, skipreltol=, skiptol=
1482915581.98: comparing 'splitmail.1600.12.26.16.4500.out' with abstol=, binary=, calctol=0, cw=, floatcompare=, ignorecase=, obiwan=, reltol=, skipabstol=, skipobiwan=, skipreltol=, skiptol=
1482915581.98: Specinvoke: /home/bamvor/works-new/CPU2006/bin/specinvoke -E -d /home/bamvor/works-new/CPU2006/benchspec/CPU2006/400.perlbench/run/run_base_ref_aarch32.0002 -c 1 -e compare.err -o compare.stdout -f compare.cmd
1482915581.98: Issuing command '/home/bamvor/works-new/CPU2006/bin/specinvoke -E -d /home/bamvor/works-new/CPU2006/benchspec/CPU2006/400.perlbench/run/run_base_ref_aarch32.0002 -c 1 -e compare.err -o compare.stdout -f compare.cmd'
1482915581.98: /home/bamvor/works-new/CPU2006/bin/specinvoke -E -d /home/bamvor/works-new/CPU2006/benchspec/CPU2006/400.perlbench/run/run_base_ref_aarch32.0002 -c 1 -e compare.err -o compare.stdout -f compare.cmd
1482915581.98: Start command: Wed Dec 28 16:59:41 2016 (1482915581)
1482915588.18: Stop command: Wed Dec 28 16:59:48 2016 (1482915588)
1482915588.18: Elapsed time for command: 00:00:07 (7)
1482915588.18: Benchmark Times:
1482915588.18:   Start:    Wed Dec 28 16:21:52 2016 (1482913312)
1482915588.18:   Stop:     Wed Dec 28 16:59:41 2016 (1482915581)
1482915588.18:   Elapsed:  00:37:49 (2269)
1482915588.18:   Reported: 2261 233384000 2261.233384
1482915588.18:  Success 400.perlbench base ref ratio=4.32, runtime=2261.233384, power=0.00w, temp=0.00 deg, humidity=0.00%

1482915588.18: -----------------------------------
1482915588.28:   Running 401.bzip2 ref base aarch32 default
1482915588.33: Commands to run:
1482915588.33:     -C /home/bamvor/works-new/CPU2006/benchspec/CPU2006/401.bzip2/run/run_base_ref_aarch32.0002
1482915588.33:     -o input.source.out -e input.source.err ../run_base_ref_aarch32.0002/bzip2_base.aarch32 input.source 280 (timed)
1482915588.33:     -o chicken.jpg.out -e chicken.jpg.err ../run_base_ref_aarch32.0002/bzip2_base.aarch32 chicken.jpg 30 (timed)
1482915588.33:     -o liberty.jpg.out -e liberty.jpg.err ../run_base_ref_aarch32.0002/bzip2_base.aarch32 liberty.jpg 30 (timed)
1482915588.33:     -o input.program.out -e input.program.err ../run_base_ref_aarch32.0002/bzip2_base.aarch32 input.program 280 (timed)
1482915588.33:     -o text.html.out -e text.html.err ../run_base_ref_aarch32.0002/bzip2_base.aarch32 text.html 280 (timed)
1482915588.33:     -o input.combined.out -e input.combined.err ../run_base_ref_aarch32.0002/bzip2_base.aarch32 input.combined 200 (timed)
1482915588.35: Specinvoke: /home/bamvor/works-new/CPU2006/bin/specinvoke -d /home/bamvor/works-new/CPU2006/benchspec/CPU2006/401.bzip2/run/run_base_ref_aarch32.0002 -e speccmds.err -o speccmds.stdout -f speccmds.cmd -C -q
1482915588.36: Issuing command '/home/bamvor/works-new/CPU2006/bin/specinvoke -d /home/bamvor/works-new/CPU2006/benchspec/CPU2006/401.bzip2/run/run_base_ref_aarch32.0002 -e speccmds.err -o speccmds.stdout -f speccmds.cmd -C -q'
1482915588.36: /home/bamvor/works-new/CPU2006/bin/specinvoke -d /home/bamvor/works-new/CPU2006/benchspec/CPU2006/401.bzip2/run/run_base_ref_aarch32.0002 -e speccmds.err -o speccmds.stdout -f speccmds.cmd -C -q
1482915588.36: Start command: Wed Dec 28 16:59:48 2016 (1482915588)
1482919261.15: Stop command: Wed Dec 28 18:01:01 2016 (1482919261)
1482919261.15: Elapsed time for command: 01:01:13 (3673)
1482919261.23: Workload elapsed time (0:1) = 646.491079 seconds
1482919261.23: Workload elapsed time (0:2) = 268.816385 seconds
1482919261.23: Workload elapsed time (0:3) = 651.576997 seconds
1482919261.23: Workload elapsed time (0:4) = 621.287474 seconds
1482919261.23: Workload elapsed time (0:5) = 956.822925 seconds
1482919261.23: Workload elapsed time (0:6) = 519.765449 seconds
1482919261.24: Copy 0 of 401.bzip2 (base ref) run 1 finished at Wed Dec 28 18:00:53 2016.  Total elapsed time: 3664.760309
1482919261.24: comparing files in '/home/bamvor/works-new/CPU2006/benchspec/CPU2006/401.bzip2/run/run_base_ref_aarch32.0002'
1482919261.25: comparing 'chicken.jpg.out' with abstol=, binary=, calctol=0, cw=, floatcompare=, ignorecase=, obiwan=, reltol=, skipabstol=, skipobiwan=, skipreltol=, skiptol=
1482919261.25: comparing 'input.combined.out' with abstol=, binary=, calctol=0, cw=, floatcompare=, ignorecase=, obiwan=, reltol=, skipabstol=, skipobiwan=, skipreltol=, skiptol=
1482919261.25: comparing 'input.program.out' with abstol=, binary=, calctol=0, cw=, floatcompare=, ignorecase=, obiwan=, reltol=, skipabstol=, skipobiwan=, skipreltol=, skiptol=
1482919261.25: comparing 'input.source.out' with abstol=, binary=, calctol=0, cw=, floatcompare=, ignorecase=, obiwan=, reltol=, skipabstol=, skipobiwan=, skipreltol=, skiptol=
1482919261.26: comparing 'liberty.jpg.out' with abstol=, binary=, calctol=0, cw=, floatcompare=, ignorecase=, obiwan=, reltol=, skipabstol=, skipobiwan=, skipreltol=, skiptol=
1482919261.26: comparing 'text.html.out' with abstol=, binary=, calctol=0, cw=, floatcompare=, ignorecase=, obiwan=, reltol=, skipabstol=, skipobiwan=, skipreltol=, skiptol=
1482919261.26: Specinvoke: /home/bamvor/works-new/CPU2006/bin/specinvoke -E -d /home/bamvor/works-new/CPU2006/benchspec/CPU2006/401.bzip2/run/run_base_ref_aarch32.0002 -c 1 -e compare.err -o compare.stdout -f compare.cmd
1482919261.26: Issuing command '/home/bamvor/works-new/CPU2006/bin/specinvoke -E -d /home/bamvor/works-new/CPU2006/benchspec/CPU2006/401.bzip2/run/run_base_ref_aarch32.0002 -c 1 -e compare.err -o compare.stdout -f compare.cmd'
1482919261.26: /home/bamvor/works-new/CPU2006/bin/specinvoke -E -d /home/bamvor/works-new/CPU2006/benchspec/CPU2006/401.bzip2/run/run_base_ref_aarch32.0002 -c 1 -e compare.err -o compare.stdout -f compare.cmd
1482919261.26: Start command: Wed Dec 28 18:01:01 2016 (1482919261)
1482919273.49: Stop command: Wed Dec 28 18:01:13 2016 (1482919273)
1482919273.49: Elapsed time for command: 00:00:12 (12)
1482919273.50: Benchmark Times:
1482919273.50:   Start:    Wed Dec 28 16:59:48 2016 (1482915588)
1482919273.50:   Stop:     Wed Dec 28 18:01:01 2016 (1482919261)
1482919273.50:   Elapsed:  01:01:13 (3673)
1482919273.50:   Reported: 3664 760794000 3664.760794
1482919273.50:  Success 401.bzip2 base ref ratio=2.63, runtime=3664.760794, power=0.00w, temp=0.00 deg, humidity=0.00%

1482919273.50: -----------------------------------
1482919273.66:   Running 403.gcc ref base aarch32 default
1482919273.73: Commands to run:
1482919273.73:     -C /home/bamvor/works-new/CPU2006/benchspec/CPU2006/403.gcc/run/run_base_ref_aarch32.0002
1482919273.73:     -o 166.out -e 166.err ../run_base_ref_aarch32.0002/gcc_base.aarch32 166.in -o 166.s (timed)
1482919273.73:     -o 200.out -e 200.err ../run_base_ref_aarch32.0002/gcc_base.aarch32 200.in -o 200.s (timed)
1482919273.73:     -o c-typeck.out -e c-typeck.err ../run_base_ref_aarch32.0002/gcc_base.aarch32 c-typeck.in -o c-typeck.s (timed)
1482919273.73:     -o cp-decl.out -e cp-decl.err ../run_base_ref_aarch32.0002/gcc_base.aarch32 cp-decl.in -o cp-decl.s (timed)
1482919273.73:     -o expr.out -e expr.err ../run_base_ref_aarch32.0002/gcc_base.aarch32 expr.in -o expr.s (timed)
1482919273.73:     -o expr2.out -e expr2.err ../run_base_ref_aarch32.0002/gcc_base.aarch32 expr2.in -o expr2.s (timed)
1482919273.73:     -o g23.out -e g23.err ../run_base_ref_aarch32.0002/gcc_base.aarch32 g23.in -o g23.s (timed)
1482919273.73:     -o s04.out -e s04.err ../run_base_ref_aarch32.0002/gcc_base.aarch32 s04.in -o s04.s (timed)
1482919273.73:     -o scilab.out -e scilab.err ../run_base_ref_aarch32.0002/gcc_base.aarch32 scilab.in -o scilab.s (timed)
1482919273.75: Specinvoke: /home/bamvor/works-new/CPU2006/bin/specinvoke -d /home/bamvor/works-new/CPU2006/benchspec/CPU2006/403.gcc/run/run_base_ref_aarch32.0002 -e speccmds.err -o speccmds.stdout -f speccmds.cmd -C -q
1482919273.75: Issuing command '/home/bamvor/works-new/CPU2006/bin/specinvoke -d /home/bamvor/works-new/CPU2006/benchspec/CPU2006/403.gcc/run/run_base_ref_aarch32.0002 -e speccmds.err -o speccmds.stdout -f speccmds.cmd -C -q'
1482919273.75: /home/bamvor/works-new/CPU2006/bin/specinvoke -d /home/bamvor/works-new/CPU2006/benchspec/CPU2006/403.gcc/run/run_base_ref_aarch32.0002 -e speccmds.err -o speccmds.stdout -f speccmds.cmd -C -q
1482919273.75: Start command: Wed Dec 28 18:01:13 2016 (1482919273)
1482921377.08: Stop command: Wed Dec 28 18:36:17 2016 (1482921377)
1482921377.08: Elapsed time for command: 00:35:04 (2104)
1482921377.17: Workload elapsed time (0:1) = 174.67241 seconds
1482921377.17: Workload elapsed time (0:2) = 267.986772 seconds
1482921377.17: Workload elapsed time (0:3) = 216.26706 seconds
1482921377.17: Workload elapsed time (0:4) = 167.352884 seconds
1482921377.17: Workload elapsed time (0:5) = 194.969741 seconds
1482921377.17: Workload elapsed time (0:6) = 260.247866 seconds
1482921377.18: Workload elapsed time (0:7) = 403.005837 seconds
1482921377.18: Workload elapsed time (0:8) = 313.814876 seconds
1482921377.18: Workload elapsed time (0:9) = 96.980659 seconds
1482921377.18: Copy 0 of 403.gcc (base ref) run 1 finished at Wed Dec 28 18:36:09 2016.  Total elapsed time: 2095.298105
1482921377.18: comparing files in '/home/bamvor/works-new/CPU2006/benchspec/CPU2006/403.gcc/run/run_base_ref_aarch32.0002'
1482921377.19: comparing '166.s' with abstol=, binary=, calctol=0, cw=, floatcompare=, ignorecase=, obiwan=, reltol=, skipabstol=, skipobiwan=, skipreltol=, skiptol=
1482921377.20: comparing '200.s' with abstol=, binary=, calctol=0, cw=, floatcompare=, ignorecase=, obiwan=, reltol=, skipabstol=, skipobiwan=, skipreltol=, skiptol=
1482921377.20: comparing 'c-typeck.s' with abstol=, binary=, calctol=0, cw=, floatcompare=, ignorecase=, obiwan=, reltol=, skipabstol=, skipobiwan=, skipreltol=, skiptol=
1482921377.20: comparing 'cp-decl.s' with abstol=, binary=, calctol=0, cw=, floatcompare=, ignorecase=, obiwan=, reltol=, skipabstol=, skipobiwan=, skipreltol=, skiptol=
1482921377.20: comparing 'expr.s' with abstol=, binary=, calctol=0, cw=, floatcompare=, ignorecase=, obiwan=, reltol=, skipabstol=, skipobiwan=, skipreltol=, skiptol=
1482921377.20: comparing 'expr2.s' with abstol=, binary=, calctol=0, cw=, floatcompare=, ignorecase=, obiwan=, reltol=, skipabstol=, skipobiwan=, skipreltol=, skiptol=
1482921377.21: comparing 'g23.s' with abstol=, binary=, calctol=0, cw=, floatcompare=, ignorecase=, obiwan=, reltol=, skipabstol=, skipobiwan=, skipreltol=, skiptol=
1482921377.21: comparing 's04.s' with abstol=, binary=, calctol=0, cw=, floatcompare=, ignorecase=, obiwan=, reltol=, skipabstol=, skipobiwan=, skipreltol=, skiptol=
1482921377.21: comparing 'scilab.s' with abstol=, binary=, calctol=0, cw=, floatcompare=, ignorecase=, obiwan=, reltol=, skipabstol=, skipobiwan=, skipreltol=, skiptol=
1482921377.21: Specinvoke: /home/bamvor/works-new/CPU2006/bin/specinvoke -E -d /home/bamvor/works-new/CPU2006/benchspec/CPU2006/403.gcc/run/run_base_ref_aarch32.0002 -c 1 -e compare.err -o compare.stdout -f compare.cmd
1482921377.22: Issuing command '/home/bamvor/works-new/CPU2006/bin/specinvoke -E -d /home/bamvor/works-new/CPU2006/benchspec/CPU2006/403.gcc/run/run_base_ref_aarch32.0002 -c 1 -e compare.err -o compare.stdout -f compare.cmd'
1482921377.22: /home/bamvor/works-new/CPU2006/bin/specinvoke -E -d /home/bamvor/works-new/CPU2006/benchspec/CPU2006/403.gcc/run/run_base_ref_aarch32.0002 -c 1 -e compare.err -o compare.stdout -f compare.cmd
1482921377.22: Start command: Wed Dec 28 18:36:17 2016 (1482921377)
1482921392.24: Stop command: Wed Dec 28 18:36:32 2016 (1482921392)
1482921392.24: Elapsed time for command: 00:00:15 (15)
1482921392.25: Benchmark Times:
1482921392.25:   Start:    Wed Dec 28 18:01:13 2016 (1482919273)
1482921392.25:   Stop:     Wed Dec 28 18:36:17 2016 (1482921377)
1482921392.25:   Elapsed:  00:35:04 (2104)
1482921392.25:   Reported: 2095 298793000 2095.298793
1482921392.25:  Success 403.gcc base ref ratio=3.84, runtime=2095.298793, power=0.00w, temp=0.00 deg, humidity=0.00%

1482921392.25: -----------------------------------
1482921392.35:   Running 429.mcf ref base aarch32 default
1482921392.39: Commands to run:
1482921392.39:     -C /home/bamvor/works-new/CPU2006/benchspec/CPU2006/429.mcf/run/run_base_ref_aarch32.0002
1482921392.39:     -o inp.out -e inp.err ../run_base_ref_aarch32.0002/mcf_base.aarch32 inp.in (timed)
1482921392.41: Specinvoke: /home/bamvor/works-new/CPU2006/bin/specinvoke -d /home/bamvor/works-new/CPU2006/benchspec/CPU2006/429.mcf/run/run_base_ref_aarch32.0002 -e speccmds.err -o speccmds.stdout -f speccmds.cmd -C -q
1482921392.41: Issuing command '/home/bamvor/works-new/CPU2006/bin/specinvoke -d /home/bamvor/works-new/CPU2006/benchspec/CPU2006/429.mcf/run/run_base_ref_aarch32.0002 -e speccmds.err -o speccmds.stdout -f speccmds.cmd -C -q'
1482921392.41: /home/bamvor/works-new/CPU2006/bin/specinvoke -d /home/bamvor/works-new/CPU2006/benchspec/CPU2006/429.mcf/run/run_base_ref_aarch32.0002 -e speccmds.err -o speccmds.stdout -f speccmds.cmd -C -q
1482921392.41: Start command: Wed Dec 28 18:36:32 2016 (1482921392)
1482925112.95: Stop command: Wed Dec 28 19:38:32 2016 (1482925112)
1482925112.95: Elapsed time for command: 01:02:00 (3720)
1482925113.03: Workload elapsed time (0:1) = 3712.504611 seconds
1482925113.03: Copy 0 of 429.mcf (base ref) run 1 finished at Wed Dec 28 19:38:24 2016.  Total elapsed time: 3712.504611
1482925113.03: comparing files in '/home/bamvor/works-new/CPU2006/benchspec/CPU2006/429.mcf/run/run_base_ref_aarch32.0002'
1482925113.04: comparing 'inp.out' with abstol=, binary=, calctol=0, cw=, floatcompare=, ignorecase=, obiwan=, reltol=, skipabstol=, skipobiwan=, skipreltol=, skiptol=
1482925113.04: comparing 'mcf.out' with abstol=, binary=, calctol=0, cw=, floatcompare=, ignorecase=, obiwan=, reltol=, skipabstol=, skipobiwan=, skipreltol=, skiptol=
1482925113.05: Specinvoke: /home/bamvor/works-new/CPU2006/bin/specinvoke -E -d /home/bamvor/works-new/CPU2006/benchspec/CPU2006/429.mcf/run/run_base_ref_aarch32.0002 -c 1 -e compare.err -o compare.stdout -f compare.cmd
1482925113.05: Issuing command '/home/bamvor/works-new/CPU2006/bin/specinvoke -E -d /home/bamvor/works-new/CPU2006/benchspec/CPU2006/429.mcf/run/run_base_ref_aarch32.0002 -c 1 -e compare.err -o compare.stdout -f compare.cmd'
1482925113.05: /home/bamvor/works-new/CPU2006/bin/specinvoke -E -d /home/bamvor/works-new/CPU2006/benchspec/CPU2006/429.mcf/run/run_base_ref_aarch32.0002 -c 1 -e compare.err -o compare.stdout -f compare.cmd
1482925113.05: Start command: Wed Dec 28 19:38:33 2016 (1482925113)
1482925116.47: Stop command: Wed Dec 28 19:38:36 2016 (1482925116)
1482925116.47: Elapsed time for command: 00:00:03 (3)
1482925116.47: Benchmark Times:
1482925116.47:   Start:    Wed Dec 28 18:36:32 2016 (1482921392)
1482925116.47:   Stop:     Wed Dec 28 19:38:32 2016 (1482925112)
1482925116.47:   Elapsed:  01:02:00 (3720)
1482925116.47:   Reported: 3712 504846000 3712.504846
1482925116.47:  Success 429.mcf base ref ratio=2.46, runtime=3712.504846, power=0.00w, temp=0.00 deg, humidity=0.00%

1482925116.47: -----------------------------------
1482925117.61:   Running 445.gobmk ref base aarch32 default
1482925118.11: Commands to run:
1482925118.11:     -C /home/bamvor/works-new/CPU2006/benchspec/CPU2006/445.gobmk/run/run_base_ref_aarch32.0002
1482925118.11:     -i 13x13.tst -o 13x13.out -e 13x13.err ../run_base_ref_aarch32.0002/gobmk_base.aarch32 --quiet --mode gtp (timed)
1482925118.11:     -i nngs.tst -o nngs.out -e nngs.err ../run_base_ref_aarch32.0002/gobmk_base.aarch32 --quiet --mode gtp (timed)
1482925118.11:     -i score2.tst -o score2.out -e score2.err ../run_base_ref_aarch32.0002/gobmk_base.aarch32 --quiet --mode gtp (timed)
1482925118.11:     -i trevorc.tst -o trevorc.out -e trevorc.err ../run_base_ref_aarch32.0002/gobmk_base.aarch32 --quiet --mode gtp (timed)
1482925118.11:     -i trevord.tst -o trevord.out -e trevord.err ../run_base_ref_aarch32.0002/gobmk_base.aarch32 --quiet --mode gtp (timed)
1482925118.13: Specinvoke: /home/bamvor/works-new/CPU2006/bin/specinvoke -d /home/bamvor/works-new/CPU2006/benchspec/CPU2006/445.gobmk/run/run_base_ref_aarch32.0002 -e speccmds.err -o speccmds.stdout -f speccmds.cmd -C -q
1482925118.13: Issuing command '/home/bamvor/works-new/CPU2006/bin/specinvoke -d /home/bamvor/works-new/CPU2006/benchspec/CPU2006/445.gobmk/run/run_base_ref_aarch32.0002 -e speccmds.err -o speccmds.stdout -f speccmds.cmd -C -q'
1482925118.13: /home/bamvor/works-new/CPU2006/bin/specinvoke -d /home/bamvor/works-new/CPU2006/benchspec/CPU2006/445.gobmk/run/run_base_ref_aarch32.0002 -e speccmds.err -o speccmds.stdout -f speccmds.cmd -C -q
1482925118.13: Start command: Wed Dec 28 19:38:38 2016 (1482925118)
1482927354.69: Stop command: Wed Dec 28 20:15:54 2016 (1482927354)
1482927354.69: Elapsed time for command: 00:37:16 (2236)
1482927354.77: Workload elapsed time (0:1) = 312.375713 seconds
1482927354.77: Workload elapsed time (0:2) = 803.610547 seconds
1482927354.77: Workload elapsed time (0:3) = 389.465811 seconds
1482927354.77: Workload elapsed time (0:4) = 303.253293 seconds
1482927354.77: Workload elapsed time (0:5) = 419.817032 seconds
1482927354.77: Copy 0 of 445.gobmk (base ref) run 1 finished at Wed Dec 28 20:15:46 2016.  Total elapsed time: 2228.522396
1482927354.78: comparing files in '/home/bamvor/works-new/CPU2006/benchspec/CPU2006/445.gobmk/run/run_base_ref_aarch32.0002'
1482927354.79: comparing '13x13.out' with abstol=, binary=, calctol=0, cw=, floatcompare=, ignorecase=, obiwan=, reltol=, skipabstol=, skipobiwan=, skipreltol=, skiptol=
1482927354.79: comparing 'nngs.out' with abstol=, binary=, calctol=0, cw=, floatcompare=, ignorecase=, obiwan=, reltol=, skipabstol=, skipobiwan=, skipreltol=, skiptol=
1482927354.79: comparing 'score2.out' with abstol=, binary=, calctol=0, cw=, floatcompare=, ignorecase=, obiwan=, reltol=, skipabstol=, skipobiwan=, skipreltol=, skiptol=
1482927354.79: comparing 'trevorc.out' with abstol=, binary=, calctol=0, cw=, floatcompare=, ignorecase=, obiwan=, reltol=, skipabstol=, skipobiwan=, skipreltol=, skiptol=
1482927354.79: comparing 'trevord.out' with abstol=, binary=, calctol=0, cw=, floatcompare=, ignorecase=, obiwan=, reltol=, skipabstol=, skipobiwan=, skipreltol=, skiptol=
1482927354.80: Specinvoke: /home/bamvor/works-new/CPU2006/bin/specinvoke -E -d /home/bamvor/works-new/CPU2006/benchspec/CPU2006/445.gobmk/run/run_base_ref_aarch32.0002 -c 1 -e compare.err -o compare.stdout -f compare.cmd
1482927354.80: Issuing command '/home/bamvor/works-new/CPU2006/bin/specinvoke -E -d /home/bamvor/works-new/CPU2006/benchspec/CPU2006/445.gobmk/run/run_base_ref_aarch32.0002 -c 1 -e compare.err -o compare.stdout -f compare.cmd'
1482927354.80: /home/bamvor/works-new/CPU2006/bin/specinvoke -E -d /home/bamvor/works-new/CPU2006/benchspec/CPU2006/445.gobmk/run/run_base_ref_aarch32.0002 -c 1 -e compare.err -o compare.stdout -f compare.cmd
1482927354.80: Start command: Wed Dec 28 20:15:54 2016 (1482927354)
1482927362.34: Stop command: Wed Dec 28 20:16:02 2016 (1482927362)
1482927362.34: Elapsed time for command: 00:00:08 (8)
1482927362.35: Benchmark Times:
1482927362.35:   Start:    Wed Dec 28 19:38:38 2016 (1482925118)
1482927362.35:   Stop:     Wed Dec 28 20:15:54 2016 (1482927354)
1482927362.35:   Elapsed:  00:37:16 (2236)
1482927362.35:   Reported: 2228 522745000 2228.522745
1482927362.35:  Success 445.gobmk base ref ratio=4.71, runtime=2228.522745, power=0.00w, temp=0.00 deg, humidity=0.00%

1482927362.35: -----------------------------------
1482927362.47:   Running 456.hmmer ref base aarch32 default
1482927362.50: Commands to run:
1482927362.50:     -C /home/bamvor/works-new/CPU2006/benchspec/CPU2006/456.hmmer/run/run_base_ref_aarch32.0002
1482927362.50:     -o nph3.out -e nph3.err ../run_base_ref_aarch32.0002/hmmer_base.aarch32 nph3.hmm swiss41 (timed)
1482927362.51:     -o retro.out -e retro.err ../run_base_ref_aarch32.0002/hmmer_base.aarch32 --fixed 0 --mean 500 --num 500000 --sd 350 --seed 0 retro.hmm (timed)
1482927362.52: Specinvoke: /home/bamvor/works-new/CPU2006/bin/specinvoke -d /home/bamvor/works-new/CPU2006/benchspec/CPU2006/456.hmmer/run/run_base_ref_aarch32.0002 -e speccmds.err -o speccmds.stdout -f speccmds.cmd -C -q
1482927362.52: Issuing command '/home/bamvor/works-new/CPU2006/bin/specinvoke -d /home/bamvor/works-new/CPU2006/benchspec/CPU2006/456.hmmer/run/run_base_ref_aarch32.0002 -e speccmds.err -o speccmds.stdout -f speccmds.cmd -C -q'
1482927362.53: /home/bamvor/works-new/CPU2006/bin/specinvoke -d /home/bamvor/works-new/CPU2006/benchspec/CPU2006/456.hmmer/run/run_base_ref_aarch32.0002 -e speccmds.err -o speccmds.stdout -f speccmds.cmd -C -q
1482927362.53: Start command: Wed Dec 28 20:16:02 2016 (1482927362)
1482930470.13: Stop command: Wed Dec 28 21:07:50 2016 (1482930470)
1482930470.13: Elapsed time for command: 00:51:48 (3108)
1482930470.21: Workload elapsed time (0:1) = 1070.641418 seconds
1482930470.21: Workload elapsed time (0:2) = 2028.933935 seconds
1482930470.22: Copy 0 of 456.hmmer (base ref) run 1 finished at Wed Dec 28 21:07:42 2016.  Total elapsed time: 3099.575353
1482930470.22: comparing files in '/home/bamvor/works-new/CPU2006/benchspec/CPU2006/456.hmmer/run/run_base_ref_aarch32.0002'
1482930470.23: comparing 'nph3.out' with abstol=1e-05, binary=, calctol=0, cw=, floatcompare=, ignorecase=, obiwan=, reltol=0.002, skipabstol=, skipobiwan=, skipreltol=, skiptol=
1482930470.23: comparing 'retro.out' with abstol=1e-05, binary=, calctol=0, cw=, floatcompare=, ignorecase=, obiwan=, reltol=0.002, skipabstol=, skipobiwan=, skipreltol=, skiptol=
1482930470.23: Specinvoke: /home/bamvor/works-new/CPU2006/bin/specinvoke -E -d /home/bamvor/works-new/CPU2006/benchspec/CPU2006/456.hmmer/run/run_base_ref_aarch32.0002 -c 1 -e compare.err -o compare.stdout -f compare.cmd
1482930470.23: Issuing command '/home/bamvor/works-new/CPU2006/bin/specinvoke -E -d /home/bamvor/works-new/CPU2006/benchspec/CPU2006/456.hmmer/run/run_base_ref_aarch32.0002 -c 1 -e compare.err -o compare.stdout -f compare.cmd'
1482930470.23: /home/bamvor/works-new/CPU2006/bin/specinvoke -E -d /home/bamvor/works-new/CPU2006/benchspec/CPU2006/456.hmmer/run/run_base_ref_aarch32.0002 -c 1 -e compare.err -o compare.stdout -f compare.cmd
1482930470.23: Start command: Wed Dec 28 21:07:50 2016 (1482930470)
1482930473.65: Stop command: Wed Dec 28 21:07:53 2016 (1482930473)
1482930473.65: Elapsed time for command: 00:00:03 (3)
1482930473.65: Benchmark Times:
1482930473.65:   Start:    Wed Dec 28 20:16:02 2016 (1482927362)
1482930473.65:   Stop:     Wed Dec 28 21:07:50 2016 (1482930470)
1482930473.65:   Elapsed:  00:51:48 (3108)
1482930473.65:   Reported: 3099 575597000 3099.575597
1482930473.65:  Success 456.hmmer base ref ratio=3.01, runtime=3099.575597, power=0.00w, temp=0.00 deg, humidity=0.00%

1482930473.65: -----------------------------------
1482930473.76:   Running 458.sjeng ref base aarch32 default
1482930473.79: Commands to run:
1482930473.79:     -C /home/bamvor/works-new/CPU2006/benchspec/CPU2006/458.sjeng/run/run_base_ref_aarch32.0002
1482930473.79:     -o ref.out -e ref.err ../run_base_ref_aarch32.0002/sjeng_base.aarch32 ref.txt (timed)
1482930473.81: Specinvoke: /home/bamvor/works-new/CPU2006/bin/specinvoke -d /home/bamvor/works-new/CPU2006/benchspec/CPU2006/458.sjeng/run/run_base_ref_aarch32.0002 -e speccmds.err -o speccmds.stdout -f speccmds.cmd -C -q
1482930473.81: Issuing command '/home/bamvor/works-new/CPU2006/bin/specinvoke -d /home/bamvor/works-new/CPU2006/benchspec/CPU2006/458.sjeng/run/run_base_ref_aarch32.0002 -e speccmds.err -o speccmds.stdout -f speccmds.cmd -C -q'
1482930473.81: /home/bamvor/works-new/CPU2006/bin/specinvoke -d /home/bamvor/works-new/CPU2006/benchspec/CPU2006/458.sjeng/run/run_base_ref_aarch32.0002 -e speccmds.err -o speccmds.stdout -f speccmds.cmd -C -q
1482930473.81: Start command: Wed Dec 28 21:07:53 2016 (1482930473)
1482933302.53: Stop command: Wed Dec 28 21:55:02 2016 (1482933302)
1482933302.53: Elapsed time for command: 00:47:09 (2829)
1482933302.61: Workload elapsed time (0:1) = 2820.681103 seconds
1482933302.61: Copy 0 of 458.sjeng (base ref) run 1 finished at Wed Dec 28 21:54:54 2016.  Total elapsed time: 2820.681103
1482933302.61: comparing files in '/home/bamvor/works-new/CPU2006/benchspec/CPU2006/458.sjeng/run/run_base_ref_aarch32.0002'
1482933302.62: comparing 'ref.out' with abstol=, binary=, calctol=0, cw=, floatcompare=, ignorecase=, obiwan=, reltol=, skipabstol=, skipobiwan=, skipreltol=, skiptol=
1482933302.62: Specinvoke: /home/bamvor/works-new/CPU2006/bin/specinvoke -E -d /home/bamvor/works-new/CPU2006/benchspec/CPU2006/458.sjeng/run/run_base_ref_aarch32.0002 -c 1 -e compare.err -o compare.stdout -f compare.cmd
1482933302.62: Issuing command '/home/bamvor/works-new/CPU2006/bin/specinvoke -E -d /home/bamvor/works-new/CPU2006/benchspec/CPU2006/458.sjeng/run/run_base_ref_aarch32.0002 -c 1 -e compare.err -o compare.stdout -f compare.cmd'
1482933302.62: /home/bamvor/works-new/CPU2006/bin/specinvoke -E -d /home/bamvor/works-new/CPU2006/benchspec/CPU2006/458.sjeng/run/run_base_ref_aarch32.0002 -c 1 -e compare.err -o compare.stdout -f compare.cmd
1482933302.62: Start command: Wed Dec 28 21:55:02 2016 (1482933302)
1482933304.35: Stop command: Wed Dec 28 21:55:04 2016 (1482933304)
1482933304.35: Elapsed time for command: 00:00:02 (2)
1482933304.35: Benchmark Times:
1482933304.35:   Start:    Wed Dec 28 21:07:53 2016 (1482930473)
1482933304.35:   Stop:     Wed Dec 28 21:55:02 2016 (1482933302)
1482933304.35:   Elapsed:  00:47:09 (2829)
1482933304.35:   Reported: 2820 681297000 2820.681297
1482933304.35:  Success 458.sjeng base ref ratio=4.29, runtime=2820.681297, power=0.00w, temp=0.00 deg, humidity=0.00%

1482933304.36: -----------------------------------
1482933304.47:   Running 462.libquantum ref base aarch32 default
1482933304.50: Commands to run:
1482933304.50:     -C /home/bamvor/works-new/CPU2006/benchspec/CPU2006/462.libquantum/run/run_base_ref_aarch32.0002
1482933304.50:     -o ref.out -e ref.err ../run_base_ref_aarch32.0002/libquantum_base.aarch32 1397 8 (timed)
1482933304.52: Specinvoke: /home/bamvor/works-new/CPU2006/bin/specinvoke -d /home/bamvor/works-new/CPU2006/benchspec/CPU2006/462.libquantum/run/run_base_ref_aarch32.0002 -e speccmds.err -o speccmds.stdout -f speccmds.cmd -C -q
1482933304.52: Issuing command '/home/bamvor/works-new/CPU2006/bin/specinvoke -d /home/bamvor/works-new/CPU2006/benchspec/CPU2006/462.libquantum/run/run_base_ref_aarch32.0002 -e speccmds.err -o speccmds.stdout -f speccmds.cmd -C -q'
1482933304.52: /home/bamvor/works-new/CPU2006/bin/specinvoke -d /home/bamvor/works-new/CPU2006/benchspec/CPU2006/462.libquantum/run/run_base_ref_aarch32.0002 -e speccmds.err -o speccmds.stdout -f speccmds.cmd -C -q
1482933304.52: Start command: Wed Dec 28 21:55:04 2016 (1482933304)
1482935861.24: Stop command: Wed Dec 28 22:37:41 2016 (1482935861)
1482935861.24: Elapsed time for command: 00:42:37 (2557)
1482935861.32: Workload elapsed time (0:1) = 2548.684315 seconds
1482935861.32: Copy 0 of 462.libquantum (base ref) run 1 finished at Wed Dec 28 22:37:33 2016.  Total elapsed time: 2548.684315
1482935861.32: comparing files in '/home/bamvor/works-new/CPU2006/benchspec/CPU2006/462.libquantum/run/run_base_ref_aarch32.0002'
1482935861.33: comparing 'ref.out' with abstol=, binary=, calctol=0, cw=, floatcompare=, ignorecase=, obiwan=1, reltol=, skipabstol=, skipobiwan=, skipreltol=, skiptol=
1482935861.33: Specinvoke: /home/bamvor/works-new/CPU2006/bin/specinvoke -E -d /home/bamvor/works-new/CPU2006/benchspec/CPU2006/462.libquantum/run/run_base_ref_aarch32.0002 -c 1 -e compare.err -o compare.stdout -f compare.cmd
1482935861.33: Issuing command '/home/bamvor/works-new/CPU2006/bin/specinvoke -E -d /home/bamvor/works-new/CPU2006/benchspec/CPU2006/462.libquantum/run/run_base_ref_aarch32.0002 -c 1 -e compare.err -o compare.stdout -f compare.cmd'
1482935861.33: /home/bamvor/works-new/CPU2006/bin/specinvoke -E -d /home/bamvor/works-new/CPU2006/benchspec/CPU2006/462.libquantum/run/run_base_ref_aarch32.0002 -c 1 -e compare.err -o compare.stdout -f compare.cmd
1482935861.33: Start command: Wed Dec 28 22:37:41 2016 (1482935861)
1482935863.06: Stop command: Wed Dec 28 22:37:43 2016 (1482935863)
1482935863.06: Elapsed time for command: 00:00:02 (2)
1482935863.06: Benchmark Times:
1482935863.06:   Start:    Wed Dec 28 21:55:04 2016 (1482933304)
1482935863.06:   Stop:     Wed Dec 28 22:37:41 2016 (1482935861)
1482935863.06:   Elapsed:  00:42:37 (2557)
1482935863.06:   Reported: 2548 684537000 2548.684537
1482935863.07:  Success 462.libquantum base ref ratio=8.13, runtime=2548.684537, power=0.00w, temp=0.00 deg, humidity=0.00%

1482935863.07: -----------------------------------
1482935863.19:   Running 464.h264ref ref base aarch32 default
1482935863.23: Commands to run:
1482935863.23:     -C /home/bamvor/works-new/CPU2006/benchspec/CPU2006/464.h264ref/run/run_base_ref_aarch32.0002
1482935863.23:     -o foreman_ref_baseline_encodelog.out -e foreman_ref_baseline_encodelog.err ../run_base_ref_aarch32.0002/h264ref_base.aarch32 -d foreman_ref_encoder_baseline.cfg (timed)
1482935863.23:     -o foreman_ref_main_encodelog.out -e foreman_ref_main_encodelog.err ../run_base_ref_aarch32.0002/h264ref_base.aarch32 -d foreman_ref_encoder_main.cfg (timed)
1482935863.23:     -o sss_main_encodelog.out -e sss_main_encodelog.err ../run_base_ref_aarch32.0002/h264ref_base.aarch32 -d sss_encoder_main.cfg (timed)
1482935863.25: Specinvoke: /home/bamvor/works-new/CPU2006/bin/specinvoke -d /home/bamvor/works-new/CPU2006/benchspec/CPU2006/464.h264ref/run/run_base_ref_aarch32.0002 -e speccmds.err -o speccmds.stdout -f speccmds.cmd -C -q
1482935863.25: Issuing command '/home/bamvor/works-new/CPU2006/bin/specinvoke -d /home/bamvor/works-new/CPU2006/benchspec/CPU2006/464.h264ref/run/run_base_ref_aarch32.0002 -e speccmds.err -o speccmds.stdout -f speccmds.cmd -C -q'
1482935863.25: /home/bamvor/works-new/CPU2006/bin/specinvoke -d /home/bamvor/works-new/CPU2006/benchspec/CPU2006/464.h264ref/run/run_base_ref_aarch32.0002 -e speccmds.err -o speccmds.stdout -f speccmds.cmd -C -q
1482935863.25: Start command: Wed Dec 28 22:37:43 2016 (1482935863)
1482938984.36: Stop command: Wed Dec 28 23:29:44 2016 (1482938984)
1482938984.36: Elapsed time for command: 00:52:01 (3121)
1482938984.44: Workload elapsed time (0:1) = 409.546859 seconds
1482938984.44: Workload elapsed time (0:2) = 270.181872 seconds
1482938984.45: Workload elapsed time (0:3) = 2433.352044 seconds
1482938984.45: Copy 0 of 464.h264ref (base ref) run 1 finished at Wed Dec 28 23:29:36 2016.  Total elapsed time: 3113.080775
1482938984.45: comparing files in '/home/bamvor/works-new/CPU2006/benchspec/CPU2006/464.h264ref/run/run_base_ref_aarch32.0002'
1482938984.46: comparing 'foreman_ref_baseline_encodelog.out' with abstol=, binary=, calctol=0, cw=1, floatcompare=1, ignorecase=, obiwan=, reltol=, skipabstol=, skipobiwan=, skipreltol=, skiptol=
1482938984.46: comparing 'foreman_ref_baseline_leakybucketparam.cfg' with abstol=, binary=1, calctol=0, cw=1, floatcompare=1, ignorecase=, obiwan=, reltol=, skipabstol=, skipobiwan=, skipreltol=, skiptol=
1482938984.46: comparing 'foreman_ref_main_encodelog.out' with abstol=, binary=, calctol=0, cw=1, floatcompare=1, ignorecase=, obiwan=, reltol=, skipabstol=, skipobiwan=, skipreltol=, skiptol=
1482938984.47: comparing 'foreman_ref_main_leakybucketparam.cfg' with abstol=, binary=1, calctol=0, cw=1, floatcompare=1, ignorecase=, obiwan=, reltol=, skipabstol=, skipobiwan=, skipreltol=, skiptol=
1482938984.47: comparing 'sss_main_encodelog.out' with abstol=, binary=, calctol=0, cw=1, floatcompare=1, ignorecase=, obiwan=, reltol=, skipabstol=, skipobiwan=, skipreltol=, skiptol=
1482938984.47: comparing 'sss_main_leakybucketparam.cfg' with abstol=, binary=1, calctol=0, cw=1, floatcompare=1, ignorecase=, obiwan=, reltol=, skipabstol=, skipobiwan=, skipreltol=, skiptol=
1482938984.47: Specinvoke: /home/bamvor/works-new/CPU2006/bin/specinvoke -E -d /home/bamvor/works-new/CPU2006/benchspec/CPU2006/464.h264ref/run/run_base_ref_aarch32.0002 -c 1 -e compare.err -o compare.stdout -f compare.cmd
1482938984.47: Issuing command '/home/bamvor/works-new/CPU2006/bin/specinvoke -E -d /home/bamvor/works-new/CPU2006/benchspec/CPU2006/464.h264ref/run/run_base_ref_aarch32.0002 -c 1 -e compare.err -o compare.stdout -f compare.cmd'
1482938984.48: /home/bamvor/works-new/CPU2006/bin/specinvoke -E -d /home/bamvor/works-new/CPU2006/benchspec/CPU2006/464.h264ref/run/run_base_ref_aarch32.0002 -c 1 -e compare.err -o compare.stdout -f compare.cmd
1482938984.48: Start command: Wed Dec 28 23:29:44 2016 (1482938984)
1482938996.71: Stop command: Wed Dec 28 23:29:56 2016 (1482938996)
1482938996.71: Elapsed time for command: 00:00:12 (12)
1482938996.72: Benchmark Times:
1482938996.72:   Start:    Wed Dec 28 22:37:43 2016 (1482935863)
1482938996.72:   Stop:     Wed Dec 28 23:29:44 2016 (1482938984)
1482938996.72:   Elapsed:  00:52:01 (3121)
1482938996.72:   Reported: 3113 81061000 3113.081061
1482938996.72:  Success 464.h264ref base ref ratio=7.11, runtime=3113.081061, power=0.00w, temp=0.00 deg, humidity=0.00%

1482938996.72: -----------------------------------
1482938996.83:   Running 473.astar ref base aarch32 default
1482938996.86: Commands to run:
1482938996.86:     -C /home/bamvor/works-new/CPU2006/benchspec/CPU2006/473.astar/run/run_base_ref_aarch32.0002
1482938996.86:     -o BigLakes2048.out -e BigLakes2048.err ../run_base_ref_aarch32.0002/astar_base.aarch32 BigLakes2048.cfg (timed)
1482938996.86:     -o rivers.out -e rivers.err ../run_base_ref_aarch32.0002/astar_base.aarch32 rivers.cfg (timed)
1482938996.88: Specinvoke: /home/bamvor/works-new/CPU2006/bin/specinvoke -d /home/bamvor/works-new/CPU2006/benchspec/CPU2006/473.astar/run/run_base_ref_aarch32.0002 -e speccmds.err -o speccmds.stdout -f speccmds.cmd -C -q
1482938996.88: Issuing command '/home/bamvor/works-new/CPU2006/bin/specinvoke -d /home/bamvor/works-new/CPU2006/benchspec/CPU2006/473.astar/run/run_base_ref_aarch32.0002 -e speccmds.err -o speccmds.stdout -f speccmds.cmd -C -q'
1482938996.88: /home/bamvor/works-new/CPU2006/bin/specinvoke -d /home/bamvor/works-new/CPU2006/benchspec/CPU2006/473.astar/run/run_base_ref_aarch32.0002 -e speccmds.err -o speccmds.stdout -f speccmds.cmd -C -q
1482938996.88: Start command: Wed Dec 28 23:29:56 2016 (1482938996)
1482941383.25: Stop command: Thu Dec 29 00:09:43 2016 (1482941383)
1482941383.25: Elapsed time for command: 00:39:47 (2387)
1482941383.33: Workload elapsed time (0:1) = 1026.509631 seconds
1482941383.33: Workload elapsed time (0:2) = 1351.826187 seconds
1482941383.34: Copy 0 of 473.astar (base ref) run 1 finished at Thu Dec 29 00:09:35 2016.  Total elapsed time: 2378.335818
1482941383.34: comparing files in '/home/bamvor/works-new/CPU2006/benchspec/CPU2006/473.astar/run/run_base_ref_aarch32.0002'
1482941383.34: comparing 'BigLakes2048.out' with abstol=, binary=, calctol=0, cw=, floatcompare=, ignorecase=, obiwan=, reltol=0.001, skipabstol=, skipobiwan=, skipreltol=, skiptol=
1482941383.35: comparing 'rivers.out' with abstol=, binary=, calctol=0, cw=, floatcompare=, ignorecase=, obiwan=, reltol=0.001, skipabstol=, skipobiwan=, skipreltol=, skiptol=
1482941383.35: Specinvoke: /home/bamvor/works-new/CPU2006/bin/specinvoke -E -d /home/bamvor/works-new/CPU2006/benchspec/CPU2006/473.astar/run/run_base_ref_aarch32.0002 -c 1 -e compare.err -o compare.stdout -f compare.cmd
1482941383.35: Issuing command '/home/bamvor/works-new/CPU2006/bin/specinvoke -E -d /home/bamvor/works-new/CPU2006/benchspec/CPU2006/473.astar/run/run_base_ref_aarch32.0002 -c 1 -e compare.err -o compare.stdout -f compare.cmd'
1482941383.35: /home/bamvor/works-new/CPU2006/bin/specinvoke -E -d /home/bamvor/works-new/CPU2006/benchspec/CPU2006/473.astar/run/run_base_ref_aarch32.0002 -c 1 -e compare.err -o compare.stdout -f compare.cmd
1482941383.35: Start command: Thu Dec 29 00:09:43 2016 (1482941383)
1482941386.77: Stop command: Thu Dec 29 00:09:46 2016 (1482941386)
1482941386.77: Elapsed time for command: 00:00:03 (3)
1482941386.78: Benchmark Times:
1482941386.78:   Start:    Wed Dec 28 23:29:56 2016 (1482938996)
1482941386.78:   Stop:     Thu Dec 29 00:09:43 2016 (1482941383)
1482941386.78:   Elapsed:  00:39:47 (2387)
1482941386.78:   Reported: 2378 336055000 2378.336055
1482941386.78:  Success 473.astar base ref ratio=2.95, runtime=2378.336055, power=0.00w, temp=0.00 deg, humidity=0.00%

1482941386.78: -----------------------------------
1482941387.14:   Running 483.xalancbmk ref base aarch32 default
1482941387.17: Commands to run:
1482941387.17:     -C /home/bamvor/works-new/CPU2006/benchspec/CPU2006/483.xalancbmk/run/run_base_ref_aarch32.0002
1482941387.17:     -o ref.out -e ref.err ../run_base_ref_aarch32.0002/Xalan_base.aarch32 -v t5.xml xalanc.xsl (timed)
1482941387.19: Specinvoke: /home/bamvor/works-new/CPU2006/bin/specinvoke -d /home/bamvor/works-new/CPU2006/benchspec/CPU2006/483.xalancbmk/run/run_base_ref_aarch32.0002 -e speccmds.err -o speccmds.stdout -f speccmds.cmd -C -q
1482941387.19: Issuing command '/home/bamvor/works-new/CPU2006/bin/specinvoke -d /home/bamvor/works-new/CPU2006/benchspec/CPU2006/483.xalancbmk/run/run_base_ref_aarch32.0002 -e speccmds.err -o speccmds.stdout -f speccmds.cmd -C -q'
1482941387.19: /home/bamvor/works-new/CPU2006/bin/specinvoke -d /home/bamvor/works-new/CPU2006/benchspec/CPU2006/483.xalancbmk/run/run_base_ref_aarch32.0002 -e speccmds.err -o speccmds.stdout -f speccmds.cmd -C -q
1482941387.19: Start command: Thu Dec 29 00:09:47 2016 (1482941387)
1482943026.44: Stop command: Thu Dec 29 00:37:06 2016 (1482943026)
1482943026.44: Elapsed time for command: 00:27:19 (1639)
1482943026.52: Workload elapsed time (0:1) = 1631.216101 seconds
1482943026.52: Copy 0 of 483.xalancbmk (base ref) run 1 finished at Thu Dec 29 00:36:58 2016.  Total elapsed time: 1631.216101
1482943026.53: comparing files in '/home/bamvor/works-new/CPU2006/benchspec/CPU2006/483.xalancbmk/run/run_base_ref_aarch32.0002'
1482943026.53: comparing 'ref.out' with abstol=, binary=, calctol=0, cw=, floatcompare=, ignorecase=, obiwan=, reltol=, skipabstol=, skipobiwan=, skipreltol=, skiptol=
1482943026.54: Specinvoke: /home/bamvor/works-new/CPU2006/bin/specinvoke -E -d /home/bamvor/works-new/CPU2006/benchspec/CPU2006/483.xalancbmk/run/run_base_ref_aarch32.0002 -c 1 -e compare.err -o compare.stdout -f compare.cmd
1482943026.54: Issuing command '/home/bamvor/works-new/CPU2006/bin/specinvoke -E -d /home/bamvor/works-new/CPU2006/benchspec/CPU2006/483.xalancbmk/run/run_base_ref_aarch32.0002 -c 1 -e compare.err -o compare.stdout -f compare.cmd'
1482943026.54: /home/bamvor/works-new/CPU2006/bin/specinvoke -E -d /home/bamvor/works-new/CPU2006/benchspec/CPU2006/483.xalancbmk/run/run_base_ref_aarch32.0002 -c 1 -e compare.err -o compare.stdout -f compare.cmd
1482943026.54: Start command: Thu Dec 29 00:37:06 2016 (1482943026)
1482943033.15: Stop command: Thu Dec 29 00:37:13 2016 (1482943033)
1482943033.15: Elapsed time for command: 00:00:07 (7)
1482943033.16: Benchmark Times:
1482943033.16:   Start:    Thu Dec 29 00:09:47 2016 (1482941387)
1482943033.16:   Stop:     Thu Dec 29 00:37:06 2016 (1482943026)
1482943033.16:   Elapsed:  00:27:19 (1639)
1482943033.16:   Reported: 1631 216297000 1631.216297
1482943033.16:  Success 483.xalancbmk base ref ratio=4.23, runtime=1631.216297, power=0.00w, temp=0.00 deg, humidity=0.00%

1482943033.16: -----------------------------------
1482943033.25:   Running 999.specrand ref base aarch32 default
1482943033.28: Commands to run:
1482943033.28:     -C /home/bamvor/works-new/CPU2006/benchspec/CPU2006/999.specrand/run/run_base_ref_aarch32.0001
1482943033.28:     -o rand.234923.out -e rand.234923.err ../run_base_ref_aarch32.0001/specrand_base.aarch32 1255432124 234923 (timed)
1482943033.30: Specinvoke: /home/bamvor/works-new/CPU2006/bin/specinvoke -d /home/bamvor/works-new/CPU2006/benchspec/CPU2006/999.specrand/run/run_base_ref_aarch32.0001 -e speccmds.err -o speccmds.stdout -f speccmds.cmd -C -q
1482943033.30: Issuing command '/home/bamvor/works-new/CPU2006/bin/specinvoke -d /home/bamvor/works-new/CPU2006/benchspec/CPU2006/999.specrand/run/run_base_ref_aarch32.0001 -e speccmds.err -o speccmds.stdout -f speccmds.cmd -C -q'
1482943033.30: /home/bamvor/works-new/CPU2006/bin/specinvoke -d /home/bamvor/works-new/CPU2006/benchspec/CPU2006/999.specrand/run/run_base_ref_aarch32.0001 -e speccmds.err -o speccmds.stdout -f speccmds.cmd -C -q
1482943033.30: Start command: Thu Dec 29 00:37:13 2016 (1482943033)
1482943034.82: Stop command: Thu Dec 29 00:37:14 2016 (1482943034)
1482943034.82: Elapsed time for command: 00:00:01 (1)
1482943034.90: Workload elapsed time (0:1) = 0.488235 seconds
1482943034.90: Copy 0 of 999.specrand (base ref) run 1 finished at Thu Dec 29 00:37:13 2016.  Total elapsed time: 0.488235
1482943034.91: comparing files in '/home/bamvor/works-new/CPU2006/benchspec/CPU2006/999.specrand/run/run_base_ref_aarch32.0001'
1482943034.91: comparing 'rand.234923.out' with abstol=, binary=, calctol=0, cw=, floatcompare=1, ignorecase=, obiwan=, reltol=, skipabstol=, skipobiwan=, skipreltol=, skiptol=
1482943034.92: Specinvoke: /home/bamvor/works-new/CPU2006/bin/specinvoke -E -d /home/bamvor/works-new/CPU2006/benchspec/CPU2006/999.specrand/run/run_base_ref_aarch32.0001 -c 1 -e compare.err -o compare.stdout -f compare.cmd
1482943034.92: Issuing command '/home/bamvor/works-new/CPU2006/bin/specinvoke -E -d /home/bamvor/works-new/CPU2006/benchspec/CPU2006/999.specrand/run/run_base_ref_aarch32.0001 -c 1 -e compare.err -o compare.stdout -f compare.cmd'
1482943034.92: /home/bamvor/works-new/CPU2006/bin/specinvoke -E -d /home/bamvor/works-new/CPU2006/benchspec/CPU2006/999.specrand/run/run_base_ref_aarch32.0001 -c 1 -e compare.err -o compare.stdout -f compare.cmd
1482943034.92: Start command: Thu Dec 29 00:37:14 2016 (1482943034)
1482943060.79: Stop command: Thu Dec 29 00:37:40 2016 (1482943060)
1482943060.79: Elapsed time for command: 00:00:26 (26)
1482943060.79: Benchmark Times:
1482943060.79:   Start:    Thu Dec 29 00:37:13 2016 (1482943033)
1482943060.79:   Stop:     Thu Dec 29 00:37:14 2016 (1482943034)
1482943060.79:   Elapsed:  00:00:01 (1)
1482943060.79:   Reported: 0 488442000 0.488442
1482943060.79:  Success 999.specrand base ref ratio=20.47, runtime=0.488442, power=0.00w, temp=0.00 deg, humidity=0.00%
1482943060.80: Success: 1x400.perlbench 1x401.bzip2 1x403.gcc 1x429.mcf 1x445.gobmk 1x456.hmmer 1x458.sjeng 1x462.libquantum 1x464.h264ref 1x473.astar 1x483.xalancbmk 1x999.specrand
1482943060.88: Producing Raw Reports
1482943060.88: mach: default
1482943060.88:   ext: aarch32
1482943060.88:     size: ref
1482943060.89:       set: int
1482943060.99: NOTICE: sw_compiler is longer than 50 characters and will be split
1482943060.99: WARNING: the following line:
1482943060.99: -----
1482943060.99: Using built-in specs. COLLECT_GCC=arm-linux-gnueabihf-gcc COLLECT_LTO_WRAPPER=/home/bamvor/works/software/toolchain/gcc-linaro-6.2.1-2016.11-x86_64_arm-linux-gnueabihf/gcc-linaro-6.2.1-2016.11-x86_64_arm-linux-gnueabihf/bin/../libexec/gcc/arm-linux-gnueabihf/6.2.1/lto-wrapper Target: arm-linux-gnueabihf Configured with: /home/tcwg-buildslave/workspace/tcwg-make-release/label/docker-trusty-amd64-tcwg-build/target/arm-linux-gnueabihf/snapshots/gcc-linaro-6.2-2016.11/configure SHELL=/bin/bash --with-mpc=/home/tcwg-buildslave/workspace/tcwg-make-release/label/docker-trusty-amd64-tcwg-build/target/arm-linux-gnueabihf/_build/builds/destdir/x86_64-unknown-linux-gnu --with-mpfr=/home/tcwg-buildslave/workspace/tcwg-make-release/label/docker-trusty-amd64-tcwg-build/target/arm-linux-gnueabihf/_build/builds/destdir/x86_64-unknown-linux-gnu --with-gmp=/home/tcwg-buildslave/workspace/tcwg-make-release/label/docker-trusty-amd64-tcwg-build/target/arm-linux-gnueabihf/_build/builds/destdir/x86_64-unknown-linux-gnu --with-gnu-as --with-gnu-ld --disable-libstdcxx-pch --disable-libmudflap --with-cloog=no --with-ppl=no --with-isl=no --disable-nls --enable-c99 --enable-gnu-indirect-function --disable-multilib --with-tune=cortex-a9 --with-arch=armv7-a --with-fpu=vfpv3-d16 --with-float=hard --with-mode=thumb --enable-multiarch --with-build-sysroot=/home/tcwg-buildslave/workspace/tcwg-make-release/label/docker-trusty-amd64-tcwg-build/target/arm-linux-gnueabihf/_build/sysroots/arm-linux-gnueabihf --enable-lto --enable-linker-build-id --enable-long-long --enable-shared --with-sysroot=/home/tcwg-buildslave/workspace/tcwg-make-release/label/docker-trusty-amd64-tcwg-build/target/arm-linux-gnueabihf/_build/builds/destdir/x86_64-unknown-linux-gnu/arm-linux-gnueabihf/libc --enable-languages=c,c++,fortran,lto --enable-checking=release --disable-bootstrap --build=x86_64-unknown-linux-gnu --host=x86_64-unknown-linux-gnu --target=arm-linux-gnueabihf --prefix=/home/tcwg-buildslave/workspace/tcwg-make-release/label/docker-trusty-amd64-tcwg-build/target/arm-linux-gnueabihf/_build/builds/destdir/x86_64-unknown-linux-gnu Thread model: posix gcc version 6.2.1 20161016 (Linaro GCC 6.2-2016.11)
1482943060.99: -----
1482943060.99: contains an element longer than 50 columns and could not be split.
1482943061.19:         format: raw -> /home/bamvor/works-new/CPU2006/result/CINT2006.022.ref.rsf

1482943066.65: NOTICE: sw_compiler is longer than 50 characters and will be split
1482943066.66: WARNING: the following line:
1482943066.66: -----
1482943066.66: Using built-in specs. COLLECT_GCC=arm-linux-gnueabihf-gcc COLLECT_LTO_WRAPPER=/home/bamvor/works/software/toolchain/gcc-linaro-6.2.1-2016.11-x86_64_arm-linux-gnueabihf/gcc-linaro-6.2.1-2016.11-x86_64_arm-linux-gnueabihf/bin/../libexec/gcc/arm-linux-gnueabihf/6.2.1/lto-wrapper Target: arm-linux-gnueabihf Configured with: /home/tcwg-buildslave/workspace/tcwg-make-release/label/docker-trusty-amd64-tcwg-build/target/arm-linux-gnueabihf/snapshots/gcc-linaro-6.2-2016.11/configure SHELL=/bin/bash --with-mpc=/home/tcwg-buildslave/workspace/tcwg-make-release/label/docker-trusty-amd64-tcwg-build/target/arm-linux-gnueabihf/_build/builds/destdir/x86_64-unknown-linux-gnu --with-mpfr=/home/tcwg-buildslave/workspace/tcwg-make-release/label/docker-trusty-amd64-tcwg-build/target/arm-linux-gnueabihf/_build/builds/destdir/x86_64-unknown-linux-gnu --with-gmp=/home/tcwg-buildslave/workspace/tcwg-make-release/label/docker-trusty-amd64-tcwg-build/target/arm-linux-gnueabihf/_build/builds/destdir/x86_64-unknown-linux-gnu --with-gnu-as --with-gnu-ld --disable-libstdcxx-pch --disable-libmudflap --with-cloog=no --with-ppl=no --with-isl=no --disable-nls --enable-c99 --enable-gnu-indirect-function --disable-multilib --with-tune=cortex-a9 --with-arch=armv7-a --with-fpu=vfpv3-d16 --with-float=hard --with-mode=thumb --enable-multiarch --with-build-sysroot=/home/tcwg-buildslave/workspace/tcwg-make-release/label/docker-trusty-amd64-tcwg-build/target/arm-linux-gnueabihf/_build/sysroots/arm-linux-gnueabihf --enable-lto --enable-linker-build-id --enable-long-long --enable-shared --with-sysroot=/home/tcwg-buildslave/workspace/tcwg-make-release/label/docker-trusty-amd64-tcwg-build/target/arm-linux-gnueabihf/_build/builds/destdir/x86_64-unknown-linux-gnu/arm-linux-gnueabihf/libc --enable-languages=c,c++,fortran,lto --enable-checking=release --disable-bootstrap --build=x86_64-unknown-linux-gnu --host=x86_64-unknown-linux-gnu --target=arm-linux-gnueabihf --prefix=/home/tcwg-buildslave/workspace/tcwg-make-release/label/docker-trusty-amd64-tcwg-build/target/arm-linux-gnueabihf/_build/builds/destdir/x86_64-unknown-linux-gnu Thread model: posix gcc version 6.2.1 20161016 (Linaro GCC 6.2-2016.11)
1482943066.66: -----
1482943066.66: contains an element longer than 50 columns and could not be split.
1482943069.89: Parsing flags for 400.perlbench base: done
1482943070.03: Parsing flags for 401.bzip2 base: done
1482943074.41: Parsing flags for 403.gcc base: done
1482943074.54: Parsing flags for 429.mcf base: done
1482943074.75: Parsing flags for 445.gobmk base: done
1482943075.04: Parsing flags for 456.hmmer base: done
1482943075.12: Parsing flags for 458.sjeng base: done
1482943075.30: Parsing flags for 462.libquantum base: done
1482943075.65: Parsing flags for 464.h264ref base: done
1482943075.75: Parsing flags for 473.astar base: done
1482943076.30: Parsing flags for 483.xalancbmk base: done
1482943076.36: Doing flag reduction: done
1482943076.49:         format: ASCII -> /home/bamvor/works-new/CPU2006/result/CINT2006.022.ref.txt
1482943076.50:         format: config -> /home/bamvor/works-new/CPU2006/result/CINT2006.022.ref.cfg, /home/bamvor/works-new/CPU2006/result/CINT2006.022.ref.orig.cfg
1482943076.54:         format: CSV -> /home/bamvor/works-new/CPU2006/result/CINT2006.022.ref.csv
1482943076.75:       set: fp

1482943076.78: The log for this run is in /home/bamvor/works-new/CPU2006/result/CPU2006.022.log

1482943076.78: runspec finished at Thu Dec 29 00:37:56 2016; 29833 total seconds elapsed
