make[1]: Entering directory `/home/bamvor/works/source/testsuite/lmbench/lmbench-3.0-a9/results'

                 L M B E N C H  3 . 0   S U M M A R Y
                 ------------------------------------
		 (Alpha software, do not distribute)

Basic system parameters
------------------------------------------------------------------------------
Host                 OS Description              Mhz  tlb  cache  mem   scal
                                                     pages line   par   load
                                                           bytes  
--------- ------------- ----------------------- ---- ----- ----- ------ ----
localhost Linux 4.9.0-1            ILP32_enable 1200    10    64 2.4900    1
localhost Linux 4.9.0-1            ILP32_enable 1200    10    64 2.4900    1
localhost Linux 4.9.0-1            ILP32_enable 1200    10    64 2.5000    1
localhost Linux 4.9.0-1            ILP32_enable 1200    10    64 2.5300    1
localhost Linux 4.9.0-1            ILP32_enable 1200    10    64 2.5300    1
localhost Linux 4.9.0-1          ILP32_unmerged 1200    10    64 2.4400    1
localhost Linux 4.9.0-1          ILP32_unmerged 1200    10    64 2.5100    1
localhost Linux 4.9.0-1          ILP32_unmerged 1200    10    64 2.5200    1
localhost Linux 4.9.0-1          ILP32_unmerged 1200    10    64 2.4900    1
localhost Linux 4.9.0-1          ILP32_unmerged 1200    10    64 2.5100    1

Processor, Processes - times in microseconds - smaller is better
------------------------------------------------------------------------------
Host                 OS  Mhz null null      open slct sig  sig  fork exec sh  
                             call  I/O stat clos TCP  inst hndl proc proc proc
--------- ------------- ---- ---- ---- ---- ---- ---- ---- ---- ---- ---- ----
localhost Linux 4.9.0-1 1200 0.24 0.51 4.05 6.94 16.9 0.72 3.29 582. 1473 6910
localhost Linux 4.9.0-1 1200 0.24 0.51 4.03 6.93 17.0 0.74 3.30 478. 1653 6822
localhost Linux 4.9.0-1 1200 0.24 0.50 4.08 7.11 17.6 0.74 3.27 491. 1629 6816
localhost Linux 4.9.0-1 1200 0.24 0.50 3.99 6.90 17.2 0.75 3.26 490. 1582 6847
localhost Linux 4.9.0-1 1200 0.24 0.50 4.03 7.15 16.9 0.73 3.26 500. 1595 6827
localhost Linux 4.9.0-1 1200 0.24 0.51 3.71 6.84 17.3 0.74 3.24 557. 1573 6586
localhost Linux 4.9.0-1 1200 0.24 0.52 3.69 6.57 17.0 0.74 3.09 452. 1595 6540
localhost Linux 4.9.0-1 1200 0.24 0.52 3.73 6.60 17.1 0.73 3.09 528. 1502 6589
localhost Linux 4.9.0-1 1200 0.24 0.51 3.69 6.53 17.2 0.74 3.10 511. 1562 6553
localhost Linux 4.9.0-1 1200 0.24 0.51 3.69 6.68 17.3 0.71 3.10 478. 1567 6555

Basic integer operations - times in nanoseconds - smaller is better
-------------------------------------------------------------------
Host                 OS  intgr intgr  intgr  intgr  intgr  
                          bit   add    mul    div    mod   
--------- ------------- ------ ------ ------ ------ ------ 
localhost Linux 4.9.0-1 0.8300 0.8300          61.2   21.9
localhost Linux 4.9.0-1 0.8300 0.8300          61.2   22.0
localhost Linux 4.9.0-1 0.8300 0.8600          60.7   21.9
localhost Linux 4.9.0-1 0.8600 0.8300          61.5   21.9
localhost Linux 4.9.0-1 0.8300 0.8300          61.2   22.0
localhost Linux 4.9.0-1 0.8300 0.8300          60.5   22.0
localhost Linux 4.9.0-1 0.8300 0.8300          62.1   22.0
localhost Linux 4.9.0-1 0.8300 0.8600 0.0300   60.4   21.9
localhost Linux 4.9.0-1 0.8300 0.8600 0.0300   60.5   22.0
localhost Linux 4.9.0-1 0.8600 0.8300          61.2   21.9

Basic uint64 operations - times in nanoseconds - smaller is better
------------------------------------------------------------------
Host                 OS int64  int64  int64  int64  int64  
                         bit    add    mul    div    mod   
--------- ------------- ------ ------ ------ ------ ------ 
localhost Linux 4.9.0-1  0.840                203.5   39.4
localhost Linux 4.9.0-1  0.840                196.2   41.2
localhost Linux 4.9.0-1  0.840                196.4   42.2
localhost Linux 4.9.0-1  0.840                199.1   41.5
localhost Linux 4.9.0-1  0.840                197.6   39.4
localhost Linux 4.9.0-1  0.840                205.1   39.2
localhost Linux 4.9.0-1  0.840                201.8   43.3
localhost Linux 4.9.0-1  0.840                203.5   39.2
localhost Linux 4.9.0-1  0.840                203.5   43.3
localhost Linux 4.9.0-1  0.870                195.0   45.0

Basic float operations - times in nanoseconds - smaller is better
-----------------------------------------------------------------
Host                 OS  float  float  float  float
                         add    mul    div    bogo
--------- ------------- ------ ------ ------ ------ 
localhost Linux 4.9.0-1 3.3300 3.3300   11.2   20.9
localhost Linux 4.9.0-1 3.4400 3.3300   10.8   20.9
localhost Linux 4.9.0-1 3.3300 3.3300   10.8   20.2
localhost Linux 4.9.0-1 3.3300 3.3300   10.8   20.2
localhost Linux 4.9.0-1 3.3300 3.3300   11.2   20.2
localhost Linux 4.9.0-1 3.3300 3.3300   10.8   20.2
localhost Linux 4.9.0-1 3.3300 3.3300   10.8   20.2
localhost Linux 4.9.0-1 3.3300 3.3300   10.8   20.2
localhost Linux 4.9.0-1 3.3300 3.3300   10.8   20.2
localhost Linux 4.9.0-1 3.3300 3.3300   10.8   20.2

Basic double operations - times in nanoseconds - smaller is better
------------------------------------------------------------------
Host                 OS  double double double double
                         add    mul    div    bogo
--------- ------------- ------  ------ ------ ------ 
localhost Linux 4.9.0-1 3.3300 3.3300   18.3   27.7
localhost Linux 4.9.0-1 3.3300 3.3300   18.3   27.7
localhost Linux 4.9.0-1 3.3300 3.3300   18.9   27.7
localhost Linux 4.9.0-1 3.3300 3.3300   18.3   27.6
localhost Linux 4.9.0-1 3.3300 3.3300   18.3   27.7
localhost Linux 4.9.0-1 3.3300 3.3300   18.3   27.7
localhost Linux 4.9.0-1 3.3300 3.3300   18.3   27.7
localhost Linux 4.9.0-1 3.3300 3.3300   18.3   27.6
localhost Linux 4.9.0-1 3.3300 3.3300   18.3   27.6
localhost Linux 4.9.0-1 3.4400 3.3300   18.3   27.7

Context switching - times in microseconds - smaller is better
-------------------------------------------------------------------------
Host                 OS  2p/0K 2p/16K 2p/64K 8p/16K 8p/64K 16p/16K 16p/64K
                         ctxsw  ctxsw  ctxsw ctxsw  ctxsw   ctxsw   ctxsw
--------- ------------- ------ ------ ------ ------ ------ ------- -------
localhost Linux 4.9.0-1   14.3  112.9 6.1100   50.8   10.4    45.3    55.3
localhost Linux 4.9.0-1   14.5 6.3200   96.4 7.3900   10.0    19.7    55.5
localhost Linux 4.9.0-1   14.1 5.9500   94.9 8.0600   33.1 8.37000    17.9
localhost Linux 4.9.0-1   14.4 6.2800   97.6   42.5 9.2700    29.8    36.5
localhost Linux 4.9.0-1 6.0000  111.6 5.8600   18.2 9.1900    48.7    16.3
localhost Linux 4.9.0-1 6.0100 6.5200 5.8900 7.2800 7.6700    42.5    32.9
localhost Linux 4.9.0-1   14.4 6.4700 5.8200 7.5300 9.4000 7.83000    49.7
localhost Linux 4.9.0-1   14.4 5.9400 5.8000   54.3 8.7900    18.3    55.2
localhost Linux 4.9.0-1   14.4 6.7300 5.9400   37.5   10.3    63.9    21.5
localhost Linux 4.9.0-1 5.9700 6.4400   96.7 8.3300   70.4 7.91000    41.1

*Local* Communication latencies in microseconds - smaller is better
---------------------------------------------------------------------
Host                 OS 2p/0K  Pipe AF     UDP  RPC/   TCP  RPC/ TCP
                        ctxsw       UNIX         UDP         TCP conn
--------- ------------- ----- ----- ---- ----- ----- ----- ----- ----
localhost Linux 4.9.0-1  14.3  16.2 32.2  33.7        51.8        83.
localhost Linux 4.9.0-1  14.5  16.6 68.5  33.6        46.6        84.
localhost Linux 4.9.0-1  14.1  17.0 26.3  39.5        51.2        84.
localhost Linux 4.9.0-1  14.4  20.7 22.9  34.1        52.1       149.
localhost Linux 4.9.0-1 6.000  16.0 31.1  34.9        46.3       150.
localhost Linux 4.9.0-1 6.010  16.0 22.7  34.5        51.5        88.
localhost Linux 4.9.0-1  14.4  16.6 22.8  33.0        52.4        87.
localhost Linux 4.9.0-1  14.4  34.2 29.9  33.4        50.3       149.
localhost Linux 4.9.0-1  14.4  16.9 29.3  35.4        52.1       149.
localhost Linux 4.9.0-1 5.970  83.4 29.0  36.4        53.7        83.

*Remote* Communication latencies in microseconds - smaller is better
---------------------------------------------------------------------
Host                 OS   UDP  RPC/  TCP   RPC/ TCP
                               UDP         TCP  conn
--------- ------------- ----- ----- ----- ----- ----
localhost Linux 4.9.0-1                             
localhost Linux 4.9.0-1                             
localhost Linux 4.9.0-1                             
localhost Linux 4.9.0-1                             
localhost Linux 4.9.0-1                             
localhost Linux 4.9.0-1                             
localhost Linux 4.9.0-1                             
localhost Linux 4.9.0-1                             
localhost Linux 4.9.0-1                             
localhost Linux 4.9.0-1                             

File & VM system latencies in microseconds - smaller is better
-------------------------------------------------------------------------------
Host                 OS   0K File      10K File     Mmap    Prot   Page   100fd
                        Create Delete Create Delete Latency Fault  Fault  selct
--------- ------------- ------ ------ ------ ------ ------- ----- ------- -----
localhost Linux 4.9.0-1   33.9   26.2   74.1   45.6   31.3K 0.198 1.49740 5.753
localhost Linux 4.9.0-1   34.0   26.0   74.2   46.1   31.3K 0.027 1.58150 5.716
localhost Linux 4.9.0-1   33.9   26.9   74.1   46.6   31.3K 0.220 1.49670 5.693
localhost Linux 4.9.0-1   33.8   25.9   73.4   46.3   31.5K 0.285 1.58230 5.690
localhost Linux 4.9.0-1   36.0   26.5   73.6   46.3   31.3K 0.285 1.49690 5.896
localhost Linux 4.9.0-1   36.1   25.8   75.0   45.2   32.0K 0.268 1.46810 5.696
localhost Linux 4.9.0-1   34.1   25.8   73.6   46.1   30.4K 0.221 1.46230 5.706
localhost Linux 4.9.0-1   33.9   25.3   74.7   45.0   30.3K 0.264 1.47100 5.700
localhost Linux 4.9.0-1   34.0   25.9   74.3   45.2   30.3K 0.252 1.46510 5.723
localhost Linux 4.9.0-1   35.4   26.2   73.5   45.2   30.5K 0.277 1.46540 5.723

*Local* Communication bandwidths in MB/s - bigger is better
-----------------------------------------------------------------------------
Host                OS  Pipe AF    TCP  File   Mmap  Bcopy  Bcopy  Mem   Mem
                             UNIX      reread reread (libc) (hand) read write
--------- ------------- ---- ---- ---- ------ ------ ------ ------ ---- -----
localhost Linux 4.9.0-1 694. 1395 1141  972.7 1683.5 1883.5 1570.8 1771 4726.
localhost Linux 4.9.0-1 973. 1682 21.4  968.7 1707.9 1900.0 1561.8 1774 4726.
localhost Linux 4.9.0-1 925. 1531 21.4  972.4 1719.6 1900.2 1558.7 1772 4725.
localhost Linux 4.9.0-1 756. 1431 930.  968.9 1686.2 1894.4 1542.0 1752 4725.
localhost Linux 4.9.0-1 958. 1549 21.4  974.6 1709.6 1880.4 1558.4 1763 4725.
localhost Linux 4.9.0-1 944. 1749 21.4  920.3 1732.3 1941.5 1625.8 1781 4723.
localhost Linux 4.9.0-1 972. 1475 21.4  973.5 1729.4 1906.3 1551.4 1777 4724.
localhost Linux 4.9.0-1 923. 1673 1117  920.5 1714.6 1775.5 1561.0 1778 4575.
localhost Linux 4.9.0-1 876. 1521 21.4  967.3 1703.8 1893.4 1539.6 1786 4726.
localhost Linux 4.9.0-1 910. 1555 21.4  921.9 1707.6 1875.7 1532.0 1759 4730.

Memory latencies in nanoseconds - smaller is better
    (WARNING - may not be correct, check graphs)
------------------------------------------------------------------------------
Host                 OS   Mhz   L1 $   L2 $    Main mem    Rand mem    Guesses
--------- -------------   ---   ----   ----    --------    --------    -------
localhost Linux 4.9.0-1  1200 2.5140 6.5490        24.9       190.1
localhost Linux 4.9.0-1  1200 2.5140 6.6030        24.7       190.0
localhost Linux 4.9.0-1  1200 2.5140 6.5580        24.8       190.3
localhost Linux 4.9.0-1  1200 2.5150 6.8230        24.9       190.4
localhost Linux 4.9.0-1  1200 2.5150 6.5420        24.9       190.2
localhost Linux 4.9.0-1  1200 2.5140 6.5460        24.8       190.4
localhost Linux 4.9.0-1  1200 2.5140 6.5390        24.9       190.3
localhost Linux 4.9.0-1  1200 2.5140 6.5390        24.9       190.1
localhost Linux 4.9.0-1  1200 2.5140 6.5410        24.8       190.1
localhost Linux 4.9.0-1  1200 2.5140 6.5370        24.9       189.7
make[1]: Leaving directory `/home/bamvor/works/source/testsuite/lmbench/lmbench-3.0-a9/results'
