runspec v6674 started at Mon Dec 26 22:14:05 2016 on "localhost"
runspec is: /home/bamvor/works-new/CPU2006/bin/runspec
runspec: runspec -c linaro_aarch64.cfg --nobuild --size=ref -n 1 --noreportable --tune=base 400.perlbench 401.bzip2 403.gcc 429.mcf 445.gobmk 456.hmmer 458.sjeng 462.libquantum 464.h264ref 473.astar 483.xalancbmk 999.specrand
toolset: linux-aarch64

Locating benchmarks...found 31 benchmarks in 6 benchsets.
Reading config file '/home/bamvor/works-new/CPU2006/config/linaro_aarch64.cfg'

1482761648.19: Verbosity = 5
1482761648.19: Action    = validate
1482761648.19: Tune      = base
1482761648.19: Ext       = aarch64
1482761648.19: Size      = ref
1482761648.19: Machine   = default
1482761648.19: benchmarks= 400.perlbench,401.bzip2,403.gcc,429.mcf,445.gobmk,456.hmmer,458.sjeng,462.libquantum,464.h264ref,473.astar,483.xalancbmk,999.specrand
1482761648.19: outputs   = asc,csv,config
1482761648.19: username  = root
1482761648.19: Benchmarks selected: 400.perlbench, 401.bzip2, 403.gcc, 429.mcf, 445.gobmk, 456.hmmer, 458.sjeng, 462.libquantum, 464.h264ref, 473.astar, 483.xalancbmk, 999.specrand
1482761648.32: Compiling Binaries

1482761648.32: ------------------------------------------------------------------------
1482761648.85:   Up to date 400.perlbench base aarch64 default

1482761648.86: ------------------------------------------------------------------------
1482761649.35:   Up to date 401.bzip2 base aarch64 default

1482761649.35: ------------------------------------------------------------------------
1482761649.87:   Up to date 403.gcc base aarch64 default

1482761649.88: ------------------------------------------------------------------------
1482761650.37:   Up to date 429.mcf base aarch64 default

1482761650.37: ------------------------------------------------------------------------
1482761650.90:   Up to date 445.gobmk base aarch64 default

1482761650.90: ------------------------------------------------------------------------
1482761651.40:   Up to date 456.hmmer base aarch64 default

1482761651.40: ------------------------------------------------------------------------
1482761651.89:   Up to date 458.sjeng base aarch64 default

1482761651.89: ------------------------------------------------------------------------
1482761652.39:   Up to date 462.libquantum base aarch64 default

1482761652.40: ------------------------------------------------------------------------
1482761653.04:   Up to date 464.h264ref base aarch64 default

1482761653.04: ------------------------------------------------------------------------
1482761653.41:   Up to date 473.astar base aarch64 default

1482761653.41: ------------------------------------------------------------------------
1482761654.06:   Up to date 483.xalancbmk base aarch64 default

1482761654.06: ------------------------------------------------------------------------
1482761654.55:   Up to date 999.specrand base aarch64 default


1482761654.55: Setting Up Run Directories
1482761654.56:   Setting up 400.perlbench ref base aarch64 default: 
1482761654.56: Notice: Unusable path detected in run directory list file.
1482761654.56:   /home/bamvor/works-new/CPU2006/benchspec/CPU2006/400.perlbench/run/list
1482761654.56: references one or more paths which will be ignored, because they are
1482761654.56: not subdirectories of this run directory.  This condition may be a
1482761654.56: result of having moved your SPEC benchmark tree.  If that's what happened,
1482761654.56: and if you don't need the old run directories, you can just remove
1482761654.56: them, along with the list file.  (Usually it's safe to delete old
1482761654.56: run directories, as they are automatically re-created when needed.)


1482761658.71: created (run_base_ref_aarch64.0003)
1482761658.72:   Setting up 401.bzip2 ref base aarch64 default: 
1482761658.72: Notice: Unusable path detected in run directory list file.
1482761658.72:   /home/bamvor/works-new/CPU2006/benchspec/CPU2006/401.bzip2/run/list
1482761658.72: references one or more paths which will be ignored, because they are
1482761658.72: not subdirectories of this run directory.  This condition may be a
1482761658.72: result of having moved your SPEC benchmark tree.  If that's what happened,
1482761658.72: and if you don't need the old run directories, you can just remove
1482761658.72: them, along with the list file.  (Usually it's safe to delete old
1482761658.72: run directories, as they are automatically re-created when needed.)


1482761660.12: created (run_base_ref_aarch64.0002)
1482761660.12(0.01s):   Setting up 403.gcc ref base aarch64 default: 
1482761660.13: Notice: Unusable path detected in run directory list file.
1482761660.13:   /home/bamvor/works-new/CPU2006/benchspec/CPU2006/403.gcc/run/list
1482761660.13: references one or more paths which will be ignored, because they are
1482761660.13: not subdirectories of this run directory.  This condition may be a
1482761660.13: result of having moved your SPEC benchmark tree.  If that's what happened,
1482761660.13: and if you don't need the old run directories, you can just remove
1482761660.13: them, along with the list file.  (Usually it's safe to delete old
1482761660.13: run directories, as they are automatically re-created when needed.)


1482761660.39: created (run_base_ref_aarch64.0002)
1482761660.40:   Setting up 429.mcf ref base aarch64 default: 
1482761660.40: Notice: Unusable path detected in run directory list file.
1482761660.40:   /home/bamvor/works-new/CPU2006/benchspec/CPU2006/429.mcf/run/list
1482761660.40: references one or more paths which will be ignored, because they are
1482761660.40: not subdirectories of this run directory.  This condition may be a
1482761660.40: result of having moved your SPEC benchmark tree.  If that's what happened,
1482761660.40: and if you don't need the old run directories, you can just remove
1482761660.40: them, along with the list file.  (Usually it's safe to delete old
1482761660.40: run directories, as they are automatically re-created when needed.)


1482761660.55: created (run_base_ref_aarch64.0002)
1482761660.56:   Setting up 445.gobmk ref base aarch64 default: 
1482761660.56: Notice: Unusable path detected in run directory list file.
1482761660.56:   /home/bamvor/works-new/CPU2006/benchspec/CPU2006/445.gobmk/run/list
1482761660.56: references one or more paths which will be ignored, because they are
1482761660.56: not subdirectories of this run directory.  This condition may be a
1482761660.56: result of having moved your SPEC benchmark tree.  If that's what happened,
1482761660.56: and if you don't need the old run directories, you can just remove
1482761660.56: them, along with the list file.  (Usually it's safe to delete old
1482761660.56: run directories, as they are automatically re-created when needed.)


1482761665.91: created (run_base_ref_aarch64.0002)
1482761665.92:   Setting up 456.hmmer ref base aarch64 default: 
1482761665.92: Notice: Unusable path detected in run directory list file.
1482761665.92:   /home/bamvor/works-new/CPU2006/benchspec/CPU2006/456.hmmer/run/list
1482761665.92: references one or more paths which will be ignored, because they are
1482761665.92: not subdirectories of this run directory.  This condition may be a
1482761665.92: result of having moved your SPEC benchmark tree.  If that's what happened,
1482761665.92: and if you don't need the old run directories, you can just remove
1482761665.92: them, along with the list file.  (Usually it's safe to delete old
1482761665.92: run directories, as they are automatically re-created when needed.)


1482761666.66: created (run_base_ref_aarch64.0002)
1482761666.67:   Setting up 458.sjeng ref base aarch64 default: 
1482761666.67: Notice: Unusable path detected in run directory list file.
1482761666.67:   /home/bamvor/works-new/CPU2006/benchspec/CPU2006/458.sjeng/run/list
1482761666.67: references one or more paths which will be ignored, because they are
1482761666.67: not subdirectories of this run directory.  This condition may be a
1482761666.67: result of having moved your SPEC benchmark tree.  If that's what happened,
1482761666.67: and if you don't need the old run directories, you can just remove
1482761666.67: them, along with the list file.  (Usually it's safe to delete old
1482761666.67: run directories, as they are automatically re-created when needed.)


1482761666.78: created (run_base_ref_aarch64.0002)
1482761666.79:   Setting up 462.libquantum ref base aarch64 default: 
1482761666.79: Notice: Unusable path detected in run directory list file.
1482761666.79:   /home/bamvor/works-new/CPU2006/benchspec/CPU2006/462.libquantum/run/list
1482761666.79: references one or more paths which will be ignored, because they are
1482761666.79: not subdirectories of this run directory.  This condition may be a
1482761666.79: result of having moved your SPEC benchmark tree.  If that's what happened,
1482761666.79: and if you don't need the old run directories, you can just remove
1482761666.79: them, along with the list file.  (Usually it's safe to delete old
1482761666.79: run directories, as they are automatically re-created when needed.)


1482761666.90: created (run_base_ref_aarch64.0002)
1482761666.91:   Setting up 464.h264ref ref base aarch64 default: 
1482761666.91: Notice: Unusable path detected in run directory list file.
1482761666.91:   /home/bamvor/works-new/CPU2006/benchspec/CPU2006/464.h264ref/run/list
1482761666.91: references one or more paths which will be ignored, because they are
1482761666.91: not subdirectories of this run directory.  This condition may be a
1482761666.91: result of having moved your SPEC benchmark tree.  If that's what happened,
1482761666.91: and if you don't need the old run directories, you can just remove
1482761666.91: them, along with the list file.  (Usually it's safe to delete old
1482761666.91: run directories, as they are automatically re-created when needed.)


1482761667.64: created (run_base_ref_aarch64.0002)
1482761667.65:   Setting up 473.astar ref base aarch64 default: 
1482761667.65: Notice: Unusable path detected in run directory list file.
1482761667.65:   /home/bamvor/works-new/CPU2006/benchspec/CPU2006/473.astar/run/list
1482761667.65: references one or more paths which will be ignored, because they are
1482761667.65: not subdirectories of this run directory.  This condition may be a
1482761667.65: result of having moved your SPEC benchmark tree.  If that's what happened,
1482761667.65: and if you don't need the old run directories, you can just remove
1482761667.65: them, along with the list file.  (Usually it's safe to delete old
1482761667.65: run directories, as they are automatically re-created when needed.)


1482761667.83: created (run_base_ref_aarch64.0002)
1482761667.84:   Setting up 483.xalancbmk ref base aarch64 default: 
1482761667.84: Notice: Unusable path detected in run directory list file.
1482761667.84:   /home/bamvor/works-new/CPU2006/benchspec/CPU2006/483.xalancbmk/run/list
1482761667.84: references one or more paths which will be ignored, because they are
1482761667.84: not subdirectories of this run directory.  This condition may be a
1482761667.84: result of having moved your SPEC benchmark tree.  If that's what happened,
1482761667.84: and if you don't need the old run directories, you can just remove
1482761667.84: them, along with the list file.  (Usually it's safe to delete old
1482761667.84: run directories, as they are automatically re-created when needed.)


1482761670.54: created (run_base_ref_aarch64.0002)
1482761670.55:   Setting up 999.specrand ref base aarch64 default: 
1482761670.55: Notice: Unusable path detected in run directory list file.
1482761670.55:   /home/bamvor/works-new/CPU2006/benchspec/CPU2006/999.specrand/run/list
1482761670.55: references one or more paths which will be ignored, because they are
1482761670.55: not subdirectories of this run directory.  This condition may be a
1482761670.55: result of having moved your SPEC benchmark tree.  If that's what happened,
1482761670.55: and if you don't need the old run directories, you can just remove
1482761670.55: them, along with the list file.  (Usually it's safe to delete old
1482761670.55: run directories, as they are automatically re-created when needed.)


1482761670.90: created (run_base_ref_aarch64.0002)

1482761670.90: -----------------------------------
1482761670.90: Running Benchmarks

1482761670.92: -----------------------------------
1482761682.64:   Running 400.perlbench ref base aarch64 default
1482761683.19: Commands to run:
1482761683.19:     -C /home/bamvor/works-new/CPU2006/benchspec/CPU2006/400.perlbench/run/run_base_ref_aarch64.0003
1482761683.19:     -o checkspam.2500.5.25.11.150.1.1.1.1.out -e checkspam.2500.5.25.11.150.1.1.1.1.err ../run_base_ref_aarch64.0003/perlbench_base.aarch64 -I./lib checkspam.pl 2500 5 25 11 150 1 1 1 1 (timed)
1482761683.19:     -o diffmail.4.800.10.17.19.300.out -e diffmail.4.800.10.17.19.300.err ../run_base_ref_aarch64.0003/perlbench_base.aarch64 -I./lib diffmail.pl 4 800 10 17 19 300 (timed)
1482761683.19:     -o splitmail.1600.12.26.16.4500.out -e splitmail.1600.12.26.16.4500.err ../run_base_ref_aarch64.0003/perlbench_base.aarch64 -I./lib splitmail.pl 1600 12 26 16 4500 (timed)
1482761683.20: **WARNING: environment variable 'TERMCAP' contains embedded CR or LF; they will be converted to spaces
1482761683.22: Specinvoke: /home/bamvor/works-new/CPU2006/bin/specinvoke -d /home/bamvor/works-new/CPU2006/benchspec/CPU2006/400.perlbench/run/run_base_ref_aarch64.0003 -e speccmds.err -o speccmds.stdout -f speccmds.cmd -C -q
1482761683.22: Issuing command '/home/bamvor/works-new/CPU2006/bin/specinvoke -d /home/bamvor/works-new/CPU2006/benchspec/CPU2006/400.perlbench/run/run_base_ref_aarch64.0003 -e speccmds.err -o speccmds.stdout -f speccmds.cmd -C -q'
1482761683.22: /home/bamvor/works-new/CPU2006/bin/specinvoke -d /home/bamvor/works-new/CPU2006/benchspec/CPU2006/400.perlbench/run/run_base_ref_aarch64.0003 -e speccmds.err -o speccmds.stdout -f speccmds.cmd -C -q
1482761683.22: Start command: Mon Dec 26 22:14:43 2016 (1482761683)
1482764019.72: Stop command: Mon Dec 26 22:53:39 2016 (1482764019)
1482764019.72: Elapsed time for command: 00:38:56 (2336)
1482764019.80: Workload elapsed time (0:1) = 1266.149049 seconds
1482764019.80: Workload elapsed time (0:2) = 416.430885 seconds
1482764019.80: Workload elapsed time (0:3) = 645.898397 seconds
1482764019.80: Copy 0 of 400.perlbench (base ref) run 1 finished at Mon Dec 26 22:53:31 2016.  Total elapsed time: 2328.478331
1482764019.80: comparing files in '/home/bamvor/works-new/CPU2006/benchspec/CPU2006/400.perlbench/run/run_base_ref_aarch64.0003'
1482764019.81: comparing 'checkspam.2500.5.25.11.150.1.1.1.1.out' with abstol=, binary=, calctol=0, cw=, floatcompare=, ignorecase=, obiwan=, reltol=, skipabstol=, skipobiwan=, skipreltol=, skiptol=
1482764019.81: comparing 'diffmail.4.800.10.17.19.300.out' with abstol=, binary=, calctol=0, cw=, floatcompare=, ignorecase=, obiwan=, reltol=, skipabstol=, skipobiwan=, skipreltol=, skiptol=
1482764019.82: comparing 'splitmail.1600.12.26.16.4500.out' with abstol=, binary=, calctol=0, cw=, floatcompare=, ignorecase=, obiwan=, reltol=, skipabstol=, skipobiwan=, skipreltol=, skiptol=
1482764019.82: Specinvoke: /home/bamvor/works-new/CPU2006/bin/specinvoke -E -d /home/bamvor/works-new/CPU2006/benchspec/CPU2006/400.perlbench/run/run_base_ref_aarch64.0003 -c 1 -e compare.err -o compare.stdout -f compare.cmd
1482764019.82: Issuing command '/home/bamvor/works-new/CPU2006/bin/specinvoke -E -d /home/bamvor/works-new/CPU2006/benchspec/CPU2006/400.perlbench/run/run_base_ref_aarch64.0003 -c 1 -e compare.err -o compare.stdout -f compare.cmd'
1482764019.82: /home/bamvor/works-new/CPU2006/bin/specinvoke -E -d /home/bamvor/works-new/CPU2006/benchspec/CPU2006/400.perlbench/run/run_base_ref_aarch64.0003 -c 1 -e compare.err -o compare.stdout -f compare.cmd
1482764019.82: Start command: Mon Dec 26 22:53:39 2016 (1482764019)
1482764026.03: Stop command: Mon Dec 26 22:53:46 2016 (1482764026)
1482764026.03: Elapsed time for command: 00:00:07 (7)
1482764026.04: Benchmark Times:
1482764026.04:   Start:    Mon Dec 26 22:14:43 2016 (1482761683)
1482764026.04:   Stop:     Mon Dec 26 22:53:39 2016 (1482764019)
1482764026.04:   Elapsed:  00:38:56 (2336)
1482764026.04:   Reported: 2328 478656000 2328.478656
1482764026.04:  Success 400.perlbench base ref ratio=4.20, runtime=2328.478656, power=0.00w, temp=0.00 deg, humidity=0.00%

1482764026.04: -----------------------------------
1482764026.15:   Running 401.bzip2 ref base aarch64 default
1482764026.20: Commands to run:
1482764026.20:     -C /home/bamvor/works-new/CPU2006/benchspec/CPU2006/401.bzip2/run/run_base_ref_aarch64.0002
1482764026.20:     -o input.source.out -e input.source.err ../run_base_ref_aarch64.0002/bzip2_base.aarch64 input.source 280 (timed)
1482764026.20:     -o chicken.jpg.out -e chicken.jpg.err ../run_base_ref_aarch64.0002/bzip2_base.aarch64 chicken.jpg 30 (timed)
1482764026.20:     -o liberty.jpg.out -e liberty.jpg.err ../run_base_ref_aarch64.0002/bzip2_base.aarch64 liberty.jpg 30 (timed)
1482764026.20:     -o input.program.out -e input.program.err ../run_base_ref_aarch64.0002/bzip2_base.aarch64 input.program 280 (timed)
1482764026.20:     -o text.html.out -e text.html.err ../run_base_ref_aarch64.0002/bzip2_base.aarch64 text.html 280 (timed)
1482764026.20:     -o input.combined.out -e input.combined.err ../run_base_ref_aarch64.0002/bzip2_base.aarch64 input.combined 200 (timed)
1482764026.22: Specinvoke: /home/bamvor/works-new/CPU2006/bin/specinvoke -d /home/bamvor/works-new/CPU2006/benchspec/CPU2006/401.bzip2/run/run_base_ref_aarch64.0002 -e speccmds.err -o speccmds.stdout -f speccmds.cmd -C -q
1482764026.23: Issuing command '/home/bamvor/works-new/CPU2006/bin/specinvoke -d /home/bamvor/works-new/CPU2006/benchspec/CPU2006/401.bzip2/run/run_base_ref_aarch64.0002 -e speccmds.err -o speccmds.stdout -f speccmds.cmd -C -q'
1482764026.23: /home/bamvor/works-new/CPU2006/bin/specinvoke -d /home/bamvor/works-new/CPU2006/benchspec/CPU2006/401.bzip2/run/run_base_ref_aarch64.0002 -e speccmds.err -o speccmds.stdout -f speccmds.cmd -C -q
1482764026.23: Start command: Mon Dec 26 22:53:46 2016 (1482764026)
1482767734.98: Stop command: Mon Dec 26 23:55:34 2016 (1482767734)
1482767734.98: Elapsed time for command: 01:01:48 (3708)
1482767735.06: Workload elapsed time (0:1) = 668.448486 seconds
1482767735.06: Workload elapsed time (0:2) = 267.814325 seconds
1482767735.06: Workload elapsed time (0:3) = 673.396775 seconds
1482767735.06: Workload elapsed time (0:4) = 613.517483 seconds
1482767735.06: Workload elapsed time (0:5) = 969.657349 seconds
1482767735.06: Workload elapsed time (0:6) = 507.886897 seconds
1482767735.06: Copy 0 of 401.bzip2 (base ref) run 1 finished at Mon Dec 26 23:55:26 2016.  Total elapsed time: 3700.721315
1482767735.07: comparing files in '/home/bamvor/works-new/CPU2006/benchspec/CPU2006/401.bzip2/run/run_base_ref_aarch64.0002'
1482767735.08: comparing 'chicken.jpg.out' with abstol=, binary=, calctol=0, cw=, floatcompare=, ignorecase=, obiwan=, reltol=, skipabstol=, skipobiwan=, skipreltol=, skiptol=
1482767735.08: comparing 'input.combined.out' with abstol=, binary=, calctol=0, cw=, floatcompare=, ignorecase=, obiwan=, reltol=, skipabstol=, skipobiwan=, skipreltol=, skiptol=
1482767735.08: comparing 'input.program.out' with abstol=, binary=, calctol=0, cw=, floatcompare=, ignorecase=, obiwan=, reltol=, skipabstol=, skipobiwan=, skipreltol=, skiptol=
1482767735.09: comparing 'input.source.out' with abstol=, binary=, calctol=0, cw=, floatcompare=, ignorecase=, obiwan=, reltol=, skipabstol=, skipobiwan=, skipreltol=, skiptol=
1482767735.09: comparing 'liberty.jpg.out' with abstol=, binary=, calctol=0, cw=, floatcompare=, ignorecase=, obiwan=, reltol=, skipabstol=, skipobiwan=, skipreltol=, skiptol=
1482767735.09: comparing 'text.html.out' with abstol=, binary=, calctol=0, cw=, floatcompare=, ignorecase=, obiwan=, reltol=, skipabstol=, skipobiwan=, skipreltol=, skiptol=
1482767735.09: Specinvoke: /home/bamvor/works-new/CPU2006/bin/specinvoke -E -d /home/bamvor/works-new/CPU2006/benchspec/CPU2006/401.bzip2/run/run_base_ref_aarch64.0002 -c 1 -e compare.err -o compare.stdout -f compare.cmd
1482767735.10: Issuing command '/home/bamvor/works-new/CPU2006/bin/specinvoke -E -d /home/bamvor/works-new/CPU2006/benchspec/CPU2006/401.bzip2/run/run_base_ref_aarch64.0002 -c 1 -e compare.err -o compare.stdout -f compare.cmd'
1482767735.10: /home/bamvor/works-new/CPU2006/bin/specinvoke -E -d /home/bamvor/works-new/CPU2006/benchspec/CPU2006/401.bzip2/run/run_base_ref_aarch64.0002 -c 1 -e compare.err -o compare.stdout -f compare.cmd
1482767735.10: Start command: Mon Dec 26 23:55:35 2016 (1482767735)
1482767747.33: Stop command: Mon Dec 26 23:55:47 2016 (1482767747)
1482767747.33: Elapsed time for command: 00:00:12 (12)
1482767747.33: Benchmark Times:
1482767747.33:   Start:    Mon Dec 26 22:53:46 2016 (1482764026)
1482767747.33:   Stop:     Mon Dec 26 23:55:34 2016 (1482767734)
1482767747.33:   Elapsed:  01:01:48 (3708)
1482767747.33:   Reported: 3700 721737000 3700.721737
1482767747.33:  Success 401.bzip2 base ref ratio=2.61, runtime=3700.721737, power=0.00w, temp=0.00 deg, humidity=0.00%

1482767747.34: -----------------------------------
1482767747.69:   Running 403.gcc ref base aarch64 default
1482767747.75: Commands to run:
1482767747.75:     -C /home/bamvor/works-new/CPU2006/benchspec/CPU2006/403.gcc/run/run_base_ref_aarch64.0002
1482767747.75:     -o 166.out -e 166.err ../run_base_ref_aarch64.0002/gcc_base.aarch64 166.in -o 166.s (timed)
1482767747.75:     -o 200.out -e 200.err ../run_base_ref_aarch64.0002/gcc_base.aarch64 200.in -o 200.s (timed)
1482767747.75:     -o c-typeck.out -e c-typeck.err ../run_base_ref_aarch64.0002/gcc_base.aarch64 c-typeck.in -o c-typeck.s (timed)
1482767747.75:     -o cp-decl.out -e cp-decl.err ../run_base_ref_aarch64.0002/gcc_base.aarch64 cp-decl.in -o cp-decl.s (timed)
1482767747.75:     -o expr.out -e expr.err ../run_base_ref_aarch64.0002/gcc_base.aarch64 expr.in -o expr.s (timed)
1482767747.75:     -o expr2.out -e expr2.err ../run_base_ref_aarch64.0002/gcc_base.aarch64 expr2.in -o expr2.s (timed)
1482767747.75:     -o g23.out -e g23.err ../run_base_ref_aarch64.0002/gcc_base.aarch64 g23.in -o g23.s (timed)
1482767747.75:     -o s04.out -e s04.err ../run_base_ref_aarch64.0002/gcc_base.aarch64 s04.in -o s04.s (timed)
1482767747.75:     -o scilab.out -e scilab.err ../run_base_ref_aarch64.0002/gcc_base.aarch64 scilab.in -o scilab.s (timed)
1482767747.77: Specinvoke: /home/bamvor/works-new/CPU2006/bin/specinvoke -d /home/bamvor/works-new/CPU2006/benchspec/CPU2006/403.gcc/run/run_base_ref_aarch64.0002 -e speccmds.err -o speccmds.stdout -f speccmds.cmd -C -q
1482767747.77: Issuing command '/home/bamvor/works-new/CPU2006/bin/specinvoke -d /home/bamvor/works-new/CPU2006/benchspec/CPU2006/403.gcc/run/run_base_ref_aarch64.0002 -e speccmds.err -o speccmds.stdout -f speccmds.cmd -C -q'
1482767747.78: /home/bamvor/works-new/CPU2006/bin/specinvoke -d /home/bamvor/works-new/CPU2006/benchspec/CPU2006/403.gcc/run/run_base_ref_aarch64.0002 -e speccmds.err -o speccmds.stdout -f speccmds.cmd -C -q
1482767747.78: Start command: Mon Dec 26 23:55:47 2016 (1482767747)
1482769763.11: Stop command: Tue Dec 27 00:29:23 2016 (1482769763)
1482769763.11: Elapsed time for command: 00:33:36 (2016)
1482769763.19: Workload elapsed time (0:1) = 175.898784 seconds
1482769763.19: Workload elapsed time (0:2) = 257.987731 seconds
1482769763.19: Workload elapsed time (0:3) = 214.075605 seconds
1482769763.19: Workload elapsed time (0:4) = 151.135613 seconds
1482769763.19: Workload elapsed time (0:5) = 185.102594 seconds
1482769763.19: Workload elapsed time (0:6) = 250.476221 seconds
1482769763.19: Workload elapsed time (0:7) = 390.763251 seconds
1482769763.19: Workload elapsed time (0:8) = 289.894163 seconds
1482769763.20: Workload elapsed time (0:9) = 91.96703 seconds
1482769763.20: Copy 0 of 403.gcc (base ref) run 1 finished at Tue Dec 27 00:29:15 2016.  Total elapsed time: 2007.300992
1482769763.20: comparing files in '/home/bamvor/works-new/CPU2006/benchspec/CPU2006/403.gcc/run/run_base_ref_aarch64.0002'
1482769763.21: comparing '166.s' with abstol=, binary=, calctol=0, cw=, floatcompare=, ignorecase=, obiwan=, reltol=, skipabstol=, skipobiwan=, skipreltol=, skiptol=
1482769763.22: comparing '200.s' with abstol=, binary=, calctol=0, cw=, floatcompare=, ignorecase=, obiwan=, reltol=, skipabstol=, skipobiwan=, skipreltol=, skiptol=
1482769763.22: comparing 'c-typeck.s' with abstol=, binary=, calctol=0, cw=, floatcompare=, ignorecase=, obiwan=, reltol=, skipabstol=, skipobiwan=, skipreltol=, skiptol=
1482769763.22: comparing 'cp-decl.s' with abstol=, binary=, calctol=0, cw=, floatcompare=, ignorecase=, obiwan=, reltol=, skipabstol=, skipobiwan=, skipreltol=, skiptol=
1482769763.22: comparing 'expr.s' with abstol=, binary=, calctol=0, cw=, floatcompare=, ignorecase=, obiwan=, reltol=, skipabstol=, skipobiwan=, skipreltol=, skiptol=
1482769763.22: comparing 'expr2.s' with abstol=, binary=, calctol=0, cw=, floatcompare=, ignorecase=, obiwan=, reltol=, skipabstol=, skipobiwan=, skipreltol=, skiptol=
1482769763.23: comparing 'g23.s' with abstol=, binary=, calctol=0, cw=, floatcompare=, ignorecase=, obiwan=, reltol=, skipabstol=, skipobiwan=, skipreltol=, skiptol=
1482769763.23: comparing 's04.s' with abstol=, binary=, calctol=0, cw=, floatcompare=, ignorecase=, obiwan=, reltol=, skipabstol=, skipobiwan=, skipreltol=, skiptol=
1482769763.23: comparing 'scilab.s' with abstol=, binary=, calctol=0, cw=, floatcompare=, ignorecase=, obiwan=, reltol=, skipabstol=, skipobiwan=, skipreltol=, skiptol=
1482769763.23: Specinvoke: /home/bamvor/works-new/CPU2006/bin/specinvoke -E -d /home/bamvor/works-new/CPU2006/benchspec/CPU2006/403.gcc/run/run_base_ref_aarch64.0002 -c 1 -e compare.err -o compare.stdout -f compare.cmd
1482769763.24: Issuing command '/home/bamvor/works-new/CPU2006/bin/specinvoke -E -d /home/bamvor/works-new/CPU2006/benchspec/CPU2006/403.gcc/run/run_base_ref_aarch64.0002 -c 1 -e compare.err -o compare.stdout -f compare.cmd'
1482769763.24: /home/bamvor/works-new/CPU2006/bin/specinvoke -E -d /home/bamvor/works-new/CPU2006/benchspec/CPU2006/403.gcc/run/run_base_ref_aarch64.0002 -c 1 -e compare.err -o compare.stdout -f compare.cmd
1482769763.24: Start command: Tue Dec 27 00:29:23 2016 (1482769763)
1482769778.27: Stop command: Tue Dec 27 00:29:38 2016 (1482769778)
1482769778.27: Elapsed time for command: 00:00:15 (15)
1482769778.27: Benchmark Times:
1482769778.27:   Start:    Mon Dec 26 23:55:47 2016 (1482767747)
1482769778.27:   Stop:     Tue Dec 27 00:29:23 2016 (1482769763)
1482769778.27:   Elapsed:  00:33:36 (2016)
1482769778.27:   Reported: 2007 301787000 2007.301787
1482769778.28:  Success 403.gcc base ref ratio=4.01, runtime=2007.301787, power=0.00w, temp=0.00 deg, humidity=0.00%

1482769778.28: -----------------------------------
1482769778.49:   Running 429.mcf ref base aarch64 default
1482769778.53: Commands to run:
1482769778.53:     -C /home/bamvor/works-new/CPU2006/benchspec/CPU2006/429.mcf/run/run_base_ref_aarch64.0002
1482769778.53:     -o inp.out -e inp.err ../run_base_ref_aarch64.0002/mcf_base.aarch64 inp.in (timed)
1482769778.55: Specinvoke: /home/bamvor/works-new/CPU2006/bin/specinvoke -d /home/bamvor/works-new/CPU2006/benchspec/CPU2006/429.mcf/run/run_base_ref_aarch64.0002 -e speccmds.err -o speccmds.stdout -f speccmds.cmd -C -q
1482769778.56: Issuing command '/home/bamvor/works-new/CPU2006/bin/specinvoke -d /home/bamvor/works-new/CPU2006/benchspec/CPU2006/429.mcf/run/run_base_ref_aarch64.0002 -e speccmds.err -o speccmds.stdout -f speccmds.cmd -C -q'
1482769778.56: /home/bamvor/works-new/CPU2006/bin/specinvoke -d /home/bamvor/works-new/CPU2006/benchspec/CPU2006/429.mcf/run/run_base_ref_aarch64.0002 -e speccmds.err -o speccmds.stdout -f speccmds.cmd -C -q
1482769778.56: Start command: Tue Dec 27 00:29:38 2016 (1482769778)
1482774202.83: Stop command: Tue Dec 27 01:43:22 2016 (1482774202)
1482774202.83: Elapsed time for command: 01:13:44 (4424)
1482774202.91: Workload elapsed time (0:1) = 4416.213616 seconds
1482774202.91: Copy 0 of 429.mcf (base ref) run 1 finished at Tue Dec 27 01:43:14 2016.  Total elapsed time: 4416.213616
1482774202.92: comparing files in '/home/bamvor/works-new/CPU2006/benchspec/CPU2006/429.mcf/run/run_base_ref_aarch64.0002'
1482774202.93: comparing 'inp.out' with abstol=, binary=, calctol=0, cw=, floatcompare=, ignorecase=, obiwan=, reltol=, skipabstol=, skipobiwan=, skipreltol=, skiptol=
1482774202.94: comparing 'mcf.out' with abstol=, binary=, calctol=0, cw=, floatcompare=, ignorecase=, obiwan=, reltol=, skipabstol=, skipobiwan=, skipreltol=, skiptol=
1482774202.94: Specinvoke: /home/bamvor/works-new/CPU2006/bin/specinvoke -E -d /home/bamvor/works-new/CPU2006/benchspec/CPU2006/429.mcf/run/run_base_ref_aarch64.0002 -c 1 -e compare.err -o compare.stdout -f compare.cmd
1482774202.94: Issuing command '/home/bamvor/works-new/CPU2006/bin/specinvoke -E -d /home/bamvor/works-new/CPU2006/benchspec/CPU2006/429.mcf/run/run_base_ref_aarch64.0002 -c 1 -e compare.err -o compare.stdout -f compare.cmd'
1482774202.94: /home/bamvor/works-new/CPU2006/bin/specinvoke -E -d /home/bamvor/works-new/CPU2006/benchspec/CPU2006/429.mcf/run/run_base_ref_aarch64.0002 -c 1 -e compare.err -o compare.stdout -f compare.cmd
1482774202.94: Start command: Tue Dec 27 01:43:22 2016 (1482774202)
1482774206.66: Stop command: Tue Dec 27 01:43:26 2016 (1482774206)
1482774206.66: Elapsed time for command: 00:00:04 (4)
1482774206.67: Benchmark Times:
1482774206.67:   Start:    Tue Dec 27 00:29:38 2016 (1482769778)
1482774206.67:   Stop:     Tue Dec 27 01:43:22 2016 (1482774202)
1482774206.67:   Elapsed:  01:13:44 (4424)
1482774206.67:   Reported: 4416 213905000 4416.213905
1482774206.67:  Success 429.mcf base ref ratio=2.07, runtime=4416.213905, power=0.00w, temp=0.00 deg, humidity=0.00%

1482774206.67: -----------------------------------
1482774208.07:   Running 445.gobmk ref base aarch64 default
1482774208.57: Commands to run:
1482774208.58:     -C /home/bamvor/works-new/CPU2006/benchspec/CPU2006/445.gobmk/run/run_base_ref_aarch64.0002
1482774208.58:     -i 13x13.tst -o 13x13.out -e 13x13.err ../run_base_ref_aarch64.0002/gobmk_base.aarch64 --quiet --mode gtp (timed)
1482774208.58:     -i nngs.tst -o nngs.out -e nngs.err ../run_base_ref_aarch64.0002/gobmk_base.aarch64 --quiet --mode gtp (timed)
1482774208.58:     -i score2.tst -o score2.out -e score2.err ../run_base_ref_aarch64.0002/gobmk_base.aarch64 --quiet --mode gtp (timed)
1482774208.58:     -i trevorc.tst -o trevorc.out -e trevorc.err ../run_base_ref_aarch64.0002/gobmk_base.aarch64 --quiet --mode gtp (timed)
1482774208.58:     -i trevord.tst -o trevord.out -e trevord.err ../run_base_ref_aarch64.0002/gobmk_base.aarch64 --quiet --mode gtp (timed)
1482774208.60: Specinvoke: /home/bamvor/works-new/CPU2006/bin/specinvoke -d /home/bamvor/works-new/CPU2006/benchspec/CPU2006/445.gobmk/run/run_base_ref_aarch64.0002 -e speccmds.err -o speccmds.stdout -f speccmds.cmd -C -q
1482774208.60: Issuing command '/home/bamvor/works-new/CPU2006/bin/specinvoke -d /home/bamvor/works-new/CPU2006/benchspec/CPU2006/445.gobmk/run/run_base_ref_aarch64.0002 -e speccmds.err -o speccmds.stdout -f speccmds.cmd -C -q'
1482774208.60: /home/bamvor/works-new/CPU2006/bin/specinvoke -d /home/bamvor/works-new/CPU2006/benchspec/CPU2006/445.gobmk/run/run_base_ref_aarch64.0002 -e speccmds.err -o speccmds.stdout -f speccmds.cmd -C -q
1482774208.60: Start command: Tue Dec 27 01:43:28 2016 (1482774208)
1482776410.81: Stop command: Tue Dec 27 02:20:10 2016 (1482776410)
1482776410.81: Elapsed time for command: 00:36:42 (2202)
1482776410.89: Workload elapsed time (0:1) = 304.340523 seconds
1482776410.90: Workload elapsed time (0:2) = 791.543138 seconds
1482776410.90: Workload elapsed time (0:3) = 379.867795 seconds
1482776410.90: Workload elapsed time (0:4) = 300.443694 seconds
1482776410.90: Workload elapsed time (0:5) = 417.984983 seconds
1482776410.90: Copy 0 of 445.gobmk (base ref) run 1 finished at Tue Dec 27 02:20:02 2016.  Total elapsed time: 2194.180133
1482776410.90: comparing files in '/home/bamvor/works-new/CPU2006/benchspec/CPU2006/445.gobmk/run/run_base_ref_aarch64.0002'
1482776410.91: comparing '13x13.out' with abstol=, binary=, calctol=0, cw=, floatcompare=, ignorecase=, obiwan=, reltol=, skipabstol=, skipobiwan=, skipreltol=, skiptol=
1482776410.91: comparing 'nngs.out' with abstol=, binary=, calctol=0, cw=, floatcompare=, ignorecase=, obiwan=, reltol=, skipabstol=, skipobiwan=, skipreltol=, skiptol=
1482776410.92: comparing 'score2.out' with abstol=, binary=, calctol=0, cw=, floatcompare=, ignorecase=, obiwan=, reltol=, skipabstol=, skipobiwan=, skipreltol=, skiptol=
1482776410.92: comparing 'trevorc.out' with abstol=, binary=, calctol=0, cw=, floatcompare=, ignorecase=, obiwan=, reltol=, skipabstol=, skipobiwan=, skipreltol=, skiptol=
1482776410.92: comparing 'trevord.out' with abstol=, binary=, calctol=0, cw=, floatcompare=, ignorecase=, obiwan=, reltol=, skipabstol=, skipobiwan=, skipreltol=, skiptol=
1482776410.92: Specinvoke: /home/bamvor/works-new/CPU2006/bin/specinvoke -E -d /home/bamvor/works-new/CPU2006/benchspec/CPU2006/445.gobmk/run/run_base_ref_aarch64.0002 -c 1 -e compare.err -o compare.stdout -f compare.cmd
1482776410.93: Issuing command '/home/bamvor/works-new/CPU2006/bin/specinvoke -E -d /home/bamvor/works-new/CPU2006/benchspec/CPU2006/445.gobmk/run/run_base_ref_aarch64.0002 -c 1 -e compare.err -o compare.stdout -f compare.cmd'
1482776410.93: /home/bamvor/works-new/CPU2006/bin/specinvoke -E -d /home/bamvor/works-new/CPU2006/benchspec/CPU2006/445.gobmk/run/run_base_ref_aarch64.0002 -c 1 -e compare.err -o compare.stdout -f compare.cmd
1482776410.93: Start command: Tue Dec 27 02:20:10 2016 (1482776410)
1482776418.43: Stop command: Tue Dec 27 02:20:18 2016 (1482776418)
1482776418.43: Elapsed time for command: 00:00:08 (8)
1482776418.44: Benchmark Times:
1482776418.44:   Start:    Tue Dec 27 01:43:28 2016 (1482774208)
1482776418.44:   Stop:     Tue Dec 27 02:20:10 2016 (1482776410)
1482776418.44:   Elapsed:  00:36:42 (2202)
1482776418.44:   Reported: 2194 180539000 2194.180539
1482776418.44:  Success 445.gobmk base ref ratio=4.78, runtime=2194.180539, power=0.00w, temp=0.00 deg, humidity=0.00%

1482776418.44: -----------------------------------
1482776418.68:   Running 456.hmmer ref base aarch64 default
1482776418.71: Commands to run:
1482776418.71:     -C /home/bamvor/works-new/CPU2006/benchspec/CPU2006/456.hmmer/run/run_base_ref_aarch64.0002
1482776418.71:     -o nph3.out -e nph3.err ../run_base_ref_aarch64.0002/hmmer_base.aarch64 nph3.hmm swiss41 (timed)
1482776418.72:     -o retro.out -e retro.err ../run_base_ref_aarch64.0002/hmmer_base.aarch64 --fixed 0 --mean 500 --num 500000 --sd 350 --seed 0 retro.hmm (timed)
1482776418.73: Specinvoke: /home/bamvor/works-new/CPU2006/bin/specinvoke -d /home/bamvor/works-new/CPU2006/benchspec/CPU2006/456.hmmer/run/run_base_ref_aarch64.0002 -e speccmds.err -o speccmds.stdout -f speccmds.cmd -C -q
1482776418.74: Issuing command '/home/bamvor/works-new/CPU2006/bin/specinvoke -d /home/bamvor/works-new/CPU2006/benchspec/CPU2006/456.hmmer/run/run_base_ref_aarch64.0002 -e speccmds.err -o speccmds.stdout -f speccmds.cmd -C -q'
1482776418.74: /home/bamvor/works-new/CPU2006/bin/specinvoke -d /home/bamvor/works-new/CPU2006/benchspec/CPU2006/456.hmmer/run/run_base_ref_aarch64.0002 -e speccmds.err -o speccmds.stdout -f speccmds.cmd -C -q
1482776418.74: Start command: Tue Dec 27 02:20:18 2016 (1482776418)
1482778730.39: Stop command: Tue Dec 27 02:58:50 2016 (1482778730)
1482778730.39: Elapsed time for command: 00:38:32 (2312)
1482778730.47: Workload elapsed time (0:1) = 787.805192 seconds
1482778730.47: Workload elapsed time (0:2) = 1515.819917 seconds
1482778730.48: Copy 0 of 456.hmmer (base ref) run 1 finished at Tue Dec 27 02:58:42 2016.  Total elapsed time: 2303.625109
1482778730.48: comparing files in '/home/bamvor/works-new/CPU2006/benchspec/CPU2006/456.hmmer/run/run_base_ref_aarch64.0002'
1482778730.49: comparing 'nph3.out' with abstol=1e-05, binary=, calctol=0, cw=, floatcompare=, ignorecase=, obiwan=, reltol=0.002, skipabstol=, skipobiwan=, skipreltol=, skiptol=
1482778730.49: comparing 'retro.out' with abstol=1e-05, binary=, calctol=0, cw=, floatcompare=, ignorecase=, obiwan=, reltol=0.002, skipabstol=, skipobiwan=, skipreltol=, skiptol=
1482778730.49: Specinvoke: /home/bamvor/works-new/CPU2006/bin/specinvoke -E -d /home/bamvor/works-new/CPU2006/benchspec/CPU2006/456.hmmer/run/run_base_ref_aarch64.0002 -c 1 -e compare.err -o compare.stdout -f compare.cmd
1482778730.49: Issuing command '/home/bamvor/works-new/CPU2006/bin/specinvoke -E -d /home/bamvor/works-new/CPU2006/benchspec/CPU2006/456.hmmer/run/run_base_ref_aarch64.0002 -c 1 -e compare.err -o compare.stdout -f compare.cmd'
1482778730.49: /home/bamvor/works-new/CPU2006/bin/specinvoke -E -d /home/bamvor/works-new/CPU2006/benchspec/CPU2006/456.hmmer/run/run_base_ref_aarch64.0002 -c 1 -e compare.err -o compare.stdout -f compare.cmd
1482778730.50: Start command: Tue Dec 27 02:58:50 2016 (1482778730)
1482778733.92: Stop command: Tue Dec 27 02:58:53 2016 (1482778733)
1482778733.92: Elapsed time for command: 00:00:03 (3)
1482778733.92: Benchmark Times:
1482778733.92:   Start:    Tue Dec 27 02:20:18 2016 (1482776418)
1482778733.92:   Stop:     Tue Dec 27 02:58:50 2016 (1482778730)
1482778733.92:   Elapsed:  00:38:32 (2312)
1482778733.92:   Reported: 2303 625352000 2303.625352
1482778733.92:  Success 456.hmmer base ref ratio=4.05, runtime=2303.625352, power=0.00w, temp=0.00 deg, humidity=0.00%

1482778733.93: -----------------------------------
1482778734.14:   Running 458.sjeng ref base aarch64 default
1482778734.17: Commands to run:
1482778734.17:     -C /home/bamvor/works-new/CPU2006/benchspec/CPU2006/458.sjeng/run/run_base_ref_aarch64.0002
1482778734.17:     -o ref.out -e ref.err ../run_base_ref_aarch64.0002/sjeng_base.aarch64 ref.txt (timed)
1482778734.19: Specinvoke: /home/bamvor/works-new/CPU2006/bin/specinvoke -d /home/bamvor/works-new/CPU2006/benchspec/CPU2006/458.sjeng/run/run_base_ref_aarch64.0002 -e speccmds.err -o speccmds.stdout -f speccmds.cmd -C -q
1482778734.19: Issuing command '/home/bamvor/works-new/CPU2006/bin/specinvoke -d /home/bamvor/works-new/CPU2006/benchspec/CPU2006/458.sjeng/run/run_base_ref_aarch64.0002 -e speccmds.err -o speccmds.stdout -f speccmds.cmd -C -q'
1482778734.20: /home/bamvor/works-new/CPU2006/bin/specinvoke -d /home/bamvor/works-new/CPU2006/benchspec/CPU2006/458.sjeng/run/run_base_ref_aarch64.0002 -e speccmds.err -o speccmds.stdout -f speccmds.cmd -C -q
1482778734.20: Start command: Tue Dec 27 02:58:54 2016 (1482778734)
1482781410.80: Stop command: Tue Dec 27 03:43:30 2016 (1482781410)
1482781410.80: Elapsed time for command: 00:44:36 (2676)
1482781410.89: Workload elapsed time (0:1) = 2668.576912 seconds
1482781410.89: Copy 0 of 458.sjeng (base ref) run 1 finished at Tue Dec 27 03:43:22 2016.  Total elapsed time: 2668.576912
1482781410.89: comparing files in '/home/bamvor/works-new/CPU2006/benchspec/CPU2006/458.sjeng/run/run_base_ref_aarch64.0002'
1482781410.90: comparing 'ref.out' with abstol=, binary=, calctol=0, cw=, floatcompare=, ignorecase=, obiwan=, reltol=, skipabstol=, skipobiwan=, skipreltol=, skiptol=
1482781410.90: Specinvoke: /home/bamvor/works-new/CPU2006/bin/specinvoke -E -d /home/bamvor/works-new/CPU2006/benchspec/CPU2006/458.sjeng/run/run_base_ref_aarch64.0002 -c 1 -e compare.err -o compare.stdout -f compare.cmd
1482781410.90: Issuing command '/home/bamvor/works-new/CPU2006/bin/specinvoke -E -d /home/bamvor/works-new/CPU2006/benchspec/CPU2006/458.sjeng/run/run_base_ref_aarch64.0002 -c 1 -e compare.err -o compare.stdout -f compare.cmd'
1482781410.90: /home/bamvor/works-new/CPU2006/bin/specinvoke -E -d /home/bamvor/works-new/CPU2006/benchspec/CPU2006/458.sjeng/run/run_base_ref_aarch64.0002 -c 1 -e compare.err -o compare.stdout -f compare.cmd
1482781410.90: Start command: Tue Dec 27 03:43:30 2016 (1482781410)
1482781412.63: Stop command: Tue Dec 27 03:43:32 2016 (1482781412)
1482781412.63: Elapsed time for command: 00:00:02 (2)
1482781412.63: Benchmark Times:
1482781412.63:   Start:    Tue Dec 27 02:58:54 2016 (1482778734)
1482781412.63:   Stop:     Tue Dec 27 03:43:30 2016 (1482781410)
1482781412.63:   Elapsed:  00:44:36 (2676)
1482781412.63:   Reported: 2668 577119000 2668.577119
1482781412.63:  Success 458.sjeng base ref ratio=4.53, runtime=2668.577119, power=0.00w, temp=0.00 deg, humidity=0.00%

1482781412.64: -----------------------------------
1482781412.84:   Running 462.libquantum ref base aarch64 default
1482781412.88: Commands to run:
1482781412.88:     -C /home/bamvor/works-new/CPU2006/benchspec/CPU2006/462.libquantum/run/run_base_ref_aarch64.0002
1482781412.88:     -o ref.out -e ref.err ../run_base_ref_aarch64.0002/libquantum_base.aarch64 1397 8 (timed)
1482781412.90: Specinvoke: /home/bamvor/works-new/CPU2006/bin/specinvoke -d /home/bamvor/works-new/CPU2006/benchspec/CPU2006/462.libquantum/run/run_base_ref_aarch64.0002 -e speccmds.err -o speccmds.stdout -f speccmds.cmd -C -q
1482781412.90: Issuing command '/home/bamvor/works-new/CPU2006/bin/specinvoke -d /home/bamvor/works-new/CPU2006/benchspec/CPU2006/462.libquantum/run/run_base_ref_aarch64.0002 -e speccmds.err -o speccmds.stdout -f speccmds.cmd -C -q'
1482781412.90: /home/bamvor/works-new/CPU2006/bin/specinvoke -d /home/bamvor/works-new/CPU2006/benchspec/CPU2006/462.libquantum/run/run_base_ref_aarch64.0002 -e speccmds.err -o speccmds.stdout -f speccmds.cmd -C -q
1482781412.90: Start command: Tue Dec 27 03:43:32 2016 (1482781412)
1482783301.76: Stop command: Tue Dec 27 04:15:01 2016 (1482783301)
1482783301.77: Elapsed time for command: 00:31:29 (1889)
1482783301.85: Workload elapsed time (0:1) = 1880.835966 seconds
1482783301.85: Copy 0 of 462.libquantum (base ref) run 1 finished at Tue Dec 27 04:14:53 2016.  Total elapsed time: 1880.835966
1482783301.85: comparing files in '/home/bamvor/works-new/CPU2006/benchspec/CPU2006/462.libquantum/run/run_base_ref_aarch64.0002'
1482783301.86: comparing 'ref.out' with abstol=, binary=, calctol=0, cw=, floatcompare=, ignorecase=, obiwan=1, reltol=, skipabstol=, skipobiwan=, skipreltol=, skiptol=
1482783301.87: Specinvoke: /home/bamvor/works-new/CPU2006/bin/specinvoke -E -d /home/bamvor/works-new/CPU2006/benchspec/CPU2006/462.libquantum/run/run_base_ref_aarch64.0002 -c 1 -e compare.err -o compare.stdout -f compare.cmd
1482783301.87: Issuing command '/home/bamvor/works-new/CPU2006/bin/specinvoke -E -d /home/bamvor/works-new/CPU2006/benchspec/CPU2006/462.libquantum/run/run_base_ref_aarch64.0002 -c 1 -e compare.err -o compare.stdout -f compare.cmd'
1482783301.87: /home/bamvor/works-new/CPU2006/bin/specinvoke -E -d /home/bamvor/works-new/CPU2006/benchspec/CPU2006/462.libquantum/run/run_base_ref_aarch64.0002 -c 1 -e compare.err -o compare.stdout -f compare.cmd
1482783301.87: Start command: Tue Dec 27 04:15:01 2016 (1482783301)
1482783303.59: Stop command: Tue Dec 27 04:15:03 2016 (1482783303)
1482783303.59: Elapsed time for command: 00:00:02 (2)
1482783303.60: Benchmark Times:
1482783303.60:   Start:    Tue Dec 27 03:43:32 2016 (1482781412)
1482783303.60:   Stop:     Tue Dec 27 04:15:01 2016 (1482783301)
1482783303.60:   Elapsed:  00:31:29 (1889)
1482783303.60:   Reported: 1880 836178000 1880.836178
1482783303.60:  Success 462.libquantum base ref ratio=11.02, runtime=1880.836178, power=0.00w, temp=0.00 deg, humidity=0.00%

1482783303.60: -----------------------------------
1482783303.86:   Running 464.h264ref ref base aarch64 default
1482783303.90: Commands to run:
1482783303.90:     -C /home/bamvor/works-new/CPU2006/benchspec/CPU2006/464.h264ref/run/run_base_ref_aarch64.0002
1482783303.90:     -o foreman_ref_baseline_encodelog.out -e foreman_ref_baseline_encodelog.err ../run_base_ref_aarch64.0002/h264ref_base.aarch64 -d foreman_ref_encoder_baseline.cfg (timed)
1482783303.90:     -o foreman_ref_main_encodelog.out -e foreman_ref_main_encodelog.err ../run_base_ref_aarch64.0002/h264ref_base.aarch64 -d foreman_ref_encoder_main.cfg (timed)
1482783303.90:     -o sss_main_encodelog.out -e sss_main_encodelog.err ../run_base_ref_aarch64.0002/h264ref_base.aarch64 -d sss_encoder_main.cfg (timed)
1482783303.92: Specinvoke: /home/bamvor/works-new/CPU2006/bin/specinvoke -d /home/bamvor/works-new/CPU2006/benchspec/CPU2006/464.h264ref/run/run_base_ref_aarch64.0002 -e speccmds.err -o speccmds.stdout -f speccmds.cmd -C -q
1482783303.92: Issuing command '/home/bamvor/works-new/CPU2006/bin/specinvoke -d /home/bamvor/works-new/CPU2006/benchspec/CPU2006/464.h264ref/run/run_base_ref_aarch64.0002 -e speccmds.err -o speccmds.stdout -f speccmds.cmd -C -q'
1482783303.92: /home/bamvor/works-new/CPU2006/bin/specinvoke -d /home/bamvor/works-new/CPU2006/benchspec/CPU2006/464.h264ref/run/run_base_ref_aarch64.0002 -e speccmds.err -o speccmds.stdout -f speccmds.cmd -C -q
1482783303.92: Start command: Tue Dec 27 04:15:03 2016 (1482783303)
1482786362.36: Stop command: Tue Dec 27 05:06:02 2016 (1482786362)
1482786362.36: Elapsed time for command: 00:50:59 (3059)
1482786362.44: Workload elapsed time (0:1) = 338.476505 seconds
1482786362.45: Workload elapsed time (0:2) = 276.030324 seconds
1482786362.45: Workload elapsed time (0:3) = 2435.902882 seconds
1482786362.45: Copy 0 of 464.h264ref (base ref) run 1 finished at Tue Dec 27 05:05:54 2016.  Total elapsed time: 3050.409711
1482786362.45: comparing files in '/home/bamvor/works-new/CPU2006/benchspec/CPU2006/464.h264ref/run/run_base_ref_aarch64.0002'
1482786362.46: comparing 'foreman_ref_baseline_encodelog.out' with abstol=, binary=, calctol=0, cw=1, floatcompare=1, ignorecase=, obiwan=, reltol=, skipabstol=, skipobiwan=, skipreltol=, skiptol=
1482786362.46: comparing 'foreman_ref_baseline_leakybucketparam.cfg' with abstol=, binary=1, calctol=0, cw=1, floatcompare=1, ignorecase=, obiwan=, reltol=, skipabstol=, skipobiwan=, skipreltol=, skiptol=
1482786362.46: comparing 'foreman_ref_main_encodelog.out' with abstol=, binary=, calctol=0, cw=1, floatcompare=1, ignorecase=, obiwan=, reltol=, skipabstol=, skipobiwan=, skipreltol=, skiptol=
1482786362.47: comparing 'foreman_ref_main_leakybucketparam.cfg' with abstol=, binary=1, calctol=0, cw=1, floatcompare=1, ignorecase=, obiwan=, reltol=, skipabstol=, skipobiwan=, skipreltol=, skiptol=
1482786362.47: comparing 'sss_main_encodelog.out' with abstol=, binary=, calctol=0, cw=1, floatcompare=1, ignorecase=, obiwan=, reltol=, skipabstol=, skipobiwan=, skipreltol=, skiptol=
1482786362.47: comparing 'sss_main_leakybucketparam.cfg' with abstol=, binary=1, calctol=0, cw=1, floatcompare=1, ignorecase=, obiwan=, reltol=, skipabstol=, skipobiwan=, skipreltol=, skiptol=
1482786362.47: Specinvoke: /home/bamvor/works-new/CPU2006/bin/specinvoke -E -d /home/bamvor/works-new/CPU2006/benchspec/CPU2006/464.h264ref/run/run_base_ref_aarch64.0002 -c 1 -e compare.err -o compare.stdout -f compare.cmd
1482786362.48: Issuing command '/home/bamvor/works-new/CPU2006/bin/specinvoke -E -d /home/bamvor/works-new/CPU2006/benchspec/CPU2006/464.h264ref/run/run_base_ref_aarch64.0002 -c 1 -e compare.err -o compare.stdout -f compare.cmd'
1482786362.48: /home/bamvor/works-new/CPU2006/bin/specinvoke -E -d /home/bamvor/works-new/CPU2006/benchspec/CPU2006/464.h264ref/run/run_base_ref_aarch64.0002 -c 1 -e compare.err -o compare.stdout -f compare.cmd
1482786362.48: Start command: Tue Dec 27 05:06:02 2016 (1482786362)
1482786374.70: Stop command: Tue Dec 27 05:06:14 2016 (1482786374)
1482786374.70: Elapsed time for command: 00:00:12 (12)
1482786374.71: Benchmark Times:
1482786374.71:   Start:    Tue Dec 27 04:15:03 2016 (1482783303)
1482786374.71:   Stop:     Tue Dec 27 05:06:02 2016 (1482786362)
1482786374.71:   Elapsed:  00:50:59 (3059)
1482786374.71:   Reported: 3050 410051000 3050.410051
1482786374.71:  Success 464.h264ref base ref ratio=7.25, runtime=3050.410051, power=0.00w, temp=0.00 deg, humidity=0.00%

1482786374.71: -----------------------------------
1482786375.28:   Running 473.astar ref base aarch64 default
1482786375.32: Commands to run:
1482786375.32:     -C /home/bamvor/works-new/CPU2006/benchspec/CPU2006/473.astar/run/run_base_ref_aarch64.0002
1482786375.32:     -o BigLakes2048.out -e BigLakes2048.err ../run_base_ref_aarch64.0002/astar_base.aarch64 BigLakes2048.cfg (timed)
1482786375.32:     -o rivers.out -e rivers.err ../run_base_ref_aarch64.0002/astar_base.aarch64 rivers.cfg (timed)
1482786375.34: Specinvoke: /home/bamvor/works-new/CPU2006/bin/specinvoke -d /home/bamvor/works-new/CPU2006/benchspec/CPU2006/473.astar/run/run_base_ref_aarch64.0002 -e speccmds.err -o speccmds.stdout -f speccmds.cmd -C -q
1482786375.34: Issuing command '/home/bamvor/works-new/CPU2006/bin/specinvoke -d /home/bamvor/works-new/CPU2006/benchspec/CPU2006/473.astar/run/run_base_ref_aarch64.0002 -e speccmds.err -o speccmds.stdout -f speccmds.cmd -C -q'
1482786375.34: /home/bamvor/works-new/CPU2006/bin/specinvoke -d /home/bamvor/works-new/CPU2006/benchspec/CPU2006/473.astar/run/run_base_ref_aarch64.0002 -e speccmds.err -o speccmds.stdout -f speccmds.cmd -C -q
1482786375.34: Start command: Tue Dec 27 05:06:15 2016 (1482786375)
1482788928.42: Stop command: Tue Dec 27 05:48:48 2016 (1482788928)
1482788928.42: Elapsed time for command: 00:42:33 (2553)
1482788928.50: Workload elapsed time (0:1) = 1075.856567 seconds
1482788928.50: Workload elapsed time (0:2) = 1469.193147 seconds
1482788928.51: Copy 0 of 473.astar (base ref) run 1 finished at Tue Dec 27 05:48:40 2016.  Total elapsed time: 2545.049714
1482788928.51: comparing files in '/home/bamvor/works-new/CPU2006/benchspec/CPU2006/473.astar/run/run_base_ref_aarch64.0002'
1482788928.52: comparing 'BigLakes2048.out' with abstol=, binary=, calctol=0, cw=, floatcompare=, ignorecase=, obiwan=, reltol=0.001, skipabstol=, skipobiwan=, skipreltol=, skiptol=
1482788928.52: comparing 'rivers.out' with abstol=, binary=, calctol=0, cw=, floatcompare=, ignorecase=, obiwan=, reltol=0.001, skipabstol=, skipobiwan=, skipreltol=, skiptol=
1482788928.52: Specinvoke: /home/bamvor/works-new/CPU2006/bin/specinvoke -E -d /home/bamvor/works-new/CPU2006/benchspec/CPU2006/473.astar/run/run_base_ref_aarch64.0002 -c 1 -e compare.err -o compare.stdout -f compare.cmd
1482788928.52: Issuing command '/home/bamvor/works-new/CPU2006/bin/specinvoke -E -d /home/bamvor/works-new/CPU2006/benchspec/CPU2006/473.astar/run/run_base_ref_aarch64.0002 -c 1 -e compare.err -o compare.stdout -f compare.cmd'
1482788928.52: /home/bamvor/works-new/CPU2006/bin/specinvoke -E -d /home/bamvor/works-new/CPU2006/benchspec/CPU2006/473.astar/run/run_base_ref_aarch64.0002 -c 1 -e compare.err -o compare.stdout -f compare.cmd
1482788928.52: Start command: Tue Dec 27 05:48:48 2016 (1482788928)
1482788931.95: Stop command: Tue Dec 27 05:48:51 2016 (1482788931)
1482788931.95: Elapsed time for command: 00:00:03 (3)
1482788931.95: Benchmark Times:
1482788931.95:   Start:    Tue Dec 27 05:06:15 2016 (1482786375)
1482788931.95:   Stop:     Tue Dec 27 05:48:48 2016 (1482788928)
1482788931.95:   Elapsed:  00:42:33 (2553)
1482788931.95:   Reported: 2545 49979000 2545.049979
1482788931.95:  Success 473.astar base ref ratio=2.76, runtime=2545.049979, power=0.00w, temp=0.00 deg, humidity=0.00%

1482788931.96: -----------------------------------
1482788932.76:   Running 483.xalancbmk ref base aarch64 default
1482788932.80: Commands to run:
1482788932.80:     -C /home/bamvor/works-new/CPU2006/benchspec/CPU2006/483.xalancbmk/run/run_base_ref_aarch64.0002
1482788932.80:     -o ref.out -e ref.err ../run_base_ref_aarch64.0002/Xalan_base.aarch64 -v t5.xml xalanc.xsl (timed)
1482788932.82: Specinvoke: /home/bamvor/works-new/CPU2006/bin/specinvoke -d /home/bamvor/works-new/CPU2006/benchspec/CPU2006/483.xalancbmk/run/run_base_ref_aarch64.0002 -e speccmds.err -o speccmds.stdout -f speccmds.cmd -C -q
1482788932.82: Issuing command '/home/bamvor/works-new/CPU2006/bin/specinvoke -d /home/bamvor/works-new/CPU2006/benchspec/CPU2006/483.xalancbmk/run/run_base_ref_aarch64.0002 -e speccmds.err -o speccmds.stdout -f speccmds.cmd -C -q'
1482788932.82: /home/bamvor/works-new/CPU2006/bin/specinvoke -d /home/bamvor/works-new/CPU2006/benchspec/CPU2006/483.xalancbmk/run/run_base_ref_aarch64.0002 -e speccmds.err -o speccmds.stdout -f speccmds.cmd -C -q
1482788932.82: Start command: Tue Dec 27 05:48:52 2016 (1482788932)
1482790769.56: Stop command: Tue Dec 27 06:19:29 2016 (1482790769)
1482790769.56: Elapsed time for command: 00:30:37 (1837)
1482790769.64: Workload elapsed time (0:1) = 1828.706019 seconds
1482790769.64: Copy 0 of 483.xalancbmk (base ref) run 1 finished at Tue Dec 27 06:19:21 2016.  Total elapsed time: 1828.706019
1482790769.65: comparing files in '/home/bamvor/works-new/CPU2006/benchspec/CPU2006/483.xalancbmk/run/run_base_ref_aarch64.0002'
1482790769.65: comparing 'ref.out' with abstol=, binary=, calctol=0, cw=, floatcompare=, ignorecase=, obiwan=, reltol=, skipabstol=, skipobiwan=, skipreltol=, skiptol=
1482790769.66: Specinvoke: /home/bamvor/works-new/CPU2006/bin/specinvoke -E -d /home/bamvor/works-new/CPU2006/benchspec/CPU2006/483.xalancbmk/run/run_base_ref_aarch64.0002 -c 1 -e compare.err -o compare.stdout -f compare.cmd
1482790769.66: Issuing command '/home/bamvor/works-new/CPU2006/bin/specinvoke -E -d /home/bamvor/works-new/CPU2006/benchspec/CPU2006/483.xalancbmk/run/run_base_ref_aarch64.0002 -c 1 -e compare.err -o compare.stdout -f compare.cmd'
1482790769.66: /home/bamvor/works-new/CPU2006/bin/specinvoke -E -d /home/bamvor/works-new/CPU2006/benchspec/CPU2006/483.xalancbmk/run/run_base_ref_aarch64.0002 -c 1 -e compare.err -o compare.stdout -f compare.cmd
1482790769.66: Start command: Tue Dec 27 06:19:29 2016 (1482790769)
1482790776.26: Stop command: Tue Dec 27 06:19:36 2016 (1482790776)
1482790776.26: Elapsed time for command: 00:00:07 (7)
1482790776.27: Benchmark Times:
1482790776.27:   Start:    Tue Dec 27 05:48:52 2016 (1482788932)
1482790776.27:   Stop:     Tue Dec 27 06:19:29 2016 (1482790769)
1482790776.27:   Elapsed:  00:30:37 (1837)
1482790776.27:   Reported: 1828 706249000 1828.706249
1482790776.27:  Success 483.xalancbmk base ref ratio=3.77, runtime=1828.706249, power=0.00w, temp=0.00 deg, humidity=0.00%

1482790776.27: -----------------------------------
1482790776.48:   Running 999.specrand ref base aarch64 default
1482790776.51: Commands to run:
1482790776.51:     -C /home/bamvor/works-new/CPU2006/benchspec/CPU2006/999.specrand/run/run_base_ref_aarch64.0002
1482790776.51:     -o rand.234923.out -e rand.234923.err ../run_base_ref_aarch64.0002/specrand_base.aarch64 1255432124 234923 (timed)
1482790776.53: Specinvoke: /home/bamvor/works-new/CPU2006/bin/specinvoke -d /home/bamvor/works-new/CPU2006/benchspec/CPU2006/999.specrand/run/run_base_ref_aarch64.0002 -e speccmds.err -o speccmds.stdout -f speccmds.cmd -C -q
1482790776.54: Issuing command '/home/bamvor/works-new/CPU2006/bin/specinvoke -d /home/bamvor/works-new/CPU2006/benchspec/CPU2006/999.specrand/run/run_base_ref_aarch64.0002 -e speccmds.err -o speccmds.stdout -f speccmds.cmd -C -q'
1482790776.54: /home/bamvor/works-new/CPU2006/bin/specinvoke -d /home/bamvor/works-new/CPU2006/benchspec/CPU2006/999.specrand/run/run_base_ref_aarch64.0002 -e speccmds.err -o speccmds.stdout -f speccmds.cmd -C -q
1482790776.54: Start command: Tue Dec 27 06:19:36 2016 (1482790776)
1482790778.08: Stop command: Tue Dec 27 06:19:38 2016 (1482790778)
1482790778.08: Elapsed time for command: 00:00:02 (2)
1482790778.16: Workload elapsed time (0:1) = 0.510296 seconds
1482790778.16: Copy 0 of 999.specrand (base ref) run 1 finished at Tue Dec 27 06:19:37 2016.  Total elapsed time: 0.510296
1482790778.16: comparing files in '/home/bamvor/works-new/CPU2006/benchspec/CPU2006/999.specrand/run/run_base_ref_aarch64.0002'
1482790778.17: comparing 'rand.234923.out' with abstol=, binary=, calctol=0, cw=, floatcompare=1, ignorecase=, obiwan=, reltol=, skipabstol=, skipobiwan=, skipreltol=, skiptol=
1482790778.17: Specinvoke: /home/bamvor/works-new/CPU2006/bin/specinvoke -E -d /home/bamvor/works-new/CPU2006/benchspec/CPU2006/999.specrand/run/run_base_ref_aarch64.0002 -c 1 -e compare.err -o compare.stdout -f compare.cmd
1482790778.18: Issuing command '/home/bamvor/works-new/CPU2006/bin/specinvoke -E -d /home/bamvor/works-new/CPU2006/benchspec/CPU2006/999.specrand/run/run_base_ref_aarch64.0002 -c 1 -e compare.err -o compare.stdout -f compare.cmd'
1482790778.18: /home/bamvor/works-new/CPU2006/bin/specinvoke -E -d /home/bamvor/works-new/CPU2006/benchspec/CPU2006/999.specrand/run/run_base_ref_aarch64.0002 -c 1 -e compare.err -o compare.stdout -f compare.cmd
1482790778.18: Start command: Tue Dec 27 06:19:38 2016 (1482790778)
1482790803.63: Stop command: Tue Dec 27 06:20:03 2016 (1482790803)
1482790803.63: Elapsed time for command: 00:00:25 (25)
1482790803.64: Benchmark Times:
1482790803.64:   Start:    Tue Dec 27 06:19:36 2016 (1482790776)
1482790803.64:   Stop:     Tue Dec 27 06:19:38 2016 (1482790778)
1482790803.64:   Elapsed:  00:00:02 (2)
1482790803.64:   Reported: 0 510505000 0.510505
1482790803.64:  Success 999.specrand base ref ratio=19.59, runtime=0.510505, power=0.00w, temp=0.00 deg, humidity=0.00%
1482790803.65: Success: 1x400.perlbench 1x401.bzip2 1x403.gcc 1x429.mcf 1x445.gobmk 1x456.hmmer 1x458.sjeng 1x462.libquantum 1x464.h264ref 1x473.astar 1x483.xalancbmk 1x999.specrand
1482790803.76: Producing Raw Reports
1482790803.76: mach: default
1482790803.76:   ext: aarch64
1482790803.76:     size: ref
1482790803.77:       set: int
1482790803.88: NOTICE: sw_compiler is longer than 50 characters and will be split
1482790803.88: WARNING: the following line:
1482790803.88: -----
1482790803.88: Using built-in specs. COLLECT_GCC=aarch64-linux-gnu-gcc COLLECT_LTO_WRAPPER=/home/bamvor/works/software/toolchain/gcc-linaro-6.2.1-2016.11-x86_64_aarch64-linux-gnu/gcc-linaro-6.2.1-2016.11-x86_64_aarch64-linux-gnu/bin/../libexec/gcc/aarch64-linux-gnu/6.2.1/lto-wrapper Target: aarch64-linux-gnu Configured with: /home/tcwg-buildslave/workspace/tcwg-make-release/label/docker-trusty-amd64-tcwg-build/target/aarch64-linux-gnu/snapshots/gcc-linaro-6.2-2016.11/configure SHELL=/bin/bash --with-mpc=/home/tcwg-buildslave/workspace/tcwg-make-release/label/docker-trusty-amd64-tcwg-build/target/aarch64-linux-gnu/_build/builds/destdir/x86_64-unknown-linux-gnu --with-mpfr=/home/tcwg-buildslave/workspace/tcwg-make-release/label/docker-trusty-amd64-tcwg-build/target/aarch64-linux-gnu/_build/builds/destdir/x86_64-unknown-linux-gnu --with-gmp=/home/tcwg-buildslave/workspace/tcwg-make-release/label/docker-trusty-amd64-tcwg-build/target/aarch64-linux-gnu/_build/builds/destdir/x86_64-unknown-linux-gnu --with-gnu-as --with-gnu-ld --disable-libstdcxx-pch --disable-libmudflap --with-cloog=no --with-ppl=no --with-isl=no --disable-nls --enable-c99 --enable-gnu-indirect-function --disable-multilib --with-arch=armv8-a --enable-fix-cortex-a53-835769 --enable-fix-cortex-a53-843419 --enable-multiarch --with-build-sysroot=/home/tcwg-buildslave/workspace/tcwg-make-release/label/docker-trusty-amd64-tcwg-build/target/aarch64-linux-gnu/_build/sysroots/aarch64-linux-gnu --enable-lto --enable-linker-build-id --enable-long-long --enable-shared --with-sysroot=/home/tcwg-buildslave/workspace/tcwg-make-release/label/docker-trusty-amd64-tcwg-build/target/aarch64-linux-gnu/_build/builds/destdir/x86_64-unknown-linux-gnu/aarch64-linux-gnu/libc --enable-languages=c,c++,fortran,lto --enable-checking=release --disable-bootstrap --build=x86_64-unknown-linux-gnu --host=x86_64-unknown-linux-gnu --target=aarch64-linux-gnu --prefix=/home/tcwg-buildslave/workspace/tcwg-make-release/label/docker-trusty-amd64-tcwg-build/target/aarch64-linux-gnu/_build/builds/destdir/x86_64-unknown-linux-gnu Thread model: posix gcc version 6.2.1 20161016 (Linaro GCC 6.2-2016.11)
1482790803.88: -----
1482790803.88: contains an element longer than 50 columns and could not be split.
1482790804.09:         format: raw -> /home/bamvor/works-new/CPU2006/result/CINT2006.021.ref.rsf

1482790809.98: NOTICE: sw_compiler is longer than 50 characters and will be split
1482790809.98: WARNING: the following line:
1482790809.98: -----
1482790809.98: Using built-in specs. COLLECT_GCC=aarch64-linux-gnu-gcc COLLECT_LTO_WRAPPER=/home/bamvor/works/software/toolchain/gcc-linaro-6.2.1-2016.11-x86_64_aarch64-linux-gnu/gcc-linaro-6.2.1-2016.11-x86_64_aarch64-linux-gnu/bin/../libexec/gcc/aarch64-linux-gnu/6.2.1/lto-wrapper Target: aarch64-linux-gnu Configured with: /home/tcwg-buildslave/workspace/tcwg-make-release/label/docker-trusty-amd64-tcwg-build/target/aarch64-linux-gnu/snapshots/gcc-linaro-6.2-2016.11/configure SHELL=/bin/bash --with-mpc=/home/tcwg-buildslave/workspace/tcwg-make-release/label/docker-trusty-amd64-tcwg-build/target/aarch64-linux-gnu/_build/builds/destdir/x86_64-unknown-linux-gnu --with-mpfr=/home/tcwg-buildslave/workspace/tcwg-make-release/label/docker-trusty-amd64-tcwg-build/target/aarch64-linux-gnu/_build/builds/destdir/x86_64-unknown-linux-gnu --with-gmp=/home/tcwg-buildslave/workspace/tcwg-make-release/label/docker-trusty-amd64-tcwg-build/target/aarch64-linux-gnu/_build/builds/destdir/x86_64-unknown-linux-gnu --with-gnu-as --with-gnu-ld --disable-libstdcxx-pch --disable-libmudflap --with-cloog=no --with-ppl=no --with-isl=no --disable-nls --enable-c99 --enable-gnu-indirect-function --disable-multilib --with-arch=armv8-a --enable-fix-cortex-a53-835769 --enable-fix-cortex-a53-843419 --enable-multiarch --with-build-sysroot=/home/tcwg-buildslave/workspace/tcwg-make-release/label/docker-trusty-amd64-tcwg-build/target/aarch64-linux-gnu/_build/sysroots/aarch64-linux-gnu --enable-lto --enable-linker-build-id --enable-long-long --enable-shared --with-sysroot=/home/tcwg-buildslave/workspace/tcwg-make-release/label/docker-trusty-amd64-tcwg-build/target/aarch64-linux-gnu/_build/builds/destdir/x86_64-unknown-linux-gnu/aarch64-linux-gnu/libc --enable-languages=c,c++,fortran,lto --enable-checking=release --disable-bootstrap --build=x86_64-unknown-linux-gnu --host=x86_64-unknown-linux-gnu --target=aarch64-linux-gnu --prefix=/home/tcwg-buildslave/workspace/tcwg-make-release/label/docker-trusty-amd64-tcwg-build/target/aarch64-linux-gnu/_build/builds/destdir/x86_64-unknown-linux-gnu Thread model: posix gcc version 6.2.1 20161016 (Linaro GCC 6.2-2016.11)
1482790809.98: -----
1482790809.98: contains an element longer than 50 columns and could not be split.
1482790813.25: Parsing flags for 400.perlbench base: done
1482790813.43: Parsing flags for 401.bzip2 base: done
1482790818.85: Parsing flags for 403.gcc base: done
1482790819.00: Parsing flags for 429.mcf base: done
1482790819.26: Parsing flags for 445.gobmk base: done
1482790819.61: Parsing flags for 456.hmmer base: done
1482790819.72: Parsing flags for 458.sjeng base: done
1482790819.94: Parsing flags for 462.libquantum base: done
1482790820.35: Parsing flags for 464.h264ref base: done
1482790820.47: Parsing flags for 473.astar base: done
1482790821.14: Parsing flags for 483.xalancbmk base: done
1482790821.20: Doing flag reduction: done
1482790821.34:         format: ASCII -> /home/bamvor/works-new/CPU2006/result/CINT2006.021.ref.txt
1482790821.35:         format: config -> /home/bamvor/works-new/CPU2006/result/CINT2006.021.ref.cfg, /home/bamvor/works-new/CPU2006/result/CINT2006.021.ref.orig.cfg
1482790821.39:         format: CSV -> /home/bamvor/works-new/CPU2006/result/CINT2006.021.ref.csv
1482790821.60:       set: fp

1482790821.63: The log for this run is in /home/bamvor/works-new/CPU2006/result/CPU2006.021.log

1482790821.63: runspec finished at Tue Dec 27 06:20:21 2016; 29176 total seconds elapsed
