make[1]: Entering directory `/home/bamvor/works/source/testsuite/lmbench/lmbench-3.0-a9/results'

                 L M B E N C H  3 . 0   S U M M A R Y
                 ------------------------------------
		 (Alpha software, do not distribute)

Basic system parameters
------------------------------------------------------------------------------
Host                 OS Description              Mhz  tlb  cache  mem   scal
                                                     pages line   par   load
                                                           bytes  
--------- ------------- ----------------------- ---- ----- ----- ------ ----
localhost Linux 4.9.0-1           ILP32_disable 1200    10    64 2.4800    1
localhost Linux 4.9.0-1           ILP32_disable 1200    10    64 2.4900    1
localhost Linux 4.9.0-1           ILP32_disable 1200    10    64 2.4700    1
localhost Linux 4.9.0-1           ILP32_disable 1200    10    64 2.4900    1
localhost Linux 4.9.0-1           ILP32_disable 1200    10    64 2.5300    1
localhost Linux 4.9.0-1          ILP32_unmerged 1200    10    64 2.4700    1
localhost Linux 4.9.0-1          ILP32_unmerged 1200    10    64 2.4900    1
localhost Linux 4.9.0-1          ILP32_unmerged 1200    10    64 2.5200    1
localhost Linux 4.9.0-1          ILP32_unmerged 1200    10    64 2.5300    1
localhost Linux 4.9.0-1          ILP32_unmerged 1200    10    64 2.5000    1

Processor, Processes - times in microseconds - smaller is better
------------------------------------------------------------------------------
Host                 OS  Mhz null null      open slct sig  sig  fork exec sh  
                             call  I/O stat clos TCP  inst hndl proc proc proc
--------- ------------- ---- ---- ---- ---- ---- ---- ---- ---- ---- ---- ----
localhost Linux 4.9.0-1 1200 0.20 0.47 3.70 6.79 16.8 0.44 3.03 549. 1601 6757
localhost Linux 4.9.0-1 1200 0.20 0.46 3.83 6.91 16.8 0.42 3.02 570. 1731 6669
localhost Linux 4.9.0-1 1200 0.20 0.46 3.70 6.69 17.2 0.42 3.02 547. 1705 6727
localhost Linux 4.9.0-1 1200 0.20 0.46 3.75 6.61 17.1 0.42 3.02 489. 1653 6717
localhost Linux 4.9.0-1 1200 0.20 0.47 3.71 6.64 16.8 0.44 3.02 458. 1683 6785
localhost Linux 4.9.0-1 1200 0.20 0.47 3.56 6.69 16.7 0.42 3.06 498. 1686 6523
localhost Linux 4.9.0-1 1200 0.20 0.47 3.56 6.68 16.9 0.42 3.12 552. 1635 6468
localhost Linux 4.9.0-1 1200 0.20 0.48 3.55 6.64 16.8 0.42 3.11 531. 1662 6572
localhost Linux 4.9.0-1 1200 0.20 0.48 3.58 6.46 17.0 0.42 3.22 574. 1680 6437
localhost Linux 4.9.0-1 1200 0.20 0.47 3.59 6.50 16.8 0.44 3.08 465. 1550 6535

Basic integer operations - times in nanoseconds - smaller is better
-------------------------------------------------------------------
Host                 OS  intgr intgr  intgr  intgr  intgr  
                          bit   add    mul    div    mod   
--------- ------------- ------ ------ ------ ------ ------ 
localhost Linux 4.9.0-1 0.8300 0.8600        5.1600 4.9900
localhost Linux 4.9.0-1 0.8300 0.8300        5.0000 5.0000
localhost Linux 4.9.0-1 0.8300 0.8300        5.0000 5.0000
localhost Linux 4.9.0-1 0.8300 0.8600        5.0000 5.0000
localhost Linux 4.9.0-1 0.8600 0.8300        4.9900 4.9700
localhost Linux 4.9.0-1 0.8300 0.8600        5.0000 5.0000
localhost Linux 4.9.0-1 0.8300 0.8300        4.9900 4.9900
localhost Linux 4.9.0-1 0.8300 0.8600        5.0000 5.0000
localhost Linux 4.9.0-1 0.8300 0.8300        5.0000 4.9900
localhost Linux 4.9.0-1 0.8300 0.8300        5.0000 5.0000

Basic uint64 operations - times in nanoseconds - smaller is better
------------------------------------------------------------------
Host                 OS int64  int64  int64  int64  int64  
                         bit    add    mul    div    mod   
--------- ------------- ------ ------ ------ ------ ------ 
localhost Linux 4.9.0-1  0.830               7.9100 5.8300
localhost Linux 4.9.0-1  0.830               7.9100 5.8300
localhost Linux 4.9.0-1  0.830               7.9100 5.8300
localhost Linux 4.9.0-1  0.830               7.9100 5.8300
localhost Linux 4.9.0-1  0.830               8.1800 5.8300
localhost Linux 4.9.0-1  0.860               7.9100 6.0200
localhost Linux 4.9.0-1  0.830               8.1800 5.8300
localhost Linux 4.9.0-1  0.830               7.9100 5.8300
localhost Linux 4.9.0-1  0.830               7.9100 5.8300
localhost Linux 4.9.0-1  0.830               7.9100 5.8300

Basic float operations - times in nanoseconds - smaller is better
-----------------------------------------------------------------
Host                 OS  float  float  float  float
                         add    mul    div    bogo
--------- ------------- ------ ------ ------ ------ 
localhost Linux 4.9.0-1 3.3300 3.4400   10.8   20.1
localhost Linux 4.9.0-1 3.3300 3.3300   10.8   20.1
localhost Linux 4.9.0-1 3.3300 3.3300   10.8   20.1
localhost Linux 4.9.0-1 3.3300 3.3300   10.8   20.1
localhost Linux 4.9.0-1 3.3300 3.3300   10.8   20.1
localhost Linux 4.9.0-1 3.3300 3.3300   10.8   20.1
localhost Linux 4.9.0-1 3.3300 3.3300   10.8   20.1
localhost Linux 4.9.0-1 3.3300 3.3300   10.8   20.1
localhost Linux 4.9.0-1 3.3300 3.3300   10.8   20.1
localhost Linux 4.9.0-1 3.4400 3.3300   11.2   20.7

Basic double operations - times in nanoseconds - smaller is better
------------------------------------------------------------------
Host                 OS  double double double double
                         add    mul    div    bogo
--------- ------------- ------  ------ ------ ------ 
localhost Linux 4.9.0-1 3.3300 3.3300   18.9   27.6
localhost Linux 4.9.0-1 3.3300 3.3300   18.3   27.6
localhost Linux 4.9.0-1 3.3300 3.4400   18.3   27.6
localhost Linux 4.9.0-1 3.3300 3.3300   18.3   27.6
localhost Linux 4.9.0-1 3.3300 3.4400   18.3   27.6
localhost Linux 4.9.0-1 3.3300 3.3300   18.3   27.6
localhost Linux 4.9.0-1 3.3300 3.3300   18.3   27.6
localhost Linux 4.9.0-1 3.4400 3.3300   18.3   27.6
localhost Linux 4.9.0-1 3.4400 3.3300   18.3   28.5
localhost Linux 4.9.0-1 3.3300 3.3300   18.3   27.6

Context switching - times in microseconds - smaller is better
-------------------------------------------------------------------------
Host                 OS  2p/0K 2p/16K 2p/64K 8p/16K 8p/64K 16p/16K 16p/64K
                         ctxsw  ctxsw  ctxsw ctxsw  ctxsw   ctxsw   ctxsw
--------- ------------- ------ ------ ------ ------ ------ ------- -------
localhost Linux 4.9.0-1 6.1200 7.3700 7.3800 7.7600 9.3800 8.77000    27.7
localhost Linux 4.9.0-1 6.1800 6.8400 6.3700 9.3800 9.3600    42.9    17.7
localhost Linux 4.9.0-1 6.2700   12.6 7.6300 8.8100 9.6600 7.93000    61.6
localhost Linux 4.9.0-1   14.6 6.4400 6.5400 7.9800   55.1 8.48000    29.7
localhost Linux 4.9.0-1 6.3300 6.9500 7.2200 7.8600   10.1    46.2    31.7
localhost Linux 4.9.0-1   14.2 6.8500 6.7500 8.9400   58.3 8.19000    44.6
localhost Linux 4.9.0-1   14.5 6.8900 6.1600   67.3   67.3    46.0    44.5
localhost Linux 4.9.0-1 5.9100   10.0 6.3400   47.0 8.5400    60.1    41.5
localhost Linux 4.9.0-1   11.5 7.2400 6.2400   47.4   12.0 8.84000    32.3
localhost Linux 4.9.0-1 5.9900   12.6 6.3000   57.7   17.2    55.4    28.4

*Local* Communication latencies in microseconds - smaller is better
---------------------------------------------------------------------
Host                 OS 2p/0K  Pipe AF     UDP  RPC/   TCP  RPC/ TCP
                        ctxsw       UNIX         UDP         TCP conn
--------- ------------- ----- ----- ---- ----- ----- ----- ----- ----
localhost Linux 4.9.0-1 6.120  16.6 22.6  33.9        51.9       157.
localhost Linux 4.9.0-1 6.180  32.7 25.9  32.6        51.2        85.
localhost Linux 4.9.0-1 6.270  16.1 30.5  32.5        54.2       156.
localhost Linux 4.9.0-1  14.6  15.9 30.3  33.0        50.3        83.
localhost Linux 4.9.0-1 6.330  16.1 28.2  36.7        50.9        87.
localhost Linux 4.9.0-1  14.2  17.1 30.3  32.9        51.5        83.
localhost Linux 4.9.0-1  14.5  16.2 29.1  59.3        52.9        83.
localhost Linux 4.9.0-1 5.910  16.9 31.7  33.6        51.8        84.
localhost Linux 4.9.0-1  11.5  16.2 30.3  59.1        50.8        86.
localhost Linux 4.9.0-1 5.990  17.0 28.4  44.6        46.5       156.

*Remote* Communication latencies in microseconds - smaller is better
---------------------------------------------------------------------
Host                 OS   UDP  RPC/  TCP   RPC/ TCP
                               UDP         TCP  conn
--------- ------------- ----- ----- ----- ----- ----
localhost Linux 4.9.0-1                             
localhost Linux 4.9.0-1                             
localhost Linux 4.9.0-1                             
localhost Linux 4.9.0-1                             
localhost Linux 4.9.0-1                             
localhost Linux 4.9.0-1                             
localhost Linux 4.9.0-1                             
localhost Linux 4.9.0-1                             
localhost Linux 4.9.0-1                             
localhost Linux 4.9.0-1                             

File & VM system latencies in microseconds - smaller is better
-------------------------------------------------------------------------------
Host                 OS   0K File      10K File     Mmap    Prot   Page   100fd
                        Create Delete Create Delete Latency Fault  Fault  selct
--------- ------------- ------ ------ ------ ------ ------- ----- ------- -----
localhost Linux 4.9.0-1   34.3   26.7   72.8   46.4   30.5K 0.204 1.50230 5.726
localhost Linux 4.9.0-1   34.4   26.4   73.9   45.8   30.5K 0.234 1.49010 5.728
localhost Linux 4.9.0-1   34.5   26.3   73.4   45.9   30.3K 0.246 1.48610 5.918
localhost Linux 4.9.0-1   34.5   26.6   73.3   45.9   30.4K 0.239 1.48190 5.718
localhost Linux 4.9.0-1   34.4   26.8   74.0   46.5   30.4K 0.199 1.48800 5.714
localhost Linux 4.9.0-1   34.5   25.6   75.5   45.6   29.5K 0.232 1.48290 5.659
localhost Linux 4.9.0-1   34.2   26.0   74.0   45.0   29.6K 0.266 1.56710 5.686
localhost Linux 4.9.0-1   36.3   25.5   78.7   45.4   29.4K 0.252 1.49140 5.640
localhost Linux 4.9.0-1   33.5   25.2   75.0   45.6   29.7K 0.275 1.49400 5.658
localhost Linux 4.9.0-1   35.8   25.6   75.4   45.1   29.7K 0.272 1.48900 5.647

*Local* Communication bandwidths in MB/s - bigger is better
-----------------------------------------------------------------------------
Host                OS  Pipe AF    TCP  File   Mmap  Bcopy  Bcopy  Mem   Mem
                             UNIX      reread reread (libc) (hand) read write
--------- ------------- ---- ---- ---- ------ ------ ------ ------ ---- -----
localhost Linux 4.9.0-1 882. 1852 21.4 1232.7 2652.4 1980.8 1607.7 1766 4726.
localhost Linux 4.9.0-1 995. 1806 21.4 1231.9 2655.2 1926.2 1555.5 1797 4725.
localhost Linux 4.9.0-1 964. 1533 1141 1154.1 2663.6 1937.4 1493.8 1794 4731.
localhost Linux 4.9.0-1 898. 1558 21.4 1231.0 2659.4 1802.1 1564.6 1776 4577.
localhost Linux 4.9.0-1 837. 1600 21.4 1224.4 2669.0 1909.9 1570.7 1770 4730.
localhost Linux 4.9.0-1 912. 1779 935. 1241.5 2668.1 1981.1 1655.8 1776 4725.
localhost Linux 4.9.0-1 710. 1790 21.4 1150.3 2649.7 1920.0 1551.5 1792 4723.
localhost Linux 4.9.0-1 940. 1635 21.4 1222.2 2661.2 1926.2 1553.2 1775 4725.
localhost Linux 4.9.0-1 922. 1769 21.4 1232.2 2658.0 1925.9 1571.6 1773 4725.
localhost Linux 4.9.0-1 886. 1524 924. 1200.9 2645.9 1909.9 1566.2 1727 4726.

Memory latencies in nanoseconds - smaller is better
    (WARNING - may not be correct, check graphs)
------------------------------------------------------------------------------
Host                 OS   Mhz   L1 $   L2 $    Main mem    Rand mem    Guesses
--------- -------------   ---   ----   ----    --------    --------    -------
localhost Linux 4.9.0-1  1200 2.5060 6.5420        24.9       189.9
localhost Linux 4.9.0-1  1200 2.5060 6.5390        24.8       190.3
localhost Linux 4.9.0-1  1200 2.5060 6.5510        24.8       189.7
localhost Linux 4.9.0-1  1200 2.5060 6.5520        24.7       189.7
localhost Linux 4.9.0-1  1200 2.5060 6.5470        24.8       189.4
localhost Linux 4.9.0-1  1200 2.5060 6.5360        24.8       190.0
localhost Linux 4.9.0-1  1200 2.5060 6.5510        24.7       190.4
localhost Linux 4.9.0-1  1200 2.5060 6.5400        24.8       189.6
localhost Linux 4.9.0-1  1200 2.5060 6.5400        24.8       190.2
localhost Linux 4.9.0-1  1200 2.5060 6.5400        24.8       189.6
make[1]: Leaving directory `/home/bamvor/works/source/testsuite/lmbench/lmbench-3.0-a9/results'
